[1] "**** chr1 -- min0Mb ****"
Loading required package: BiocGenerics
Loading required package: parallel

Attaching package: ‘BiocGenerics’

The following objects are masked from ‘package:parallel’:

    clusterApply, clusterApplyLB, clusterCall, clusterEvalQ,
    clusterExport, clusterMap, parApply, parCapply, parLapply,
    parLapplyLB, parRapply, parSapply, parSapplyLB

The following objects are masked from ‘package:stats’:

    IQR, mad, sd, var, xtabs

The following objects are masked from ‘package:base’:

    anyDuplicated, append, as.data.frame, basename, cbind, colnames,
    dirname, do.call, duplicated, eval, evalq, Filter, Find, get, grep,
    grepl, intersect, is.unsorted, lapply, Map, mapply, match, mget,
    order, paste, pmax, pmax.int, pmin, pmin.int, Position, rank,
    rbind, Reduce, rownames, sapply, setdiff, sort, table, tapply,
    union, unique, unsplit, which.max, which.min

Loading required package: S4Vectors
Loading required package: stats4

Attaching package: ‘S4Vectors’

The following object is masked from ‘package:base’:

    expand.grid

Loading required package: IRanges
Loading required package: XVector

Attaching package: ‘Biostrings’

The following object is masked from ‘package:base’:

    strsplit


Attaching package: ‘data.table’

The following object is masked from ‘package:IRanges’:

    shift

The following objects are masked from ‘package:S4Vectors’:

    first, second

Loading required package: GenomeInfoDb
[1] getMELTMXpersist: 974557 entries remained after the provided value cuttof that occured in at least 100% data, in at least 1 tissues.
[1] getKmerHybridisationGs: returning Gfree table for all 4-mers.
[1] getKmerHybridisationGs: returning Gfree table for all 7-mers.
[1] HicContactFeatures is DONE!
[1] "**** chr2 -- min0Mb ****"
[1] getMELTMXpersist: 449357 entries remained after the provided value cuttof that occured in at least 100% data, in at least 1 tissues.
[1] getKmerHybridisationGs: returning Gfree table for all 4-mers.
[1] getKmerHybridisationGs: returning Gfree table for all 7-mers.
[1] HicContactFeatures is DONE!
[1] "**** chr3 -- min0Mb ****"
[1] getMELTMXpersist: 630916 entries remained after the provided value cuttof that occured in at least 100% data, in at least 1 tissues.
[1] getKmerHybridisationGs: returning Gfree table for all 4-mers.
[1] getKmerHybridisationGs: returning Gfree table for all 7-mers.
[1] HicContactFeatures is DONE!
[1] "**** chr4 -- min0Mb ****"
[1] getMELTMXpersist: 394905 entries remained after the provided value cuttof that occured in at least 100% data, in at least 1 tissues.
[1] getKmerHybridisationGs: returning Gfree table for all 4-mers.
[1] getKmerHybridisationGs: returning Gfree table for all 7-mers.
[1] HicContactFeatures is DONE!
[1] "**** chr5 -- min0Mb ****"
[1] getMELTMXpersist: 798791 entries remained after the provided value cuttof that occured in at least 100% data, in at least 1 tissues.
[1] getKmerHybridisationGs: returning Gfree table for all 4-mers.
[1] getKmerHybridisationGs: returning Gfree table for all 7-mers.
[1] HicContactFeatures is DONE!
