
Attaching package: ‘gplots’

The following object is masked from ‘package:stats’:

    lowess

[1] min2Mb_chr1_FC_topCP3_gapBin50_hub1 done!
[1] min2Mb_chr1_FC_topCP3_gapBin50_hub2 done!
[1] min2Mb_chr1_FC_topCP3_gapBin50_hub3 done!
[1] min2Mb_chr1_FC_topCP3_gapBin50_hub4 done!
[1] min2Mb_chr10_FC_topCP3_gapBin50_hub1 done!
[1] min2Mb_chr12_FC_topCP3_gapBin50_hub1 done!
[1] min2Mb_chr14_FC_topCP3_gapBin50_hub1 done!
[1] min2Mb_chr18_FC_topCP3_gapBin50_hub1 done!
[1] min2Mb_chr19_FC_topCP3_gapBin50_hub1 done!
[1] min2Mb_chr20_FC_topCP3_gapBin50_hub1 done!
[1] min2Mb_chr22_FC_topCP3_gapBin50_hub1 done!
[1] min2Mb_chr3_FC_topCP3_gapBin50_hub1 done!
[1] min2Mb_chr3_FC_topCP3_gapBin50_hub3 done!
[1] min2Mb_chr5_FC_topCP3_gapBin50_hub1 done!
[1] min2Mb_chr5_FC_topCP3_gapBin50_hub2 done!
[1] min2Mb_chr6_FC_topCP3_gapBin50_hub1 done!
[1] min2Mb_chr8_FC_topCP3_gapBin50_hub1 done!
[1] min2Mb_chr9_FC_topCP3_gapBin50_hub1 done!
file saved to /Users/ltamon/SahakyanLab/CoreGenomeExplorer/out_hubVsNonhub/exprCutoff_05_acchubs/min2Mb_FC_topCP3_gapBin50_data2_MEAN.pdf
file saved to /Users/ltamon/SahakyanLab/CoreGenomeExplorer/out_hubVsNonhub/exprCutoff_05_acchubs/min2Mb_FC_topCP3_gapBin50_data2_SD.pdf
file saved to /Users/ltamon/SahakyanLab/CoreGenomeExplorer/out_hubVsNonhub/exprCutoff_05_acchubs/min2Mb_FC_topCP3_gapBin50_data2_VAR.pdf
file saved to /Users/ltamon/SahakyanLab/CoreGenomeExplorer/out_hubVsNonhub/exprCutoff_05_acchubs/min2Mb_FC_topCP3_gapBin50_data2_NE.pdf
file saved to /Users/ltamon/SahakyanLab/CoreGenomeExplorer/out_hubVsNonhub/exprCutoff_05_acchubs/min2Mb_FC_topCP3_gapBin50_data2_LE.pdf
file saved to /Users/ltamon/SahakyanLab/CoreGenomeExplorer/out_hubVsNonhub/exprCutoff_05_acchubs/min2Mb_FC_topCP3_gapBin50_data2_ME.pdf
file saved to /Users/ltamon/SahakyanLab/CoreGenomeExplorer/out_hubVsNonhub/exprCutoff_05_acchubs/min2Mb_FC_topCP3_gapBin50_data2_HE.pdf
file saved to /Users/ltamon/SahakyanLab/CoreGenomeExplorer/out_hubVsNonhub/exprCutoff_05_acchubs/min2Mb_FC_topCP3_gapBin50_data2_SDdivMEAN.pdf
          used (Mb) gc trigger  (Mb) limit (Mb) max used  (Mb)
Ncells 1151706 61.6    2510844 134.1         NA  2510844 134.1
Vcells 4624906 35.3   10146329  77.5      16384  8373157  63.9
[1] chr1_hub1
[1] chr1_hub2
[1] chr1_hub3
[1] chr1_hub4
[1] chr10_hub1
[1] chr12_hub1
[1] chr14_hub1
[1] chr18_hub1
[1] chr19_hub1
[1] chr20_hub1
[1] chr22_hub1
[1] chr3_hub1
[1] chr3_hub3
[1] chr5_hub1
[1] chr5_hub2
[1] chr6_hub1
[1] chr8_hub1
[1] chr9_hub1
[1] chr1_hub1
[1] chr1_hub2
[1] chr1_hub3
[1] chr1_hub4
[1] chr10_hub1
[1] chr12_hub1
[1] chr14_hub1
[1] chr18_hub1
[1] chr19_hub1
[1] chr20_hub1
[1] chr22_hub1
[1] chr3_hub1
[1] chr3_hub3
[1] chr5_hub1
[1] chr5_hub2
[1] chr6_hub1
[1] chr8_hub1
[1] chr9_hub1
[1] chr1_hub1
[1] chr1_hub2
[1] chr1_hub3
[1] chr1_hub4
[1] chr10_hub1
[1] chr12_hub1
[1] chr14_hub1
[1] chr18_hub1
[1] chr19_hub1
[1] chr20_hub1
[1] chr22_hub1
[1] chr3_hub1
[1] chr3_hub3
[1] chr5_hub1
[1] chr5_hub2
[1] chr6_hub1
[1] chr8_hub1
[1] chr9_hub1
[1] chr1_hub1
[1] chr1_hub2
[1] chr1_hub3
[1] chr1_hub4
[1] chr10_hub1
[1] chr12_hub1
[1] chr14_hub1
[1] chr18_hub1
[1] chr19_hub1
[1] chr20_hub1
[1] chr22_hub1
[1] chr3_hub1
[1] chr3_hub3
[1] chr5_hub1
[1] chr5_hub2
[1] chr6_hub1
[1] chr8_hub1
[1] chr9_hub1
[1] chr1_hub1
[1] chr1_hub2
[1] chr1_hub3
[1] chr1_hub4
[1] chr10_hub1
[1] chr12_hub1
[1] chr14_hub1
[1] chr18_hub1
[1] chr19_hub1
[1] chr20_hub1
[1] chr22_hub1
[1] chr3_hub1
[1] chr3_hub3
[1] chr5_hub1
[1] chr5_hub2
[1] chr6_hub1
[1] chr8_hub1
[1] chr9_hub1
[1] chr1_hub1
[1] chr1_hub2
[1] chr1_hub3
[1] chr1_hub4
[1] chr10_hub1
[1] chr12_hub1
[1] chr14_hub1
[1] chr18_hub1
[1] chr19_hub1
[1] chr20_hub1
[1] chr22_hub1
[1] chr3_hub1
[1] chr3_hub3
[1] chr5_hub1
[1] chr5_hub2
[1] chr6_hub1
[1] chr8_hub1
[1] chr9_hub1
 [1] chr1_hub1_HE: 1 tie/s removed.  chr1_hub1_HE: 2 tie/s removed. 
 [3] chr1_hub1_HE: 6 tie/s removed.  chr1_hub1_HE: 11 tie/s removed.
 [5] chr1_hub1_HE: 12 tie/s removed. chr1_hub1_HE: 13 tie/s removed.
 [7] chr1_hub1_HE: 14 tie/s removed. chr1_hub1_HE: 16 tie/s removed.
 [9] chr1_hub1_HE: 25 tie/s removed. chr1_hub1_HE: 26 tie/s removed.
[11] chr1_hub1_HE: 31 tie/s removed. chr1_hub1_HE: 36 tie/s removed.
[1] chr1_hub1
 [1] chr1_hub2_HE: 1 tie/s removed.  chr1_hub2_HE: 2 tie/s removed. 
 [3] chr1_hub2_HE: 6 tie/s removed.  chr1_hub2_HE: 11 tie/s removed.
 [5] chr1_hub2_HE: 12 tie/s removed. chr1_hub2_HE: 13 tie/s removed.
 [7] chr1_hub2_HE: 14 tie/s removed. chr1_hub2_HE: 16 tie/s removed.
 [9] chr1_hub2_HE: 25 tie/s removed. chr1_hub2_HE: 26 tie/s removed.
[11] chr1_hub2_HE: 31 tie/s removed. chr1_hub2_HE: 36 tie/s removed.
[1] chr1_hub2
 [1] chr1_hub3_HE: 1 tie/s removed.  chr1_hub3_HE: 2 tie/s removed. 
 [3] chr1_hub3_HE: 6 tie/s removed.  chr1_hub3_HE: 11 tie/s removed.
 [5] chr1_hub3_HE: 12 tie/s removed. chr1_hub3_HE: 13 tie/s removed.
 [7] chr1_hub3_HE: 14 tie/s removed. chr1_hub3_HE: 16 tie/s removed.
 [9] chr1_hub3_HE: 25 tie/s removed. chr1_hub3_HE: 26 tie/s removed.
[11] chr1_hub3_HE: 31 tie/s removed. chr1_hub3_HE: 36 tie/s removed.
[1] chr1_hub3
 [1] chr1_hub4_HE: 1 tie/s removed.  chr1_hub4_HE: 2 tie/s removed. 
 [3] chr1_hub4_HE: 6 tie/s removed.  chr1_hub4_HE: 11 tie/s removed.
 [5] chr1_hub4_HE: 12 tie/s removed. chr1_hub4_HE: 13 tie/s removed.
 [7] chr1_hub4_HE: 14 tie/s removed. chr1_hub4_HE: 16 tie/s removed.
 [9] chr1_hub4_HE: 25 tie/s removed. chr1_hub4_HE: 26 tie/s removed.
[11] chr1_hub4_HE: 31 tie/s removed. chr1_hub4_HE: 34 tie/s removed.
[13] chr1_hub4_HE: 36 tie/s removed.
Warning in wilcox.test.default(x = nh.v, y = h.v, paired = TRUE, alternative = "two.sided") :
  cannot compute exact p-value with ties
[1] chr1_hub4
 [1] chr10_hub1_HE: 1 tie/s removed.  chr10_hub1_HE: 2 tie/s removed. 
 [3] chr10_hub1_HE: 6 tie/s removed.  chr10_hub1_HE: 11 tie/s removed.
 [5] chr10_hub1_HE: 12 tie/s removed. chr10_hub1_HE: 13 tie/s removed.
 [7] chr10_hub1_HE: 14 tie/s removed. chr10_hub1_HE: 16 tie/s removed.
 [9] chr10_hub1_HE: 20 tie/s removed. chr10_hub1_HE: 25 tie/s removed.
[11] chr10_hub1_HE: 26 tie/s removed. chr10_hub1_HE: 30 tie/s removed.
[13] chr10_hub1_HE: 31 tie/s removed. chr10_hub1_HE: 34 tie/s removed.
[15] chr10_hub1_HE: 36 tie/s removed. chr10_hub1_HE: 39 tie/s removed.
[17] chr10_hub1_HE: 43 tie/s removed. chr10_hub1_HE: 50 tie/s removed.
[19] chr10_hub1_HE: 53 tie/s removed.
Warning in wilcox.test.default(x = nh.v, y = h.v, paired = TRUE, alternative = "two.sided") :
  cannot compute exact p-value with ties
[1] chr10_hub1
[1] chr12_hub1_HE: 6 tie/s removed.  chr12_hub1_HE: 11 tie/s removed.
[3] chr12_hub1_HE: 16 tie/s removed. chr12_hub1_HE: 25 tie/s removed.
[5] chr12_hub1_HE: 31 tie/s removed. chr12_hub1_HE: 36 tie/s removed.
[7] chr12_hub1_HE: 45 tie/s removed.
Warning in wilcox.test.default(x = nh.v, y = h.v, paired = TRUE, alternative = "two.sided") :
  cannot compute exact p-value with ties
[1] chr12_hub1
 [1] chr14_hub1_HE: 1 tie/s removed.  chr14_hub1_HE: 3 tie/s removed. 
 [3] chr14_hub1_HE: 4 tie/s removed.  chr14_hub1_HE: 5 tie/s removed. 
 [5] chr14_hub1_HE: 6 tie/s removed.  chr14_hub1_HE: 7 tie/s removed. 
 [7] chr14_hub1_HE: 9 tie/s removed.  chr14_hub1_HE: 10 tie/s removed.
 [9] chr14_hub1_HE: 11 tie/s removed. chr14_hub1_HE: 15 tie/s removed.
[11] chr14_hub1_HE: 16 tie/s removed. chr14_hub1_HE: 17 tie/s removed.
[13] chr14_hub1_HE: 18 tie/s removed. chr14_hub1_HE: 20 tie/s removed.
[15] chr14_hub1_HE: 23 tie/s removed. chr14_hub1_HE: 25 tie/s removed.
[17] chr14_hub1_HE: 26 tie/s removed. chr14_hub1_HE: 28 tie/s removed.
[19] chr14_hub1_HE: 29 tie/s removed. chr14_hub1_HE: 30 tie/s removed.
[21] chr14_hub1_HE: 31 tie/s removed. chr14_hub1_HE: 32 tie/s removed.
[23] chr14_hub1_HE: 33 tie/s removed. chr14_hub1_HE: 35 tie/s removed.
[25] chr14_hub1_HE: 36 tie/s removed. chr14_hub1_HE: 39 tie/s removed.
[27] chr14_hub1_HE: 40 tie/s removed. chr14_hub1_HE: 41 tie/s removed.
[29] chr14_hub1_HE: 42 tie/s removed. chr14_hub1_HE: 43 tie/s removed.
[31] chr14_hub1_HE: 46 tie/s removed. chr14_hub1_HE: 47 tie/s removed.
[33] chr14_hub1_HE: 48 tie/s removed. chr14_hub1_HE: 49 tie/s removed.
[35] chr14_hub1_HE: 50 tie/s removed. chr14_hub1_HE: 51 tie/s removed.
[37] chr14_hub1_HE: 52 tie/s removed. chr14_hub1_HE: 53 tie/s removed.
Warning in wilcox.test.default(x = nh.v, y = h.v, paired = TRUE, alternative = "two.sided") :
  cannot compute exact p-value with ties
[1] chr14_hub1
 [1] chr18_hub1_HE: 1 tie/s removed.  chr18_hub1_HE: 2 tie/s removed. 
 [3] chr18_hub1_HE: 4 tie/s removed.  chr18_hub1_HE: 5 tie/s removed. 
 [5] chr18_hub1_HE: 7 tie/s removed.  chr18_hub1_HE: 8 tie/s removed. 
 [7] chr18_hub1_HE: 9 tie/s removed.  chr18_hub1_HE: 10 tie/s removed.
 [9] chr18_hub1_HE: 11 tie/s removed. chr18_hub1_HE: 12 tie/s removed.
[11] chr18_hub1_HE: 13 tie/s removed. chr18_hub1_HE: 14 tie/s removed.
[13] chr18_hub1_HE: 15 tie/s removed. chr18_hub1_HE: 16 tie/s removed.
[15] chr18_hub1_HE: 17 tie/s removed. chr18_hub1_HE: 18 tie/s removed.
[17] chr18_hub1_HE: 19 tie/s removed. chr18_hub1_HE: 20 tie/s removed.
[19] chr18_hub1_HE: 21 tie/s removed. chr18_hub1_HE: 22 tie/s removed.
[21] chr18_hub1_HE: 23 tie/s removed. chr18_hub1_HE: 24 tie/s removed.
[23] chr18_hub1_HE: 28 tie/s removed. chr18_hub1_HE: 29 tie/s removed.
[25] chr18_hub1_HE: 30 tie/s removed. chr18_hub1_HE: 31 tie/s removed.
[27] chr18_hub1_HE: 32 tie/s removed. chr18_hub1_HE: 33 tie/s removed.
[29] chr18_hub1_HE: 34 tie/s removed. chr18_hub1_HE: 35 tie/s removed.
[31] chr18_hub1_HE: 37 tie/s removed. chr18_hub1_HE: 38 tie/s removed.
[33] chr18_hub1_HE: 39 tie/s removed. chr18_hub1_HE: 40 tie/s removed.
[35] chr18_hub1_HE: 41 tie/s removed. chr18_hub1_HE: 42 tie/s removed.
[37] chr18_hub1_HE: 44 tie/s removed. chr18_hub1_HE: 45 tie/s removed.
[39] chr18_hub1_HE: 46 tie/s removed. chr18_hub1_HE: 47 tie/s removed.
[41] chr18_hub1_HE: 48 tie/s removed. chr18_hub1_HE: 49 tie/s removed.
[43] chr18_hub1_HE: 50 tie/s removed. chr18_hub1_HE: 51 tie/s removed.
[45] chr18_hub1_HE: 52 tie/s removed. chr18_hub1_HE: 53 tie/s removed.
[1] chr18_hub1
[1] chr19_hub1
 [1] chr20_hub1_HE: 5 tie/s removed.  chr20_hub1_HE: 6 tie/s removed. 
 [3] chr20_hub1_HE: 10 tie/s removed. chr20_hub1_HE: 11 tie/s removed.
 [5] chr20_hub1_HE: 14 tie/s removed. chr20_hub1_HE: 16 tie/s removed.
 [7] chr20_hub1_HE: 23 tie/s removed. chr20_hub1_HE: 24 tie/s removed.
 [9] chr20_hub1_HE: 25 tie/s removed. chr20_hub1_HE: 26 tie/s removed.
[11] chr20_hub1_HE: 27 tie/s removed. chr20_hub1_HE: 28 tie/s removed.
[13] chr20_hub1_HE: 31 tie/s removed. chr20_hub1_HE: 33 tie/s removed.
[15] chr20_hub1_HE: 36 tie/s removed. chr20_hub1_HE: 39 tie/s removed.
[17] chr20_hub1_HE: 40 tie/s removed. chr20_hub1_HE: 41 tie/s removed.
[19] chr20_hub1_HE: 42 tie/s removed. chr20_hub1_HE: 43 tie/s removed.
[21] chr20_hub1_HE: 44 tie/s removed. chr20_hub1_HE: 45 tie/s removed.
[23] chr20_hub1_HE: 46 tie/s removed. chr20_hub1_HE: 48 tie/s removed.
[25] chr20_hub1_HE: 49 tie/s removed. chr20_hub1_HE: 53 tie/s removed.
Warning in wilcox.test.default(x = nh.v, y = h.v, paired = TRUE, alternative = "two.sided") :
  cannot compute exact p-value with ties
[1] chr20_hub1
 [1] chr22_hub1_HE: 1 tie/s removed.  chr22_hub1_HE: 2 tie/s removed. 
 [3] chr22_hub1_HE: 3 tie/s removed.  chr22_hub1_HE: 5 tie/s removed. 
 [5] chr22_hub1_HE: 6 tie/s removed.  chr22_hub1_HE: 9 tie/s removed. 
 [7] chr22_hub1_HE: 11 tie/s removed. chr22_hub1_HE: 12 tie/s removed.
 [9] chr22_hub1_HE: 13 tie/s removed. chr22_hub1_HE: 14 tie/s removed.
[11] chr22_hub1_HE: 16 tie/s removed. chr22_hub1_HE: 19 tie/s removed.
[13] chr22_hub1_HE: 20 tie/s removed. chr22_hub1_HE: 21 tie/s removed.
[15] chr22_hub1_HE: 25 tie/s removed. chr22_hub1_HE: 26 tie/s removed.
[17] chr22_hub1_HE: 27 tie/s removed. chr22_hub1_HE: 29 tie/s removed.
[19] chr22_hub1_HE: 30 tie/s removed. chr22_hub1_HE: 31 tie/s removed.
[21] chr22_hub1_HE: 33 tie/s removed. chr22_hub1_HE: 36 tie/s removed.
[23] chr22_hub1_HE: 39 tie/s removed. chr22_hub1_HE: 41 tie/s removed.
[25] chr22_hub1_HE: 43 tie/s removed. chr22_hub1_HE: 45 tie/s removed.
[27] chr22_hub1_HE: 50 tie/s removed.
Warning in wilcox.test.default(x = nh.v, y = h.v, paired = TRUE, alternative = "two.sided") :
  cannot compute exact p-value with ties
[1] chr22_hub1
 [1] chr3_hub1_HE: 1 tie/s removed.  chr3_hub1_HE: 2 tie/s removed. 
 [3] chr3_hub1_HE: 5 tie/s removed.  chr3_hub1_HE: 6 tie/s removed. 
 [5] chr3_hub1_HE: 7 tie/s removed.  chr3_hub1_HE: 9 tie/s removed. 
 [7] chr3_hub1_HE: 11 tie/s removed. chr3_hub1_HE: 12 tie/s removed.
 [9] chr3_hub1_HE: 13 tie/s removed. chr3_hub1_HE: 14 tie/s removed.
[11] chr3_hub1_HE: 16 tie/s removed. chr3_hub1_HE: 19 tie/s removed.
[13] chr3_hub1_HE: 21 tie/s removed. chr3_hub1_HE: 22 tie/s removed.
[15] chr3_hub1_HE: 23 tie/s removed. chr3_hub1_HE: 25 tie/s removed.
[17] chr3_hub1_HE: 26 tie/s removed. chr3_hub1_HE: 29 tie/s removed.
[19] chr3_hub1_HE: 31 tie/s removed. chr3_hub1_HE: 34 tie/s removed.
[21] chr3_hub1_HE: 36 tie/s removed. chr3_hub1_HE: 37 tie/s removed.
[23] chr3_hub1_HE: 39 tie/s removed. chr3_hub1_HE: 40 tie/s removed.
[25] chr3_hub1_HE: 41 tie/s removed. chr3_hub1_HE: 43 tie/s removed.
[27] chr3_hub1_HE: 46 tie/s removed. chr3_hub1_HE: 50 tie/s removed.
[29] chr3_hub1_HE: 51 tie/s removed. chr3_hub1_HE: 52 tie/s removed.
Warning in wilcox.test.default(x = nh.v, y = h.v, paired = TRUE, alternative = "two.sided") :
  cannot compute exact p-value with ties
[1] chr3_hub1
 [1] chr3_hub3_HE: 1 tie/s removed.  chr3_hub3_HE: 2 tie/s removed. 
 [3] chr3_hub3_HE: 5 tie/s removed.  chr3_hub3_HE: 6 tie/s removed. 
 [5] chr3_hub3_HE: 7 tie/s removed.  chr3_hub3_HE: 9 tie/s removed. 
 [7] chr3_hub3_HE: 11 tie/s removed. chr3_hub3_HE: 12 tie/s removed.
 [9] chr3_hub3_HE: 13 tie/s removed. chr3_hub3_HE: 14 tie/s removed.
[11] chr3_hub3_HE: 16 tie/s removed. chr3_hub3_HE: 19 tie/s removed.
[13] chr3_hub3_HE: 21 tie/s removed. chr3_hub3_HE: 22 tie/s removed.
[15] chr3_hub3_HE: 23 tie/s removed. chr3_hub3_HE: 25 tie/s removed.
[17] chr3_hub3_HE: 26 tie/s removed. chr3_hub3_HE: 29 tie/s removed.
[19] chr3_hub3_HE: 31 tie/s removed. chr3_hub3_HE: 34 tie/s removed.
[21] chr3_hub3_HE: 36 tie/s removed. chr3_hub3_HE: 37 tie/s removed.
[23] chr3_hub3_HE: 39 tie/s removed. chr3_hub3_HE: 40 tie/s removed.
[25] chr3_hub3_HE: 41 tie/s removed. chr3_hub3_HE: 43 tie/s removed.
[27] chr3_hub3_HE: 46 tie/s removed. chr3_hub3_HE: 50 tie/s removed.
[29] chr3_hub3_HE: 51 tie/s removed. chr3_hub3_HE: 52 tie/s removed.
Warning in wilcox.test.default(x = nh.v, y = h.v, paired = TRUE, alternative = "two.sided") :
  cannot compute exact p-value with ties
[1] chr3_hub3
 [1] chr5_hub1_HE: 1 tie/s removed.  chr5_hub1_HE: 2 tie/s removed. 
 [3] chr5_hub1_HE: 3 tie/s removed.  chr5_hub1_HE: 5 tie/s removed. 
 [5] chr5_hub1_HE: 6 tie/s removed.  chr5_hub1_HE: 9 tie/s removed. 
 [7] chr5_hub1_HE: 11 tie/s removed. chr5_hub1_HE: 12 tie/s removed.
 [9] chr5_hub1_HE: 13 tie/s removed. chr5_hub1_HE: 14 tie/s removed.
[11] chr5_hub1_HE: 24 tie/s removed. chr5_hub1_HE: 25 tie/s removed.
[13] chr5_hub1_HE: 26 tie/s removed. chr5_hub1_HE: 27 tie/s removed.
[15] chr5_hub1_HE: 30 tie/s removed. chr5_hub1_HE: 31 tie/s removed.
[17] chr5_hub1_HE: 34 tie/s removed. chr5_hub1_HE: 35 tie/s removed.
[19] chr5_hub1_HE: 36 tie/s removed. chr5_hub1_HE: 37 tie/s removed.
[21] chr5_hub1_HE: 38 tie/s removed. chr5_hub1_HE: 41 tie/s removed.
[23] chr5_hub1_HE: 43 tie/s removed. chr5_hub1_HE: 45 tie/s removed.
[25] chr5_hub1_HE: 50 tie/s removed. chr5_hub1_HE: 52 tie/s removed.
Warning in wilcox.test.default(x = nh.v, y = h.v, paired = TRUE, alternative = "two.sided") :
  cannot compute exact p-value with ties
[1] chr5_hub1
 [1] chr5_hub2_HE: 1 tie/s removed.  chr5_hub2_HE: 2 tie/s removed. 
 [3] chr5_hub2_HE: 3 tie/s removed.  chr5_hub2_HE: 5 tie/s removed. 
 [5] chr5_hub2_HE: 6 tie/s removed.  chr5_hub2_HE: 9 tie/s removed. 
 [7] chr5_hub2_HE: 11 tie/s removed. chr5_hub2_HE: 12 tie/s removed.
 [9] chr5_hub2_HE: 13 tie/s removed. chr5_hub2_HE: 14 tie/s removed.
[11] chr5_hub2_HE: 24 tie/s removed. chr5_hub2_HE: 25 tie/s removed.
[13] chr5_hub2_HE: 26 tie/s removed. chr5_hub2_HE: 27 tie/s removed.
[15] chr5_hub2_HE: 30 tie/s removed. chr5_hub2_HE: 31 tie/s removed.
[17] chr5_hub2_HE: 34 tie/s removed. chr5_hub2_HE: 35 tie/s removed.
[19] chr5_hub2_HE: 36 tie/s removed. chr5_hub2_HE: 37 tie/s removed.
[21] chr5_hub2_HE: 38 tie/s removed. chr5_hub2_HE: 41 tie/s removed.
[23] chr5_hub2_HE: 43 tie/s removed. chr5_hub2_HE: 45 tie/s removed.
[25] chr5_hub2_HE: 50 tie/s removed. chr5_hub2_HE: 52 tie/s removed.
Warning in wilcox.test.default(x = nh.v, y = h.v, paired = TRUE, alternative = "two.sided") :
  cannot compute exact p-value with ties
[1] chr5_hub2
 [1] chr6_hub1_HE: 1 tie/s removed.  chr6_hub1_HE: 2 tie/s removed. 
 [3] chr6_hub1_HE: 6 tie/s removed.  chr6_hub1_HE: 8 tie/s removed. 
 [5] chr6_hub1_HE: 11 tie/s removed. chr6_hub1_HE: 13 tie/s removed.
 [7] chr6_hub1_HE: 14 tie/s removed. chr6_hub1_HE: 24 tie/s removed.
 [9] chr6_hub1_HE: 25 tie/s removed. chr6_hub1_HE: 26 tie/s removed.
[11] chr6_hub1_HE: 27 tie/s removed. chr6_hub1_HE: 31 tie/s removed.
[13] chr6_hub1_HE: 36 tie/s removed. chr6_hub1_HE: 43 tie/s removed.
Warning in wilcox.test.default(x = nh.v, y = h.v, paired = TRUE, alternative = "two.sided") :
  cannot compute exact p-value with ties
[1] chr6_hub1
 [1] chr8_hub1_HE: 1 tie/s removed.  chr8_hub1_HE: 3 tie/s removed. 
 [3] chr8_hub1_HE: 6 tie/s removed.  chr8_hub1_HE: 8 tie/s removed. 
 [5] chr8_hub1_HE: 9 tie/s removed.  chr8_hub1_HE: 11 tie/s removed.
 [7] chr8_hub1_HE: 24 tie/s removed. chr8_hub1_HE: 25 tie/s removed.
 [9] chr8_hub1_HE: 26 tie/s removed. chr8_hub1_HE: 31 tie/s removed.
[11] chr8_hub1_HE: 34 tie/s removed. chr8_hub1_HE: 36 tie/s removed.
[13] chr8_hub1_HE: 43 tie/s removed. chr8_hub1_HE: 45 tie/s removed.
Warning in wilcox.test.default(x = nh.v, y = h.v, paired = TRUE, alternative = "two.sided") :
  cannot compute exact p-value with ties
[1] chr8_hub1
 [1] chr9_hub1_HE: 1 tie/s removed.  chr9_hub1_HE: 2 tie/s removed. 
 [3] chr9_hub1_HE: 5 tie/s removed.  chr9_hub1_HE: 6 tie/s removed. 
 [5] chr9_hub1_HE: 9 tie/s removed.  chr9_hub1_HE: 11 tie/s removed.
 [7] chr9_hub1_HE: 12 tie/s removed. chr9_hub1_HE: 13 tie/s removed.
 [9] chr9_hub1_HE: 14 tie/s removed. chr9_hub1_HE: 24 tie/s removed.
[11] chr9_hub1_HE: 25 tie/s removed. chr9_hub1_HE: 26 tie/s removed.
[13] chr9_hub1_HE: 31 tie/s removed. chr9_hub1_HE: 36 tie/s removed.
Warning in wilcox.test.default(x = nh.v, y = h.v, paired = TRUE, alternative = "two.sided") :
  cannot compute exact p-value with ties
[1] chr9_hub1
[1] chr1_hub1
[1] chr1_hub2
[1] chr1_hub3
[1] chr1_hub4
[1] chr10_hub1
[1] chr12_hub1
[1] chr14_hub1
[1] chr18_hub1
[1] chr19_hub1
[1] chr20_hub1
[1] chr22_hub1
[1] chr3_hub1
[1] chr3_hub3
[1] chr5_hub1
[1] chr5_hub2
[1] chr6_hub1
[1] chr8_hub1
[1] chr9_hub1
null device 
          1 
