
Attaching package: ‘gplots’

The following object is masked from ‘package:stats’:

    lowess

[1] min2Mb_chr1_FC_topCP3_gapBin50_hub1 done!
[1] min2Mb_chr1_FC_topCP3_gapBin50_hub2 done!
[1] min2Mb_chr1_FC_topCP3_gapBin50_hub3 done!
[1] min2Mb_chr1_FC_topCP3_gapBin50_hub4 done!
[1] min2Mb_chr10_FC_topCP3_gapBin50_hub1 done!
[1] min2Mb_chr12_FC_topCP3_gapBin50_hub1 done!
[1] min2Mb_chr14_FC_topCP3_gapBin50_hub1 done!
[1] min2Mb_chr18_FC_topCP3_gapBin50_hub1 done!
[1] min2Mb_chr19_FC_topCP3_gapBin50_hub1 done!
[1] min2Mb_chr20_FC_topCP3_gapBin50_hub1 done!
[1] min2Mb_chr22_FC_topCP3_gapBin50_hub1 done!
[1] min2Mb_chr3_FC_topCP3_gapBin50_hub1 done!
[1] min2Mb_chr3_FC_topCP3_gapBin50_hub3 done!
[1] min2Mb_chr5_FC_topCP3_gapBin50_hub1 done!
[1] min2Mb_chr5_FC_topCP3_gapBin50_hub2 done!
[1] min2Mb_chr6_FC_topCP3_gapBin50_hub1 done!
[1] min2Mb_chr8_FC_topCP3_gapBin50_hub1 done!
[1] min2Mb_chr9_FC_topCP3_gapBin50_hub1 done!
file saved to /Users/ltamon/SahakyanLab/CoreGenomeExplorer/out_hubVsNonhub/exprCutoff_05_acchubs/min2Mb_FC_topCP3_gapBin50_data1_MEAN.pdf
file saved to /Users/ltamon/SahakyanLab/CoreGenomeExplorer/out_hubVsNonhub/exprCutoff_05_acchubs/min2Mb_FC_topCP3_gapBin50_data1_SD.pdf
file saved to /Users/ltamon/SahakyanLab/CoreGenomeExplorer/out_hubVsNonhub/exprCutoff_05_acchubs/min2Mb_FC_topCP3_gapBin50_data1_VAR.pdf
file saved to /Users/ltamon/SahakyanLab/CoreGenomeExplorer/out_hubVsNonhub/exprCutoff_05_acchubs/min2Mb_FC_topCP3_gapBin50_data1_NE.pdf
file saved to /Users/ltamon/SahakyanLab/CoreGenomeExplorer/out_hubVsNonhub/exprCutoff_05_acchubs/min2Mb_FC_topCP3_gapBin50_data1_LE.pdf
file saved to /Users/ltamon/SahakyanLab/CoreGenomeExplorer/out_hubVsNonhub/exprCutoff_05_acchubs/min2Mb_FC_topCP3_gapBin50_data1_ME.pdf
file saved to /Users/ltamon/SahakyanLab/CoreGenomeExplorer/out_hubVsNonhub/exprCutoff_05_acchubs/min2Mb_FC_topCP3_gapBin50_data1_HE.pdf
file saved to /Users/ltamon/SahakyanLab/CoreGenomeExplorer/out_hubVsNonhub/exprCutoff_05_acchubs/min2Mb_FC_topCP3_gapBin50_data1_SDdivMEAN.pdf
          used (Mb) gc trigger  (Mb) limit (Mb) max used  (Mb)
Ncells 1148507 61.4    2552334 136.4         NA  2552334 136.4
Vcells 3213792 24.6    8388608  64.0      16384  8378523  64.0
[1] chr1_hub1
[1] chr1_hub2
[1] chr1_hub3
[1] chr1_hub4
[1] chr10_hub1
[1] chr12_hub1
[1] chr14_hub1
[1] chr18_hub1
[1] chr19_hub1
[1] chr20_hub1
[1] chr22_hub1
[1] chr3_hub1
[1] chr3_hub3
[1] chr5_hub1
[1] chr5_hub2
[1] chr6_hub1
[1] chr8_hub1
[1] chr9_hub1
[1] chr1_hub1
[1] chr1_hub2
[1] chr1_hub3
[1] chr1_hub4
[1] chr10_hub1
[1] chr12_hub1
[1] chr14_hub1
[1] chr18_hub1
[1] chr19_hub1
[1] chr20_hub1
[1] chr22_hub1
[1] chr3_hub1
[1] chr3_hub3
[1] chr5_hub1
[1] chr5_hub2
[1] chr6_hub1
[1] chr8_hub1
[1] chr9_hub1
[1] chr1_hub1
[1] chr1_hub2
[1] chr1_hub3
[1] chr1_hub4
[1] chr10_hub1
[1] chr12_hub1
[1] chr14_hub1
[1] chr18_hub1
[1] chr19_hub1
[1] chr20_hub1
[1] chr22_hub1
[1] chr3_hub1
[1] chr3_hub3
[1] chr5_hub1
[1] chr5_hub2
[1] chr6_hub1
[1] chr8_hub1
[1] chr9_hub1
[1] chr1_hub1
[1] chr1_hub2
[1] chr1_hub3
[1] chr1_hub4
[1] chr10_hub1
[1] chr12_hub1
[1] chr14_hub1
[1] chr18_hub1
[1] chr19_hub1
[1] chr20_hub1
[1] chr22_hub1
[1] chr3_hub1
[1] chr3_hub3
[1] chr5_hub1
[1] chr5_hub2
[1] chr6_hub1
[1] chr8_hub1
[1] chr9_hub1
[1] chr1_hub1
[1] chr1_hub2
[1] chr1_hub3
[1] chr1_hub4
[1] chr10_hub1
[1] chr12_hub1
[1] chr14_hub1
[1] chr18_hub1
[1] chr19_hub1
[1] chr20_hub1
[1] chr22_hub1
[1] chr3_hub1
[1] chr3_hub3
[1] chr5_hub1
[1] chr5_hub2
[1] chr6_hub1
[1] chr8_hub1
[1] chr9_hub1
[1] chr1_hub1
[1] chr1_hub2
[1] chr1_hub3
[1] chr1_hub4
[1] chr10_hub1
[1] chr12_hub1
[1] chr14_hub1
[1] chr18_hub1
[1] chr19_hub1
[1] chr20_hub1
[1] chr22_hub1
[1] chr3_hub1
[1] chr3_hub3
[1] chr5_hub1
[1] chr5_hub2
[1] chr6_hub1
[1] chr8_hub1
[1] chr9_hub1
[1] chr1_hub1
[1] chr1_hub2
[1] chr1_hub3
[1] chr1_hub4_HE: 1 tie/s removed.  chr1_hub4_HE: 19 tie/s removed.
Warning in wilcox.test.default(x = nh.v, y = h.v, paired = TRUE, alternative = "two.sided") :
  cannot compute exact p-value with ties
[1] chr1_hub4
[1] chr10_hub1_HE: 8 tie/s removed.  chr10_hub1_HE: 21 tie/s removed.
[1] chr10_hub1
[1] chr12_hub1_HE: 20 tie/s removed. chr12_hub1_HE: 26 tie/s removed.
[1] chr12_hub1
[1] chr14_hub1_HE: 1 tie/s removed.  chr14_hub1_HE: 9 tie/s removed. 
[3] chr14_hub1_HE: 10 tie/s removed. chr14_hub1_HE: 14 tie/s removed.
[5] chr14_hub1_HE: 17 tie/s removed. chr14_hub1_HE: 21 tie/s removed.
[7] chr14_hub1_HE: 22 tie/s removed. chr14_hub1_HE: 23 tie/s removed.
[9] chr14_hub1_HE: 24 tie/s removed.
[1] chr14_hub1
 [1] chr18_hub1_HE: 1 tie/s removed.  chr18_hub1_HE: 2 tie/s removed. 
 [3] chr18_hub1_HE: 3 tie/s removed.  chr18_hub1_HE: 4 tie/s removed. 
 [5] chr18_hub1_HE: 5 tie/s removed.  chr18_hub1_HE: 6 tie/s removed. 
 [7] chr18_hub1_HE: 8 tie/s removed.  chr18_hub1_HE: 9 tie/s removed. 
 [9] chr18_hub1_HE: 10 tie/s removed. chr18_hub1_HE: 12 tie/s removed.
[11] chr18_hub1_HE: 13 tie/s removed. chr18_hub1_HE: 14 tie/s removed.
[13] chr18_hub1_HE: 16 tie/s removed. chr18_hub1_HE: 17 tie/s removed.
[15] chr18_hub1_HE: 18 tie/s removed. chr18_hub1_HE: 19 tie/s removed.
[17] chr18_hub1_HE: 20 tie/s removed. chr18_hub1_HE: 21 tie/s removed.
[19] chr18_hub1_HE: 23 tie/s removed. chr18_hub1_HE: 24 tie/s removed.
[21] chr18_hub1_HE: 25 tie/s removed. chr18_hub1_HE: 26 tie/s removed.
[23] chr18_hub1_HE: 27 tie/s removed.
[1] chr18_hub1
[1] chr19_hub1
 [1] chr20_hub1_HE: 1 tie/s removed.  chr20_hub1_HE: 4 tie/s removed. 
 [3] chr20_hub1_HE: 8 tie/s removed.  chr20_hub1_HE: 9 tie/s removed. 
 [5] chr20_hub1_HE: 12 tie/s removed. chr20_hub1_HE: 13 tie/s removed.
 [7] chr20_hub1_HE: 14 tie/s removed. chr20_hub1_HE: 15 tie/s removed.
 [9] chr20_hub1_HE: 17 tie/s removed. chr20_hub1_HE: 18 tie/s removed.
[11] chr20_hub1_HE: 22 tie/s removed. chr20_hub1_HE: 23 tie/s removed.
[13] chr20_hub1_HE: 24 tie/s removed. chr20_hub1_HE: 25 tie/s removed.
[15] chr20_hub1_HE: 26 tie/s removed.
[1] chr20_hub1
[1] chr22_hub1_HE: 8 tie/s removed.  chr22_hub1_HE: 18 tie/s removed.
[3] chr22_hub1_HE: 23 tie/s removed. chr22_hub1_HE: 25 tie/s removed.
[5] chr22_hub1_HE: 26 tie/s removed.
Warning in wilcox.test.default(x = nh.v, y = h.v, paired = TRUE, alternative = "two.sided") :
  cannot compute exact p-value with ties
[1] chr22_hub1
 [1] chr3_hub1_HE: 4 tie/s removed.  chr3_hub1_HE: 5 tie/s removed. 
 [3] chr3_hub1_HE: 7 tie/s removed.  chr3_hub1_HE: 8 tie/s removed. 
 [5] chr3_hub1_HE: 14 tie/s removed. chr3_hub1_HE: 17 tie/s removed.
 [7] chr3_hub1_HE: 19 tie/s removed. chr3_hub1_HE: 21 tie/s removed.
 [9] chr3_hub1_HE: 22 tie/s removed. chr3_hub1_HE: 24 tie/s removed.
[11] chr3_hub1_HE: 27 tie/s removed.
[1] chr3_hub1
 [1] chr3_hub3_HE: 4 tie/s removed.  chr3_hub3_HE: 5 tie/s removed. 
 [3] chr3_hub3_HE: 7 tie/s removed.  chr3_hub3_HE: 8 tie/s removed. 
 [5] chr3_hub3_HE: 14 tie/s removed. chr3_hub3_HE: 17 tie/s removed.
 [7] chr3_hub3_HE: 19 tie/s removed. chr3_hub3_HE: 21 tie/s removed.
 [9] chr3_hub3_HE: 22 tie/s removed. chr3_hub3_HE: 24 tie/s removed.
[11] chr3_hub3_HE: 27 tie/s removed.
Warning in wilcox.test.default(x = nh.v, y = h.v, paired = TRUE, alternative = "two.sided") :
  cannot compute exact p-value with ties
[1] chr3_hub3
[1] chr5_hub1_HE: 8 tie/s removed.  chr5_hub1_HE: 13 tie/s removed.
[3] chr5_hub1_HE: 21 tie/s removed.
[1] chr5_hub1
[1] chr5_hub2_HE: 8 tie/s removed.  chr5_hub2_HE: 13 tie/s removed.
[3] chr5_hub2_HE: 21 tie/s removed. chr5_hub2_HE: 26 tie/s removed.
Warning in wilcox.test.default(x = nh.v, y = h.v, paired = TRUE, alternative = "two.sided") :
  cannot compute exact p-value with ties
[1] chr5_hub2
[1] chr6_hub1
[1] chr8_hub1_HE: 13 tie/s removed. chr8_hub1_HE: 18 tie/s removed.
[1] chr8_hub1
[1] chr9_hub1_HE: 1 tie/s removed.  chr9_hub1_HE: 7 tie/s removed. 
[3] chr9_hub1_HE: 13 tie/s removed. chr9_hub1_HE: 16 tie/s removed.
[5] chr9_hub1_HE: 21 tie/s removed.
[1] chr9_hub1
[1] chr1_hub1
[1] chr1_hub2
[1] chr1_hub3
[1] chr1_hub4
[1] chr10_hub1
[1] chr12_hub1
[1] chr14_hub1
[1] chr18_hub1
[1] chr19_hub1
[1] chr20_hub1
[1] chr22_hub1
[1] chr3_hub1
[1] chr3_hub3
[1] chr5_hub1
[1] chr5_hub2
[1] chr6_hub1
[1] chr8_hub1
[1] chr9_hub1
null device 
          1 
