
Attaching package: ‘reshape2’

The following objects are masked from ‘package:data.table’:

    dcast, melt

[1] incl.bin.x = NULL
[1] incl.bin.y = NULL
[1] mask.bin.x = list(3038:6232)
[1] mask.bin.y = list(1:3565)
[1] gap.range = c(1, Inf)
[1] min2Mb_chr1_whole_maskMidSquare_gap2up_maskx3038To6232y1To3565_AG_Cs.norm...
[1] "getContactDF(): Number of contacts match expected value."
[1] filterContacts(): No selection of contacts...
[1] filterContacts(): Masking contacts with i in mask.bin.y and j \n          in mask.bin.x...
[1] filterContacts(): Gap filtering...
[1] "getContactDF(): Unwanted contacts' values set to NA."
[1] Cs.norm values retrieved!
[1] "contactprobVsDistance(): Contact values scaled."
[1] AG-Cs.norm done!
[1] min2Mb_chr1_whole_maskMidSquare_gap2up_maskx3038To6232y1To3565_Ao_Cs.norm...
[1] "getContactDF(): Number of contacts match expected value."
[1] filterContacts(): No selection of contacts...
[1] filterContacts(): Masking contacts with i in mask.bin.y and j \n          in mask.bin.x...
[1] filterContacts(): Gap filtering...
[1] "getContactDF(): Unwanted contacts' values set to NA."
[1] Cs.norm values retrieved!
[1] "contactprobVsDistance(): Contact values scaled."
[1] Ao-Cs.norm done!
file saved to /Users/ltamon/DPhil/GenomicContactDynamics/21_Simulation/out_explore/min2Mb_chr1_whole_maskMidSquare_gap2up_maskx3038To6232y1To3565_nbreaks30_cvd.pdf
