[1] chr1: Widths are:
3039:3563      8:13 3604:3608   340:343     97:99     66:67   741:741 
      525         6         5         4         3         2         1 
[1] chr2: Widths are:
2310:2383 2263:2290 2242:2247 2765:2769 2780:2783 2258:2260 2192:2193   127:127 
       74        28         6         5         4         3         2         1 
[1] chr3: Widths are:
2264:2337 4949:4951 4064:4065       1:1 
       74         3         2         1 
[1] chr4: Widths are:
1242:1317 1234:1237 4777:4779   233:234     37:37 
       76         4         3         2         1 
[1] chr5: Widths are:
1162:1236 1745:1748 1725:1727   439:440 1753:1753 
       75         4         3         2         1 
[1] chr6: Widths are:
1471:1547       1:3 4200:4201 1453:1453 
       77         3         2         1 
[1] chr7: Widths are:
1453:1526 1869:1871 1543:1544       7:7 
       74         3         2         1 
[1] chr8: Widths are:
1097:1171 2166:2171 3634:3637 3659:3660 3589:3589 
       75         6         4         2         1 
[1] chr9: Widths are:
1182:1637 1034:1046 1157:1167 1064:1072 1757:1762 1115:1119  997:1000 1686:1688 
      456        13        11         9         6         5         4         3 
1081:1082 1075:1075 
        2         1 
[1] chr10: Widths are:
 978:1060 1196:1199 1205:1207   971:972       1:1 
       83         4         3         2         1 
[1] chr11: Widths are:
1291:1367 1271:1277 2409:2411 3375:3376     14:14 
       77         7         3         2         1 
[1] chr12: Widths are:
  873:946 3319:3320       1:1 
       74         2         1 
[1] chr13: Widths are:
    1:475 2810:2812 2171:2172 
      475         3         2 
[1] chr14: Widths are:
    1:475 2684:2684 
      475         1 
[1] chr15: Widths are:
    1:500   536:547 2068:2072 2078:2079   533:533 
      500        12         5         2         1 
[1] chr16: Widths are:
884:1161  828:832  852:854  411:412      1:1 
     278        5        3        2        1 
[1] chr17: Widths are:
558:631 867:869    9:10 475:475 
     74       3       2       1 
[1] chr18: Widths are:
  387:462 1303:1305 1952:1952 
       76         3         1 
[1] chr19: Widths are:
617:693     1:2   30:30 
     77       2       1 
[1] chr20: Widths are:
659:735 742:745     1:1 
     77       4       1 
[1] chr21: Widths are:
  1:235 281:358 257:259 252:253 241:241 
    235      78       3       2       1 
[1] chr22: Widths are:
    1:401   510:515   418:421 1282:1283 1268:1268 
      401         6         4         2         1 
[1] chrX: Widths are:
1465:1543      1:67 1304:1313 3875:3882 1231:1234 3001:3003 1319:1320   595:595 
       79        67        10         8         4         3         2         1 
