
Attaching package: ‘reshape2’

The following objects are masked from ‘package:data.table’:

    dcast, melt

Loading required package: iterators
[1] "/Users/ltamon/DPhil/GCD_polished/11_Complementarity/z_ignore_git/out_constraints_dme_10kb"
[1] getContactDF(): C|| value obtained.
[1] "getContactDF(): Number of contacts match expected value."
[1] filterContacts(): No selection of contacts...
[1] filterContacts(): No masking of contacts...
[1] filterContacts(): Gap filtering...
[1] "getContactDF(): Unwanted contacts' values set to NA."
[1] getContactDF(): CII.cont.kmer.5 values retrieved!
[1] "/Users/ltamon/Database/drosophila_Chathoth2019_HiC/Chathoth2019_10kb_combined_contacts/KR_Chathoth"
[1] getContactDF(): Cs.norm value obtained.
[1] "getContactDF(): Number of contacts match expected value."
[1] filterContacts(): No selection of contacts...
[1] filterContacts(): No masking of contacts...
[1] filterContacts(): Gap filtering...
[1] "getContactDF(): Unwanted contacts' values set to NA."
[1] getContactDF(): Cs.norm values retrieved!
Warning: Removed 5621 rows containing missing values (geom_raster).
Warning: Removed 5621 rows containing missing values (geom_raster).
Warning: Removed 5621 rows containing missing values (geom_raster).
[1] min0Mb_dme_chr3L_AllBG3_CIIcontkmer5Csnorm_gap50ToInf_inclx_incly_maskx_masky_res300_scaleContactByDistFALSE_scaleddisc0_contProbFALSE_chr3L_All-CII.cont.kmer.5_BG3-Cs.norm done!
[[1]]
[1] "/Users/ltamon/DPhil/GenomicContactDynamics/21_Simulation/out_generate_map_manuscript/min0Mb_dme_chr3L_AllBG3_CIIcontkmer5Csnorm_gap50ToInf_inclx_incly_maskx_masky_res300_scaleContactByDistFALSE_scaleddisc0_contProbFALSE_01.png"

