nohup: ignoring input
Loading required package: iterators
Loading required package: parallel
Loading required package: BiocGenerics

Attaching package: ‘BiocGenerics’

The following objects are masked from ‘package:parallel’:

    clusterApply, clusterApplyLB, clusterCall, clusterEvalQ,
    clusterExport, clusterMap, parApply, parCapply, parLapply,
    parLapplyLB, parRapply, parSapply, parSapplyLB

The following objects are masked from ‘package:stats’:

    IQR, mad, sd, var, xtabs

The following objects are masked from ‘package:base’:

    anyDuplicated, append, as.data.frame, basename, cbind, colnames,
    dirname, do.call, duplicated, eval, evalq, Filter, Find, get, grep,
    grepl, intersect, is.unsorted, lapply, Map, mapply, match, mget,
    order, paste, pmax, pmax.int, pmin, pmin.int, Position, rank,
    rbind, Reduce, rownames, sapply, setdiff, sort, table, tapply,
    union, unique, unsplit, which.max, which.min

Loading required package: S4Vectors
Loading required package: stats4

Attaching package: ‘S4Vectors’

The following objects are masked from ‘package:base’:

    expand.grid, I, unname

Loading required package: IRanges
Loading required package: XVector
Loading required package: GenomeInfoDb

Attaching package: ‘Biostrings’

The following object is masked from ‘package:base’:

    strsplit

[1] chr5...
[1] All ij contacts, where i<j...
[1] Measuring complementarity by alignment in 8 chunk/s.
[1] Sequences obtained.
Warning in rm(Arabidopsis_thaliana.TAIR10.dna.chromosome.5.fa, bin.start,  :
  object 'Arabidopsis_thaliana.TAIR10.dna.chromosome.5.fa' not found
[1] Chunk done!
[1] Sequences obtained.
Warning in rm(Arabidopsis_thaliana.TAIR10.dna.chromosome.5.fa, bin.start,  :
  object 'Arabidopsis_thaliana.TAIR10.dna.chromosome.5.fa' not found
[1] Chunk done!
[1] Sequences obtained.
Warning in rm(Arabidopsis_thaliana.TAIR10.dna.chromosome.5.fa, bin.start,  :
  object 'Arabidopsis_thaliana.TAIR10.dna.chromosome.5.fa' not found
[1] Chunk done!
[1] Sequences obtained.
Warning in rm(Arabidopsis_thaliana.TAIR10.dna.chromosome.5.fa, bin.start,  :
  object 'Arabidopsis_thaliana.TAIR10.dna.chromosome.5.fa' not found
[1] Chunk done!
[1] Sequences obtained.
Warning in rm(Arabidopsis_thaliana.TAIR10.dna.chromosome.5.fa, bin.start,  :
  object 'Arabidopsis_thaliana.TAIR10.dna.chromosome.5.fa' not found
[1] Chunk done!
[1] Sequences obtained.
Warning in rm(Arabidopsis_thaliana.TAIR10.dna.chromosome.5.fa, bin.start,  :
  object 'Arabidopsis_thaliana.TAIR10.dna.chromosome.5.fa' not found
[1] Chunk done!
[1] Sequences obtained.
Warning in rm(Arabidopsis_thaliana.TAIR10.dna.chromosome.5.fa, bin.start,  :
  object 'Arabidopsis_thaliana.TAIR10.dna.chromosome.5.fa' not found
[1] Chunk done!
[1] Sequences obtained.
Warning in rm(Arabidopsis_thaliana.TAIR10.dna.chromosome.5.fa, bin.start,  :
  object 'Arabidopsis_thaliana.TAIR10.dna.chromosome.5.fa' not found
[1] Chunk done!
Time difference of 12.21983 hours
[1] chr5 done!
[1] chr1...
[1] All ij contacts, where i<j...
[1] Measuring complementarity by alignment in 8 chunk/s.
[1] Sequences obtained.
Warning in rm(Arabidopsis_thaliana.TAIR10.dna.chromosome.1.fa, bin.start,  :
  object 'Arabidopsis_thaliana.TAIR10.dna.chromosome.1.fa' not found
[1] Chunk done!
[1] Sequences obtained.
Warning in rm(Arabidopsis_thaliana.TAIR10.dna.chromosome.1.fa, bin.start,  :
  object 'Arabidopsis_thaliana.TAIR10.dna.chromosome.1.fa' not found
[1] Chunk done!
[1] Sequences obtained.
Warning in rm(Arabidopsis_thaliana.TAIR10.dna.chromosome.1.fa, bin.start,  :
  object 'Arabidopsis_thaliana.TAIR10.dna.chromosome.1.fa' not found
[1] Chunk done!
[1] Sequences obtained.
Warning in rm(Arabidopsis_thaliana.TAIR10.dna.chromosome.1.fa, bin.start,  :
  object 'Arabidopsis_thaliana.TAIR10.dna.chromosome.1.fa' not found
[1] Chunk done!
[1] Sequences obtained.
Warning in rm(Arabidopsis_thaliana.TAIR10.dna.chromosome.1.fa, bin.start,  :
  object 'Arabidopsis_thaliana.TAIR10.dna.chromosome.1.fa' not found
[1] Chunk done!
[1] Sequences obtained.
Warning in rm(Arabidopsis_thaliana.TAIR10.dna.chromosome.1.fa, bin.start,  :
  object 'Arabidopsis_thaliana.TAIR10.dna.chromosome.1.fa' not found
[1] Chunk done!
[1] Sequences obtained.
Warning in rm(Arabidopsis_thaliana.TAIR10.dna.chromosome.1.fa, bin.start,  :
  object 'Arabidopsis_thaliana.TAIR10.dna.chromosome.1.fa' not found
[1] Chunk done!
[1] Sequences obtained.
Warning in rm(Arabidopsis_thaliana.TAIR10.dna.chromosome.1.fa, bin.start,  :
  object 'Arabidopsis_thaliana.TAIR10.dna.chromosome.1.fa' not found
[1] Chunk done!
Time difference of 15.07803 hours
[1] chr1 done!
