nohup: ignoring input
Loading required package: iterators
Loading required package: parallel
Loading required package: BiocGenerics

Attaching package: ‘BiocGenerics’

The following objects are masked from ‘package:parallel’:

    clusterApply, clusterApplyLB, clusterCall, clusterEvalQ,
    clusterExport, clusterMap, parApply, parCapply, parLapply,
    parLapplyLB, parRapply, parSapply, parSapplyLB

The following objects are masked from ‘package:stats’:

    IQR, mad, sd, var, xtabs

The following objects are masked from ‘package:base’:

    anyDuplicated, append, as.data.frame, basename, cbind, colnames,
    dirname, do.call, duplicated, eval, evalq, Filter, Find, get, grep,
    grepl, intersect, is.unsorted, lapply, Map, mapply, match, mget,
    order, paste, pmax, pmax.int, pmin, pmin.int, Position, rank,
    rbind, Reduce, rownames, sapply, setdiff, sort, table, tapply,
    union, unique, unsplit, which.max, which.min

Loading required package: S4Vectors
Loading required package: stats4

Attaching package: ‘S4Vectors’

The following objects are masked from ‘package:base’:

    expand.grid, I, unname

Loading required package: IRanges
Loading required package: XVector
Loading required package: GenomeInfoDb

Attaching package: ‘Biostrings’

The following object is masked from ‘package:base’:

    strsplit

[1] chr1...
[1] All ij contacts, where i<j...
[1] Measuring complementarity using kmers...
[1] Running with 2 cores.
[1] "HYB.MX generated!"
Time difference of 29.47323 mins
[1] chr1 done!
[1] chr2...
[1] All ij contacts, where i<j...
[1] Measuring complementarity using kmers...
[1] Running with 2 cores.
[1] "HYB.MX generated!"
Time difference of 11.28335 mins
[1] chr2 done!
[1] chr3...
[1] All ij contacts, where i<j...
[1] Measuring complementarity using kmers...
[1] Running with 2 cores.
[1] "HYB.MX generated!"
Time difference of 17.14844 mins
[1] chr3 done!
[1] chr4...
[1] All ij contacts, where i<j...
[1] Measuring complementarity using kmers...
[1] Running with 2 cores.
[1] "HYB.MX generated!"
Time difference of 9.985308 mins
[1] chr4 done!
[1] chr5...
[1] All ij contacts, where i<j...
[1] Measuring complementarity using kmers...
[1] Running with 2 cores.
[1] "HYB.MX generated!"
Time difference of 22.83767 mins
[1] chr5 done!
