Loading required package: AnnotationDbi
Loading required package: stats4
Loading required package: BiocGenerics
Loading required package: parallel

Attaching package: ‘BiocGenerics’

The following objects are masked from ‘package:parallel’:

    clusterApply, clusterApplyLB, clusterCall, clusterEvalQ,
    clusterExport, clusterMap, parApply, parCapply, parLapply,
    parLapplyLB, parRapply, parSapply, parSapplyLB

The following objects are masked from ‘package:stats’:

    IQR, mad, sd, var, xtabs

The following objects are masked from ‘package:base’:

    anyDuplicated, append, as.data.frame, basename, cbind, colnames,
    dirname, do.call, duplicated, eval, evalq, Filter, Find, get, grep,
    grepl, intersect, is.unsorted, lapply, Map, mapply, match, mget,
    order, paste, pmax, pmax.int, pmin, pmin.int, Position, rank,
    rbind, Reduce, rownames, sapply, setdiff, sort, table, tapply,
    union, unique, unsplit, which, which.max, which.min

Loading required package: Biobase
Welcome to Bioconductor

    Vignettes contain introductory material; view with
    'browseVignettes()'. To cite Bioconductor, see
    'citation("Biobase")', and for packages 'citation("pkgname")'.

Loading required package: IRanges
Loading required package: S4Vectors

Attaching package: ‘S4Vectors’

The following object is masked from ‘package:base’:

    expand.grid



Registered S3 method overwritten by 'enrichplot':
  method               from
  fortify.enrichResult DOSE
clusterProfiler v3.12.0  For help: https://guangchuangyu.github.io/software/clusterProfiler

If you use clusterProfiler in published research, please cite:
Guangchuang Yu, Li-Gen Wang, Yanyan Han, Qing-Yu He. clusterProfiler: an R package for comparing biological themes among gene clusters. OMICS: A Journal of Integrative Biology. 2012, 16(5):284-287.

Attaching package: ‘gplots’

The following object is masked from ‘package:IRanges’:

    space

The following object is masked from ‘package:S4Vectors’:

    space

The following object is masked from ‘package:stats’:

    lowess

[1] No terms for min2Mb_chr1_FC_topCP3_gapBin50_hub1.
[1] No terms for min2Mb_chr1_FC_topCP3_gapBin50_hub2.
[1] No terms for min2Mb_chr1_FC_topCP3_gapBin50_hub3.
No gene set have size > 10 ...
--> return NULL...
--> No gene can be mapped....
--> Expected input gene ID: 60481,5313,3098,8972,109703458,7360
--> return NULL...
[1] No terms for min2Mb_chr1_FC_topCP3_gapBin50_hub4.
--> No gene can be mapped....
--> Expected input gene ID: 57016,8789,441531,93432,84869,92579
--> return NULL...
[1] No terms for min2Mb_chr2_FC_topCP3_gapBin50_hub1.
[1] No terms for min2Mb_chr2_FC_topCP3_gapBin50_hub2.
[1] min2Mb_chr2_FC_topCP3_gapBin50_hub3 done!
[1] No terms for min2Mb_chr3_FC_topCP3_gapBin50_hub1.
[1] min2Mb_chr3_FC_topCP3_gapBin50_hub2 done!
[1] No terms for min2Mb_chr3_FC_topCP3_gapBin50_hub3.
No gene set have size > 10 ...
--> return NULL...
[1] No terms for min2Mb_chr4_FC_topCP3_gapBin50_hub1.
[1] min2Mb_chr4_FC_topCP3_gapBin50_hub2 done!
[1] No terms for min2Mb_chr4_FC_topCP3_gapBin50_hub3.
[1] No terms for min2Mb_chr5_FC_topCP3_gapBin50_hub1.
[1] No terms for min2Mb_chr5_FC_topCP3_gapBin50_hub2.
--> No gene can be mapped....
--> Expected input gene ID: 23205,3098,51495,2717,51181,93432
--> return NULL...
[1] min2Mb_chr5_FC_topCP3_gapBin50_hub3 done!
[1] No terms for min2Mb_chr6_FC_topCP3_gapBin50_hub1.
[1] No terms for min2Mb_chr6_FC_topCP3_gapBin50_hub2.
[1] No terms for min2Mb_chr7_FC_topCP3_gapBin50_hub1.
[1] min2Mb_chr7_FC_topCP3_gapBin50_hub2 done!
[1] No terms for min2Mb_chr8_FC_topCP3_gapBin50_hub1.
[1] No terms for min2Mb_chr9_FC_topCP3_gapBin50_hub1.
[1] No terms for min2Mb_chr10_FC_topCP3_gapBin50_hub1.
[1] min2Mb_chr11_FC_topCP3_gapBin50_hub1 done!
[1] min2Mb_chr11_FC_topCP3_gapBin50_hub2 done!
[1] min2Mb_chr11_FC_topCP3_gapBin50_hub3 done!
[1] No terms for min2Mb_chr12_FC_topCP3_gapBin50_hub1.
No gene set have size > 10 ...
--> return NULL...
[1] No terms for min2Mb_chr13_FC_topCP3_gapBin50_hub1.
[1] No terms for min2Mb_chr14_FC_topCP3_gapBin50_hub1.
[1] No hubs for min2Mb_chr15_FC_topCP3_gapBin50
[1] No terms for min2Mb_chr16_FC_topCP3_gapBin50_hub1.
[1] No hubs for min2Mb_chr17_FC_topCP3_gapBin50
[1] No terms for min2Mb_chr18_FC_topCP3_gapBin50_hub1.
No gene set have size > 10 ...
--> return NULL...
[1] No terms for min2Mb_chr18_FC_topCP3_gapBin50_hub2.
[1] min2Mb_chr19_FC_topCP3_gapBin50_hub1 done!
[1] min2Mb_chr20_FC_topCP3_gapBin50_hub1 done!
No gene set have size > 10 ...
--> return NULL...
[1] No terms for min2Mb_chr21_FC_topCP3_gapBin50_hub1.
No gene set have size > 10 ...
--> return NULL...
[1] No terms for min2Mb_chr21_FC_topCP3_gapBin50_hub2.
No gene set have size > 10 ...
--> return NULL...
[1] No terms for min2Mb_chr21_FC_topCP3_gapBin50_hub3.
--> No gene can be mapped....
--> Expected input gene ID: 51703,8789,23305,3032,5106,79799
--> return NULL...
[1] No terms for min2Mb_chr22_FC_topCP3_gapBin50_hub1.
[1] No hubs for min2Mb_chrX_FC_topCP3_gapBin50
[1] GO_BP heatmap done!
[1] GO_CC heatmap done!
[1] GO_MF heatmap done!
[1] KEGG heatmap done!
Error: unexpected ')' in "s())"
Execution halted
