Loading R-cbrg/current
  Loading requirement: gsl/2.6 hdf5/1.10.7 gdal/3.4.1 sqlite/3.37.2 proj/8.1.1
    geos/3.9.0 jags/4.3.0 java/17.0.1 cmake/3.17.2
Loading required package: lattice
Loading required package: survival
Loading required package: Formula

Attaching package: ‘Hmisc’

The following objects are masked from ‘package:base’:

    format.pval, units

Loading required package: viridisLite
[1] chr1 done!
[1] chr2 done!
[1] chr3 done!
[1] chr4 done!
[1] chr5 done!
[1] chr6 done!
[1] chr7 done!
[1] chr8 done!
[1] chr9 done!
[1] chr10 done!
[1] chr11 done!
[1] chr12 done!
[1] chr13 done!
[1] chr14 done!
[1] chr15 done!
[1] chr16 done!
[1] chr17 done!
[1] chr18 done!
[1] chr19 done!
[1] chr20 done!
[1] chr21 done!
[1] chr22 done!
[1] chrX done!
file saved to /stopgap/sahakyanlab/ltamon/DPhil/GenomicContactDynamics/14_ArcPlot/out_gapVsCp/min05Mb_bins60_cuts6_gap.bp_gapVsCp.pdf
CBB Profiling started Tue Mar  8 04:51:07 2022
SLURM_JOB_ID		3951460
REQ_CPU_CORES		1
REQ_MEMORY_GB		50.000000
Starting profiling...

                                                                                
                                                                                
                                    CPU (cores)                                 
  1.2 +---------------------------------------------------------------------+   
      |         +         +         +         +         +         +       # |   
      |                                                                   # |   
      |                                                                   # |   
    1 |*###################################################################-|   
      |####                                                                 |   
      |#                                                                    |   
      |                                                                     |   
  0.8 |-+                                                                 +-|   
      |                                                                     |   
      |                                                                     |   
  0.6 |-+                                                                 +-|   
      |                                                                     |   
      |                                                                     |   
      |                                                                     |   
  0.4 |-+                                                                 +-|   
      |                                                                     |   
      |                                                                     |   
      |                                                                     |   
  0.2 |-+                                                                 +-|   
      |                                                                     |   
      |                                                                     |   
      |         +         +         +         +         +         +         |   
    0 +---------------------------------------------------------------------+   
      0        100       200       300       400       500       600       700  
                                Job profiling step                              
                                                                                

                                                                                
                                                                                
                                   Memory (GB)                                  
  50 +----------------------------------------------------------------------+   
     |         +         +         +          +         +         +         |   
  45 |-+                                                                  +-|   
     |                                                                      |   
     |                                                                      |   
  40 |-+                                                                  +-|   
     |                                                                      |   
  35 |-+                                                                  +-|   
     |                                                                      |   
  30 |-+                                                                  +-|   
     |                                                                      |   
  25 |-+                                                                  +-|   
     |                                                                      |   
     |                       #####                                          |   
  20 |-+                    #### #                                ##      +-|   
     |                     ### # #                    ###############       |   
  15 |-+                 ### #   #          ##############       ## #######-|   
     |               #####       ############                               |   
  10 |-+           ###                                                    +-|   
     |          ####                                                        |   
     |       ####                                                           |   
   5 |-+  ####                                                            +-|   
     | ####    +         +         +          +         +         +         |   
   0 +----------------------------------------------------------------------+   
     0        100       200       300        400       500       600       700  
                               Job profiling step                               
                                                                                

                                                                                
                                                                                
                                  Data read (GB)                                
   0.3 +--------------------------------------------------------------------+   
       |         +         +         +        +         +         +         |   
       |                                                                    |   
       |    ############################################################### |   
  0.25 |-+  #                                                             +-|   
       |   ##                                                               |   
       |   #                                                                |   
       |   #                                                                |   
   0.2 |-+##                                                              +-|   
       |  #                                                                 |   
       |  #                                                                 |   
  0.15 |-##                                                               +-|   
       | #                                                                  |   
       | #                                                                  |   
       | #                                                                  |   
   0.1 |##                                                                +-|   
       |#                                                                   |   
       |#                                                                   |   
       |#                                                                   |   
  0.05 |#+                                                                +-|   
       |#                                                                   |   
       |#                                                                   |   
       |#        +         +         +        +         +         +         |   
     0 +--------------------------------------------------------------------+   
       0        100       200       300      400       500       600       700  
                                Job profiling step                              
                                                                                

                                                                                
                                                                                
                                  Data written (GB)                             
  0.018 +-------------------------------------------------------------------+   
        |         +        +         +         +         +        +         |   
        |                                                            ###### |   
  0.016 |-+                                                      #####    +-|   
        |                                                   ######          |   
  0.014 |-+                                            ######             +-|   
        |                                         ######                    |   
        |                                    ######                         |   
  0.012 |-+                              #####                            +-|   
        |                           ######                                  |   
   0.01 |-+                    ######                                     +-|   
        |                 ######                                            |   
        |            ######                                                 |   
  0.008 |-+     ######                                                    +-|   
        |     ###                                                           |   
  0.006 |-+   #                                                           +-|   
        |     #                                                             |   
        |     #                                                             |   
  0.004 |-+  ##                                                           +-|   
        |    #                                                              |   
  0.002 |-+ ##                                                            +-|   
        |  ##                                                               |   
        | ##      +        +         +         +         +        +         |   
      0 +-------------------------------------------------------------------+   
        0        100      200       300       400       500      600       700  
                                 Job profiling step                             
                                                                                
