[1] chr1 done!
[1] chr2 done!
[1] chr3 done!
[1] chr4 done!
[1] chr5 done!
[1] chr6 done!
[1] chr7 done!
[1] chr8 done!
[1] chr9 done!
[1] chr10 done!
[1] chr11 done!
[1] chr12 done!
[1] chr13 done!
[1] chr14 done!
[1] chr15 done!
[1] chr16 done!
[1] chr17 done!
[1] chr18 done!
[1] chr19 done!
[1] chr20 done!
[1] chr21 done!
[1] chr22 done!
[1] chrX done!
Warning messages:
1: chr1: Total contact bins converted not equal to total contact bins. 
2: chr7: Total contact bins converted not equal to total contact bins. 
3: chr13: Total contact bins converted not equal to total contact bins. 
4: chr15: Total contact bins converted not equal to total contact bins. 
5: chr17: Total contact bins converted not equal to total contact bins. 
[1]   324 40000
