[1] /Users/ltamon/DPhil/GenomicContactDynamics/21_Simulation/simulation_contact_maps/set3.2_heteropolymer_cp_kmer_categories/contact_map_t_200_1000_cutoff_1.5_cp_21_e_20_temp_2.5_rep1.txt...
[1] 6231 6231
max.nodiag min.nodiag       diag 
       800          0        800 
[1] 13 contacts not symmetric.
[1] Max difference in value of asymmetric contacts is 1
max.val.asy min.val.asy 
        774           2 
[1] /Users/ltamon/DPhil/GenomicContactDynamics/21_Simulation/simulation_contact_maps/set3.2_heteropolymer_cp_kmer_categories/contact_map_t_200_1000_cutoff_1.5_cp_21_e_20_temp_2.5_rep2.txt...
[1] 6231 6231
max.nodiag min.nodiag       diag 
       800          0        800 
[1] 6 contacts not symmetric.
[1] Max difference in value of asymmetric contacts is 1
max.val.asy min.val.asy 
        770         131 
[1] /Users/ltamon/DPhil/GenomicContactDynamics/21_Simulation/simulation_contact_maps/set3.2_heteropolymer_cp_kmer_categories/contact_map_t_200_1000_cutoff_1.5_cp_21_e_20_temp_2.5_rep3.txt...
[1] 6231 6231
max.nodiag min.nodiag       diag 
       800          0        800 
[1] Symmetric.
[1] /Users/ltamon/DPhil/GenomicContactDynamics/21_Simulation/simulation_contact_maps/set4.2_heteropolymer_kmer_categories/contact_map_t_200_1000_cutoff_1.5_temp_2.5_rep1.txt...
[1] 6231 6231
max.nodiag min.nodiag       diag 
       788          0        800 
[1] 16 contacts not symmetric.
[1] Max difference in value of asymmetric contacts is 1
max.val.asy min.val.asy 
        767           0 
[1] /Users/ltamon/DPhil/GenomicContactDynamics/21_Simulation/simulation_contact_maps/set4.2_heteropolymer_kmer_categories/contact_map_t_200_1000_cutoff_1.5_temp_2.5_rep2.txt...
[1] 6231 6231
max.nodiag min.nodiag       diag 
       788          0        800 
[1] 3 contacts not symmetric.
[1] Max difference in value of asymmetric contacts is 1
max.val.asy min.val.asy 
        754           0 
[1] /Users/ltamon/DPhil/GenomicContactDynamics/21_Simulation/simulation_contact_maps/set4.2_heteropolymer_kmer_categories/contact_map_t_200_1000_cutoff_1.5_temp_2.5_rep3.txt...
[1] 6231 6231
max.nodiag min.nodiag       diag 
       790          0        800 
[1] 4 contacts not symmetric.
[1] Max difference in value of asymmetric contacts is 1
max.val.asy min.val.asy 
        767           0 
null device 
          1 
