Warning message:
In RColorBrewer::brewer.pal(n = fle.v.len, name = "Set1") :
  n too large, allowed maximum for palette Set1 is 9
Returning the palette you asked for with that many colors

[1] interacting_arms: set1_homopolymer_combined_contact_map_cutoff_1.0_all.matrix...
[1] 6231 6231
max.nodiag min.nodiag       diag 
       954          0       1099 
[1] 5 contacts not symmetric.
[1] Max difference in value of asymmetric contacts is 1
max.val.asy min.val.asy 
        906         889 
[1] interacting_arms: set1_homopolymer_combined_contact_map_cutoff_1.5_all.matrix...
[1] 6231 6231
max.nodiag min.nodiag       diag 
      1099          0       1099 
[1] 7 contacts not symmetric.
[1] Max difference in value of asymmetric contacts is 1
max.val.asy min.val.asy 
       1099           0 
[1] interacting_arms: set1_homopolymer_combined_contact_map_cutoff_2.0_all.matrix...
[1] 6231 6231
max.nodiag min.nodiag       diag 
      1099          0       1099 
[1] 24 contacts not symmetric.
[1] Max difference in value of asymmetric contacts is 1
max.val.asy min.val.asy 
       1099           0 
[1] interacting_arms: set1_homopolymer_combined_contact_map_cutoff_3.0_all.matrix...
[1] 6231 6231
max.nodiag min.nodiag       diag 
      1099          0       1099 
[1] 15 contacts not symmetric.
[1] Max difference in value of asymmetric contacts is 1
max.val.asy min.val.asy 
       1099           1 
[1] interacting_arms: set2_heteropolymer_only_cp_combined_contact_map_cutoff_1.0_all.matrix...
[1] 6231 6231
max.nodiag min.nodiag       diag 
      1099          0       1099 
[1] Symmetric.
[1] interacting_arms: set2_heteropolymer_only_cp_combined_contact_map_cutoff_1.5_all.matrix...
[1] 6231 6231
max.nodiag min.nodiag       diag 
      1099          0       1099 
[1] 6 contacts not symmetric.
[1] Max difference in value of asymmetric contacts is 1
max.val.asy min.val.asy 
       1099           9 
[1] interacting_arms: set2_heteropolymer_only_cp_combined_contact_map_cutoff_2.0_all.matrix...
[1] 6231 6231
max.nodiag min.nodiag       diag 
      1099          0       1099 
[1] 14 contacts not symmetric.
[1] Max difference in value of asymmetric contacts is 1
max.val.asy min.val.asy 
       1099           0 
[1] interacting_arms: set2_heteropolymer_only_cp_combined_contact_map_cutoff_3.0_all.matrix...
[1] 6231 6231
max.nodiag min.nodiag       diag 
      1099          0       1099 
[1] 48 contacts not symmetric.
[1] Max difference in value of asymmetric contacts is 1
max.val.asy min.val.asy 
       1099           0 
[1] interacting_arms: set3.2_heteropolymer_cp_cll_10_5_combined_3_4_contact_map_cutoff_1.0_all.matrix...
[1] 6231 6231
max.nodiag min.nodiag       diag 
      1124          0       1124 
[1] 9 contacts not symmetric.
[1] Max difference in value of asymmetric contacts is 1
max.val.asy min.val.asy 
       1124         197 
[1] interacting_arms: set3.2_heteropolymer_cp_cll_10_5_combined_3_4_contact_map_cutoff_1.5_all.matrix...
[1] 6231 6231
max.nodiag min.nodiag       diag 
      1124          0       1124 
[1] 38 contacts not symmetric.
[1] Max difference in value of asymmetric contacts is 1
max.val.asy min.val.asy 
       1124         157 
[1] interacting_arms: set3.2_heteropolymer_cp_cll_10_5_combined_3_4_contact_map_cutoff_2.0_all.matrix...
[1] 6231 6231
max.nodiag min.nodiag       diag 
      1124          0       1124 
[1] 18 contacts not symmetric.
[1] Max difference in value of asymmetric contacts is 1
max.val.asy min.val.asy 
       1124           3 
[1] interacting_arms: set3.2_heteropolymer_cp_cll_10_5_combined_3_4_contact_map_cutoff_3.0_all.matrix...
[1] 6231 6231
max.nodiag min.nodiag       diag 
      1124          0       1124 
[1] 239 contacts not symmetric.
[1] Max difference in value of asymmetric contacts is 1
max.val.asy min.val.asy 
       1124          13 
[1] interacting_arms: set3.2_heteropolymer_cp_cll_20_5_combined_3_4_contact_map_cutoff_1.0_all.matrix...
[1] 6231 6231
max.nodiag min.nodiag       diag 
      1121          0       1121 
[1] 4 contacts not symmetric.
[1] Max difference in value of asymmetric contacts is 1
max.val.asy min.val.asy 
        928          38 
[1] interacting_arms: set3.2_heteropolymer_cp_cll_20_5_combined_3_4_contact_map_cutoff_1.5_all.matrix...
[1] 6231 6231
max.nodiag min.nodiag       diag 
      1121          0       1121 
[1] 23 contacts not symmetric.
[1] Max difference in value of asymmetric contacts is 1
max.val.asy min.val.asy 
       1121          76 
[1] interacting_arms: set3.2_heteropolymer_cp_cll_20_5_combined_3_4_contact_map_cutoff_2.0_all.matrix...
[1] 6231 6231
max.nodiag min.nodiag       diag 
      1121          0       1121 
[1] 10 contacts not symmetric.
[1] Max difference in value of asymmetric contacts is 1
max.val.asy min.val.asy 
       1121         409 
[1] interacting_arms: set3.2_heteropolymer_cp_cll_20_5_combined_3_4_contact_map_cutoff_3.0_all.matrix...
[1] 6231 6231
max.nodiag min.nodiag       diag 
      1121          0       1121 
[1] 259 contacts not symmetric.
[1] Max difference in value of asymmetric contacts is 1
max.val.asy min.val.asy 
       1121         220 
null device 
          1 
