# Rescaled bead sizes from 122.256 to 0.15
# chromosomes: 46
# beads: 15282
# interactions: 15780
# interactions with given weight: 0
# non-bounded interactions with given distance: 0
# upper-bounded interactions with given distance: 0
# lower-bounded interactions with given distance: 0
# periphery beads: 8678
# periphery beads (with weights): 0
# center beads: 6604
# center beads (with weights): 0
0 648626
3750 358289
7500 276275
11250 236748
15000 215226
18750 191030
22500 181927
26250 175800
30000 167160
33750 161955
37500 156523
41250 151632
45000 148604
48750 146473
52500 144863
56250 141553
60000 139798
63750 137877
67500 136544
71250 135289
75000 133571
78750 132431
82500 129843
86250 128843
90000 127118
93750 125519
97500 124598
101250 123798
105000 122827
108750 121881
112500 121099
116250 119962
120000 119026
123750 118296
127500 117289
131250 116668
135000 115539
138750 114852
142500 114446
146250 113823
150000 112560
153750 111503
157500 110784
161250 110362
165000 109948
168750 109532
172500 109010
176250 108320
180000 107689
183750 107142
187500 106603
191250 106102
195000 105548
198750 105076
202500 104737
206250 103792
210000 103519
213750 103151
217500 102785
221250 102444
225000 102138
228750 101919
232500 101591
236250 101332
240000 100945
243750 100659
247500 100280
251250 99976.1
255000 99490.8
258750 99035.5
262500 98668
266250 98501.9
270000 98025.9
273750 97445.2
277500 97284
281250 97332.2
285000 96993.5
288750 96749.7
292500 96588.3
296250 96308.6
300000 96056.3
303750 95834.4
307500 95623.8
311250 95471.7
315000 95140.8
318750 94876.2
322500 94575.3
326250 94204.7
330000 93827.9
333750 93500
337500 93243.9
341250 93038.4
345000 92818.3
348750 92650.4
352500 92368.7
356250 92104.5
360000 91768.4
363750 91518.7
367500 91304.1
371250 91035.7
375000 90910
378750 90766.1
382500 90627.2
386250 90359.2
390000 90202.8
393750 90006.8
397500 89827.5
401250 89545.1
405000 89367.7
408750 89050.9
412500 88867.7
416250 88691.6
420000 88401.6
423750 88297.9
427500 88173.8
431250 88072.4
435000 87939.9
438750 87833.2
442500 87387.2
446250 87199.3
450000 87107.1
453750 87000.6
457500 86926.3
461250 86816.2
465000 86634.2
468750 86395
472500 85613.7
476250 85354
480000 85263.8
483750 85155.3
487500 85082.3
491250 84886.1
495000 84728.6
498750 84524.5
502500 84231.5
506250 84052.5
510000 83932.7
513750 83798.7
517500 83724
521250 83600.5
525000 83466.8
528750 83386.6
532500 83314.6
536250 83208
540000 83127
543750 83029
547500 82949.2
551250 82760.2
555000 82643.8
558750 82563.7
562500 82447.6
566250 82283.6
570000 82207.1
573750 82133.8
577500 82027
581250 81861.4
585000 81781.2
588750 81658.2
592500 81570.7
596250 81442.4
600000 81342.7
603750 81237.2
607500 81131.9
611250 80983.1
615000 80873.1
618750 80733.5
622500 80669.3
626250 80555.6
630000 80398
633750 80288
637500 80242.3
641250 80172.9
645000 80103.7
648750 80000.8
652500 79941.7
656250 79882.7
660000 79835
663750 79759.4
667500 79741.3
671250 79679.3
675000 79628
678750 79574.5
682500 79441.6
686250 79329.4
690000 79258.8
693750 79169.9
697500 79121.4
701250 79049.4
705000 78982.6
708750 78950.8
712500 78892.5
716250 78771.3
720000 78680.6
723750 78583.8
727500 78483.8
731250 78396.3
735000 78341.1
738750 78246
742500 78173.1
746250 78080.5
750000 78011.6
753750 77935.1
757500 77886.5
761250 77807.5
765000 77754.9
768750 77696.9
772500 77584.7
776250 77532.5
780000 77487.5
783750 77445.9
787500 77416.4
791250 77374.9
795000 77282.8
798750 77252.1
802500 77148.2
806250 77073.1
810000 76984.5
813750 76937.3
817500 76849.6
821250 76796.8
825000 76679.9
828750 76620.4
832500 76575.3
836250 76481.5
840000 76420.7
843750 76387.9
847500 76279.4
851250 76238.5
855000 76191.2
858750 76129.5
862500 76076.9
866250 76029.8
870000 75969
873750 75887.2
877500 75779.4
881250 75699.9
885000 75632.1
888750 75547.2
892500 75496.2
896250 75465.4
900000 75417.3
903750 75322.3
907500 75248.6
911250 75200.8
915000 75136.9
918750 75073.7
922500 74979.8
926250 74916.9
930000 74848.7
933750 74771.3
937500 74739.2
941250 74655.5
945000 74603.7
948750 74570.2
952500 74513.7
956250 74472.3
960000 74398.7
963750 74338.6
967500 74292.4
971250 74303
975000 74279.5
978750 74225.6
982500 74204.6
986250 74166.9
990000 73951.4
993750 73918.6
997500 73865.8
1001250 73825
1005000 73781.4
1008750 73760.7
1012500 73724.9
1016250 73692.6
1020000 73642.8
1023750 73587.5
1027500 73530.1
1031250 73497.8
1035000 73421.7
1038750 73398.8
1042500 73330.1
1046250 73286.6
1050000 73255.2
1053750 73231.1
1057500 73142.3
1061250 73075.5
1065000 73008.2
1068750 72987.8
1072500 72943.3
1076250 72888.4
1080000 72832
1083750 72791.5
1087500 72703.5
1091250 72668.5
1095000 72647.7
1098750 72569.5
1102500 72505.5
1106250 72505.5
1110000 72474.9
1113750 72417.1
1117500 72349.5
1121250 72329.8
1125000 72274.4
1128750 72250.6
1132500 72241.5
1136250 72205.1
1140000 72122.6
1143750 72091.1
1147500 72085.8
1151250 72028
1155000 71993.8
1158750 71901.7
1162500 71848.1
1166250 71805.9
1170000 71779.3
1173750 71759.3
1177500 71729.1
1181250 71682.3
1185000 71655.4
1188750 71591.6
1192500 71563.9
1196250 71500.4
1200000 71376.1
1203750 71328.9
1207500 71280.2
1211250 71228.2
1215000 71179.6
1218750 71123.6
1222500 71098.7
1226250 71052.9
1230000 71041.4
1233750 71007.2
1237500 70950
1241250 70926.1
1245000 70805.6
1248750 70763.8
1252500 70758.8
1256250 70737
1260000 70638.2
1263750 70612.2
1267500 70566.6
1271250 70523.6
1275000 70502.5
1278750 70449.7
1282500 70408.4
1286250 70341
1290000 70316.8
1293750 70276.4
1297500 70243.3
1301250 70198.6
1305000 70144.8
1308750 70125.9
1312500 70094.1
1316250 70052.6
1320000 70042.3
1323750 70017.4
1327500 69981.4
1331250 69966.8
1335000 69928.4
1338750 69905.4
1342500 69876.8
1346250 69813.9
1350000 69758.1
1353750 69744
1357500 69730.1
1361250 69697.1
1365000 69681.1
1368750 69645.8
1372500 69596.9
1376250 69573.5
1380000 69535.9
1383750 69498.3
1387500 69463.3
1391250 69415.9
1395000 69396.9
1398750 69376.6
1402500 69335.8
1406250 69310.3
1410000 69306.5
1413750 69261.2
1417500 69195.1
1421250 69166.6
1425000 69142.8
1428750 69111.4
1432500 69056.4
1436250 69044.3
1440000 68997.6
1443750 68969
1447500 68918.1
1451250 68895.1
1455000 68812.3
1458750 68756.9
1462500 68717.3
1466250 68707.9
1470000 68665.3
1473750 68625.4
1477500 68596.8
1481250 68567.8
1485000 68541.5
1488750 68504.2
1492500 68496.4
1496250 68489
1500000 68459.5
1503750 68418.1
1507500 68385.7
1511250 68337.6
1515000 68304.2
1518750 68276.8
1522500 68264.3
1526250 68238.5
1530000 68216.9
1533750 68207
1537500 68193.8
1541250 68175.7
1545000 68157.9
1548750 68130.2
1552500 68080.1
1556250 68027.5
1560000 67995.2
1563750 67948.1
1567500 67919.2
1571250 67895.6
1575000 67889.7
1578750 67844.5
1582500 67796.2
1586250 67755.6
1590000 67699.8
1593750 67671.9
1597500 67642.4
1601250 67640.8
1605000 67615
1608750 67568.3
1612500 67543.4
1616250 67482.9
1620000 67458.2
1623750 67428.6
1627500 67409.2
1631250 67377.2
1635000 67324.9
1638750 67284.9
1642500 67253.7
1646250 67241.7
1650000 67229.6
1653750 67217.2
1657500 67199.2
1661250 67164.9
1665000 67141.7
1668750 67099.9
1672500 67090.3
1676250 67074.2
1680000 67054.3
1683750 67053.2
1687500 67032.3
1691250 67016.1
1695000 66972.7
1698750 66967.2
1702500 66935.6
1706250 66897
1710000 66856
1713750 66869.4
1717500 66815
1721250 66809.5
1725000 66780.9
1728750 66761
1732500 66724.6
1736250 66713.4
1740000 66711.4
1743750 66696.8
1747500 66678.2
1751250 66670.5
1755000 66629.9
1758750 66570.1
1762500 66561
1766250 66528.9
1770000 66494.8
1773750 66494.2
1777500 66471.3
1781250 66448.4
1785000 66400.9
1788750 66382.4
1792500 66335.7
1796250 66253.7
1800000 66223
1803750 66195
1807500 66170.6
1811250 66147.6
1815000 66104.9
1818750 66104.9
1822500 66083.1
1826250 66053
1830000 66052.4
1833750 66060.4
1837500 66009
1841250 65977.7
1845000 65953.2
1848750 65930.8
1852500 65927.9
1856250 65890.9
1860000 65865
1863750 65843.4
1867500 65819.5
1871250 65789.6
1875000 65781.9
1878750 65769.2
1882500 65731.3
1886250 65673.7
1890000 65626.3
1893750 65604.8
1897500 65582
1901250 65570.6
1905000 65536.7
1908750 65525.3
1912500 65492.9
1916250 65473.5
1920000 65451
1923750 65439.9
1927500 65424.3
1931250 65389.5
1935000 65383.9
1938750 65376.5
1942500 65378
1946250 65353.5
1950000 65329
1953750 65302.2
1957500 65281.9
1961250 65248.6
1965000 65235.3
1968750 65232
1972500 65223.7
1976250 65226.4
1980000 65202.7
1983750 65174.1
1987500 65140.8
1991250 65115.6
1995000 65112
1998750 65089.1
2002500 65058.7
2006250 65054.6
2010000 65037
2013750 65022.2
2017500 65025.5
2021250 65020
2025000 64961.6
2028750 64940.3
2032500 64941.4
2036250 64915.3
2040000 64924.6
2043750 64906.7
2047500 64884
2051250 64870.1
2055000 64856.9
2058750 64835.9
2062500 64828.4
2066250 64814.2
2070000 64764.7
2073750 64756.3
2077500 64735.7
2081250 64711.4
2085000 64682.9
2088750 64665.5
2092500 64645.4
2096250 64640.6
2100000 64621.4
2103750 64596.4
2107500 64576
2111250 64554.3
2115000 64538.8
2118750 64531.3
2122500 64508.6
2126250 64491.3
2130000 64477
2133750 64482.3
2137500 64468.4
2141250 64452.8
2145000 64424.9
2148750 64418.3
2152500 64419
2156250 64388.2
2160000 64376.8
2163750 64373.3
2167500 64355
2171250 64337.4
2175000 64292.6
2178750 64270.3
2182500 64258.8
2186250 64259.6
2190000 64242
2193750 64201.6
2197500 64159.6
2201250 64130.1
2205000 64106.7
2208750 64095.6
2212500 64072.5
2216250 64053.2
2220000 64052.2
2223750 64021.5
2227500 64005.9
2231250 63970.2
2235000 63960.7
2238750 63938.3
2242500 63910
2246250 63906.7
2250000 63902.3
2253750 63888
2257500 63878
2261250 63871
2265000 63848.9
2268750 63835.1
2272500 63832.9
2276250 63810.7
2280000 63761.3
2283750 63752.5
2287500 63735.3
2291250 63703.2
2295000 63692.9
2298750 63671.9
2302500 63652.5
2306250 63670.4
2310000 63671
2313750 63654.3
2317500 63630.8
2321250 63613.7
2325000 63607
2328750 63592.4
2332500 63538.9
2336250 63539
2340000 63503.4
2343750 63477.9
2347500 63481.1
2351250 63460.3
2355000 63444.8
2358750 63446.5
2362500 63408.3
2366250 63400.6
2370000 63355.9
2373750 63354.7
2377500 63331.4
2381250 63323.1
2385000 63319
2388750 63287.2
2392500 63277.4
2396250 63276.7
2400000 63268.1
2403750 63256.2
2407500 63241.3
2411250 63225
2415000 63224.2
2418750 63204.3
2422500 63199.4
2426250 63192.4
2430000 63184.3
2433750 63181.3
2437500 63165.8
2441250 63136.3
2445000 63131.5
2448750 63118.8
2452500 63118.3
2456250 63089.9
2460000 63082.8
2463750 63054.6
2467500 63023.5
2471250 63008.5
2475000 62981.2
2478750 62954.3
2482500 62937.7
2486250 62915.8
2490000 62897.4
2493750 62877.7
2497500 62837.1
2501250 62836.6
2505000 62818.4
2508750 62791.3
2512500 62777.8
2516250 62770.2
2520000 62759.2
2523750 62731.9
2527500 62712.7
2531250 62726.5
2535000 62718.7
2538750 62706.9
2542500 62696.4
2546250 62691.9
2550000 62685.8
2553750 62670
2557500 62644.5
2561250 62632.5
2565000 62625.6
2568750 62619.5
2572500 62574.8
2576250 62549.8
2580000 62543.4
2583750 62534.9
2587500 62525.1
2591250 62523.6
2595000 62511
2598750 62525.8
2602500 62503.5
2606250 62524.7
2610000 62505.4
2613750 62493.4
2617500 62478.2
2621250 62478.8
2625000 62446.5
2628750 62445.4
2632500 62441.6
2636250 62434.8
2640000 62423.9
2643750 62385.8
2647500 62362.8
2651250 62346.5
2655000 62345.7
2658750 62327.6
2662500 62306.1
2666250 62302.6
2670000 62270
2673750 62260.4
2677500 62255.5
2681250 62226.9
2685000 62207.8
2688750 62195.1
2692500 62199.1
2696250 62194.7
2700000 62169
2703750 62144.6
2707500 62128.5
2711250 62122
2715000 62093.1
2718750 62075.5
2722500 62070.3
2726250 62052.2
2730000 62032
2733750 62015.3
2737500 62004.6
2741250 62000.6
2745000 61994.7
2748750 61980
2752500 61973.4
2756250 61966.6
2760000 61937.2
2763750 61910.6
2767500 61903.7
2771250 61904.2
2775000 61899.2
2778750 61887
2782500 61879.7
2786250 61858.3
2790000 61858.4
2793750 61863
2797500 61834.8
2801250 61835.2
2805000 61824.7
2808750 61784.3
2812500 61761.1
2816250 61763.1
2820000 61763.4
2823750 61757.2
2827500 61746.1
2831250 61748.8
2835000 61727.1
2838750 61707.6
2842500 61705
2846250 61697.1
2850000 61694.5
2853750 61685.4
2857500 61660.7
2861250 61643
2865000 61627.8
2868750 61611.9
2872500 61596.1
2876250 61610.4
2880000 61597.1
2883750 61585.4
2887500 61574.1
2891250 61559.2
2895000 61568.7
2898750 61570
2902500 61552.6
2906250 61551.6
2910000 61539.1
2913750 61528.7
2917500 61521
2921250 61489.8
2925000 61468.9
2928750 61470.5
2932500 61452
2936250 61448.5
2940000 61439.5
2943750 61434.5
2947500 61413.1
2951250 61390.5
2955000 61389.6
2958750 61373.8
2962500 61362.1
2966250 61367.3
2970000 61364.3
2973750 61351.6
2977500 61334.4
2981250 61326.4
2985000 61316
2988750 61305.9
2992500 61305.7
2996250 61300.6
3000000 61298
