# Rescaled bead sizes from 61.128 to 0.15
# chromosomes: 23
# beads: 7641
# interactions: 7890
# interactions with given weight: 0
# non-bounded interactions with given distance: 0
# upper-bounded interactions with given distance: 0
# lower-bounded interactions with given distance: 0
# periphery beads: 4339
# periphery beads (with weights): 0
# center beads: 3302
# center beads (with weights): 0
0 460835
3750 204966
7500 175864
11250 149065
15000 138605
18750 131212
22500 127502
26250 119184
30000 116799
33750 113654
37500 111966
41250 110071
45000 108541
48750 106669
52500 104737
56250 103536
60000 102539
63750 101061
67500 100219
71250 99681.9
75000 99091.7
78750 97818.4
82500 97164.2
86250 96344.5
90000 95743.3
93750 94929.2
97500 94506.1
101250 93673.4
105000 92558.7
108750 92219.3
112500 91570.2
116250 90620
120000 89711.5
123750 89122.2
127500 88782.8
131250 87460.5
135000 86959.3
138750 86741.3
142500 86484.9
146250 86254.1
150000 85825.5
153750 85387
157500 85030
161250 84568.9
165000 84174.9
168750 83989.9
172500 83715
176250 83454.9
180000 83187
183750 82886.6
187500 82640.8
191250 82385.2
195000 82068.1
198750 81805.7
202500 81612.2
206250 81332.6
210000 81028.7
213750 80701.8
217500 80450.7
221250 80290.8
225000 80050.4
228750 79108.9
232500 78901.6
236250 78801.9
240000 78609.3
243750 77478.1
247500 76276.6
251250 75608.9
255000 74714.7
258750 74409.9
262500 73887.5
266250 73325
270000 73003
273750 72768.8
277500 72264.7
281250 71977
285000 71650.1
288750 71264
292500 71105.5
296250 70974.2
300000 70794.5
303750 70389.7
307500 70174.6
311250 69926
315000 69756
318750 69604.4
322500 69333.8
326250 69169.4
330000 68992.7
333750 68705.5
337500 68564.9
341250 68411.9
345000 68260
348750 67995.8
352500 67924.8
356250 67751.7
360000 67433.5
363750 67263.9
367500 67026.5
371250 66396.1
375000 66205.1
378750 66064.4
382500 65809.9
386250 65731.3
390000 65661.7
393750 65505.4
397500 65412.1
401250 65270.6
405000 65135.7
408750 64922
412500 64839.7
416250 64597.6
420000 64482.4
423750 64329.8
427500 64281.6
431250 64042.2
435000 63925.3
438750 63738.3
442500 63599.1
446250 63387.3
450000 63175.2
453750 63066
457500 62928.2
461250 62832.8
465000 62667
468750 62558
472500 62467.1
476250 62123.2
480000 62045.3
483750 61915.7
487500 61675.1
491250 61376.2
495000 61203.2
498750 60987
502500 60879.4
506250 60804.1
510000 60680.7
513750 60536.1
517500 60390.6
521250 60343.6
525000 60285.8
528750 60188
532500 60098.1
536250 60007.8
540000 59934.6
543750 59813.1
547500 59810.7
551250 59719.9
555000 59685.9
558750 59498.8
562500 59453.8
566250 59343.7
570000 59276.3
573750 59171.9
577500 59063.8
581250 59002.5
585000 58921.7
588750 58799.1
592500 58759.4
596250 58679.2
600000 58614.5
603750 58568.9
607500 58388.5
611250 58289.6
615000 58177.3
618750 58057.1
622500 57922.1
626250 57845.9
630000 57768.6
633750 57706.4
637500 57631.2
641250 57578.6
645000 57431.4
648750 57338.3
652500 57229.9
656250 57173.7
660000 57081.7
663750 57064.9
667500 57024.9
671250 56958.5
675000 56900.5
678750 56858.3
682500 56794.6
686250 56748.2
690000 56624.9
693750 56605.6
697500 56530.7
701250 56453.8
705000 56339.4
708750 56309.9
712500 56160.6
716250 56122.4
720000 55972.4
723750 55860
727500 55828.7
731250 55761.7
735000 55723.2
738750 55704.4
742500 55634.9
746250 55458.1
750000 55409.3
753750 55353.5
757500 55331.8
761250 55226.2
765000 55187.2
768750 55157.9
772500 55102.2
776250 55035.4
780000 54999.4
783750 54922.8
787500 54865.8
791250 54832.5
795000 54801.6
798750 54748.5
802500 54633.6
806250 54610.7
810000 54578.3
813750 54536.5
817500 54488
821250 54416.2
825000 54341.3
828750 54313
832500 54243.2
836250 54166.4
840000 54134.9
843750 54066.7
847500 53483.2
851250 53423.9
855000 53358.8
858750 53333.6
862500 53200.1
866250 53135.4
870000 53109.4
873750 52859.5
877500 52837.8
881250 52813.3
885000 52761.9
888750 52658.7
892500 52610.5
896250 52598.7
900000 52580.2
903750 52529.3
907500 52533.2
911250 52498.9
915000 52471.1
918750 52451.2
922500 52416.1
926250 52407.2
930000 52370.4
933750 52256.2
937500 52209.3
941250 52184
945000 52100.2
948750 52038.5
952500 52038.1
956250 52011.1
960000 51988.2
963750 51948.5
967500 51941.5
971250 51922.1
975000 51887.7
978750 51851.2
982500 51820.8
986250 51806.5
990000 51764.9
993750 51735.9
997500 51700.9
1001250 51692.6
1005000 51663.8
1008750 51621.7
1012500 51576.1
1016250 51581.8
1020000 51545.3
1023750 51538.8
1027500 51540.8
1031250 51500.6
1035000 51477.1
1038750 51467.2
1042500 51406.8
1046250 51355.3
1050000 51339.3
1053750 51313.4
1057500 51241.3
1061250 51203.3
1065000 51139.9
1068750 51111.4
1072500 51067.8
1076250 51007.3
1080000 50985.6
1083750 50961
1087500 50885.6
1091250 50884
1095000 50856.1
1098750 50814.3
1102500 50780.4
1106250 50749.2
1110000 50737.2
1113750 50707.2
1117500 50656.5
1121250 50600.8
1125000 50590.8
1128750 50553.9
1132500 50369.4
1136250 50331.2
1140000 50278.6
1143750 50243.9
1147500 50085.5
1151250 50038.8
1155000 49979.1
1158750 49961.6
1162500 49946.5
1166250 49938.7
1170000 49881.4
1173750 49873.6
1177500 49797.7
1181250 49774.6
1185000 49743.2
1188750 49728.3
1192500 49672.1
1196250 49641
1200000 49622.2
1203750 49611.9
1207500 49578.5
1211250 49499.6
1215000 49443.1
1218750 49398.5
1222500 49378.9
1226250 49361.1
1230000 49334.3
1233750 49297.1
1237500 49300.8
1241250 49248.6
1245000 49200.4
1248750 49170.3
1252500 49108.2
1256250 49096.2
1260000 49062.6
1263750 49037
1267500 48992.7
1271250 48981.4
1275000 48964
1278750 48913.8
1282500 48897.2
1286250 48885.8
1290000 48855.8
1293750 48780
1297500 48774.3
1301250 48752.1
1305000 48702.2
1308750 48660.8
1312500 48591.8
1316250 48574.5
1320000 48504.8
1323750 48490.7
1327500 48456.6
1331250 48441.1
1335000 48437.1
1338750 48313.7
1342500 48294.9
1346250 48230.8
1350000 48220.7
1353750 48205.2
1357500 48178.3
1361250 48178.8
1365000 48153.3
1368750 48093.8
1372500 47878.6
1376250 47847.7
1380000 47811.6
1383750 47776.2
1387500 47751.3
1391250 47730.1
1395000 47645
1398750 47595.6
1402500 47570.1
1406250 47559.3
1410000 47563.4
1413750 47501.2
1417500 47480.6
1421250 47469.5
1425000 47451.2
1428750 47425
1432500 47412.1
1436250 47397.4
1440000 47401.3
1443750 47364.4
1447500 47330.5
1451250 47292.8
1455000 47261.5
1458750 47215.8
1462500 47203.4
1466250 47142
1470000 47113.1
1473750 47091.9
1477500 47081.9
1481250 47024.5
1485000 46994.9
1488750 46986.9
1492500 46950.2
1496250 46884.3
1500000 46854.5
1503750 46842.1
1507500 46794.5
1511250 46778.6
1515000 46748.5
1518750 46735.1
1522500 46706.9
1526250 46647.2
1530000 46627.5
1533750 46609.1
1537500 46567.7
1541250 46496.6
1545000 46473.1
1548750 46458.9
1552500 46417.9
1556250 46402
1560000 46312.6
1563750 46289.9
1567500 46242.6
1571250 46186
1575000 46133.1
1578750 46100.1
1582500 46072.3
1586250 46060.6
1590000 46058.8
1593750 45980
1597500 45985.6
1601250 45975.7
1605000 45940.9
1608750 45918.6
1612500 45908.1
1616250 45882.4
1620000 45862.2
1623750 45847.3
1627500 45812.6
1631250 45746.4
1635000 45735.3
1638750 45712.3
1642500 45698.7
1646250 45685
1650000 45636.2
1653750 45620
1657500 45627.8
1661250 45631.5
1665000 45597.8
1668750 45564.5
1672500 45516.7
1676250 45494.2
1680000 45455.8
1683750 45396.6
1687500 45359.9
1691250 45332.3
1695000 45322.2
1698750 45291.8
1702500 45263.3
1706250 45262.2
1710000 45251.5
1713750 45232.3
1717500 45217.4
1721250 45212.2
1725000 45189.4
1728750 45165.7
1732500 45110.1
1736250 45097.4
1740000 45094.4
1743750 45053.1
1747500 45050.4
1751250 45047.3
1755000 45034.5
1758750 45022.7
1762500 44958.2
1766250 44933.2
1770000 44890
1773750 44856.3
1777500 44832.4
1781250 44822
1785000 44766.7
1788750 44757.9
1792500 44786
1796250 44749.4
1800000 44705.5
1803750 44662.5
1807500 44644.4
1811250 44611.9
1815000 44596.6
1818750 44565.1
1822500 44555.8
1826250 44523
1830000 44524.1
1833750 44498.6
1837500 44491.4
1841250 44490.5
1845000 44477.6
1848750 44465.6
1852500 44447.1
1856250 44409.4
1860000 44395.8
1863750 44389.9
1867500 44368.3
1871250 44357.7
1875000 44328.8
1878750 44300.2
1882500 44283.2
1886250 44283.8
1890000 44282.1
1893750 44282.4
1897500 44270.3
1901250 44267.6
1905000 44265.1
1908750 44253.4
1912500 44221
1916250 44210.4
1920000 44191
1923750 44035.5
1927500 44031.1
1931250 44034.1
1935000 44026.9
1938750 44009.6
1942500 43957.8
1946250 43950.3
1950000 43939
1953750 43921.8
1957500 43914.1
1961250 43910.7
1965000 43899.9
1968750 43893
1972500 43879.2
1976250 43887.3
1980000 43875.8
1983750 43863.7
1987500 43844.4
1991250 43832.1
1995000 43795.3
1998750 43792.4
2002500 43782.7
2006250 43785.3
2010000 43753.1
2013750 43713.8
2017500 43706.4
2021250 43677
2025000 43663.1
2028750 43661.2
2032500 43633.7
2036250 43630.9
2040000 43625.2
2043750 43566.7
2047500 43560.6
2051250 43541.5
2055000 43511.3
2058750 43499.1
2062500 43473.6
2066250 43452.9
2070000 43455.3
2073750 43446.3
2077500 43394.6
2081250 43320.3
2085000 43317
2088750 43299.3
2092500 43305.7
2096250 43286.6
2100000 43268.6
2103750 43246.3
2107500 43210.3
2111250 43190.2
2115000 43166.8
2118750 43153.9
2122500 43157.4
2126250 43150.7
2130000 43122.7
2133750 43111.9
2137500 43097.8
2141250 43062.1
2145000 43045
2148750 43019.8
2152500 43028.7
2156250 43031.8
2160000 43029
2163750 42998.1
2167500 42977.8
2171250 42977.9
2175000 42962.1
2178750 42936.9
2182500 42919.1
2186250 42904
2190000 42890.9
2193750 42886.3
2197500 42874.4
2201250 42840.4
2205000 42826.1
2208750 42829.8
2212500 42815.5
2216250 42798.3
2220000 42782.3
2223750 42774.1
2227500 42741.3
2231250 42707.7
2235000 42708.3
2238750 42715.1
2242500 42715.9
2246250 42667.4
2250000 42656.9
2253750 42648
2257500 42614.6
2261250 42576.2
2265000 42513.7
2268750 42509.8
2272500 42496.4
2276250 42433.8
2280000 42387.6
2283750 42347.5
2287500 42328.6
2291250 42315.1
2295000 42298.7
2298750 42276.4
2302500 42261
2306250 42258
2310000 42262.8
2313750 42248.8
2317500 42197.1
2321250 42178.3
2325000 42151
2328750 42142.9
2332500 42133.9
2336250 42142.6
2340000 42125.8
2343750 42110.2
2347500 42092.6
2351250 42104.3
2355000 42094.9
2358750 42091.1
2362500 42088.4
2366250 42051
2370000 42042.5
2373750 42023.2
2377500 42019.5
2381250 41968.9
2385000 41947
2388750 41922.7
2392500 41898.1
2396250 41878.7
2400000 41874
2403750 41865.1
2407500 41842.9
2411250 41836.4
2415000 41824.1
2418750 41807.7
2422500 41787
2426250 41763.5
2430000 41761.6
2433750 41759.1
2437500 41743.7
2441250 41741.6
2445000 41741.3
2448750 41739
2452500 41733.9
2456250 41701.6
2460000 41685
2463750 41671.6
2467500 41667.9
2471250 41677.8
2475000 41657.9
2478750 41636.6
2482500 41626.3
2486250 41601.2
2490000 41572.2
2493750 41571
2497500 41558.6
2501250 41527
2505000 41522.6
2508750 41498.1
2512500 41498.6
2516250 41509.8
2520000 41534.4
2523750 41498.9
2527500 41486.5
2531250 41474.2
2535000 41440.6
2538750 41440.5
2542500 41427
2546250 41428.8
2550000 41442.6
2553750 41430.7
2557500 41419.8
2561250 41395.7
2565000 41372.4
2568750 41360.1
2572500 41339.9
2576250 41338.4
2580000 41314.5
2583750 41294.2
2587500 41283
2591250 41282.4
2595000 41273.2
2598750 41246
2602500 41248.8
2606250 41246.4
2610000 41252.9
2613750 41230.3
2617500 41215.9
2621250 41203.7
2625000 41205.6
2628750 41185.6
2632500 41166.1
2636250 41179.3
2640000 41170.8
2643750 41153.9
2647500 41163.5
2651250 41157.3
2655000 41159
2658750 41138.1
2662500 41135.5
2666250 41140.6
2670000 41144.6
2673750 41128.6
2677500 41109.8
2681250 41117
2685000 41106
2688750 41103.2
2692500 41088.8
2696250 41060.9
2700000 41037.4
2703750 41029.4
2707500 41014.5
2711250 41006.3
2715000 40996.2
2718750 41009.3
2722500 40994.1
2726250 40981.9
2730000 40977.4
2733750 40975.7
2737500 40974.6
2741250 40963.5
2745000 40919.9
2748750 40921.4
2752500 40911.2
2756250 40862.4
2760000 40866.9
2763750 40864.1
2767500 40861
2771250 40843.9
2775000 40843
2778750 40825.7
2782500 40830
2786250 40825
2790000 40819.6
2793750 40812.2
2797500 40803
2801250 40784.3
2805000 40764.6
2808750 40774.5
2812500 40753.4
2816250 40758.3
2820000 40710
2823750 40706.4
2827500 40704.1
2831250 40695.2
2835000 40654.1
2838750 40630.1
2842500 40631.5
2846250 40618.8
2850000 40607.4
2853750 40605.4
2857500 40576.5
2861250 40580.3
2865000 40553.6
2868750 40554.3
2872500 40552.9
2876250 40549.6
2880000 40557.6
2883750 40552.4
2887500 40538
2891250 40525.6
2895000 40514.5
2898750 40501.2
2902500 40504.2
2906250 40509.4
2910000 40511.1
2913750 40491.6
2917500 40489.8
2921250 40476.5
2925000 40470.8
2928750 40478.8
2932500 40470.1
2936250 40463.3
2940000 40469.4
2943750 40469
2947500 40453.4
2951250 40455
2955000 40446.3
2958750 40404.2
2962500 40404.3
2966250 40378.5
2970000 40380.2
2973750 40346.9
2977500 40313.2
2981250 40312.9
2985000 40309
2988750 40310.8
2992500 40294.6
2996250 40293
3000000 40303
