[1] hg19_CGI_m_DNA done!
[1] hg19_CGI_um_DNA done!
[1] hg19_G-quadruplex_greq19_DNA done!
[1] hg19_GRB_canFam3_binned_kurtosis_arl_370_0.7_pc_30_kb_windows done!
[1] hg19_GRB_galGal4_binned_kurtosis_arl_370_0.7_pc_30_kb_windows done!
[1] hg19_GRB_gorGor3_binned_kurtosis_arl_370_0.7_pc_30_kb_windows done!
[1] hg19_GRB_lepOcu1_binned_kurtosis_arl_370_0.7_pc_30_kb_windows done!
[1] hg19_GRB_monDom5_binned_kurtosis_arl_370_0.7_pc_30_kb_windows done!
[1] hg19_GRB_rheMac3_binned_kurtosis_arl_370_0.7_pc_30_kb_windows done!
[1] hg19_genes_LTr_DNA done!
[1] hg19_centromere_DNA done!
[1] hg19_huCNE_LepOcu1_70pc_30col_noncoding done!
[1] hg19_huCNE_LepOcu1_80pc_30col_noncoding done!
[1] hg19_huCNE_LepOcu1_96.6pc_30col_noncoding done!
[1] hg19_huCNE_canFam3_100pc_50col_noncoding done!
[1] hg19_huCNE_canFam3_96pc_50col_noncoding done!
[1] hg19_huCNE_galGal4_80pc_50col_noncoding done!
[1] hg19_huCNE_galGal4_90pc_50col_noncoding done!
[1] hg19_huCNE_galGal4_98pc_50col_noncoding done!
[1] hg19_huCNE_gorGor3_100pc_400col_noncoding done!
[1] hg19_huCNE_gorGor3_100pc_500col_noncoding done!
[1] hg19_huCNE_monDom5_100pc_50col_noncoding done!
[1] hg19_huCNE_monDom5_80pc_50col_noncoding done!
[1] hg19_huCNE_monDom5_96pc_50col_noncoding done!
[1] hg19_huCNE_rheMac3_100pc_150col_noncoding done!
[1] hg19_huCNE_rheMac3_99.3pc_150col_noncoding done!
[1] hg19_repeat_repeat done!
[1] ESC_DNase.hotspot.fdr0.01_br_broadPeak done!
[1] ESC_DNase.hotspot_br_broadPeak done!
[1] ESC_H2A.Z_br_broadPeak done!
[1] ESC_H2AK5ac_br_broadPeak done!
[1] ESC_H2BK120ac_br_broadPeak done!
[1] ESC_H2BK12ac_br_broadPeak done!
[1] ESC_H2BK15ac_br_broadPeak done!
[1] ESC_H2BK20ac_br_broadPeak done!
[1] ESC_H2BK5ac_br_broadPeak done!
[1] ESC_H3K14ac_br_broadPeak done!
[1] ESC_H3K18ac_br_broadPeak done!
[1] ESC_H3K23ac_br_broadPeak done!
[1] ESC_H3K23me2_br_broadPeak done!
[1] ESC_H3K27ac_br_broadPeak done!
[1] ESC_H3K27me3_br_broadPeak done!
[1] ESC_H3K36me3_br_broadPeak done!
[1] ESC_H3K4ac_br_broadPeak done!
[1] ESC_H3K4me1_br_broadPeak done!
[1] ESC_H3K4me2_br_broadPeak done!
[1] ESC_H3K4me3_br_broadPeak done!
[1] ESC_H3K56ac_br_broadPeak done!
[1] ESC_H3K79me1_br_broadPeak done!
[1] ESC_H3K79me2_br_broadPeak done!
[1] ESC_H3K9ac_br_broadPeak done!
[1] ESC_H3K9me3_br_broadPeak done!
[1] ESC_H4K20me1_br_broadPeak done!
[1] ESC_H4K5ac_br_broadPeak done!
[1] ESC_H4K8ac_br_broadPeak done!
[1] ESC_H4K91ac_br_broadPeak done!
[1] FC_DNase.hotspot.fdr0.01_br_broadPeak done!
[1] FC_DNase.hotspot_br_broadPeak done!
[1] FC_H2A.Z_br_broadPeak done!
[1] FC_H2AK5ac_br_broadPeak done!
[1] FC_H2AK9ac_br_broadPeak done!
[1] FC_H2BK120ac_br_broadPeak done!
[1] FC_H2BK12ac_br_broadPeak done!
[1] FC_H2BK15ac_br_broadPeak done!
[1] FC_H2BK20ac_br_broadPeak done!
[1] FC_H2BK5ac_br_broadPeak done!
[1] FC_H3K14ac_br_broadPeak done!
[1] FC_H3K18ac_br_broadPeak done!
[1] FC_H3K23ac_br_broadPeak done!
[1] FC_H3K27ac_br_broadPeak done!
[1] FC_H3K27me3_br_broadPeak done!
[1] FC_H3K36me3_br_broadPeak done!
[1] FC_H3K4ac_br_broadPeak done!
[1] FC_H3K4me1_br_broadPeak done!
[1] FC_H3K4me2_br_broadPeak done!
[1] FC_H3K4me3_br_broadPeak done!
[1] FC_H3K56ac_br_broadPeak done!
[1] FC_H3K79me1_br_broadPeak done!
[1] FC_H3K79me2_br_broadPeak done!
[1] FC_H3K9ac_br_broadPeak done!
[1] FC_H3K9me1_br_broadPeak done!
[1] FC_H3K9me3_br_broadPeak done!
[1] FC_H4K20me1_br_broadPeak done!
[1] FC_H4K5ac_br_broadPeak done!
[1] FC_H4K8ac_br_broadPeak done!
[1] FC_H4K91ac_br_broadPeak done!
[1] LC_H2A.Z_br_broadPeak done!
[1] LC_H3K27ac_br_broadPeak done!
[1] LC_H3K27me3_br_broadPeak done!
[1] LC_H3K36me3_br_broadPeak done!
[1] LC_H3K4me1_br_broadPeak done!
[1] LC_H3K4me2_br_broadPeak done!
[1] LC_H3K4me3_br_broadPeak done!
[1] LC_H3K79me2_br_broadPeak done!
[1] LC_H3K9ac_br_broadPeak done!
[1] LC_H3K9me3_br_broadPeak done!
[1] LC_H4K20me1_br_broadPeak done!
[1] ESC_DNase.hotspot.all_na_narrowPeak done!
[1] ESC_DNase.hotspot.fdr0.01_na_narrowPeak done!
[1] ESC_DNase.macs2_na_narrowPeak done!
[1] ESC_H2A.Z_na_narrowPeak done!
[1] ESC_H2AK5ac_na_narrowPeak done!
[1] ESC_H2BK120ac_na_narrowPeak done!
[1] ESC_H2BK12ac_na_narrowPeak done!
[1] ESC_H2BK15ac_na_narrowPeak done!
[1] ESC_H2BK20ac_na_narrowPeak done!
[1] ESC_H2BK5ac_na_narrowPeak done!
[1] ESC_H3K14ac_na_narrowPeak done!
[1] ESC_H3K18ac_na_narrowPeak done!
[1] ESC_H3K23ac_na_narrowPeak done!
[1] ESC_H3K23me2_na_narrowPeak done!
[1] ESC_H3K27ac_na_narrowPeak done!
[1] ESC_H3K27me3_na_narrowPeak done!
[1] ESC_H3K36me3_na_narrowPeak done!
[1] ESC_H3K4ac_na_narrowPeak done!
[1] ESC_H3K4me1_na_narrowPeak done!
[1] ESC_H3K4me2_na_narrowPeak done!
[1] ESC_H3K4me3_na_narrowPeak done!
[1] ESC_H3K56ac_na_narrowPeak done!
[1] ESC_H3K79me1_na_narrowPeak done!
[1] ESC_H3K79me2_na_narrowPeak done!
[1] ESC_H3K9ac_na_narrowPeak done!
[1] ESC_H3K9me3_na_narrowPeak done!
[1] ESC_H4K20me1_na_narrowPeak done!
[1] ESC_H4K5ac_na_narrowPeak done!
[1] ESC_H4K8ac_na_narrowPeak done!
[1] ESC_H4K91ac_na_narrowPeak done!
[1] FC_DNase.hotspot.all_na_narrowPeak done!
[1] FC_DNase.hotspot.fdr0.01_na_narrowPeak done!
[1] FC_DNase.macs2_na_narrowPeak done!
[1] FC_H2A.Z_na_narrowPeak done!
[1] FC_H2AK5ac_na_narrowPeak done!
[1] FC_H2AK9ac_na_narrowPeak done!
[1] FC_H2BK120ac_na_narrowPeak done!
[1] FC_H2BK12ac_na_narrowPeak done!
[1] FC_H2BK15ac_na_narrowPeak done!
[1] FC_H2BK20ac_na_narrowPeak done!
[1] FC_H2BK5ac_na_narrowPeak done!
[1] FC_H3K14ac_na_narrowPeak done!
[1] FC_H3K18ac_na_narrowPeak done!
[1] FC_H3K23ac_na_narrowPeak done!
[1] FC_H3K27ac_na_narrowPeak done!
[1] FC_H3K27me3_na_narrowPeak done!
[1] FC_H3K36me3_na_narrowPeak done!
[1] FC_H3K4ac_na_narrowPeak done!
[1] FC_H3K4me1_na_narrowPeak done!
[1] FC_H3K4me2_na_narrowPeak done!
[1] FC_H3K4me3_na_narrowPeak done!
[1] FC_H3K56ac_na_narrowPeak done!
[1] FC_H3K79me1_na_narrowPeak done!
[1] FC_H3K79me2_na_narrowPeak done!
[1] FC_H3K9ac_na_narrowPeak done!
[1] FC_H3K9me1_na_narrowPeak done!
[1] FC_H3K9me3_na_narrowPeak done!
[1] FC_H4K20me1_na_narrowPeak done!
[1] FC_H4K5ac_na_narrowPeak done!
[1] FC_H4K8ac_na_narrowPeak done!
[1] FC_H4K91ac_na_narrowPeak done!
[1] LC_DNase.macs2_na_narrowPeak done!
[1] LC_H2A.Z_na_narrowPeak done!
[1] LC_H3K27ac_na_narrowPeak done!
[1] LC_H3K27me3_na_narrowPeak done!
[1] LC_H3K36me3_na_narrowPeak done!
[1] LC_H3K4me1_na_narrowPeak done!
[1] LC_H3K4me2_na_narrowPeak done!
[1] LC_H3K4me3_na_narrowPeak done!
[1] LC_H3K79me2_na_narrowPeak done!
[1] LC_H3K9ac_na_narrowPeak done!
[1] LC_H3K9me3_na_narrowPeak done!
[1] LC_H4K20me1_na_narrowPeak done!
[1] ESC_ASH2L_TF done!
[1] ESC_ATF2_TF done!
[1] ESC_ATF3_TF done!
[1] ESC_BACH1_TF done!
[1] ESC_BCL11A_TF done!
[1] ESC_BRCA1_TF done!
[1] ESC_CBX5_TF done!
[1] ESC_CBX8_TF done!
[1] ESC_CEBPB_TF done!
[1] ESC_CHD1_TF done!
[1] ESC_CHD2_TF done!
[1] ESC_CHD7_TF done!
[1] ESC_CTBP2_TF done!
[1] ESC_CTCF_TF done!
[1] ESC_EGR1_TF done!
[1] ESC_EP300_TF done!
[1] ESC_EZH2_TF done!
[1] ESC_FOSL1_TF done!
[1] ESC_GABPA_TF done!
[1] ESC_GTF2F1_TF done!
[1] ESC_HDAC2_TF done!
[1] ESC_HDAC6_TF done!
[1] ESC_JUND_TF done!
[1] ESC_JUN_TF done!
[1] ESC_KDM1A_TF done!
[1] ESC_KDM4A_TF done!
[1] ESC_KDM5A_TF done!
[1] ESC_LMNB1_TF done!
[1] ESC_MAFK_TF done!
[1] ESC_MXI1_TF done!
[1] ESC_MYC_TF done!
[1] ESC_NANOG_TF done!
[1] ESC_NRF1_TF done!
[1] ESC_PHF8_TF done!
[1] ESC_POLR2A_TF done!
[1] ESC_POLR2AphosphoS5_TF done!
[1] ESC_POU5F1_TF done!
[1] ESC_RAD21_TF done!
[1] ESC_RBBP5_TF done!
[1] ESC_REST_TF done!
[1] ESC_RFX5_TF done!
[1] ESC_RXRA_TF done!
[1] ESC_SAP30_TF done!
[1] ESC_SIN3A_TF done!
[1] ESC_SIRT6_TF done!
[1] ESC_SIX5_TF done!
[1] ESC_SP1_TF done!
[1] ESC_SP2_TF done!
[1] ESC_SP4_TF done!
[1] ESC_SRF_TF done!
[1] ESC_SUZ12_TF done!
[1] ESC_TAF1_TF done!
[1] ESC_TAF7_TF done!
[1] ESC_TBP_TF done!
[1] ESC_TCF12_TF done!
[1] ESC_TEAD4_TF done!
[1] ESC_USF1_TF done!
[1] ESC_USF2_TF done!
[1] ESC_YY1_TF done!
[1] ESC_ZNF143_TF done!
[1] FC_BHLHE40_TF done!
[1] FC_CEBPB_TF done!
[1] FC_CHD1_TF done!
[1] FC_CTCF_TF done!
[1] FC_ELK1_TF done!
[1] FC_FOS_TF done!
[1] FC_LMNB1_TF done!
[1] FC_MAFK_TF done!
[1] FC_MAZ_TF done!
[1] FC_NFE2L2_TF done!
[1] FC_POLR2A_TF done!
[1] FC_RAD21_TF done!
[1] FC_SMC3_TF done!
[1] FC_USF2_TF done!
[1] LC_ARID3A_TF done!
[1] LC_ARNT_TF done!
[1] LC_ASH2L_TF done!
[1] LC_ATF2_TF done!
[1] LC_ATF7_TF done!
[1] LC_BACH1_TF done!
[1] LC_BATF_TF done!
[1] LC_BCL11A_TF done!
[1] LC_BCL3_TF done!
[1] LC_BCLAF1_TF done!
[1] LC_BHLHE40_TF done!
[1] LC_BMI1_TF done!
[1] LC_BRCA1_TF done!
[1] LC_CBFB_TF done!
[1] LC_CBX3_TF done!
[1] LC_CBX5_TF done!
[1] LC_CEBPB_TF done!
[1] LC_CEBPZ_TF done!
[1] LC_CHD1_TF done!
[1] LC_CHD2_TF done!
[1] LC_CHD4_TF done!
[1] LC_CREM_TF done!
[1] LC_CTCF_TF done!
[1] LC_CUX1_TF done!
[1] LC_DPF2_TF done!
[1] LC_E2F4_TF done!
[1] LC_E2F8_TF done!
[1] LC_E4F1_TF done!
[1] LC_EBF1_TF done!
[1] LC_EED_TF done!
[1] LC_EGR1_TF done!
[1] LC_ELF1_TF done!
[1] LC_ELK1_TF done!
[1] LC_EP300_TF done!
[1] LC_ESRRA_TF done!
[1] LC_ETS1_TF done!
[1] LC_ETV6_TF done!
[1] LC_EZH2_TF done!
[1] LC_FOS_TF done!
[1] LC_FOXK2_TF done!
[1] LC_FOXM1_TF done!
[1] LC_GABPA_TF done!
[1] LC_GATAD2B_TF done!
[1] LC_HCFC1_TF done!
[1] LC_HDAC2_TF done!
[1] LC_HDAC6_TF done!
[1] LC_HDGF_TF done!
[1] LC_HSF1_TF done!
[1] LC_IKZF1_TF done!
[1] LC_IKZF2_TF done!
[1] LC_IRF3_TF done!
[1] LC_IRF4_TF done!
[1] LC_IRF5_TF done!
[1] LC_JUNB_TF done!
[1] LC_JUND_TF done!
[1] LC_KDM1A_TF done!
[1] LC_KLF5_TF done!
[1] LC_LARP7_TF done!
[1] LC_MAFK_TF done!
[1] LC_MAX_TF done!
[1] LC_MAZ_TF done!
[1] LC_MEF2A_TF done!
[1] LC_MEF2B_TF done!
[1] LC_MEF2C_TF done!
[1] LC_MLLT1_TF done!
[1] LC_MTA2_TF done!
[1] LC_MTA3_TF done!
[1] LC_MXI1_TF done!
[1] LC_MYB_TF done!
[1] LC_MYC_TF done!
[1] LC_NBN_TF done!
[1] LC_NFATC1_TF done!
[1] LC_NFATC3_TF done!
[1] LC_NFIC_TF done!
[1] LC_NFXL1_TF done!
[1] LC_NFYA_TF done!
[1] LC_NFYB_TF done!
[1] LC_NKRF_TF done!
[1] LC_NR2C1_TF done!
[1] LC_NR2C2_TF done!
[1] LC_NR2F1_TF done!
[1] LC_NRF1_TF done!
[1] LC_PAX5_TF done!
[1] LC_PAX8_TF done!
[1] LC_PBX3_TF done!
[1] LC_PKNOX1_TF done!
[1] LC_PML_TF done!
[1] LC_POLR2A_TF done!
[1] LC_POLR2AphosphoS2_TF done!
[1] LC_POLR2AphosphoS5_TF done!
[1] LC_POLR3G_TF done!
[1] LC_POU2F2_TF done!
[1] LC_RAD21_TF done!
[1] LC_RAD51_TF done!
[1] LC_RB1_TF done!
[1] LC_RBBP5_TF done!
[1] LC_RCOR1_TF done!
[1] LC_RELA_TF done!
[1] LC_RELB_TF done!
[1] LC_REST_TF done!
[1] LC_RFX5_TF done!
[1] LC_RUNX3_TF done!
[1] LC_RXRA_TF done!
[1] LC_SIN3A_TF done!
[1] LC_SIX5_TF done!
[1] LC_SKIL_TF done!
[1] LC_SMAD1_TF done!
[1] LC_SMAD5_TF done!
[1] LC_SMARCA5_TF done!
[1] LC_SMC3_TF done!
[1] LC_SP1_TF done!
[1] LC_SPI1_TF done!
[1] LC_SRF_TF done!
[1] LC_STAT1_TF done!
[1] LC_STAT3_TF done!
[1] LC_STAT5A_TF done!
[1] LC_SUZ12_TF done!
[1] LC_TAF1_TF done!
[1] LC_TARDBP_TF done!
[1] LC_TBL1XR1_TF done!
[1] LC_TBP_TF done!
[1] LC_TBX21_TF done!
[1] LC_TCF12_TF done!
[1] LC_TCF3_TF done!
[1] LC_TCF7_TF done!
[1] LC_TRIM22_TF done!
[1] LC_UBTF_TF done!
[1] LC_USF2_TF done!
[1] LC_WRNIP1_TF done!
[1] LC_YBX1_TF done!
[1] LC_YY1_TF done!
[1] LC_ZBED1_TF done!
[1] LC_ZBTB33_TF done!
[1] LC_ZBTB40_TF done!
[1] LC_ZFP36_TF done!
[1] LC_ZNF143_TF done!
[1] LC_ZNF207_TF done!
[1] LC_ZNF217_TF done!
[1] LC_ZNF24_TF done!
[1] LC_ZNF384_TF done!
[1] LC_ZNF592_TF done!
[1] LC_ZNF622_TF done!
[1] LC_ZNF687_TF done!
[1] LC_ZSCAN29_TF done!
[1] LC_ZZZ3_TF done!
[1] hg19_TOP2B_TF_MCF7 done!
[1] AG_A_compartment done!
[1] AG_B_compartment done!
[1] Ao_A_compartment done!
[1] Ao_B_compartment done!
[1] Bl_A_compartment done!
[1] Bl_B_compartment done!
[1] Co_A_compartment done!
[1] Co_B_compartment done!
[1] ESC_A_compartment done!
[1] ESC_B_compartment done!
[1] FC_A_compartment done!
[1] FC_B_compartment done!
[1] Hi_A_compartment done!
[1] Hi_B_compartment done!
[1] LC_A_compartment done!
[1] LC_B_compartment done!
[1] LV_A_compartment done!
[1] LV_B_compartment done!
[1] Li_A_compartment done!
[1] Li_B_compartment done!
[1] Lu_A_compartment done!
[1] Lu_B_compartment done!
[1] MSC_A_compartment done!
[1] MSC_B_compartment done!
[1] MesC_A_compartment done!
[1] MesC_B_compartment done!
[1] NPC_A_compartment done!
[1] NPC_B_compartment done!
[1] Ov_A_compartment done!
[1] Ov_B_compartment done!
[1] PM_A_compartment done!
[1] PM_B_compartment done!
[1] Pa_A_compartment done!
[1] Pa_B_compartment done!
[1] RV_A_compartment done!
[1] RV_B_compartment done!
[1] SB_A_compartment done!
[1] SB_B_compartment done!
[1] Sp_A_compartment done!
[1] Sp_B_compartment done!
[1] TLC_A_compartment done!
[1] TLC_B_compartment done!
[1] FC_A1_subcompPred_IMR90 done!
[1] FC_A2_subcompPred_IMR90 done!
[1] FC_B1_subcompPred_IMR90 done!
[1] FC_B2_subcompPred_IMR90 done!
[1] FC_B3_subcompPred_IMR90 done!
[1] LC_A1_subcompPred_GM12878 done!
[1] LC_A2_subcompPred_GM12878 done!
[1] LC_B1_subcompPred_GM12878 done!
[1] LC_B2_subcompPred_GM12878 done!
[1] LC_B3_subcompPred_GM12878 done!
[1] hg19_A1_subcompPred_HAP1 done!
[1] hg19_A1_subcompPred_HMEC done!
[1] hg19_A1_subcompPred_HSPC done!
[1] hg19_A1_subcompPred_HUVEC done!
[1] hg19_A1_subcompPred_HeLa done!
[1] hg19_A1_subcompPred_K562 done!
[1] hg19_A1_subcompPred_TCell done!
[1] hg19_A2_subcompPred_HAP1 done!
[1] hg19_A2_subcompPred_HMEC done!
[1] hg19_A2_subcompPred_HSPC done!
[1] hg19_A2_subcompPred_HUVEC done!
[1] hg19_A2_subcompPred_HeLa done!
[1] hg19_A2_subcompPred_K562 done!
[1] hg19_A2_subcompPred_TCell done!
[1] hg19_B1_subcompPred_HAP1 done!
[1] hg19_B1_subcompPred_HMEC done!
[1] hg19_B1_subcompPred_HSPC done!
[1] hg19_B1_subcompPred_HUVEC done!
[1] hg19_B1_subcompPred_HeLa done!
[1] hg19_B1_subcompPred_K562 done!
[1] hg19_B1_subcompPred_TCell done!
[1] hg19_B2_subcompPred_HAP1 done!
[1] hg19_B2_subcompPred_HMEC done!
[1] hg19_B2_subcompPred_HSPC done!
[1] hg19_B2_subcompPred_HUVEC done!
[1] hg19_B2_subcompPred_HeLa done!
[1] hg19_B2_subcompPred_K562 done!
[1] hg19_B2_subcompPred_TCell done!
[1] hg19_B3_subcompPred_HAP1 done!
[1] hg19_B3_subcompPred_HMEC done!
[1] hg19_B3_subcompPred_HSPC done!
[1] hg19_B3_subcompPred_HUVEC done!
[1] hg19_B3_subcompPred_HeLa done!
[1] hg19_B3_subcompPred_K562 done!
[1] hg19_B3_subcompPred_TCell done!
[1] LC_A1_scompRaob37 done!
[1] LC_A2_scompRaob37 done!
[1] LC_B1_scompRaob37 done!
[1] LC_B2_scompRaob37 done!
[1] LC_B3_scompRaob37 done!
[1] LC_B4_scompRaob37 done!
[1] % number of A regions overlapping plot done!
[1] % number of B regions overlapping plot done!
[1] total length of intersection plot done!
[1] % intersection relative to A plot done!
[1] % intersection relative to B plot done!
[1] mean distance A from B plot done!
