# Rescaled bead sizes from 60.368 to 0.15
# chromosomes: 46
# beads: 7546
# interactions: 3528
# interactions with given weight: 0
# non-bounded interactions with given distance: 0
# upper-bounded interactions with given distance: 0
# lower-bounded interactions with given distance: 0
# periphery beads: 3118
# periphery beads (with weights): 0
# center beads: 4428
# center beads (with weights): 0
0 119944
3750 71239.7
7500 60342.5
11250 55715.8
15000 52616
18750 49664.1
22500 48130.8
26250 46411.4
30000 45296.8
33750 44225.8
37500 43092.3
41250 42326.8
45000 41601
48750 40966.1
52500 40293.9
56250 39626.6
60000 39094.1
63750 38611.8
67500 38057.2
71250 37456.4
75000 37050.1
78750 36746.1
82500 36314.2
86250 36071.8
90000 35719.5
93750 35520.2
97500 34969
101250 34668.7
105000 34354.2
108750 34093.2
112500 33861.3
116250 33682
120000 33425.5
123750 33208.1
127500 33034.9
131250 32846.1
135000 32599
138750 32343.2
142500 32148.1
146250 32017.7
150000 31841.4
153750 31716.3
157500 31590.8
161250 31430.8
165000 31255.2
168750 31122.6
172500 31018
176250 30912.6
180000 30781.7
183750 30622.8
187500 30473.9
191250 30378.9
195000 30251.7
198750 30163
202500 30009.7
206250 29934.6
210000 29882.3
213750 29783.8
217500 29666.7
221250 29610.6
225000 29497.7
228750 29427.9
232500 29278.5
236250 29212.6
240000 29139.4
243750 29063.1
247500 28997.1
251250 28926.1
255000 28855.7
258750 28788.4
262500 28708.3
266250 28637.6
270000 28574.9
273750 28534
277500 28444.8
281250 28375.7
285000 28323.3
288750 28255.6
292500 28199.3
296250 28124.3
300000 28042.7
303750 27976.3
307500 27910.8
311250 27857.8
315000 27817.9
318750 27761.2
322500 27714.1
326250 27653.7
330000 27595
333750 27532.8
337500 27466.2
341250 27388.3
345000 27315.4
348750 27254.8
352500 27196.1
356250 27147.8
360000 27108.3
363750 27056.7
367500 27002.2
371250 26972.7
375000 26940.9
378750 26868.8
382500 26783.2
386250 26725.5
390000 26663.8
393750 26624.2
397500 26581
401250 26552.4
405000 26491.6
408750 26450
412500 26395.4
416250 26358.2
420000 26302.1
423750 26246.7
427500 26213.4
431250 26180.4
435000 26128.2
438750 26089.2
442500 26038.6
446250 26020.7
450000 25987.4
453750 25954
457500 25921.3
461250 25877
465000 25842.7
468750 25785.7
472500 25754.9
476250 25720.3
480000 25684.4
483750 25631.1
487500 25581.3
491250 25540.8
495000 25506.1
498750 25476.5
502500 25455.4
506250 25418
510000 25397.7
513750 25335.5
517500 25270.2
521250 25253.2
525000 25209
528750 25201.7
532500 25184.3
536250 25159.9
540000 25129.2
543750 25086.6
547500 25069.7
551250 25053.9
555000 25013
558750 24966
562500 24950.8
566250 24923.3
570000 24903.9
573750 24871.6
577500 24838
581250 24810.6
585000 24784.3
588750 24767.1
592500 24743.1
596250 24716.3
600000 24683.6
603750 24647.9
607500 24617.4
611250 24596.4
615000 24551.5
618750 24531.4
622500 24515.9
626250 24489.1
630000 24472.9
633750 24426
637500 24413.3
641250 24378.4
645000 24366.3
648750 24338.7
652500 24309.2
656250 24273.7
660000 24247.2
663750 24229.5
667500 24200
671250 24170.2
675000 24150.3
678750 24136.5
682500 24114.4
686250 24066.7
690000 24039.8
693750 24001.4
697500 23988.3
701250 23953.1
705000 23923.7
708750 23887.9
712500 23863.2
716250 23846
720000 23824.1
723750 23805.3
727500 23795
731250 23778.4
735000 23749.1
738750 23719.4
742500 23695.4
746250 23683.4
750000 23652.7
753750 23638.6
757500 23615.8
761250 23593
765000 23569.9
768750 23550.1
772500 23531.7
776250 23509.9
780000 23480.3
783750 23458.4
787500 23428.9
791250 23400.6
795000 23374.8
798750 23341.3
802500 23325.7
806250 23310.4
810000 23295.4
813750 23275.5
817500 23253.1
821250 23227.6
825000 23203.3
828750 23177.4
832500 23167.3
836250 23135.9
840000 23133.1
843750 23122.3
847500 23115.9
851250 23097.7
855000 23084.7
858750 23055.5
862500 23027
866250 23014.1
870000 22996.4
873750 22985
877500 22967.3
881250 22945.9
885000 22918.5
888750 22910.5
892500 22904.5
896250 22881.4
900000 22871.6
903750 22844.8
907500 22846.9
911250 22826.6
915000 22795
918750 22777.7
922500 22760.2
926250 22737.8
930000 22724.9
933750 22705.6
937500 22684.6
941250 22665
945000 22655
948750 22627.4
952500 22606.3
956250 22591.8
960000 22559.9
963750 22569.2
967500 22558.1
971250 22531.3
975000 22514.3
978750 22508.8
982500 22499
986250 22489.8
990000 22482.3
993750 22464.4
997500 22445
1001250 22433.3
1005000 22424.1
1008750 22411
1012500 22400.5
1016250 22375.3
1020000 22368.8
1023750 22351
1027500 22334
1031250 22309.7
1035000 22290.1
1038750 22277.5
1042500 22268.1
1046250 22251.9
1050000 22237.1
1053750 22232.7
1057500 22217.2
1061250 22188.9
1065000 22183.3
1068750 22170.7
1072500 22146.8
1076250 22135.1
1080000 22123.8
1083750 22106.2
1087500 22117.6
1091250 22101.2
1095000 22084.7
1098750 22072
1102500 22065.3
1106250 22033
1110000 22017.3
1113750 21995.8
1117500 21982.2
1121250 21973.3
1125000 21952
1128750 21943.8
1132500 21934.6
1136250 21924.1
1140000 21891.2
1143750 21891.2
1147500 21883.5
1151250 21861
1155000 21852.3
1158750 21844.3
1162500 21822.7
1166250 21803.5
1170000 21798.9
1173750 21780.3
1177500 21771.4
1181250 21772.8
1185000 21756.6
1188750 21741.2
1192500 21733.6
1196250 21716
1200000 21709.3
1203750 21683.5
1207500 21686.3
1211250 21672.7
1215000 21658.1
1218750 21647.4
1222500 21642.8
1226250 21635.5
1230000 21615.7
1233750 21604.7
1237500 21604.8
1241250 21593.9
1245000 21595.2
1248750 21576.3
1252500 21570.1
1256250 21552.7
1260000 21546.1
1263750 21541
1267500 21522.8
1271250 21511.3
1275000 21511.3
1278750 21494.7
1282500 21482.2
1286250 21482.5
1290000 21454.8
1293750 21427.2
1297500 21417.6
1301250 21417.2
1305000 21388.4
1308750 21395.7
1312500 21377.2
1316250 21372.8
1320000 21359.4
1323750 21349.5
1327500 21353.2
1331250 21354.9
1335000 21341.9
1338750 21342
1342500 21328.8
1346250 21324.6
1350000 21307.2
1353750 21287.4
1357500 21271.1
1361250 21269.2
1365000 21257.6
1368750 21244.4
1372500 21240.3
1376250 21221.5
1380000 21213.6
1383750 21198.9
1387500 21176.9
1391250 21174.2
1395000 21158
1398750 21148.4
1402500 21141.3
1406250 21124.9
1410000 21108.6
1413750 21096.6
1417500 21087.5
1421250 21091.1
1425000 21076.9
1428750 21075.3
1432500 21053.5
1436250 21049.6
1440000 21050
1443750 21037.8
1447500 21024.2
1451250 21019.3
1455000 21000.8
1458750 21000.8
1462500 20997.8
1466250 20984.4
1470000 20982.7
1473750 20984
1477500 20971
1481250 20962.7
1485000 20955.2
1488750 20950.9
1492500 20937.3
1496250 20925.3
1500000 20910.6
1503750 20913.5
1507500 20889.9
1511250 20877.8
1515000 20873.1
1518750 20863.4
1522500 20852.1
1526250 20849.6
1530000 20837.4
1533750 20823.7
1537500 20813.6
1541250 20796.4
1545000 20797.9
1548750 20794.6
1552500 20782.8
1556250 20782.9
1560000 20779.8
1563750 20764.4
1567500 20757.6
1571250 20752.2
1575000 20751.1
1578750 20724.4
1582500 20701.1
1586250 20703
1590000 20696.1
1593750 20701.1
1597500 20690.1
1601250 20675.8
1605000 20676.7
1608750 20682.2
1612500 20683.5
1616250 20677.3
1620000 20673.1
1623750 20680.9
1627500 20674.9
1631250 20673.3
1635000 20656
1638750 20656.9
1642500 20652.7
1646250 20639.8
1650000 20632.7
1653750 20634.8
1657500 20634.6
1661250 20632.7
1665000 20624
1668750 20623.3
1672500 20610.7
1676250 20615.8
1680000 20604.8
1683750 20590.1
1687500 20583.4
1691250 20575.8
1695000 20570.8
1698750 20573
1702500 20566.7
1706250 20562.6
1710000 20546.9
1713750 20549.2
1717500 20529.4
1721250 20521.6
1725000 20499.3
1728750 20485.4
1732500 20488.1
1736250 20487.3
1740000 20483.7
1743750 20458.5
1747500 20459.9
1751250 20448.4
1755000 20442.1
1758750 20432.9
1762500 20434.5
1766250 20442
1770000 20439.8
1773750 20447.1
1777500 20438
1781250 20420.1
1785000 20399.3
1788750 20404.5
1792500 20396
1796250 20384.5
1800000 20375.1
1803750 20381.4
1807500 20365.2
1811250 20370.9
1815000 20374.4
1818750 20359.7
1822500 20345.7
1826250 20330.8
1830000 20339.7
1833750 20331.1
1837500 20332.8
1841250 20325.3
1845000 20328.3
1848750 20344.9
1852500 20318.3
1856250 20328.3
1860000 20328.5
1863750 20317.7
1867500 20310.5
1871250 20294.2
1875000 20274.6
1878750 20283.9
1882500 20291.6
1886250 20290
1890000 20282.3
1893750 20276.8
1897500 20274.8
1901250 20262.9
1905000 20251.8
1908750 20237.9
1912500 20225.1
1916250 20212.3
1920000 20214.1
1923750 20196.2
1927500 20196.4
1931250 20191.4
1935000 20181.4
1938750 20192.4
1942500 20187.6
1946250 20174
1950000 20166.5
1953750 20159.4
1957500 20173.4
1961250 20171.3
1965000 20165.2
1968750 20171.2
1972500 20167.4
1976250 20167.6
1980000 20160.9
1983750 20156.4
1987500 20151.3
1991250 20150
1995000 20140.5
1998750 20140.2
2002500 20141.1
2006250 20134.4
2010000 20127.1
2013750 20105.7
2017500 20103.6
2021250 20107
2025000 20104.4
2028750 20102.9
2032500 20094.9
2036250 20098.8
2040000 20093.3
2043750 20089.1
2047500 20073.7
2051250 20067
2055000 20068
2058750 20068.7
2062500 20050.3
2066250 20047.7
2070000 20044.2
2073750 20045.4
2077500 20028.7
2081250 20020.6
2085000 20005.1
2088750 20009.5
2092500 20007.6
2096250 20013.8
2100000 20000.1
2103750 19990.4
2107500 19984.7
2111250 19980.1
2115000 19968.8
2118750 19970.8
2122500 19964.9
2126250 19956.8
2130000 19963.1
2133750 19956.8
2137500 19952.7
2141250 19952.7
2145000 19951.9
2148750 19947.4
2152500 19957.5
2156250 19957.4
2160000 19953.2
2163750 19948.2
2167500 19952.5
2171250 19945.2
2175000 19931.1
2178750 19927
2182500 19917.6
2186250 19908.9
2190000 19906.6
2193750 19914.2
2197500 19912.6
2201250 19902.5
2205000 19906
2208750 19915.8
2212500 19916.9
2216250 19908.4
2220000 19897
2223750 19886.7
2227500 19881.5
2231250 19877.6
2235000 19870.5
2238750 19868.1
2242500 19860.6
2246250 19858.9
2250000 19862.6
2253750 19858.1
2257500 19859.9
2261250 19850.3
2265000 19850.4
2268750 19838
2272500 19846.7
2276250 19837.6
2280000 19840
2283750 19837.5
2287500 19822.9
2291250 19810.7
2295000 19799.5
2298750 19792.1
2302500 19795.7
2306250 19788.8
2310000 19781.9
2313750 19780.5
2317500 19775.8
2321250 19777.2
2325000 19784.4
2328750 19773.9
2332500 19770
2336250 19777.6
2340000 19780.4
2343750 19764.2
2347500 19764.4
2351250 19746.5
2355000 19750.8
2358750 19744.4
2362500 19743.4
2366250 19736.7
2370000 19733
2373750 19734.1
2377500 19730
2381250 19732.8
2385000 19737.5
2388750 19734
2392500 19741.9
2396250 19723.8
2400000 19719.9
2403750 19719.9
2407500 19718.4
2411250 19714.3
2415000 19699.6
2418750 19700.5
2422500 19697.7
2426250 19694.4
2430000 19694.5
2433750 19694.7
2437500 19678.9
2441250 19681.8
2445000 19696.9
2448750 19689.5
2452500 19682.8
2456250 19680
2460000 19682.7
2463750 19681.6
2467500 19686.8
2471250 19678.3
2475000 19670.4
2478750 19652.3
2482500 19642.9
2486250 19645.8
2490000 19655
2493750 19640.3
2497500 19645.9
2501250 19639.1
2505000 19621.5
2508750 19634.9
2512500 19643.8
2516250 19637.6
2520000 19643.3
2523750 19621.4
2527500 19619.4
2531250 19622.6
2535000 19616
2538750 19623.9
2542500 19625.7
2546250 19609.3
2550000 19625.7
2553750 19627.8
2557500 19624.1
2561250 19615.9
2565000 19612
2568750 19603.8
2572500 19598.5
2576250 19595
2580000 19605
2583750 19603.3
2587500 19601
2591250 19599.5
2595000 19592.2
2598750 19581.8
2602500 19574.7
2606250 19573.4
2610000 19580
2613750 19571.3
2617500 19576.5
2621250 19575.7
2625000 19558.5
2628750 19547.1
2632500 19541.9
2636250 19542.2
2640000 19542.9
2643750 19537.6
2647500 19536.5
2651250 19530.5
2655000 19537.4
2658750 19544.2
2662500 19546.6
2666250 19544.8
2670000 19534.2
2673750 19537.5
2677500 19536.5
2681250 19539.9
2685000 19526.5
2688750 19523
2692500 19520.4
2696250 19517
2700000 19515.6
2703750 19510.7
2707500 19505.9
2711250 19497.4
2715000 19499.3
2718750 19487.6
2722500 19480
2726250 19478.8
2730000 19467.2
2733750 19465.7
2737500 19466.1
2741250 19460.3
2745000 19451.5
2748750 19459.8
2752500 19449.9
2756250 19453.8
2760000 19454.7
2763750 19452.9
2767500 19447.2
2771250 19438.4
2775000 19439
2778750 19431.4
2782500 19436.3
2786250 19432.3
2790000 19430.2
2793750 19423.4
2797500 19424
2801250 19431.8
2805000 19414.8
2808750 19409.6
2812500 19410.9
2816250 19383.5
2820000 19385.9
2823750 19386.5
2827500 19380.6
2831250 19381.6
2835000 19390.2
2838750 19390.6
2842500 19386.7
2846250 19384.3
2850000 19384.4
2853750 19388.2
2857500 19386.7
2861250 19380
2865000 19378.4
2868750 19373.8
2872500 19372.6
2876250 19370.1
2880000 19366.8
2883750 19371.8
2887500 19364.9
2891250 19361.9
2895000 19346.6
2898750 19353.5
2902500 19352.8
2906250 19352.9
2910000 19347.5
2913750 19345.2
2917500 19350.1
2921250 19341.7
2925000 19349.3
2928750 19343.8
2932500 19346.5
2936250 19336.7
2940000 19322.1
2943750 19336.6
2947500 19339
2951250 19335
2955000 19334.9
2958750 19336.7
2962500 19340.7
2966250 19336.2
2970000 19333.6
2973750 19339.2
2977500 19328.5
2981250 19320.5
2985000 19310
2988750 19301
2992500 19302.9
2996250 19295.4
3000000 19290.1
