# Rescaled bead sizes from 30.184 to 0.15
# chromosomes: 23
# beads: 3773
# interactions: 1764
# interactions with given weight: 0
# non-bounded interactions with given distance: 0
# upper-bounded interactions with given distance: 0
# lower-bounded interactions with given distance: 0
# periphery beads: 1559
# periphery beads (with weights): 0
# center beads: 2214
# center beads (with weights): 0
0 66653.5
3750 29125.5
7500 24326.6
11250 22325.4
15000 20804.9
18750 19814.2
22500 19072.9
26250 18581.3
30000 17992.4
33750 17504.4
37500 17133.1
41250 16758
45000 16473.4
48750 16187.5
52500 15926.8
56250 15736.2
60000 15440.7
63750 15238.5
67500 15097.5
71250 14947.3
75000 14752.8
78750 14603.6
82500 14488.5
86250 14402.6
90000 14291
93750 14176
97500 14054.1
101250 13942.4
105000 13867.1
108750 13802
112500 13750.6
116250 13671.7
120000 13594.9
123750 13500.4
127500 13402.8
131250 13320.2
135000 13243.3
138750 13180.7
142500 13124.2
146250 13067.7
150000 12948.2
153750 12880.7
157500 12851.3
161250 12765.7
165000 12736.2
168750 12665.4
172500 12615.5
176250 12580.3
180000 12511.6
183750 12459.2
187500 12426.1
191250 12384.6
195000 12345
198750 12281.6
202500 12249.1
206250 12203.2
210000 12166.3
213750 12137.6
217500 12128
221250 12078.8
225000 12039.1
228750 12015.1
232500 12013.4
236250 11977.3
240000 11941.1
243750 11897.7
247500 11853.7
251250 11818.3
255000 11788.2
258750 11760.8
262500 11730.3
266250 11702.4
270000 11680.1
273750 11636.8
277500 11628.4
281250 11597.1
285000 11534.8
288750 11503.4
292500 11487.6
296250 11442.1
300000 11420.3
303750 11379.3
307500 11354.6
311250 11333.5
315000 11302.9
318750 11292.3
322500 11282.9
326250 11249.9
330000 11232.1
333750 11214.2
337500 11200.9
341250 11159.1
345000 11156.1
348750 11138.6
352500 11108.7
356250 11067.3
360000 11039.7
363750 10997.6
367500 10984
371250 10958.6
375000 10937.4
378750 10929.2
382500 10915.7
386250 10887.4
390000 10881.7
393750 10867.9
397500 10843.5
401250 10847.7
405000 10841.4
408750 10801.9
412500 10774.6
416250 10739.7
420000 10712.6
423750 10713.5
427500 10706.4
431250 10685.3
435000 10665.4
438750 10654.1
442500 10636.3
446250 10625.5
450000 10597.3
453750 10562.2
457500 10543.5
461250 10526.9
465000 10503.8
468750 10498.7
472500 10492.4
476250 10487.7
480000 10476
483750 10460.2
487500 10448.7
491250 10440.6
495000 10422.3
498750 10406.7
502500 10398.5
506250 10378.6
510000 10368.9
513750 10368.5
517500 10341.2
521250 10337.3
525000 10330.5
528750 10335.7
532500 10319.4
536250 10324.9
540000 10310
543750 10299.1
547500 10288.8
551250 10274.3
555000 10263
558750 10253.1
562500 10246.7
566250 10239.4
570000 10228.6
573750 10223.4
577500 10203.6
581250 10190
585000 10193
588750 10168
592500 10154.6
596250 10161.4
600000 10156.2
603750 10149.3
607500 10141.5
611250 10127.4
615000 10133
618750 10130.2
622500 10123.6
626250 10104
630000 10096.6
633750 10083.7
637500 10074
641250 10073
645000 10060.5
648750 10051.6
652500 10052.3
656250 10037
660000 10025.1
663750 10019.2
667500 10001.4
671250 9989.98
675000 9985.33
678750 9979.34
682500 9975.54
686250 9980.7
690000 9979.47
693750 9968.55
697500 9963.13
701250 9949.35
705000 9952.65
708750 9954.55
712500 9949.3
716250 9946.84
720000 9949.57
723750 9935.24
727500 9935.86
731250 9914.68
735000 9930.24
738750 9923.09
742500 9908.24
746250 9885.85
750000 9902.04
753750 9888.43
757500 9870.01
761250 9862.01
765000 9852.39
768750 9844.98
772500 9847.44
776250 9839.35
780000 9823.55
783750 9818.15
787500 9809.51
791250 9809.85
795000 9796.45
798750 9792.04
802500 9780.22
806250 9764.78
810000 9752.87
813750 9739.07
817500 9738.14
821250 9740.52
825000 9748.94
828750 9728.91
832500 9746.82
836250 9738.81
840000 9729.67
843750 9716.84
847500 9702.97
851250 9701.33
855000 9694.04
858750 9677.42
862500 9678.32
866250 9668.68
870000 9669.49
873750 9667.86
877500 9666.62
881250 9662.85
885000 9650.56
888750 9649.89
892500 9645.17
896250 9623.26
900000 9620.07
903750 9614
907500 9594.2
911250 9587.19
915000 9582.13
918750 9588.99
922500 9581.48
926250 9568.84
930000 9566.16
933750 9541.91
937500 9541.06
941250 9536.4
945000 9535.54
948750 9535.69
952500 9529.84
956250 9522.7
960000 9517.3
963750 9519.72
967500 9527.72
971250 9525.12
975000 9507.48
978750 9512.3
982500 9498.35
986250 9488.94
990000 9475.52
993750 9475.67
997500 9460.97
1001250 9462.77
1005000 9446.38
1008750 9438.86
1012500 9429.3
1016250 9434.85
1020000 9423.79
1023750 9432.24
1027500 9414.54
1031250 9416.67
1035000 9420.5
1038750 9415.08
1042500 9417.24
1046250 9415.23
1050000 9399.47
1053750 9388.02
1057500 9392.6
1061250 9399.86
1065000 9391.28
1068750 9379.76
1072500 9380.86
1076250 9380.48
1080000 9383.33
1083750 9379.43
1087500 9378.37
1091250 9381.74
1095000 9374.53
1098750 9368.01
1102500 9370.37
1106250 9362.98
1110000 9366.32
1113750 9357.69
1117500 9352.97
1121250 9344.47
1125000 9349.3
1128750 9351.75
1132500 9329.44
1136250 9331.81
1140000 9319.43
1143750 9316.63
1147500 9315.15
1151250 9313.06
1155000 9302.97
1158750 9300.08
1162500 9297.83
1166250 9300.42
1170000 9295.88
1173750 9291.04
1177500 9281.65
1181250 9282.47
1185000 9270.16
1188750 9276.92
1192500 9263.82
1196250 9252.47
1200000 9246.28
1203750 9253.12
1207500 9246.11
1211250 9242.21
1215000 9239.21
1218750 9233.07
1222500 9235.78
1226250 9240.41
1230000 9249.09
1233750 9242.19
1237500 9242.54
1241250 9244.13
1245000 9239.24
1248750 9237.75
1252500 9227.86
1256250 9220.86
1260000 9205.61
1263750 9202.22
1267500 9200.96
1271250 9200.22
1275000 9197.62
1278750 9198.99
1282500 9204.93
1286250 9212.44
1290000 9201.54
1293750 9195.73
1297500 9187.71
1301250 9182.51
1305000 9178.44
1308750 9179.54
1312500 9184.17
1316250 9182.64
1320000 9174.48
1323750 9171.99
1327500 9178.84
1331250 9172.89
1335000 9171.26
1338750 9166.45
1342500 9167.63
1346250 9156.75
1350000 9156.05
1353750 9147.81
1357500 9146.25
1361250 9160.24
1365000 9158.33
1368750 9154.47
1372500 9147.97
1376250 9149.65
1380000 9148.53
1383750 9151.5
1387500 9155.87
1391250 9164.7
1395000 9170.5
1398750 9161.4
1402500 9156.6
1406250 9144.43
1410000 9146.85
1413750 9155.23
1417500 9139.39
1421250 9131.67
1425000 9138.47
1428750 9135.64
1432500 9134.2
1436250 9142.47
1440000 9147.41
1443750 9140.93
1447500 9132.15
1451250 9124.24
1455000 9122.16
1458750 9125.62
1462500 9126.02
1466250 9118.31
1470000 9120.31
1473750 9114.83
1477500 9126.28
1481250 9128.38
1485000 9125.65
1488750 9127.96
1492500 9129.03
1496250 9121.73
1500000 9122.3
1503750 9108.4
1507500 9108.12
1511250 9111.85
1515000 9108.44
1518750 9107.17
1522500 9087.65
1526250 9094.56
1530000 9082.35
1533750 9072.01
1537500 9079.46
1541250 9068.51
1545000 9062.59
1548750 9045.11
1552500 9038.14
1556250 9040.76
1560000 9044.68
1563750 9042.43
1567500 9040.11
1571250 9042
1575000 9027.16
1578750 9014.81
1582500 9018.1
1586250 9013.82
1590000 9024.72
1593750 9019.04
1597500 9017.26
1601250 9018.66
1605000 9017.68
1608750 9016.46
1612500 9006.83
1616250 9003.85
1620000 9008.7
1623750 9015.94
1627500 9009.25
1631250 9009.99
1635000 9005.4
1638750 8999.48
1642500 8995.83
1646250 9002.62
1650000 8995.2
1653750 8982.04
1657500 8977.39
1661250 8998.92
1665000 9007.83
1668750 8999.24
1672500 8994.73
1676250 8989.15
1680000 8997.79
1683750 8990.94
1687500 8984.07
1691250 8992.37
1695000 8985.09
1698750 8994.04
1702500 8982.31
1706250 8968.41
1710000 8963.58
1713750 8974.94
1717500 8970.75
1721250 8982.73
1725000 8990.79
1728750 8990.98
1732500 8986.47
1736250 8994.74
1740000 8985.68
1743750 8975.27
1747500 8968.7
1751250 8957.45
1755000 8954.74
1758750 8963.3
1762500 8950.85
1766250 8948.84
1770000 8951.12
1773750 8960.36
1777500 8952
1781250 8954.87
1785000 8956.82
1788750 8965.78
1792500 8958.16
1796250 8959.67
1800000 8965.45
1803750 8958.64
1807500 8962.08
1811250 8957.17
1815000 8955.33
1818750 8954.04
1822500 8956.43
1826250 8949.61
1830000 8951.13
1833750 8959.4
1837500 8951.52
1841250 8945.71
1845000 8947.45
1848750 8949.83
1852500 8948.41
1856250 8943.86
1860000 8946.1
1863750 8941.3
1867500 8933.57
1871250 8935.05
1875000 8935.32
1878750 8930.89
1882500 8926.71
1886250 8925.3
1890000 8918.14
1893750 8919.03
1897500 8918.13
1901250 8924.13
1905000 8916.25
1908750 8922.09
1912500 8914.34
1916250 8903.83
1920000 8894.91
1923750 8886.81
1927500 8890.34
1931250 8892.82
1935000 8889.79
1938750 8890.89
1942500 8892.85
1946250 8881.83
1950000 8885.88
1953750 8880.9
1957500 8873.39
1961250 8870.8
1965000 8871.48
1968750 8874.67
1972500 8886.03
1976250 8874.45
1980000 8869.14
1983750 8869.85
1987500 8867.95
1991250 8868.31
1995000 8866.16
1998750 8860.44
2002500 8856.15
2006250 8864.81
2010000 8858.41
2013750 8857.75
2017500 8859.42
2021250 8856.26
2025000 8860.9
2028750 8869.84
2032500 8867.23
2036250 8855.4
2040000 8858.66
2043750 8855.1
2047500 8852.48
2051250 8861.77
2055000 8855.37
2058750 8855.92
2062500 8856.37
2066250 8850.48
2070000 8852.44
2073750 8866.92
2077500 8865.27
2081250 8864.75
2085000 8853.48
2088750 8851.26
2092500 8835.18
2096250 8832.23
2100000 8837.7
2103750 8844.01
2107500 8838.2
2111250 8842.12
2115000 8845.21
2118750 8839.91
2122500 8847.39
2126250 8843.71
2130000 8840.9
2133750 8838.99
2137500 8823.36
2141250 8818.01
2145000 8819.24
2148750 8811.58
2152500 8810
2156250 8807.82
2160000 8805.45
2163750 8808.54
2167500 8800.75
2171250 8806.78
2175000 8802.22
2178750 8803.27
2182500 8796.52
2186250 8804.79
2190000 8812.68
2193750 8809.61
2197500 8805.81
2201250 8810.91
2205000 8810.9
2208750 8807.22
2212500 8803.25
2216250 8798.74
2220000 8805.15
2223750 8793.95
2227500 8795.24
2231250 8796.92
2235000 8804.31
2238750 8796.63
2242500 8787.26
2246250 8794.13
2250000 8789.95
2253750 8783.44
2257500 8779.76
2261250 8776.32
2265000 8777.37
2268750 8777.75
2272500 8768.54
2276250 8766.4
2280000 8763.32
2283750 8768.16
2287500 8774.32
2291250 8751.01
2295000 8766.59
2298750 8763.18
2302500 8758.43
2306250 8757.71
2310000 8762.32
2313750 8752.55
2317500 8750.43
2321250 8756.27
2325000 8745.38
2328750 8750.37
2332500 8753.93
2336250 8747.38
2340000 8753.66
2343750 8741.77
2347500 8743.29
2351250 8730.27
2355000 8723.67
2358750 8723.94
2362500 8736.74
2366250 8738.08
2370000 8735.78
2373750 8736.93
2377500 8736.96
2381250 8733.66
2385000 8727.92
2388750 8730.2
2392500 8721.88
2396250 8724.51
2400000 8720.85
2403750 8733.78
2407500 8731.54
2411250 8731.89
2415000 8736.74
2418750 8730.26
2422500 8727.91
2426250 8718.98
2430000 8726.73
2433750 8724.71
2437500 8719.37
2441250 8726.6
2445000 8712.37
2448750 8708.25
2452500 8713.76
2456250 8714.16
2460000 8711.71
2463750 8708.69
2467500 8717.02
2471250 8709.25
2475000 8703.65
2478750 8705.89
2482500 8706.75
2486250 8705.74
2490000 8703.58
2493750 8694.41
2497500 8699.5
2501250 8689.94
2505000 8683.56
2508750 8695.49
2512500 8701.89
2516250 8682.45
2520000 8668.82
2523750 8675.36
2527500 8674.65
2531250 8672.22
2535000 8675.53
2538750 8677.93
2542500 8675.08
2546250 8683.65
2550000 8683.71
2553750 8670.82
2557500 8672.94
2561250 8678.6
2565000 8672.19
2568750 8673.72
2572500 8679.08
2576250 8683.33
2580000 8676.65
2583750 8674.07
2587500 8675.56
2591250 8686.62
2595000 8688.96
2598750 8688.32
2602500 8686.26
2606250 8682.3
2610000 8673.36
2613750 8678.32
2617500 8679.81
2621250 8684.65
2625000 8684.13
2628750 8679.03
2632500 8685.89
2636250 8683.24
2640000 8682.97
2643750 8677.63
2647500 8677.73
2651250 8661.52
2655000 8667.12
2658750 8666.12
2662500 8666.01
2666250 8656.59
2670000 8656.55
2673750 8657.7
2677500 8652.77
2681250 8652.09
2685000 8660.28
2688750 8662.16
2692500 8667.32
2696250 8665.65
2700000 8659.51
2703750 8677.38
2707500 8671.93
2711250 8664.17
2715000 8662.01
2718750 8655.9
2722500 8659.14
2726250 8660.68
2730000 8661.03
2733750 8652.63
2737500 8649.75
2741250 8654.35
2745000 8655.2
2748750 8645
2752500 8637.85
2756250 8638.06
2760000 8647.92
2763750 8649.59
2767500 8657.05
2771250 8658.75
2775000 8664.1
2778750 8663.62
2782500 8654.4
2786250 8649.17
2790000 8652.89
2793750 8651.7
2797500 8648.06
2801250 8652.99
2805000 8654.82
2808750 8649.57
2812500 8644.65
2816250 8643.85
2820000 8634.3
2823750 8643.82
2827500 8638.8
2831250 8628.25
2835000 8633
2838750 8635.6
2842500 8624.81
2846250 8628.98
2850000 8637.28
2853750 8637.35
2857500 8636.86
2861250 8628.88
2865000 8625.56
2868750 8625.54
2872500 8627.27
2876250 8633.73
2880000 8634.88
2883750 8634.24
2887500 8633.43
2891250 8634.65
2895000 8627.41
2898750 8610.94
2902500 8620.23
2906250 8628.54
2910000 8616.73
2913750 8618.36
2917500 8611
2921250 8613.53
2925000 8611.66
2928750 8622.06
2932500 8615.37
2936250 8617.6
2940000 8620.54
2943750 8606.82
2947500 8606.44
2951250 8606.4
2955000 8614.77
2958750 8607.7
2962500 8619.8
2966250 8614.18
2970000 8615.64
2973750 8615.41
2977500 8622.75
2981250 8621.45
2985000 8631.34
2988750 8626.89
2992500 8629.76
2996250 8622.04
3000000 8623.65
