Loading R-cbrg/current
  Loading requirement: gsl/2.6 hdf5/1.10.7 gdal/3.4.1 sqlite/3.37.2 proj/8.1.1
    geos/3.9.0 jags/4.3.0 java/17.0.1 cmake/3.17.2

R version 4.1.2 (2021-11-01) -- "Bird Hippie"
Copyright (C) 2021 The R Foundation for Statistical Computing
Platform: x86_64-pc-linux-gnu (64-bit)

R is free software and comes with ABSOLUTELY NO WARRANTY.
You are welcome to redistribute it under certain conditions.
Type 'license()' or 'licence()' for distribution details.

  Natural language support but running in an English locale

R is a collaborative project with many contributors.
Type 'contributors()' for more information and
'citation()' on how to cite R or R packages in publications.

Type 'demo()' for some demos, 'help()' for on-line help, or
'help.start()' for an HTML browser interface to help.
Type 'q()' to quit R.

> ################################################################################
> # Identify maximum Cp of contacts linking enhancer-target pairs
> ################################################################################
> # FLAGS * FLAGS * FLAGS * FLAGS * FLAGS * FLAGS * FLAGS * FLAGS * FLAGS * FLAGS
> ### DIRECTORY STRUCTURE ########################################################
> start.time <- Sys.time()
> 
> # Set recommended global options
> 
> # Avoid left to right partial matching by $
> options(warnPartialMatchDollar=T)
> 
> # Expands warnings
> options(warn=1)
> 
> whorunsit = "LiezelCluster" # "LiezelMac", "LiezelCluster", "LiezelLinuxDesk",
> # "AlexMac", "AlexCluster"
> 
> if( !is.null(whorunsit[1]) ){
+   # This can be expanded as needed ...
+   if(whorunsit == "LiezelMac"){
+     home.dir = "/Users/ltamon"
+     wk.dir = paste0(home.dir, "/SahakyanLab/GenomicContactDynamics/21_")
+     os = "Mac"
+   } else if(whorunsit == "LiezelCluster"){
+     home.dir = "/project/sahakyanlab/ltamon" #"/stopgap/sahakyanlab/" #"/t1-data/user"
+     wk.dir = paste0(home.dir, "/DPhil/GenomicContactDynamics/21_")
+     os = "Linux"
+   } else if(whorunsit == "LiezelLinuxDesk"){
+     home.dir = "/home/ltamon"
+     os = "Linux"
+   } else {
+     stop("The supplied <whorunsit> option is not created in the script.", quote=F)
+   }
+ }
> lib = paste0(home.dir, "/DPhil/lib")
> data.dir = paste0(home.dir, "/Database")
> 
> persist.dir = paste0(data.dir, "/HiC_features_GSE87112_RAWpc")
> out.dir  = paste0(wk.dir, "/out_scr")
> anno.file = paste0(data.dir, "/ucsc_tables/hsa_geneAnno/hg19anno_ALL")
> enhancer.file = paste0(data.dir, "/enhancers/ENdb_enhancer.txt")
> ### OTHER SETTINGS #############################################################
> gcb = "min2Mb"
> chr.v = paste0("chr", c(1:22, "X"))
> bin.len = 40000
> nCPU = 1
> ################################################################################
> # LIBRARIES & DEPENDENCIES * LIBRARIES & DEPENDENCIES * LIBRARIES & DEPENDENCIES 
> ################################################################################
> library(foreach)
> library(doParallel)
Loading required package: iterators
Loading required package: parallel
> library(itertools)
> source(paste0(lib, "/UTL_doPar.R"))
> source(paste0(lib, "/getConsensusCpOfPairs.R"))
> ################################################################################
> # MAIN CODE * MAIN CODE * MAIN CODE * MAIN CODE * MAIN CODE * MAIN CODE *
> ################################################################################
> anno.df <- read.delim(file=anno.file, stringsAsFactors=F, header=T)
> anno.df <- anno.df[,c("chrom", "txStart", "txEnd", "name2", "name", "uniqueID")]
> anno.df$txStart <- anno.df$txStart + 1L
> 
> #
> pair.df <- read.delim(file=enhancer.file, stringsAsFactors=F, header=T)
> pair.df <- pair.df[pair.df$Reference_genome=="hg19",]
> pair.df <- pair.df[,c("Chromosome", "Start_position", "End_position", 
+                       "Enhancer_id", "Enhancer_symbol", "Target_gene")]
> 
> pair.df$Start_position <- pair.df$Start_position + 1L
> pair.df$Target_gene <- enc2utf8(pair.df$Target_gene)
> pair.df$Target_gene <- stringr::str_replace_all(string=pair.df$Target_gene,
+                                                 pattern=" ", replacement="") 
> 
> #
> commaSepTarg <- strsplit(x=pair.df$Target_gene, split=",")
> ind.v <- which(lengths(commaSepTarg) > 1)
> tmp <- sapply(X=ind.v, simplify=F, FUN=function(ind){
+   
+   cbind(pair.df[ind, colnames(pair.df)!="Target_gene"], 
+         `Target_gene`=commaSepTarg[[ind]], row.names=NULL)
+   
+ })
> tmp <- do.call("rbind", tmp)
> 
> pair.df <- pair.df[-ind.v,]
> pair.df <- rbind(pair.df, tmp)
> 
> #
> pair.df <- pair.df[toupper(pair.df$Target_gene) %in% toupper(anno.df$name2),]
> 
> #
> pair.df <- merge(x=anno.df, y=pair.df, by.x="name2", by.y="Target_gene", all=F)
> pair.df$Cp <- "None"
> 
> # a = gene, b = enhancer
> p.coord.mx <- pair.df[,c("txStart", "txEnd", "Start_position", "End_position")]
> p.coord.mx <- as.matrix(p.coord.mx)
> 
> for(chr in chr.v){
+   
+   is.chr <- pair.df$chrom==chr
+   
+   # ij.mx
+   load(file=paste0(persist.dir, "/", chr, "_Persist_", gcb, ".RData"))
+   
+   ij.mx <- cbind(i=PERSIST.MX$hits$i, j=PERSIST.MX$hits$j, Cp=PERSIST.MX$ntis)
+   rm(PERSIST.MX)
+   gc()
+   
+   #
+   cp.mx <- getConsensusCpOfPairs(bin.len=bin.len, nCPU=nCPU, ij.mx=ij.mx,
+                                  p.coord.mx=p.coord.mx[is.chr,], consensus.FUN=max)
+   pair.df$Cp[is.chr][cp.mx[,1]] <- cp.mx[,2]
+   
+   rm(cp.mx, is.chr)
+   
+ }
[1] 1
[1] 2
[1] 3
[1] 4
[1] 5
[1] 6
[1] 7
[1] 8
[1] 9
[1] 10
[1] 11
[1] 12
[1] 13
[1] 14
[1] 15
[1] 16
[1] 17
[1] 18
[1] 19
[1] 20
[1] 21
[1] 22
[1] 23
[1] 24
[1] 25
[1] 26
[1] 27
[1] 28
[1] 29
[1] 30
[1] 31
[1] 32
[1] 33
[1] 34
[1] 35
[1] 36
[1] 37
[1] 38
[1] 39
[1] 40
[1] 41
[1] 42
[1] 43
[1] 44
[1] 45
[1] 46
[1] 47
[1] 48
[1] 49
[1] 50
[1] 51
[1] 52
[1] 53
[1] 54
[1] 55
[1] 56
[1] 57
[1] 58
[1] 59
[1] 60
[1] 61
[1] 62
[1] 63
[1] 64
[1] 65
[1] 66
[1] 67
[1] 68
[1] 69
[1] 70
[1] 71
[1] 72
[1] 73
[1] 74
[1] 75
[1] 76
[1] 77
[1] 78
[1] 79
[1] 80
[1] 81
[1] 82
[1] 1
[1] 2
[1] 3
[1] 4
[1] 5
[1] 6
[1] 7
[1] 8
[1] 9
[1] 10
[1] 11
[1] 12
[1] 13
[1] 14
[1] 15
[1] 16
[1] 17
[1] 18
[1] 19
[1] 20
[1] 21
[1] 22
[1] 23
[1] 24
[1] 25
[1] 26
[1] 27
[1] 28
[1] 29
[1] 30
[1] 31
[1] 32
[1] 33
[1] 34
[1] 35
[1] 36
[1] 37
[1] 38
[1] 1
[1] 2
[1] 3
[1] 4
[1] 5
[1] 6
[1] 7
[1] 8
[1] 9
[1] 10
[1] 11
[1] 12
[1] 13
[1] 14
[1] 15
[1] 16
[1] 17
[1] 18
[1] 19
[1] 20
[1] 21
[1] 22
[1] 23
[1] 24
[1] 25
[1] 26
[1] 27
[1] 28
[1] 29
[1] 30
[1] 31
[1] 32
[1] 33
[1] 34
[1] 35
[1] 36
[1] 37
[1] 38
[1] 39
[1] 40
[1] 41
[1] 42
[1] 43
[1] 44
[1] 45
[1] 46
[1] 47
[1] 48
[1] 49
[1] 50
[1] 51
[1] 52
[1] 53
[1] 54
[1] 55
[1] 56
[1] 57
[1] 58
[1] 59
[1] 60
[1] 61
[1] 62
[1] 63
[1] 64
[1] 65
[1] 66
[1] 67
[1] 68
[1] 69
[1] 70
[1] 71
[1] 72
[1] 73
[1] 1
[1] 2
[1] 3
[1] 4
[1] 5
[1] 6
[1] 7
[1] 8
[1] 9
[1] 10
[1] 11
[1] 12
[1] 13
[1] 14
[1] 15
[1] 16
[1] 17
[1] 18
[1] 1
[1] 2
[1] 3
[1] 4
[1] 5
[1] 6
[1] 7
[1] 8
[1] 9
[1] 10
[1] 11
[1] 12
[1] 13
[1] 14
[1] 15
[1] 16
[1] 17
[1] 18
[1] 19
[1] 20
[1] 21
[1] 22
[1] 23
[1] 24
[1] 25
[1] 26
[1] 27
[1] 28
[1] 29
[1] 30
[1] 31
[1] 32
[1] 33
[1] 34
[1] 35
[1] 36
[1] 37
[1] 38
[1] 39
[1] 40
[1] 41
[1] 42
[1] 43
[1] 44
[1] 45
[1] 46
[1] 47
[1] 48
[1] 49
[1] 50
[1] 51
[1] 52
[1] 53
[1] 54
[1] 55
[1] 56
[1] 1
[1] 2
[1] 3
[1] 4
[1] 5
[1] 6
[1] 7
[1] 8
[1] 9
[1] 10
[1] 11
[1] 12
[1] 13
[1] 14
[1] 15
[1] 16
[1] 17
[1] 18
[1] 19
[1] 20
[1] 21
[1] 22
[1] 23
[1] 24
[1] 25
[1] 26
[1] 27
[1] 28
[1] 29
[1] 30
[1] 31
[1] 32
[1] 33
[1] 34
[1] 35
[1] 36
[1] 37
[1] 38
[1] 39
[1] 40
[1] 41
[1] 42
[1] 43
[1] 44
[1] 45
[1] 46
[1] 47
[1] 48
[1] 49
[1] 50
[1] 51
[1] 52
[1] 53
[1] 54
[1] 55
[1] 56
[1] 57
[1] 58
[1] 59
[1] 60
[1] 61
[1] 62
[1] 63
[1] 64
[1] 65
[1] 66
[1] 67
[1] 68
[1] 69
[1] 70
[1] 71
[1] 72
[1] 73
[1] 74
[1] 75
[1] 76
[1] 77
[1] 78
[1] 79
[1] 80
[1] 81
[1] 82
[1] 83
[1] 84
[1] 85
[1] 86
[1] 87
[1] 88
[1] 89
[1] 90
[1] 91
[1] 92
[1] 93
[1] 94
[1] 95
[1] 96
[1] 97
[1] 98
[1] 99
[1] 100
[1] 101
[1] 102
[1] 103
[1] 104
[1] 105
[1] 106
[1] 107
[1] 108
[1] 109
[1] 110
[1] 111
[1] 112
[1] 113
[1] 114
[1] 115
[1] 116
[1] 117
[1] 118
[1] 119
[1] 120
[1] 121
[1] 122
[1] 123
[1] 124
[1] 125
[1] 126
[1] 127
[1] 128
[1] 129
[1] 130
[1] 131
[1] 132
[1] 133
[1] 134
[1] 135
[1] 136
[1] 137
[1] 138
[1] 139
[1] 140
[1] 1
[1] 2
[1] 3
[1] 4
[1] 5
[1] 6
[1] 7
[1] 8
[1] 9
[1] 10
[1] 11
[1] 12
[1] 13
[1] 14
[1] 15
[1] 16
[1] 17
[1] 18
[1] 19
[1] 20
[1] 21
[1] 22
[1] 23
[1] 24
[1] 25
[1] 26
[1] 27
[1] 28
[1] 29
[1] 1
[1] 2
[1] 3
[1] 4
[1] 5
[1] 6
[1] 7
[1] 8
[1] 9
[1] 10
[1] 11
[1] 12
[1] 13
[1] 14
[1] 15
[1] 16
[1] 17
[1] 18
[1] 19
[1] 20
[1] 21
[1] 22
[1] 23
[1] 24
[1] 25
[1] 26
[1] 27
[1] 28
[1] 29
[1] 30
[1] 31
[1] 32
[1] 33
[1] 34
[1] 35
[1] 36
[1] 37
[1] 38
[1] 39
[1] 40
[1] 41
[1] 42
[1] 43
[1] 44
[1] 45
[1] 46
[1] 47
[1] 48
[1] 49
[1] 50
[1] 51
[1] 52
[1] 53
[1] 54
[1] 55
[1] 56
[1] 57
[1] 58
[1] 59
[1] 60
[1] 61
[1] 1
[1] 2
[1] 3
[1] 4
[1] 5
[1] 6
[1] 7
[1] 8
[1] 9
[1] 10
[1] 11
[1] 12
[1] 13
[1] 14
[1] 15
[1] 16
[1] 17
[1] 18
[1] 19
[1] 20
[1] 21
[1] 22
[1] 23
[1] 24
[1] 25
[1] 26
[1] 27
[1] 28
[1] 29
[1] 30
[1] 31
[1] 32
[1] 33
[1] 34
[1] 35
[1] 36
[1] 37
[1] 38
[1] 39
[1] 40
[1] 41
[1] 42
[1] 43
[1] 44
[1] 45
[1] 46
[1] 47
[1] 48
[1] 49
[1] 50
[1] 51
[1] 52
[1] 53
[1] 54
[1] 55
[1] 56
[1] 57
[1] 1
[1] 2
[1] 3
[1] 4
[1] 5
[1] 6
[1] 7
[1] 8
[1] 9
[1] 10
[1] 11
[1] 12
[1] 13
[1] 14
[1] 15
[1] 16
[1] 17
[1] 18
[1] 19
[1] 20
[1] 21
[1] 22
[1] 23
[1] 24
[1] 25
[1] 26
[1] 27
[1] 28
[1] 29
[1] 30
[1] 31
[1] 32
[1] 33
[1] 34
[1] 35
[1] 36
[1] 37
[1] 38
[1] 39
[1] 40
[1] 41
[1] 42
[1] 43
[1] 44
[1] 45
[1] 46
[1] 1
[1] 2
[1] 3
[1] 4
[1] 5
[1] 6
[1] 7
[1] 8
[1] 9
[1] 10
[1] 11
[1] 12
[1] 13
[1] 14
[1] 15
[1] 16
[1] 17
[1] 18
[1] 19
[1] 20
[1] 21
[1] 22
[1] 23
[1] 24
[1] 25
[1] 26
[1] 27
[1] 28
[1] 29
[1] 30
[1] 31
[1] 32
[1] 33
[1] 34
[1] 35
[1] 36
[1] 37
[1] 38
[1] 39
[1] 40
[1] 41
[1] 42
[1] 43
[1] 44
[1] 45
[1] 46
[1] 47
[1] 48
[1] 49
[1] 50
[1] 51
[1] 52
[1] 53
[1] 54
[1] 55
[1] 56
[1] 57
[1] 58
[1] 59
[1] 60
[1] 61
[1] 62
[1] 63
[1] 64
[1] 65
[1] 66
[1] 67
[1] 68
[1] 69
[1] 70
[1] 71
[1] 72
[1] 73
[1] 74
[1] 75
[1] 76
[1] 77
[1] 78
[1] 79
[1] 80
[1] 81
[1] 1
[1] 2
[1] 3
[1] 4
[1] 5
[1] 6
[1] 7
[1] 8
[1] 9
[1] 10
[1] 11
[1] 12
[1] 13
[1] 14
[1] 15
[1] 16
[1] 17
[1] 18
[1] 19
[1] 20
[1] 21
[1] 22
[1] 23
[1] 24
[1] 25
[1] 26
[1] 27
[1] 28
[1] 29
[1] 30
[1] 31
[1] 32
[1] 33
[1] 34
[1] 35
[1] 36
[1] 37
[1] 38
[1] 39
[1] 40
[1] 41
[1] 42
[1] 43
[1] 44
[1] 45
[1] 46
[1] 47
[1] 48
[1] 49
[1] 50
[1] 51
[1] 52
[1] 53
[1] 54
[1] 55
[1] 56
[1] 57
[1] 58
[1] 59
[1] 60
[1] 61
[1] 62
[1] 63
[1] 64
[1] 65
[1] 66
[1] 67
[1] 68
[1] 69
[1] 70
[1] 71
[1] 72
[1] 73
[1] 74
[1] 75
[1] 76
[1] 77
[1] 78
[1] 79
[1] 80
[1] 81
[1] 82
[1] 83
[1] 84
[1] 85
[1] 86
[1] 87
[1] 88
[1] 89
[1] 90
[1] 91
[1] 92
[1] 93
[1] 94
[1] 95
[1] 96
[1] 97
[1] 98
[1] 99
[1] 100
[1] 1
[1] 2
[1] 3
[1] 4
[1] 5
[1] 6
[1] 7
[1] 8
[1] 9
[1] 10
[1] 11
[1] 12
[1] 13
[1] 1
[1] 2
[1] 3
[1] 4
[1] 5
[1] 6
[1] 7
[1] 8
[1] 9
[1] 10
[1] 11
[1] 12
[1] 13
[1] 14
[1] 15
[1] 16
[1] 17
[1] 18
[1] 19
[1] 20
[1] 21
[1] 22
[1] 23
[1] 1
[1] 2
[1] 3
[1] 4
[1] 5
[1] 6
[1] 7
[1] 8
[1] 9
[1] 10
[1] 11
[1] 12
[1] 13
[1] 14
[1] 1
[1] 2
[1] 3
[1] 4
[1] 5
[1] 6
[1] 7
[1] 8
[1] 9
[1] 10
[1] 11
[1] 1
[1] 2
[1] 3
[1] 4
[1] 5
[1] 6
[1] 7
[1] 8
[1] 9
[1] 10
[1] 11
[1] 12
[1] 13
[1] 14
[1] 15
[1] 16
[1] 17
[1] 18
[1] 19
[1] 20
[1] 21
[1] 22
[1] 23
[1] 24
[1] 25
[1] 26
[1] 27
[1] 28
[1] 29
[1] 30
[1] 31
[1] 32
[1] 33
[1] 34
[1] 35
[1] 36
[1] 37
[1] 38
[1] 39
[1] 40
[1] 41
[1] 42
[1] 43
[1] 44
[1] 45
[1] 46
[1] 47
[1] 48
[1] 1
[1] 2
[1] 3
[1] 4
[1] 5
[1] 6
[1] 7
[1] 8
[1] 1
[1] 2
[1] 3
[1] 4
[1] 5
[1] 6
[1] 7
[1] 8
[1] 9
[1] 10
[1] 11
[1] 12
[1] 13
[1] 14
[1] 15
[1] 16
[1] 17
[1] 18
[1] 19
[1] 20
[1] 21
[1] 22
[1] 23
[1] 24
[1] 25
[1] 26
[1] 27
[1] 28
[1] 29
[1] 1
[1] 2
[1] 3
[1] 4
[1] 5
[1] 6
[1] 7
[1] 8
[1] 9
[1] 10
[1] 11
[1] 12
[1] 13
[1] 14
[1] 15
[1] 16
[1] 17
[1] 18
[1] 19
[1] 20
[1] 21
[1] 22
[1] 23
[1] 24
[1] 25
[1] 26
[1] 27
[1] 28
[1] 29
[1] 30
[1] 31
[1] 32
[1] 33
[1] 34
[1] 35
[1] 36
[1] 37
[1] 38
[1] 39
[1] 40
[1] 41
[1] 42
[1] 43
[1] 44
[1] 45
[1] 46
[1] 47
[1] 48
[1] 49
[1] 50
[1] 51
[1] 52
[1] 53
[1] 54
[1] 55
[1] 1
[1] 2
[1] 3
[1] 4
[1] 5
[1] 6
[1] 7
[1] 8
[1] 9
[1] 10
[1] 11
[1] 12
[1] 13
[1] 14
[1] 15
[1] 16
[1] 17
[1] 18
[1] 19
[1] 20
[1] 21
[1] 22
[1] 23
[1] 24
[1] 1
[1] 2
[1] 3
[1] 4
[1] 5
[1] 6
[1] 7
[1] 8
[1] 9
[1] 10
[1] 11
[1] 12
[1] 13
[1] 1
[1] 2
[1] 3
[1] 4
[1] 5
[1] 6
[1] 7
[1] 8
[1] 9
[1] 10
[1] 11
> 
> write.csv(pair.df, file=paste0(out.dir, "/", gcb, "_enhancer-target_maxCp.csv"), 
+           row.names=F)
> 
> # rm(list=ls()); gc()
> 
CBB Profiling started Fri Mar 18 12:26:37 2022
SLURM_JOB_ID		3996315
REQ_CPU_CORES		1
REQ_MEMORY_GB		15.000000
Starting profiling...

                                                                                
                                                                                
                                    CPU (cores)                                 
    1 +---------------------------------------------------------------------+   
      |   #   ###########################################################   |   
      | #######                                                         #   |   
      |## #                                                             #   |   
      |#                                                                #   |   
  0.8 |#+                                                               # +-|   
      |#                                                                #   |   
      |#                                                                #   |   
      |                                                                 #   |   
  0.6 |-+                                                               # +-|   
      |                                                                 #   |   
      |                                                                 #   |   
      |                                                                 #   |   
      |                                                                 #   |   
  0.4 |-+                                                               # +-|   
      |                                                                 #   |   
      |                                                                 #   |   
      |                                                                 #   |   
  0.2 |-+                                                               # +-|   
      |                                                                 #   |   
      |                                                                 #   |   
      |                                                                 #   |   
      |             +             +             +             +         #   |   
    0 +---------------------------------------------------------------------+   
      0             50           100           150           200           250  
                                Job profiling step                              
                                                                                

                                                                                
                                                                                
                                   Memory (GB)                                  
  16 +----------------------------------------------------------------------+   
     |*******************************************************************   |   
     |                                                                      |   
  14 |-+                                                                  +-|   
     |                                                                      |   
     |                                                                      |   
  12 |-+                                                                  +-|   
     |                                                                      |   
     |                                                                      |   
  10 |-+                                                                  +-|   
     |                                                                      |   
   8 |-+                                                                  +-|   
     |                                                                      |   
     |                                                                      |   
   6 |-+                                                                  +-|   
     |                                                                      |   
     |                                                                      |   
   4 |-+    #       ##                                                    +-|   
     |     ##     ####  #   #                                               |   
     |    ## #  ###  ###########   ####                                     |   
   2 |-+##   ####               ####  ################################### +-|   
     | #     ##                                                         #   |   
     |#            +             +              +             +         #   |   
   0 +----------------------------------------------------------------------+   
     0             50           100            150           200           250  
                               Job profiling step                               
                                                                                

                                                                                
                                                                                
                                  Data read (GB)                                
  1.2 +---------------------------------------------------------------------+   
      |             +             +             +             +       ###   |   
      |                                                           ####  #   |   
      |                                                         ###     #   |   
    1 |-+                                                     ###       # +-|   
      |                                           ############          #   |   
      |                                       #####                     #   |   
      |                                    ###                          #   |   
  0.8 |-+                               ####                            # +-|   
      |                               ###                               #   |   
      |                             ###                                 #   |   
  0.6 |-+                         ###                                   # +-|   
      |                        ####                                     #   |   
      |                      ###                                        #   |   
      |                    ###                                          #   |   
  0.4 |-+                ###                                            # +-|   
      |                ###                                              #   |   
      |              ###                                                #   |   
      |            ###                                                  #   |   
  0.2 |-+        ###                                                    # +-|   
      |     ######                                                      #   |   
      |  ####                                                           #   |   
      |###          +             +             +             +         #   |   
    0 +---------------------------------------------------------------------+   
      0             50           100           150           200           250  
                                Job profiling step                              
                                                                                

                                                                                
                                                                                
                                   Data written (GB)                            
    5e-05 +-----------------------------------------------------------------+   
          |            +            +             +            +            |   
  4.5e-05 |-+                                                        #### +-|   
          |                                                        ###  #   |   
          |                                                    ####     #   |   
    4e-05 |-+                                              #####        # +-|   
          |                                            #####             #  |   
  3.5e-05 |-+                                      #####                 #+-|   
          |                                     ####                     #  |   
    3e-05 |-+                                ####                        #+-|   
          |                              #####                              |   
  2.5e-05 |-+                          ###                                +-|   
          |                        ####                                     |   
          |                    #####                                        |   
    2e-05 |-+               ####                                          +-|   
          |             ####                                                |   
  1.5e-05 |-+      #####                                                  +-|   
          |     ####                                                        |   
    1e-05 |#####                                                          +-|   
          |#                                                                |   
          |                                                                 |   
    5e-06 |-+                                                             +-|   
          |            +            +             +            +            |   
        0 +-----------------------------------------------------------------+   
          0            50          100           150          200          250  
                                  Job profiling step                            
                                                                                
