
R version 4.0.5 (2021-03-31) -- "Shake and Throw"
Copyright (C) 2021 The R Foundation for Statistical Computing
Platform: x86_64-apple-darwin17.0 (64-bit)

R is free software and comes with ABSOLUTELY NO WARRANTY.
You are welcome to redistribute it under certain conditions.
Type 'license()' or 'licence()' for distribution details.

  Natural language support but running in an English locale

R is a collaborative project with many contributors.
Type 'contributors()' for more information and
'citation()' on how to cite R or R packages in publications.

Type 'demo()' for some demos, 'help()' for on-line help, or
'help.start()' for an HTML browser interface to help.
Type 'q()' to quit R.

> ################################################################################
> # Generate bootstrapped estimates for mean, sd, var, sd/mean, fraction of NE, 
> # LE, ME, HE of gene expression expected by random chance. Bootstrapping is done
> # per hub and per tissue because n or the number of genes with data per hub per
> # tissue varies. A random sample of n size is drawn from the genes of the 
> # corresponding hub chr only considering genes with expression data for the
> # corresponding tissue. Also, To simplify the process of drawing the random 
> # sample, I only considered genes whose transcripts are located in the one chr.
> # Values in the random sample below the set expression cut-off
> # (in our case 0.5) is converted to 0. Bootstrapping is always done 10000 times. 
> # Using the seed0, 10000 seeds are generated, each will be used for each iteration.
> # In other words, the same set of 10000 integers are used in the bootstrappping.
> # However, values of the random samples will be different because n varies across
> # hubs and tissues as well as the set of genes that have expression data. 
> ################################################################################
> # FLAGS * FLAGS * FLAGS * FLAGS * FLAGS * FLAGS * FLAGS * FLAGS * FLAGS * FLAGS
> ### DIRECTORY STRUCTURE ########################################################
> whorunsit = "LiezelMac" # "LiezelMac", "LiezelCluster", "LiezelLinuxDesk",
> # "AlexMac", "AlexCluster"
> 
> if( !is.null(whorunsit[1]) ){
+   # This can be expanded as needed ...
+   if(whorunsit == "LiezelMac"){
+     lib = "/Users/ltamon/DPhil/lib"
+     wk.dir = "/Users/ltamon/SahakyanLab/CoreGenomeExplorer"
+     data.dir= "/Users/ltamon/Database"
+   } else if(whorunsit == "LiezelCluster"){
+     lib = "/t1-data/user/ltamon/DPhil/lib"
+     wk.dir = "/t1-data/user/ltamon/SahakyanLab/CoreGenomeExplorer"
+     data.dir= "/t1-data/user/ltamon/Database"
+   } else {
+     print("The supplied <whorunsit> option is not created in the script.", quote=F)
+   }
+ }
> # Data on genes forming hubs and the n per hub
> exprData.dir = paste0(wk.dir, "/out_cleanExprData")
> hub.dir = paste0(wk.dir, "/out_hubfile")
> hubinfo.dir = paste0(wk.dir, "/out_hubinfo")
> out.dir = paste0(wk.dir, "/out_nonHubBoot/exprCutoff_05")
> ### OTHER SETTINGS #############################################################
> src.id = "data2"
> gcb = "min2Mb"
> hub.id = "All_topCP3_gapBin50"
> expr.cutoff = 0.5
> 
> # BOOTSTRAP parameters
> iter = 10000
> nCPU = 3
> seed0 = 763
> ################################################################################
> # LIBRARIES & DEPENDENCIES * LIBRARIES & DEPENDENCIES * LIBRARIES & DEPENDENCIES 
> ################################################################################
> library(foreach)
> library(doParallel)
Loading required package: iterators
Loading required package: parallel
> library(itertools)
> source(paste0(lib, "/UTL_doPar.R"))
[1] Running with 3 cores.
> ################################################################################
> # MAIN CODE * MAIN CODE * MAIN CODE * MAIN CODE * MAIN CODE * MAIN CODE *
> ################################################################################
> exprDataPath <- paste0(exprData.dir, "/expr_", src.id ,"_cutoff0.csv")
> nhub.df <- read.csv(file=paste0(hubinfo.dir, "/", gcb, "_", hub.id, "_", src.id, 
+                                 "_nvalues.csv"), stringsAsFactors=F) 
> 
> HUB <- list.files(path=hub.dir, pattern=hub.id, recursive=F)
> HUB <- HUB[grepl(x=HUB, pattern=gcb)]
> HUB <- gsub(x=HUB, pattern=".csv", replacement="", fixed=T)
> HUB.len <- length(HUB)
> print(paste0(HUB.len, " hubs."), quote=F)
[1] 38 hubs.
> 
> expr.df <- read.csv(file=exprDataPath, header=T, stringsAsFactors=F)
> expr.df <- expr.df[!is.na(expr.df$chr),]
> tiss.v <- colnames(expr.df[,!colnames(expr.df)%in%c("chr", "Gene.Name")])
> tiss.v.len <- length(tiss.v)
> 
> stat.v <- c("MEAN", "sd.MEAN", "SD", "sd.SD", "VAR", "sd.VAR", 
+             "NE", "sd.NE", "LE", "sd.LE", "ME", "sd.ME", "HE", 
+             "sd.HE", "SDdivMEAN", "sd.SDdivMEAN")
> stat.v.len <- length(stat.v)
> 
> set.seed(seed0)
> # Generate seeds per hub
> seed.hub <- sample(x=1:1000, size=HUB.len, replace=F)
> 
> for(h in 1:HUB.len){
+   
+   set.seed(seed.hub[h])
+   # Generate seeds per hub, per tissue
+   seed.tiss <- sample(x=1:1000, size=tiss.v.len, replace=F)
+   names(seed.tiss) <- tiss.v
+   
+   hub <- HUB[h]
+   hub.ind <- which(nhub.df$hub==hub) 
+   chr <- nhub.df[hub.ind, "chr"]
+   BOOT.MX <- matrix(data=NA, nrow=tiss.v.len, ncol=stat.v.len+1,
+                     dimnames=list(tiss.v, c("n", stat.v)))
+   BOOT.MX[,"n"] <- 0
+   
+   for(tiss in tiss.v){
+     
+     set.seed( unname(seed.tiss[tiss]) )
+     # Generate seeds per hub, per tissue, per iteration
+     SEED.v <- sample(x=1:20000, size=iter, replace=F)
+     
+     n <- nhub.df[hub.ind, tiss]
+     # Just diregard genes with transcripts on different chr, there are 
+     # enough genes per chr anyway
+     val <- expr.df[expr.df$chr==paste0(chr, "."),tiss]
+     val <- val[!is.na(val)]
+     
+     if(n==0){
+       
+       print(paste0(n, " ", tiss, " skipped!"), quote=F)
+       next
+       
+     } else {
+       
+       toExport <- c("SEED.v", "val", "n")
+       #### PARALLEL EXECUTION #########
+       boot <- foreach(itr=isplitVector(1:iter, chunks=nCPU), 
+                       .inorder=T, .combine="rbind",
+                       .export=toExport, .noexport=ls()[!ls()%in%toExport]
+                       
+       ) %op% {
+         
+         chunk <- sapply(X=itr, simplify=F, FUN=function(i){
+           
+           set.seed(SEED.v[i])
+           samp <- sample(x=val, size=n, replace=T)
+           samp[samp<expr.cutoff] <- 0
+           samp <- c(MEAN=mean(samp), SD=sd(samp), VAR=var(samp),
+                     # Based on https://www.ebi.ac.uk/gxa/help/index.html
+                     NE=sum(samp<0)/n, 
+                     LE=sum(samp>=0.5 & samp<=10)/n,
+                     ME=sum(samp>10 & samp<=1000)/n,
+                     HE=sum(samp>1000)/n)
+           #if( sum(samp[4:7])!=1 ){ stop("Sum not 1.") }
+           samp <- c(samp, SDdivMEAN=as.numeric(samp["SD"]/samp["MEAN"]))
+           return(samp)
+           
+         })
+         
+         return(do.call("rbind", chunk))
+         
+       }
+       rm(val)
+       ### END OF PARALLEL EXECUTION ###
+       
+       # SDdivMEAN NaN (when MEAN=SD=0), assign to 0 because they
+       # should not be excluded since they are data. 0 because
+       # when all genes are not expressed then there is no variation.
+       boot[ is.nan(boot[,"SDdivMEAN"]),"SDdivMEAN" ] <- 0
+       
+       temp <- apply(X=boot, MARGIN=2, FUN=function(stat){
+         c(mean(stat), sd(stat))
+       })
+       
+       rm(boot)
+       
+     }
+     
+     BOOT.MX[tiss,] <- c(n, as.vector(temp))
+     rm(temp); gc()
+     print(paste0(n, " ", tiss, " done!"), quote=F)
+     
+     rm(SEED.v)
+     
+   } # tiss.v for loop end
+   
+   rm(seed.tiss)
+   
+   if( any(is.nan(BOOT.MX)) ){
+     stop(paste0(hub, ": NaN values in BOOT.MX"))
+   }
+   save(BOOT.MX, file=paste0(out.dir, "/", hub, "_", src.id, 
+                             "_seed", seed0, "_iter", iter, ".RData"))
+   print(paste0(hub, " done!"), quote=F)
+   
+ } # HUB.len for loop end
[1] 73 Brodmann..1909..area.24 done!
[1] 78 Brodmann..1909..area.9 done!
[1] 72 C1.segment.of.cervical.spinal.cord done!
[1] 68 EBV.transformed.lymphocyte done!
[1] 74 adrenal.gland done!
[1] 71 amygdala done!
[1] 73 aorta done!
[1] 72 atrium.auricular.region done!
[1] 68 blood done!
[1] 77 breast done!
[1] 71 caudate.nucleus done!
[1] 73 cerebellar.hemisphere done!
[1] 74 cerebellum done!
[1] 79 cerebral.cortex done!
[1] 75 coronary.artery done!
[1] 77 cortex.of.kidney done!
[1] 75 ectocervix done!
[1] 78 endocervix done!
[1] 72 esophagogastric.junction done!
[1] 76 esophagus.mucosa done!
[1] 72 esophagus.muscularis.mucosa done!
[1] 76 fallopian.tube done!
[1] 76 greater.omentum done!
[1] 67 heart.left.ventricle done!
[1] 72 hippocampus.proper done!
[1] 72 hypothalamus done!
[1] 72 liver done!
[1] 77 lower.leg.skin done!
[1] 77 lung done!
[1] 77 minor.salivary.gland done!
[1] 73 nucleus.accumbens done!
[1] 77 ovary done!
[1] 75 pancreas done!
[1] 76 pituitary.gland done!
[1] 77 prostate.gland done!
[1] 70 putamen done!
[1] 74 sigmoid.colon done!
[1] 71 skeletal.muscle.tissue done!
[1] 79 small.intestine.Peyer.s.patch done!
[1] 74 spleen done!
[1] 77 stomach done!
[1] 75 subcutaneous.adipose.tissue done!
[1] 72 substantia.nigra done!
[1] 78 suprapubic.skin done!
[1] 83 testis done!
[1] 73 thyroid.gland done!
[1] 73 tibial.artery done!
[1] 75 tibial.nerve done!
[1] 67 transformed.skin.fibroblast done!
[1] 77 transverse.colon done!
[1] 76 urinary.bladder done!
[1] 74 uterus done!
[1] 77 vagina done!
[1] min2Mb_chr1_All_topCP3_gapBin50_hub1 done!
[1] 62 Brodmann..1909..area.24 done!
[1] 65 Brodmann..1909..area.9 done!
[1] 62 C1.segment.of.cervical.spinal.cord done!
[1] 58 EBV.transformed.lymphocyte done!
[1] 65 adrenal.gland done!
[1] 62 amygdala done!
[1] 63 aorta done!
[1] 63 atrium.auricular.region done!
[1] 59 blood done!
[1] 65 breast done!
[1] 61 caudate.nucleus done!
[1] 64 cerebellar.hemisphere done!
[1] 64 cerebellum done!
[1] 66 cerebral.cortex done!
[1] 65 coronary.artery done!
[1] 65 cortex.of.kidney done!
[1] 65 ectocervix done!
[1] 67 endocervix done!
[1] 64 esophagogastric.junction done!
[1] 64 esophagus.mucosa done!
[1] 64 esophagus.muscularis.mucosa done!
[1] 65 fallopian.tube done!
[1] 65 greater.omentum done!
[1] 60 heart.left.ventricle done!
[1] 63 hippocampus.proper done!
[1] 63 hypothalamus done!
[1] 63 liver done!
[1] 65 lower.leg.skin done!
[1] 65 lung done!
[1] 65 minor.salivary.gland done!
[1] 63 nucleus.accumbens done!
[1] 65 ovary done!
[1] 66 pancreas done!
[1] 65 pituitary.gland done!
[1] 66 prostate.gland done!
[1] 61 putamen done!
[1] 65 sigmoid.colon done!
[1] 62 skeletal.muscle.tissue done!
[1] 67 small.intestine.Peyer.s.patch done!
[1] 65 spleen done!
[1] 65 stomach done!
[1] 64 subcutaneous.adipose.tissue done!
[1] 63 substantia.nigra done!
[1] 65 suprapubic.skin done!
[1] 69 testis done!
[1] 64 thyroid.gland done!
[1] 64 tibial.artery done!
[1] 65 tibial.nerve done!
[1] 57 transformed.skin.fibroblast done!
[1] 67 transverse.colon done!
[1] 66 urinary.bladder done!
[1] 65 uterus done!
[1] 65 vagina done!
[1] min2Mb_chr1_All_topCP3_gapBin50_hub2 done!
[1] 9 Brodmann..1909..area.24 done!
[1] 9 Brodmann..1909..area.9 done!
[1] 9 C1.segment.of.cervical.spinal.cord done!
[1] 9 EBV.transformed.lymphocyte done!
[1] 8 adrenal.gland done!
[1] 9 amygdala done!
[1] 9 aorta done!
[1] 9 atrium.auricular.region done!
[1] 8 blood done!
[1] 9 breast done!
[1] 9 caudate.nucleus done!
[1] 10 cerebellar.hemisphere done!
[1] 10 cerebellum done!
[1] 9 cerebral.cortex done!
[1] 9 coronary.artery done!
[1] 11 cortex.of.kidney done!
[1] 10 ectocervix done!
[1] 11 endocervix done!
[1] 8 esophagogastric.junction done!
[1] 10 esophagus.mucosa done!
[1] 8 esophagus.muscularis.mucosa done!
[1] 11 fallopian.tube done!
[1] 10 greater.omentum done!
[1] 7 heart.left.ventricle done!
[1] 9 hippocampus.proper done!
[1] 9 hypothalamus done!
[1] 8 liver done!
[1] 10 lower.leg.skin done!
[1] 10 lung done!
[1] 9 minor.salivary.gland done!
[1] 9 nucleus.accumbens done!
[1] 10 ovary done!
[1] 10 pancreas done!
[1] 11 pituitary.gland done!
[1] 10 prostate.gland done!
[1] 9 putamen done!
[1] 10 sigmoid.colon done!
[1] 7 skeletal.muscle.tissue done!
[1] 10 small.intestine.Peyer.s.patch done!
[1] 9 spleen done!
[1] 11 stomach done!
[1] 9 subcutaneous.adipose.tissue done!
[1] 9 substantia.nigra done!
[1] 10 suprapubic.skin done!
[1] 10 testis done!
[1] 11 thyroid.gland done!
[1] 9 tibial.artery done!
[1] 9 tibial.nerve done!
[1] 7 transformed.skin.fibroblast done!
[1] 10 transverse.colon done!
[1] 11 urinary.bladder done!
[1] 8 uterus done!
[1] 10 vagina done!
[1] min2Mb_chr1_All_topCP3_gapBin50_hub3 done!
[1] 2 Brodmann..1909..area.24 done!
[1] 2 Brodmann..1909..area.9 done!
[1] 2 C1.segment.of.cervical.spinal.cord done!
[1] 2 EBV.transformed.lymphocyte done!
[1] 2 adrenal.gland done!
[1] 2 amygdala done!
[1] 2 aorta done!
[1] 2 atrium.auricular.region done!
[1] 2 blood done!
[1] 2 breast done!
[1] 2 caudate.nucleus done!
[1] 2 cerebellar.hemisphere done!
[1] 2 cerebellum done!
[1] 2 cerebral.cortex done!
[1] 2 coronary.artery done!
[1] 2 cortex.of.kidney done!
[1] 2 ectocervix done!
[1] 2 endocervix done!
[1] 2 esophagogastric.junction done!
[1] 2 esophagus.mucosa done!
[1] 2 esophagus.muscularis.mucosa done!
[1] 2 fallopian.tube done!
[1] 2 greater.omentum done!
[1] 2 heart.left.ventricle done!
[1] 2 hippocampus.proper done!
[1] 2 hypothalamus done!
[1] 2 liver done!
[1] 2 lower.leg.skin done!
[1] 2 lung done!
[1] 2 minor.salivary.gland done!
[1] 2 nucleus.accumbens done!
[1] 2 ovary done!
[1] 2 pancreas done!
[1] 2 pituitary.gland done!
[1] 2 prostate.gland done!
[1] 2 putamen done!
[1] 2 sigmoid.colon done!
[1] 2 skeletal.muscle.tissue done!
[1] 2 small.intestine.Peyer.s.patch done!
[1] 2 spleen done!
[1] 2 stomach done!
[1] 2 subcutaneous.adipose.tissue done!
[1] 2 substantia.nigra done!
[1] 2 suprapubic.skin done!
[1] 2 testis done!
[1] 2 thyroid.gland done!
[1] 2 tibial.artery done!
[1] 2 tibial.nerve done!
[1] 2 transformed.skin.fibroblast done!
[1] 2 transverse.colon done!
[1] 2 urinary.bladder done!
[1] 2 uterus done!
[1] 2 vagina done!
[1] min2Mb_chr1_All_topCP3_gapBin50_hub4 done!
[1] 30 Brodmann..1909..area.24 done!
[1] 30 Brodmann..1909..area.9 done!
[1] 32 C1.segment.of.cervical.spinal.cord done!
[1] 29 EBV.transformed.lymphocyte done!
[1] 28 adrenal.gland done!
[1] 29 amygdala done!
[1] 29 aorta done!
[1] 32 atrium.auricular.region done!
[1] 25 blood done!
[1] 30 breast done!
[1] 32 caudate.nucleus done!
[1] 33 cerebellar.hemisphere done!
[1] 32 cerebellum done!
[1] 30 cerebral.cortex done!
[1] 30 coronary.artery done!
[1] 31 cortex.of.kidney done!
[1] 28 ectocervix done!
[1] 31 endocervix done!
[1] 30 esophagogastric.junction done!
[1] 29 esophagus.mucosa done!
[1] 29 esophagus.muscularis.mucosa done!
[1] 32 fallopian.tube done!
[1] 29 greater.omentum done!
[1] 29 heart.left.ventricle done!
[1] 30 hippocampus.proper done!
[1] 34 hypothalamus done!
[1] 28 liver done!
[1] 33 lower.leg.skin done!
[1] 32 lung done!
[1] 29 minor.salivary.gland done!
[1] 31 nucleus.accumbens done!
[1] 30 ovary done!
[1] 31 pancreas done!
[1] 35 pituitary.gland done!
[1] 32 prostate.gland done!
[1] 31 putamen done!
[1] 33 sigmoid.colon done!
[1] 29 skeletal.muscle.tissue done!
[1] 33 small.intestine.Peyer.s.patch done!
[1] 30 spleen done!
[1] 31 stomach done!
[1] 29 subcutaneous.adipose.tissue done!
[1] 30 substantia.nigra done!
[1] 33 suprapubic.skin done!
[1] 40 testis done!
[1] 30 thyroid.gland done!
[1] 27 tibial.artery done!
[1] 29 tibial.nerve done!
[1] 28 transformed.skin.fibroblast done!
[1] 33 transverse.colon done!
[1] 30 urinary.bladder done!
[1] 28 uterus done!
[1] 29 vagina done!
[1] min2Mb_chr10_All_topCP3_gapBin50_hub1 done!
[1] 2 Brodmann..1909..area.24 done!
[1] 2 Brodmann..1909..area.9 done!
[1] 2 C1.segment.of.cervical.spinal.cord done!
[1] 2 EBV.transformed.lymphocyte done!
[1] 2 adrenal.gland done!
[1] 2 amygdala done!
[1] 2 aorta done!
[1] 2 atrium.auricular.region done!
[1] 1 blood done!
[1] 2 breast done!
[1] 2 caudate.nucleus done!
[1] 2 cerebellar.hemisphere done!
[1] 2 cerebellum done!
[1] 2 cerebral.cortex done!
[1] 2 coronary.artery done!
[1] 2 cortex.of.kidney done!
[1] 2 ectocervix done!
[1] 2 endocervix done!
[1] 2 esophagogastric.junction done!
[1] 2 esophagus.mucosa done!
[1] 2 esophagus.muscularis.mucosa done!
[1] 2 fallopian.tube done!
[1] 2 greater.omentum done!
[1] 2 heart.left.ventricle done!
[1] 2 hippocampus.proper done!
[1] 2 hypothalamus done!
[1] 2 liver done!
[1] 2 lower.leg.skin done!
[1] 2 lung done!
[1] 2 minor.salivary.gland done!
[1] 2 nucleus.accumbens done!
[1] 2 ovary done!
[1] 2 pancreas done!
[1] 2 pituitary.gland done!
[1] 2 prostate.gland done!
[1] 2 putamen done!
[1] 2 sigmoid.colon done!
[1] 2 skeletal.muscle.tissue done!
[1] 2 small.intestine.Peyer.s.patch done!
[1] 2 spleen done!
[1] 2 stomach done!
[1] 2 subcutaneous.adipose.tissue done!
[1] 2 substantia.nigra done!
[1] 2 suprapubic.skin done!
[1] 4 testis done!
[1] 2 thyroid.gland done!
[1] 2 tibial.artery done!
[1] 2 tibial.nerve done!
[1] 1 transformed.skin.fibroblast done!
[1] 2 transverse.colon done!
[1] 2 urinary.bladder done!
[1] 2 uterus done!
[1] 2 vagina done!
[1] min2Mb_chr11_All_topCP3_gapBin50_hub1 done!
[1] 2 Brodmann..1909..area.24 done!
[1] 2 Brodmann..1909..area.9 done!
[1] 2 C1.segment.of.cervical.spinal.cord done!
[1] 2 EBV.transformed.lymphocyte done!
[1] 2 adrenal.gland done!
[1] 2 amygdala done!
[1] 2 aorta done!
[1] 2 atrium.auricular.region done!
[1] 2 blood done!
[1] 2 breast done!
[1] 2 caudate.nucleus done!
[1] 2 cerebellar.hemisphere done!
[1] 2 cerebellum done!
[1] 2 cerebral.cortex done!
[1] 2 coronary.artery done!
[1] 2 cortex.of.kidney done!
[1] 2 ectocervix done!
[1] 2 endocervix done!
[1] 2 esophagogastric.junction done!
[1] 2 esophagus.mucosa done!
[1] 2 esophagus.muscularis.mucosa done!
[1] 2 fallopian.tube done!
[1] 2 greater.omentum done!
[1] 2 heart.left.ventricle done!
[1] 2 hippocampus.proper done!
[1] 2 hypothalamus done!
[1] 2 liver done!
[1] 2 lower.leg.skin done!
[1] 2 lung done!
[1] 2 minor.salivary.gland done!
[1] 2 nucleus.accumbens done!
[1] 2 ovary done!
[1] 2 pancreas done!
[1] 2 pituitary.gland done!
[1] 2 prostate.gland done!
[1] 2 putamen done!
[1] 2 sigmoid.colon done!
[1] 2 skeletal.muscle.tissue done!
[1] 2 small.intestine.Peyer.s.patch done!
[1] 2 spleen done!
[1] 2 stomach done!
[1] 2 subcutaneous.adipose.tissue done!
[1] 2 substantia.nigra done!
[1] 2 suprapubic.skin done!
[1] 4 testis done!
[1] 2 thyroid.gland done!
[1] 2 tibial.artery done!
[1] 2 tibial.nerve done!
[1] 2 transformed.skin.fibroblast done!
[1] 2 transverse.colon done!
[1] 2 urinary.bladder done!
[1] 2 uterus done!
[1] 2 vagina done!
[1] min2Mb_chr11_All_topCP3_gapBin50_hub2 done!
[1] 1 Brodmann..1909..area.24 done!
[1] 1 Brodmann..1909..area.9 done!
[1] 1 C1.segment.of.cervical.spinal.cord done!
[1] 1 EBV.transformed.lymphocyte done!
[1] 1 adrenal.gland done!
[1] 1 amygdala done!
[1] 1 aorta done!
[1] 1 atrium.auricular.region done!
[1] 0 blood skipped!
[1] 1 breast done!
[1] 1 caudate.nucleus done!
[1] 1 cerebellar.hemisphere done!
[1] 1 cerebellum done!
[1] 1 cerebral.cortex done!
[1] 1 coronary.artery done!
[1] 1 cortex.of.kidney done!
[1] 2 ectocervix done!
[1] 1 endocervix done!
[1] 1 esophagogastric.junction done!
[1] 1 esophagus.mucosa done!
[1] 1 esophagus.muscularis.mucosa done!
[1] 1 fallopian.tube done!
[1] 1 greater.omentum done!
[1] 1 heart.left.ventricle done!
[1] 1 hippocampus.proper done!
[1] 1 hypothalamus done!
[1] 1 liver done!
[1] 1 lower.leg.skin done!
[1] 1 lung done!
[1] 1 minor.salivary.gland done!
[1] 1 nucleus.accumbens done!
[1] 1 ovary done!
[1] 1 pancreas done!
[1] 1 pituitary.gland done!
[1] 1 prostate.gland done!
[1] 1 putamen done!
[1] 1 sigmoid.colon done!
[1] 1 skeletal.muscle.tissue done!
[1] 1 small.intestine.Peyer.s.patch done!
[1] 1 spleen done!
[1] 1 stomach done!
[1] 1 subcutaneous.adipose.tissue done!
[1] 1 substantia.nigra done!
[1] 1 suprapubic.skin done!
[1] 3 testis done!
[1] 1 thyroid.gland done!
[1] 1 tibial.artery done!
[1] 1 tibial.nerve done!
[1] 0 transformed.skin.fibroblast skipped!
[1] 1 transverse.colon done!
[1] 1 urinary.bladder done!
[1] 1 uterus done!
[1] 1 vagina done!
[1] min2Mb_chr11_All_topCP3_gapBin50_hub3 done!
[1] 15 Brodmann..1909..area.24 done!
[1] 15 Brodmann..1909..area.9 done!
[1] 17 C1.segment.of.cervical.spinal.cord done!
[1] 17 EBV.transformed.lymphocyte done!
[1] 18 adrenal.gland done!
[1] 15 amygdala done!
[1] 18 aorta done!
[1] 18 atrium.auricular.region done!
[1] 14 blood done!
[1] 18 breast done!
[1] 15 caudate.nucleus done!
[1] 17 cerebellar.hemisphere done!
[1] 16 cerebellum done!
[1] 15 cerebral.cortex done!
[1] 19 coronary.artery done!
[1] 18 cortex.of.kidney done!
[1] 19 ectocervix done!
[1] 19 endocervix done!
[1] 18 esophagogastric.junction done!
[1] 17 esophagus.mucosa done!
[1] 18 esophagus.muscularis.mucosa done!
[1] 19 fallopian.tube done!
[1] 18 greater.omentum done!
[1] 15 heart.left.ventricle done!
[1] 16 hippocampus.proper done!
[1] 15 hypothalamus done!
[1] 15 liver done!
[1] 17 lower.leg.skin done!
[1] 19 lung done!
[1] 18 minor.salivary.gland done!
[1] 15 nucleus.accumbens done!
[1] 19 ovary done!
[1] 17 pancreas done!
[1] 19 pituitary.gland done!
[1] 19 prostate.gland done!
[1] 15 putamen done!
[1] 19 sigmoid.colon done!
[1] 15 skeletal.muscle.tissue done!
[1] 19 small.intestine.Peyer.s.patch done!
[1] 19 spleen done!
[1] 18 stomach done!
[1] 18 subcutaneous.adipose.tissue done!
[1] 15 substantia.nigra done!
[1] 18 suprapubic.skin done!
[1] 19 testis done!
[1] 18 thyroid.gland done!
[1] 18 tibial.artery done!
[1] 19 tibial.nerve done!
[1] 17 transformed.skin.fibroblast done!
[1] 19 transverse.colon done!
[1] 19 urinary.bladder done!
[1] 18 uterus done!
[1] 18 vagina done!
[1] min2Mb_chr12_All_topCP3_gapBin50_hub1 done!
[1] 5 Brodmann..1909..area.24 done!
[1] 5 Brodmann..1909..area.9 done!
[1] 5 C1.segment.of.cervical.spinal.cord done!
[1] 2 EBV.transformed.lymphocyte done!
[1] 5 adrenal.gland done!
[1] 5 amygdala done!
[1] 5 aorta done!
[1] 5 atrium.auricular.region done!
[1] 1 blood done!
[1] 5 breast done!
[1] 5 caudate.nucleus done!
[1] 6 cerebellar.hemisphere done!
[1] 6 cerebellum done!
[1] 5 cerebral.cortex done!
[1] 5 coronary.artery done!
[1] 5 cortex.of.kidney done!
[1] 5 ectocervix done!
[1] 4 endocervix done!
[1] 5 esophagogastric.junction done!
[1] 4 esophagus.mucosa done!
[1] 5 esophagus.muscularis.mucosa done!
[1] 4 fallopian.tube done!
[1] 4 greater.omentum done!
[1] 5 heart.left.ventricle done!
[1] 5 hippocampus.proper done!
[1] 5 hypothalamus done!
[1] 3 liver done!
[1] 5 lower.leg.skin done!
[1] 5 lung done!
[1] 5 minor.salivary.gland done!
[1] 5 nucleus.accumbens done!
[1] 5 ovary done!
[1] 4 pancreas done!
[1] 5 pituitary.gland done!
[1] 5 prostate.gland done!
[1] 5 putamen done!
[1] 5 sigmoid.colon done!
[1] 3 skeletal.muscle.tissue done!
[1] 5 small.intestine.Peyer.s.patch done!
[1] 3 spleen done!
[1] 5 stomach done!
[1] 4 subcutaneous.adipose.tissue done!
[1] 5 substantia.nigra done!
[1] 5 suprapubic.skin done!
[1] 6 testis done!
[1] 5 thyroid.gland done!
[1] 5 tibial.artery done!
[1] 5 tibial.nerve done!
[1] 4 transformed.skin.fibroblast done!
[1] 5 transverse.colon done!
[1] 4 urinary.bladder done!
[1] 4 uterus done!
[1] 5 vagina done!
[1] min2Mb_chr13_All_topCP3_gapBin50_hub1 done!
[1] 21 Brodmann..1909..area.24 done!
[1] 21 Brodmann..1909..area.9 done!
[1] 21 C1.segment.of.cervical.spinal.cord done!
[1] 24 EBV.transformed.lymphocyte done!
[1] 23 adrenal.gland done!
[1] 21 amygdala done!
[1] 23 aorta done!
[1] 23 atrium.auricular.region done!
[1] 23 blood done!
[1] 23 breast done!
[1] 21 caudate.nucleus done!
[1] 22 cerebellar.hemisphere done!
[1] 22 cerebellum done!
[1] 21 cerebral.cortex done!
[1] 23 coronary.artery done!
[1] 23 cortex.of.kidney done!
[1] 23 ectocervix done!
[1] 23 endocervix done!
[1] 23 esophagogastric.junction done!
[1] 24 esophagus.mucosa done!
[1] 23 esophagus.muscularis.mucosa done!
[1] 24 fallopian.tube done!
[1] 23 greater.omentum done!
[1] 22 heart.left.ventricle done!
[1] 21 hippocampus.proper done!
[1] 21 hypothalamus done!
[1] 23 liver done!
[1] 24 lower.leg.skin done!
[1] 24 lung done!
[1] 23 minor.salivary.gland done!
[1] 21 nucleus.accumbens done!
[1] 23 ovary done!
[1] 23 pancreas done!
[1] 23 pituitary.gland done!
[1] 23 prostate.gland done!
[1] 21 putamen done!
[1] 23 sigmoid.colon done!
[1] 22 skeletal.muscle.tissue done!
[1] 23 small.intestine.Peyer.s.patch done!
[1] 23 spleen done!
[1] 24 stomach done!
[1] 24 subcutaneous.adipose.tissue done!
[1] 21 substantia.nigra done!
[1] 24 suprapubic.skin done!
[1] 24 testis done!
[1] 23 thyroid.gland done!
[1] 23 tibial.artery done!
[1] 24 tibial.nerve done!
[1] 23 transformed.skin.fibroblast done!
[1] 24 transverse.colon done!
[1] 23 urinary.bladder done!
[1] 23 uterus done!
[1] 24 vagina done!
[1] min2Mb_chr14_All_topCP3_gapBin50_hub1 done!
[1] 6 Brodmann..1909..area.24 done!
[1] 6 Brodmann..1909..area.9 done!
[1] 6 C1.segment.of.cervical.spinal.cord done!
[1] 3 EBV.transformed.lymphocyte done!
[1] 4 adrenal.gland done!
[1] 6 amygdala done!
[1] 3 aorta done!
[1] 5 atrium.auricular.region done!
[1] 4 blood done!
[1] 6 breast done!
[1] 6 caudate.nucleus done!
[1] 6 cerebellar.hemisphere done!
[1] 6 cerebellum done!
[1] 6 cerebral.cortex done!
[1] 4 coronary.artery done!
[1] 5 cortex.of.kidney done!
[1] 6 ectocervix done!
[1] 6 endocervix done!
[1] 4 esophagogastric.junction done!
[1] 4 esophagus.mucosa done!
[1] 3 esophagus.muscularis.mucosa done!
[1] 5 fallopian.tube done!
[1] 5 greater.omentum done!
[1] 4 heart.left.ventricle done!
[1] 6 hippocampus.proper done!
[1] 6 hypothalamus done!
[1] 4 liver done!
[1] 5 lower.leg.skin done!
[1] 6 lung done!
[1] 5 minor.salivary.gland done!
[1] 6 nucleus.accumbens done!
[1] 5 ovary done!
[1] 3 pancreas done!
[1] 6 pituitary.gland done!
[1] 6 prostate.gland done!
[1] 6 putamen done!
[1] 5 sigmoid.colon done!
[1] 4 skeletal.muscle.tissue done!
[1] 5 small.intestine.Peyer.s.patch done!
[1] 5 spleen done!
[1] 4 stomach done!
[1] 4 subcutaneous.adipose.tissue done!
[1] 6 substantia.nigra done!
[1] 5 suprapubic.skin done!
[1] 5 testis done!
[1] 5 thyroid.gland done!
[1] 4 tibial.artery done!
[1] 5 tibial.nerve done!
[1] 2 transformed.skin.fibroblast done!
[1] 4 transverse.colon done!
[1] 5 urinary.bladder done!
[1] 3 uterus done!
[1] 6 vagina done!
[1] min2Mb_chr16_All_topCP3_gapBin50_hub1 done!
[1] 8 Brodmann..1909..area.24 done!
[1] 7 Brodmann..1909..area.9 done!
[1] 7 C1.segment.of.cervical.spinal.cord done!
[1] 6 EBV.transformed.lymphocyte done!
[1] 7 adrenal.gland done!
[1] 7 amygdala done!
[1] 7 aorta done!
[1] 6 atrium.auricular.region done!
[1] 5 blood done!
[1] 9 breast done!
[1] 7 caudate.nucleus done!
[1] 7 cerebellar.hemisphere done!
[1] 7 cerebellum done!
[1] 8 cerebral.cortex done!
[1] 6 coronary.artery done!
[1] 7 cortex.of.kidney done!
[1] 8 ectocervix done!
[1] 7 endocervix done!
[1] 7 esophagogastric.junction done!
[1] 8 esophagus.mucosa done!
[1] 7 esophagus.muscularis.mucosa done!
[1] 8 fallopian.tube done!
[1] 7 greater.omentum done!
[1] 6 heart.left.ventricle done!
[1] 8 hippocampus.proper done!
[1] 7 hypothalamus done!
[1] 6 liver done!
[1] 8 lower.leg.skin done!
[1] 8 lung done!
[1] 9 minor.salivary.gland done!
[1] 7 nucleus.accumbens done!
[1] 8 ovary done!
[1] 6 pancreas done!
[1] 8 pituitary.gland done!
[1] 9 prostate.gland done!
[1] 7 putamen done!
[1] 7 sigmoid.colon done!
[1] 6 skeletal.muscle.tissue done!
[1] 7 small.intestine.Peyer.s.patch done!
[1] 8 spleen done!
[1] 8 stomach done!
[1] 8 subcutaneous.adipose.tissue done!
[1] 7 substantia.nigra done!
[1] 9 suprapubic.skin done!
[1] 9 testis done!
[1] 6 thyroid.gland done!
[1] 7 tibial.artery done!
[1] 8 tibial.nerve done!
[1] 7 transformed.skin.fibroblast done!
[1] 7 transverse.colon done!
[1] 7 urinary.bladder done!
[1] 7 uterus done!
[1] 9 vagina done!
[1] min2Mb_chr18_All_topCP3_gapBin50_hub1 done!
[1] 5 Brodmann..1909..area.24 done!
[1] 4 Brodmann..1909..area.9 done!
[1] 3 C1.segment.of.cervical.spinal.cord done!
[1] 4 EBV.transformed.lymphocyte done!
[1] 4 adrenal.gland done!
[1] 3 amygdala done!
[1] 4 aorta done!
[1] 3 atrium.auricular.region done!
[1] 3 blood done!
[1] 6 breast done!
[1] 3 caudate.nucleus done!
[1] 3 cerebellar.hemisphere done!
[1] 3 cerebellum done!
[1] 5 cerebral.cortex done!
[1] 3 coronary.artery done!
[1] 4 cortex.of.kidney done!
[1] 6 ectocervix done!
[1] 6 endocervix done!
[1] 4 esophagogastric.junction done!
[1] 7 esophagus.mucosa done!
[1] 4 esophagus.muscularis.mucosa done!
[1] 5 fallopian.tube done!
[1] 4 greater.omentum done!
[1] 2 heart.left.ventricle done!
[1] 4 hippocampus.proper done!
[1] 3 hypothalamus done!
[1] 3 liver done!
[1] 6 lower.leg.skin done!
[1] 5 lung done!
[1] 8 minor.salivary.gland done!
[1] 3 nucleus.accumbens done!
[1] 5 ovary done!
[1] 3 pancreas done!
[1] 5 pituitary.gland done!
[1] 7 prostate.gland done!
[1] 3 putamen done!
[1] 4 sigmoid.colon done!
[1] 2 skeletal.muscle.tissue done!
[1] 4 small.intestine.Peyer.s.patch done!
[1] 5 spleen done!
[1] 5 stomach done!
[1] 5 subcutaneous.adipose.tissue done!
[1] 3 substantia.nigra done!
[1] 7 suprapubic.skin done!
[1] 8 testis done!
[1] 3 thyroid.gland done!
[1] 4 tibial.artery done!
[1] 5 tibial.nerve done!
[1] 6 transformed.skin.fibroblast done!
[1] 4 transverse.colon done!
[1] 5 urinary.bladder done!
[1] 4 uterus done!
[1] 8 vagina done!
[1] min2Mb_chr18_All_topCP3_gapBin50_hub2 done!
[1] 58 Brodmann..1909..area.24 done!
[1] 58 Brodmann..1909..area.9 done!
[1] 59 C1.segment.of.cervical.spinal.cord done!
[1] 58 EBV.transformed.lymphocyte done!
[1] 57 adrenal.gland done!
[1] 58 amygdala done!
[1] 59 aorta done!
[1] 59 atrium.auricular.region done!
[1] 56 blood done!
[1] 59 breast done!
[1] 59 caudate.nucleus done!
[1] 60 cerebellar.hemisphere done!
[1] 60 cerebellum done!
[1] 60 cerebral.cortex done!
[1] 59 coronary.artery done!
[1] 59 cortex.of.kidney done!
[1] 59 ectocervix done!
[1] 60 endocervix done!
[1] 59 esophagogastric.junction done!
[1] 58 esophagus.mucosa done!
[1] 59 esophagus.muscularis.mucosa done!
[1] 59 fallopian.tube done!
[1] 59 greater.omentum done!
[1] 59 heart.left.ventricle done!
[1] 58 hippocampus.proper done!
[1] 59 hypothalamus done!
[1] 57 liver done!
[1] 60 lower.leg.skin done!
[1] 59 lung done!
[1] 59 minor.salivary.gland done!
[1] 60 nucleus.accumbens done!
[1] 59 ovary done!
[1] 57 pancreas done!
[1] 59 pituitary.gland done!
[1] 59 prostate.gland done!
[1] 58 putamen done!
[1] 59 sigmoid.colon done!
[1] 59 skeletal.muscle.tissue done!
[1] 59 small.intestine.Peyer.s.patch done!
[1] 58 spleen done!
[1] 59 stomach done!
[1] 59 subcutaneous.adipose.tissue done!
[1] 58 substantia.nigra done!
[1] 60 suprapubic.skin done!
[1] 60 testis done!
[1] 60 thyroid.gland done!
[1] 59 tibial.artery done!
[1] 59 tibial.nerve done!
[1] 57 transformed.skin.fibroblast done!
[1] 59 transverse.colon done!
[1] 59 urinary.bladder done!
[1] 59 uterus done!
[1] 59 vagina done!
[1] min2Mb_chr19_All_topCP3_gapBin50_hub1 done!
[1] 3 Brodmann..1909..area.24 done!
[1] 3 Brodmann..1909..area.9 done!
[1] 3 C1.segment.of.cervical.spinal.cord done!
[1] 1 EBV.transformed.lymphocyte done!
[1] 1 adrenal.gland done!
[1] 3 amygdala done!
[1] 2 aorta done!
[1] 2 atrium.auricular.region done!
[1] 1 blood done!
[1] 2 breast done!
[1] 3 caudate.nucleus done!
[1] 3 cerebellar.hemisphere done!
[1] 3 cerebellum done!
[1] 3 cerebral.cortex done!
[1] 2 coronary.artery done!
[1] 2 cortex.of.kidney done!
[1] 2 ectocervix done!
[1] 2 endocervix done!
[1] 2 esophagogastric.junction done!
[1] 2 esophagus.mucosa done!
[1] 2 esophagus.muscularis.mucosa done!
[1] 3 fallopian.tube done!
[1] 2 greater.omentum done!
[1] 2 heart.left.ventricle done!
[1] 3 hippocampus.proper done!
[1] 3 hypothalamus done!
[1] 1 liver done!
[1] 2 lower.leg.skin done!
[1] 2 lung done!
[1] 2 minor.salivary.gland done!
[1] 3 nucleus.accumbens done!
[1] 3 ovary done!
[1] 1 pancreas done!
[1] 3 pituitary.gland done!
[1] 2 prostate.gland done!
[1] 3 putamen done!
[1] 2 sigmoid.colon done!
[1] 2 skeletal.muscle.tissue done!
[1] 2 small.intestine.Peyer.s.patch done!
[1] 1 spleen done!
[1] 2 stomach done!
[1] 2 subcutaneous.adipose.tissue done!
[1] 3 substantia.nigra done!
[1] 2 suprapubic.skin done!
[1] 4 testis done!
[1] 3 thyroid.gland done!
[1] 2 tibial.artery done!
[1] 2 tibial.nerve done!
[1] 1 transformed.skin.fibroblast done!
[1] 2 transverse.colon done!
[1] 2 urinary.bladder done!
[1] 2 uterus done!
[1] 2 vagina done!
[1] min2Mb_chr2_All_topCP3_gapBin50_hub1 done!
[1] 6 Brodmann..1909..area.24 done!
[1] 6 Brodmann..1909..area.9 done!
[1] 6 C1.segment.of.cervical.spinal.cord done!
[1] 5 EBV.transformed.lymphocyte done!
[1] 5 adrenal.gland done!
[1] 6 amygdala done!
[1] 4 aorta done!
[1] 5 atrium.auricular.region done!
[1] 4 blood done!
[1] 6 breast done!
[1] 6 caudate.nucleus done!
[1] 7 cerebellar.hemisphere done!
[1] 7 cerebellum done!
[1] 6 cerebral.cortex done!
[1] 5 coronary.artery done!
[1] 4 cortex.of.kidney done!
[1] 6 ectocervix done!
[1] 5 endocervix done!
[1] 5 esophagogastric.junction done!
[1] 4 esophagus.mucosa done!
[1] 5 esophagus.muscularis.mucosa done!
[1] 7 fallopian.tube done!
[1] 5 greater.omentum done!
[1] 4 heart.left.ventricle done!
[1] 6 hippocampus.proper done!
[1] 6 hypothalamus done!
[1] 4 liver done!
[1] 5 lower.leg.skin done!
[1] 5 lung done!
[1] 5 minor.salivary.gland done!
[1] 6 nucleus.accumbens done!
[1] 7 ovary done!
[1] 5 pancreas done!
[1] 7 pituitary.gland done!
[1] 6 prostate.gland done!
[1] 6 putamen done!
[1] 5 sigmoid.colon done!
[1] 4 skeletal.muscle.tissue done!
[1] 5 small.intestine.Peyer.s.patch done!
[1] 5 spleen done!
[1] 6 stomach done!
[1] 4 subcutaneous.adipose.tissue done!
[1] 6 substantia.nigra done!
[1] 6 suprapubic.skin done!
[1] 8 testis done!
[1] 7 thyroid.gland done!
[1] 4 tibial.artery done!
[1] 6 tibial.nerve done!
[1] 4 transformed.skin.fibroblast done!
[1] 5 transverse.colon done!
[1] 4 urinary.bladder done!
[1] 6 uterus done!
[1] 6 vagina done!
[1] min2Mb_chr2_All_topCP3_gapBin50_hub2 done!
[1] 4 Brodmann..1909..area.24 done!
[1] 4 Brodmann..1909..area.9 done!
[1] 5 C1.segment.of.cervical.spinal.cord done!
[1] 2 EBV.transformed.lymphocyte done!
[1] 2 adrenal.gland done!
[1] 4 amygdala done!
[1] 2 aorta done!
[1] 2 atrium.auricular.region done!
[1] 2 blood done!
[1] 4 breast done!
[1] 5 caudate.nucleus done!
[1] 4 cerebellar.hemisphere done!
[1] 4 cerebellum done!
[1] 4 cerebral.cortex done!
[1] 2 coronary.artery done!
[1] 3 cortex.of.kidney done!
[1] 3 ectocervix done!
[1] 4 endocervix done!
[1] 2 esophagogastric.junction done!
[1] 4 esophagus.mucosa done!
[1] 2 esophagus.muscularis.mucosa done!
[1] 5 fallopian.tube done!
[1] 3 greater.omentum done!
[1] 2 heart.left.ventricle done!
[1] 4 hippocampus.proper done!
[1] 5 hypothalamus done!
[1] 2 liver done!
[1] 4 lower.leg.skin done!
[1] 3 lung done!
[1] 3 minor.salivary.gland done!
[1] 5 nucleus.accumbens done!
[1] 4 ovary done!
[1] 2 pancreas done!
[1] 5 pituitary.gland done!
[1] 4 prostate.gland done!
[1] 5 putamen done!
[1] 4 sigmoid.colon done!
[1] 2 skeletal.muscle.tissue done!
[1] 3 small.intestine.Peyer.s.patch done!
[1] 4 spleen done!
[1] 3 stomach done!
[1] 3 subcutaneous.adipose.tissue done!
[1] 4 substantia.nigra done!
[1] 3 suprapubic.skin done!
[1] 6 testis done!
[1] 5 thyroid.gland done!
[1] 2 tibial.artery done!
[1] 3 tibial.nerve done!
[1] 2 transformed.skin.fibroblast done!
[1] 2 transverse.colon done!
[1] 3 urinary.bladder done!
[1] 3 uterus done!
[1] 4 vagina done!
[1] min2Mb_chr2_All_topCP3_gapBin50_hub3 done!
[1] 7 Brodmann..1909..area.24 done!
[1] 7 Brodmann..1909..area.9 done!
[1] 7 C1.segment.of.cervical.spinal.cord done!
[1] 5 EBV.transformed.lymphocyte done!
[1] 7 adrenal.gland done!
[1] 7 amygdala done!
[1] 7 aorta done!
[1] 7 atrium.auricular.region done!
[1] 6 blood done!
[1] 6 breast done!
[1] 7 caudate.nucleus done!
[1] 7 cerebellar.hemisphere done!
[1] 7 cerebellum done!
[1] 7 cerebral.cortex done!
[1] 7 coronary.artery done!
[1] 6 cortex.of.kidney done!
[1] 6 ectocervix done!
[1] 6 endocervix done!
[1] 6 esophagogastric.junction done!
[1] 6 esophagus.mucosa done!
[1] 6 esophagus.muscularis.mucosa done!
[1] 7 fallopian.tube done!
[1] 7 greater.omentum done!
[1] 6 heart.left.ventricle done!
[1] 7 hippocampus.proper done!
[1] 7 hypothalamus done!
[1] 7 liver done!
[1] 6 lower.leg.skin done!
[1] 7 lung done!
[1] 6 minor.salivary.gland done!
[1] 7 nucleus.accumbens done!
[1] 7 ovary done!
[1] 6 pancreas done!
[1] 7 pituitary.gland done!
[1] 7 prostate.gland done!
[1] 7 putamen done!
[1] 6 sigmoid.colon done!
[1] 6 skeletal.muscle.tissue done!
[1] 6 small.intestine.Peyer.s.patch done!
[1] 6 spleen done!
[1] 6 stomach done!
[1] 6 subcutaneous.adipose.tissue done!
[1] 7 substantia.nigra done!
[1] 6 suprapubic.skin done!
[1] 7 testis done!
[1] 6 thyroid.gland done!
[1] 7 tibial.artery done!
[1] 6 tibial.nerve done!
[1] 5 transformed.skin.fibroblast done!
[1] 6 transverse.colon done!
[1] 6 urinary.bladder done!
[1] 7 uterus done!
[1] 6 vagina done!
[1] min2Mb_chr20_All_topCP3_gapBin50_hub1 done!
[1] 4 Brodmann..1909..area.24 done!
[1] 4 Brodmann..1909..area.9 done!
[1] 4 C1.segment.of.cervical.spinal.cord done!
[1] 2 EBV.transformed.lymphocyte done!
[1] 3 adrenal.gland done!
[1] 4 amygdala done!
[1] 3 aorta done!
[1] 3 atrium.auricular.region done!
[1] 2 blood done!
[1] 3 breast done!
[1] 4 caudate.nucleus done!
[1] 4 cerebellar.hemisphere done!
[1] 4 cerebellum done!
[1] 4 cerebral.cortex done!
[1] 3 coronary.artery done!
[1] 3 cortex.of.kidney done!
[1] 3 ectocervix done!
[1] 3 endocervix done!
[1] 3 esophagogastric.junction done!
[1] 3 esophagus.mucosa done!
[1] 3 esophagus.muscularis.mucosa done!
[1] 3 fallopian.tube done!
[1] 3 greater.omentum done!
[1] 3 heart.left.ventricle done!
[1] 4 hippocampus.proper done!
[1] 4 hypothalamus done!
[1] 2 liver done!
[1] 3 lower.leg.skin done!
[1] 4 lung done!
[1] 3 minor.salivary.gland done!
[1] 4 nucleus.accumbens done!
[1] 3 ovary done!
[1] 3 pancreas done!
[1] 3 pituitary.gland done!
[1] 3 prostate.gland done!
[1] 4 putamen done!
[1] 3 sigmoid.colon done!
[1] 3 skeletal.muscle.tissue done!
[1] 4 small.intestine.Peyer.s.patch done!
[1] 4 spleen done!
[1] 3 stomach done!
[1] 3 subcutaneous.adipose.tissue done!
[1] 4 substantia.nigra done!
[1] 3 suprapubic.skin done!
[1] 4 testis done!
[1] 3 thyroid.gland done!
[1] 3 tibial.artery done!
[1] 3 tibial.nerve done!
[1] 3 transformed.skin.fibroblast done!
[1] 4 transverse.colon done!
[1] 3 urinary.bladder done!
[1] 3 uterus done!
[1] 3 vagina done!
[1] min2Mb_chr21_All_topCP3_gapBin50_hub1 done!
[1] 5 Brodmann..1909..area.24 done!
[1] 5 Brodmann..1909..area.9 done!
[1] 5 C1.segment.of.cervical.spinal.cord done!
[1] 4 EBV.transformed.lymphocyte done!
[1] 4 adrenal.gland done!
[1] 5 amygdala done!
[1] 4 aorta done!
[1] 4 atrium.auricular.region done!
[1] 3 blood done!
[1] 4 breast done!
[1] 5 caudate.nucleus done!
[1] 5 cerebellar.hemisphere done!
[1] 5 cerebellum done!
[1] 5 cerebral.cortex done!
[1] 4 coronary.artery done!
[1] 4 cortex.of.kidney done!
[1] 5 ectocervix done!
[1] 4 endocervix done!
[1] 4 esophagogastric.junction done!
[1] 4 esophagus.mucosa done!
[1] 4 esophagus.muscularis.mucosa done!
[1] 4 fallopian.tube done!
[1] 4 greater.omentum done!
[1] 4 heart.left.ventricle done!
[1] 5 hippocampus.proper done!
[1] 5 hypothalamus done!
[1] 4 liver done!
[1] 4 lower.leg.skin done!
[1] 5 lung done!
[1] 4 minor.salivary.gland done!
[1] 5 nucleus.accumbens done!
[1] 4 ovary done!
[1] 4 pancreas done!
[1] 5 pituitary.gland done!
[1] 4 prostate.gland done!
[1] 5 putamen done!
[1] 4 sigmoid.colon done!
[1] 4 skeletal.muscle.tissue done!
[1] 4 small.intestine.Peyer.s.patch done!
[1] 5 spleen done!
[1] 4 stomach done!
[1] 4 subcutaneous.adipose.tissue done!
[1] 5 substantia.nigra done!
[1] 4 suprapubic.skin done!
[1] 6 testis done!
[1] 4 thyroid.gland done!
[1] 4 tibial.artery done!
[1] 4 tibial.nerve done!
[1] 4 transformed.skin.fibroblast done!
[1] 4 transverse.colon done!
[1] 4 urinary.bladder done!
[1] 4 uterus done!
[1] 4 vagina done!
[1] min2Mb_chr21_All_topCP3_gapBin50_hub2 done!
[1] 7 Brodmann..1909..area.24 done!
[1] 7 Brodmann..1909..area.9 done!
[1] 7 C1.segment.of.cervical.spinal.cord done!
[1] 5 EBV.transformed.lymphocyte done!
[1] 6 adrenal.gland done!
[1] 7 amygdala done!
[1] 5 aorta done!
[1] 5 atrium.auricular.region done!
[1] 3 blood done!
[1] 6 breast done!
[1] 7 caudate.nucleus done!
[1] 7 cerebellar.hemisphere done!
[1] 7 cerebellum done!
[1] 7 cerebral.cortex done!
[1] 6 coronary.artery done!
[1] 7 cortex.of.kidney done!
[1] 7 ectocervix done!
[1] 6 endocervix done!
[1] 5 esophagogastric.junction done!
[1] 5 esophagus.mucosa done!
[1] 5 esophagus.muscularis.mucosa done!
[1] 6 fallopian.tube done!
[1] 5 greater.omentum done!
[1] 5 heart.left.ventricle done!
[1] 7 hippocampus.proper done!
[1] 7 hypothalamus done!
[1] 4 liver done!
[1] 7 lower.leg.skin done!
[1] 7 lung done!
[1] 5 minor.salivary.gland done!
[1] 7 nucleus.accumbens done!
[1] 6 ovary done!
[1] 5 pancreas done!
[1] 6 pituitary.gland done!
[1] 6 prostate.gland done!
[1] 7 putamen done!
[1] 5 sigmoid.colon done!
[1] 6 skeletal.muscle.tissue done!
[1] 7 small.intestine.Peyer.s.patch done!
[1] 6 spleen done!
[1] 5 stomach done!
[1] 6 subcutaneous.adipose.tissue done!
[1] 7 substantia.nigra done!
[1] 8 suprapubic.skin done!
[1] 11 testis done!
[1] 7 thyroid.gland done!
[1] 6 tibial.artery done!
[1] 6 tibial.nerve done!
[1] 6 transformed.skin.fibroblast done!
[1] 5 transverse.colon done!
[1] 6 urinary.bladder done!
[1] 6 uterus done!
[1] 6 vagina done!
[1] min2Mb_chr21_All_topCP3_gapBin50_hub3 done!
[1] 4 Brodmann..1909..area.24 done!
[1] 4 Brodmann..1909..area.9 done!
[1] 4 C1.segment.of.cervical.spinal.cord done!
[1] 3 EBV.transformed.lymphocyte done!
[1] 4 adrenal.gland done!
[1] 4 amygdala done!
[1] 4 aorta done!
[1] 4 atrium.auricular.region done!
[1] 3 blood done!
[1] 4 breast done!
[1] 3 caudate.nucleus done!
[1] 4 cerebellar.hemisphere done!
[1] 4 cerebellum done!
[1] 4 cerebral.cortex done!
[1] 4 coronary.artery done!
[1] 3 cortex.of.kidney done!
[1] 4 ectocervix done!
[1] 4 endocervix done!
[1] 4 esophagogastric.junction done!
[1] 4 esophagus.mucosa done!
[1] 4 esophagus.muscularis.mucosa done!
[1] 4 fallopian.tube done!
[1] 4 greater.omentum done!
[1] 4 heart.left.ventricle done!
[1] 4 hippocampus.proper done!
[1] 4 hypothalamus done!
[1] 2 liver done!
[1] 4 lower.leg.skin done!
[1] 4 lung done!
[1] 4 minor.salivary.gland done!
[1] 3 nucleus.accumbens done!
[1] 4 ovary done!
[1] 3 pancreas done!
[1] 4 pituitary.gland done!
[1] 4 prostate.gland done!
[1] 3 putamen done!
[1] 4 sigmoid.colon done!
[1] 4 skeletal.muscle.tissue done!
[1] 4 small.intestine.Peyer.s.patch done!
[1] 4 spleen done!
[1] 4 stomach done!
[1] 4 subcutaneous.adipose.tissue done!
[1] 4 substantia.nigra done!
[1] 4 suprapubic.skin done!
[1] 4 testis done!
[1] 4 thyroid.gland done!
[1] 4 tibial.artery done!
[1] 4 tibial.nerve done!
[1] 3 transformed.skin.fibroblast done!
[1] 3 transverse.colon done!
[1] 4 urinary.bladder done!
[1] 4 uterus done!
[1] 4 vagina done!
[1] min2Mb_chr22_All_topCP3_gapBin50_hub1 done!
[1] 6 Brodmann..1909..area.24 done!
[1] 6 Brodmann..1909..area.9 done!
[1] 6 C1.segment.of.cervical.spinal.cord done!
[1] 4 EBV.transformed.lymphocyte done!
[1] 6 adrenal.gland done!
[1] 6 amygdala done!
[1] 6 aorta done!
[1] 6 atrium.auricular.region done!
[1] 2 blood done!
[1] 6 breast done!
[1] 6 caudate.nucleus done!
[1] 6 cerebellar.hemisphere done!
[1] 6 cerebellum done!
[1] 6 cerebral.cortex done!
[1] 6 coronary.artery done!
[1] 6 cortex.of.kidney done!
[1] 7 ectocervix done!
[1] 6 endocervix done!
[1] 6 esophagogastric.junction done!
[1] 7 esophagus.mucosa done!
[1] 6 esophagus.muscularis.mucosa done!
[1] 6 fallopian.tube done!
[1] 6 greater.omentum done!
[1] 6 heart.left.ventricle done!
[1] 6 hippocampus.proper done!
[1] 6 hypothalamus done!
[1] 5 liver done!
[1] 6 lower.leg.skin done!
[1] 6 lung done!
[1] 6 minor.salivary.gland done!
[1] 6 nucleus.accumbens done!
[1] 6 ovary done!
[1] 6 pancreas done!
[1] 6 pituitary.gland done!
[1] 6 prostate.gland done!
[1] 6 putamen done!
[1] 6 sigmoid.colon done!
[1] 6 skeletal.muscle.tissue done!
[1] 6 small.intestine.Peyer.s.patch done!
[1] 5 spleen done!
[1] 6 stomach done!
[1] 6 subcutaneous.adipose.tissue done!
[1] 6 substantia.nigra done!
[1] 6 suprapubic.skin done!
[1] 8 testis done!
[1] 6 thyroid.gland done!
[1] 6 tibial.artery done!
[1] 6 tibial.nerve done!
[1] 6 transformed.skin.fibroblast done!
[1] 6 transverse.colon done!
[1] 6 urinary.bladder done!
[1] 6 uterus done!
[1] 7 vagina done!
[1] min2Mb_chr3_All_topCP3_gapBin50_hub1 done!
[1] 4 Brodmann..1909..area.24 done!
[1] 4 Brodmann..1909..area.9 done!
[1] 4 C1.segment.of.cervical.spinal.cord done!
[1] 1 EBV.transformed.lymphocyte done!
[1] 3 adrenal.gland done!
[1] 4 amygdala done!
[1] 4 aorta done!
[1] 4 atrium.auricular.region done!
[1] 3 blood done!
[1] 4 breast done!
[1] 4 caudate.nucleus done!
[1] 5 cerebellar.hemisphere done!
[1] 5 cerebellum done!
[1] 4 cerebral.cortex done!
[1] 4 coronary.artery done!
[1] 3 cortex.of.kidney done!
[1] 3 ectocervix done!
[1] 4 endocervix done!
[1] 4 esophagogastric.junction done!
[1] 4 esophagus.mucosa done!
[1] 4 esophagus.muscularis.mucosa done!
[1] 4 fallopian.tube done!
[1] 4 greater.omentum done!
[1] 3 heart.left.ventricle done!
[1] 4 hippocampus.proper done!
[1] 4 hypothalamus done!
[1] 2 liver done!
[1] 4 lower.leg.skin done!
[1] 3 lung done!
[1] 4 minor.salivary.gland done!
[1] 4 nucleus.accumbens done!
[1] 4 ovary done!
[1] 3 pancreas done!
[1] 4 pituitary.gland done!
[1] 4 prostate.gland done!
[1] 4 putamen done!
[1] 4 sigmoid.colon done!
[1] 4 skeletal.muscle.tissue done!
[1] 4 small.intestine.Peyer.s.patch done!
[1] 3 spleen done!
[1] 4 stomach done!
[1] 3 subcutaneous.adipose.tissue done!
[1] 4 substantia.nigra done!
[1] 3 suprapubic.skin done!
[1] 4 testis done!
[1] 4 thyroid.gland done!
[1] 3 tibial.artery done!
[1] 4 tibial.nerve done!
[1] 3 transformed.skin.fibroblast done!
[1] 4 transverse.colon done!
[1] 4 urinary.bladder done!
[1] 4 uterus done!
[1] 3 vagina done!
[1] min2Mb_chr3_All_topCP3_gapBin50_hub2 done!
[1] 6 Brodmann..1909..area.24 done!
[1] 6 Brodmann..1909..area.9 done!
[1] 6 C1.segment.of.cervical.spinal.cord done!
[1] 3 EBV.transformed.lymphocyte done!
[1] 5 adrenal.gland done!
[1] 6 amygdala done!
[1] 6 aorta done!
[1] 6 atrium.auricular.region done!
[1] 4 blood done!
[1] 6 breast done!
[1] 6 caudate.nucleus done!
[1] 6 cerebellar.hemisphere done!
[1] 6 cerebellum done!
[1] 6 cerebral.cortex done!
[1] 6 coronary.artery done!
[1] 5 cortex.of.kidney done!
[1] 6 ectocervix done!
[1] 6 endocervix done!
[1] 6 esophagogastric.junction done!
[1] 6 esophagus.mucosa done!
[1] 6 esophagus.muscularis.mucosa done!
[1] 6 fallopian.tube done!
[1] 6 greater.omentum done!
[1] 6 heart.left.ventricle done!
[1] 6 hippocampus.proper done!
[1] 6 hypothalamus done!
[1] 4 liver done!
[1] 6 lower.leg.skin done!
[1] 6 lung done!
[1] 6 minor.salivary.gland done!
[1] 6 nucleus.accumbens done!
[1] 5 ovary done!
[1] 6 pancreas done!
[1] 6 pituitary.gland done!
[1] 6 prostate.gland done!
[1] 6 putamen done!
[1] 6 sigmoid.colon done!
[1] 6 skeletal.muscle.tissue done!
[1] 6 small.intestine.Peyer.s.patch done!
[1] 5 spleen done!
[1] 6 stomach done!
[1] 6 subcutaneous.adipose.tissue done!
[1] 5 substantia.nigra done!
[1] 6 suprapubic.skin done!
[1] 6 testis done!
[1] 6 thyroid.gland done!
[1] 6 tibial.artery done!
[1] 6 tibial.nerve done!
[1] 5 transformed.skin.fibroblast done!
[1] 6 transverse.colon done!
[1] 6 urinary.bladder done!
[1] 6 uterus done!
[1] 6 vagina done!
[1] min2Mb_chr3_All_topCP3_gapBin50_hub3 done!
[1] 4 Brodmann..1909..area.24 done!
[1] 4 Brodmann..1909..area.9 done!
[1] 4 C1.segment.of.cervical.spinal.cord done!
[1] 4 EBV.transformed.lymphocyte done!
[1] 4 adrenal.gland done!
[1] 4 amygdala done!
[1] 4 aorta done!
[1] 4 atrium.auricular.region done!
[1] 4 blood done!
[1] 4 breast done!
[1] 4 caudate.nucleus done!
[1] 4 cerebellar.hemisphere done!
[1] 4 cerebellum done!
[1] 4 cerebral.cortex done!
[1] 4 coronary.artery done!
[1] 4 cortex.of.kidney done!
[1] 4 ectocervix done!
[1] 4 endocervix done!
[1] 4 esophagogastric.junction done!
[1] 4 esophagus.mucosa done!
[1] 4 esophagus.muscularis.mucosa done!
[1] 4 fallopian.tube done!
[1] 4 greater.omentum done!
[1] 4 heart.left.ventricle done!
[1] 4 hippocampus.proper done!
[1] 4 hypothalamus done!
[1] 4 liver done!
[1] 4 lower.leg.skin done!
[1] 4 lung done!
[1] 4 minor.salivary.gland done!
[1] 4 nucleus.accumbens done!
[1] 4 ovary done!
[1] 4 pancreas done!
[1] 4 pituitary.gland done!
[1] 4 prostate.gland done!
[1] 4 putamen done!
[1] 4 sigmoid.colon done!
[1] 4 skeletal.muscle.tissue done!
[1] 4 small.intestine.Peyer.s.patch done!
[1] 4 spleen done!
[1] 4 stomach done!
[1] 4 subcutaneous.adipose.tissue done!
[1] 4 substantia.nigra done!
[1] 4 suprapubic.skin done!
[1] 5 testis done!
[1] 4 thyroid.gland done!
[1] 4 tibial.artery done!
[1] 4 tibial.nerve done!
[1] 4 transformed.skin.fibroblast done!
[1] 4 transverse.colon done!
[1] 4 urinary.bladder done!
[1] 4 uterus done!
[1] 4 vagina done!
[1] min2Mb_chr4_All_topCP3_gapBin50_hub1 done!
[1] 4 Brodmann..1909..area.24 done!
[1] 4 Brodmann..1909..area.9 done!
[1] 4 C1.segment.of.cervical.spinal.cord done!
[1] 2 EBV.transformed.lymphocyte done!
[1] 2 adrenal.gland done!
[1] 4 amygdala done!
[1] 4 aorta done!
[1] 4 atrium.auricular.region done!
[1] 2 blood done!
[1] 4 breast done!
[1] 4 caudate.nucleus done!
[1] 3 cerebellar.hemisphere done!
[1] 3 cerebellum done!
[1] 4 cerebral.cortex done!
[1] 4 coronary.artery done!
[1] 4 cortex.of.kidney done!
[1] 3 ectocervix done!
[1] 3 endocervix done!
[1] 4 esophagogastric.junction done!
[1] 4 esophagus.mucosa done!
[1] 4 esophagus.muscularis.mucosa done!
[1] 4 fallopian.tube done!
[1] 4 greater.omentum done!
[1] 2 heart.left.ventricle done!
[1] 4 hippocampus.proper done!
[1] 4 hypothalamus done!
[1] 2 liver done!
[1] 3 lower.leg.skin done!
[1] 3 lung done!
[1] 3 minor.salivary.gland done!
[1] 4 nucleus.accumbens done!
[1] 4 ovary done!
[1] 2 pancreas done!
[1] 4 pituitary.gland done!
[1] 4 prostate.gland done!
[1] 4 putamen done!
[1] 4 sigmoid.colon done!
[1] 2 skeletal.muscle.tissue done!
[1] 4 small.intestine.Peyer.s.patch done!
[1] 3 spleen done!
[1] 4 stomach done!
[1] 4 subcutaneous.adipose.tissue done!
[1] 4 substantia.nigra done!
[1] 3 suprapubic.skin done!
[1] 5 testis done!
[1] 3 thyroid.gland done!
[1] 4 tibial.artery done!
[1] 4 tibial.nerve done!
[1] 1 transformed.skin.fibroblast done!
[1] 4 transverse.colon done!
[1] 4 urinary.bladder done!
[1] 4 uterus done!
[1] 4 vagina done!
[1] min2Mb_chr4_All_topCP3_gapBin50_hub2 done!
[1] 1 Brodmann..1909..area.24 done!
[1] 1 Brodmann..1909..area.9 done!
[1] 1 C1.segment.of.cervical.spinal.cord done!
[1] 0 EBV.transformed.lymphocyte skipped!
[1] 1 adrenal.gland done!
[1] 1 amygdala done!
[1] 1 aorta done!
[1] 1 atrium.auricular.region done!
[1] 0 blood skipped!
[1] 1 breast done!
[1] 1 caudate.nucleus done!
[1] 1 cerebellar.hemisphere done!
[1] 1 cerebellum done!
[1] 1 cerebral.cortex done!
[1] 1 coronary.artery done!
[1] 1 cortex.of.kidney done!
[1] 2 ectocervix done!
[1] 1 endocervix done!
[1] 1 esophagogastric.junction done!
[1] 1 esophagus.mucosa done!
[1] 1 esophagus.muscularis.mucosa done!
[1] 2 fallopian.tube done!
[1] 1 greater.omentum done!
[1] 0 heart.left.ventricle skipped!
[1] 1 hippocampus.proper done!
[1] 1 hypothalamus done!
[1] 0 liver skipped!
[1] 1 lower.leg.skin done!
[1] 1 lung done!
[1] 1 minor.salivary.gland done!
[1] 1 nucleus.accumbens done!
[1] 1 ovary done!
[1] 1 pancreas done!
[1] 1 pituitary.gland done!
[1] 2 prostate.gland done!
[1] 1 putamen done!
[1] 1 sigmoid.colon done!
[1] 0 skeletal.muscle.tissue skipped!
[1] 2 small.intestine.Peyer.s.patch done!
[1] 1 spleen done!
[1] 1 stomach done!
[1] 1 subcutaneous.adipose.tissue done!
[1] 1 substantia.nigra done!
[1] 1 suprapubic.skin done!
[1] 3 testis done!
[1] 1 thyroid.gland done!
[1] 1 tibial.artery done!
[1] 1 tibial.nerve done!
[1] 1 transformed.skin.fibroblast done!
[1] 1 transverse.colon done!
[1] 2 urinary.bladder done!
[1] 1 uterus done!
[1] 2 vagina done!
[1] min2Mb_chr4_All_topCP3_gapBin50_hub3 done!
[1] 5 Brodmann..1909..area.24 done!
[1] 5 Brodmann..1909..area.9 done!
[1] 4 C1.segment.of.cervical.spinal.cord done!
[1] 4 EBV.transformed.lymphocyte done!
[1] 4 adrenal.gland done!
[1] 5 amygdala done!
[1] 4 aorta done!
[1] 4 atrium.auricular.region done!
[1] 4 blood done!
[1] 4 breast done!
[1] 5 caudate.nucleus done!
[1] 4 cerebellar.hemisphere done!
[1] 4 cerebellum done!
[1] 5 cerebral.cortex done!
[1] 4 coronary.artery done!
[1] 5 cortex.of.kidney done!
[1] 4 ectocervix done!
[1] 4 endocervix done!
[1] 4 esophagogastric.junction done!
[1] 4 esophagus.mucosa done!
[1] 4 esophagus.muscularis.mucosa done!
[1] 4 fallopian.tube done!
[1] 4 greater.omentum done!
[1] 4 heart.left.ventricle done!
[1] 5 hippocampus.proper done!
[1] 5 hypothalamus done!
[1] 4 liver done!
[1] 4 lower.leg.skin done!
[1] 4 lung done!
[1] 4 minor.salivary.gland done!
[1] 5 nucleus.accumbens done!
[1] 4 ovary done!
[1] 4 pancreas done!
[1] 4 pituitary.gland done!
[1] 4 prostate.gland done!
[1] 5 putamen done!
[1] 4 sigmoid.colon done!
[1] 4 skeletal.muscle.tissue done!
[1] 5 small.intestine.Peyer.s.patch done!
[1] 4 spleen done!
[1] 4 stomach done!
[1] 4 subcutaneous.adipose.tissue done!
[1] 5 substantia.nigra done!
[1] 4 suprapubic.skin done!
[1] 5 testis done!
[1] 4 thyroid.gland done!
[1] 4 tibial.artery done!
[1] 4 tibial.nerve done!
[1] 4 transformed.skin.fibroblast done!
[1] 4 transverse.colon done!
[1] 4 urinary.bladder done!
[1] 4 uterus done!
[1] 4 vagina done!
[1] min2Mb_chr5_All_topCP3_gapBin50_hub1 done!
[1] 3 Brodmann..1909..area.24 done!
[1] 3 Brodmann..1909..area.9 done!
[1] 3 C1.segment.of.cervical.spinal.cord done!
[1] 2 EBV.transformed.lymphocyte done!
[1] 3 adrenal.gland done!
[1] 3 amygdala done!
[1] 3 aorta done!
[1] 3 atrium.auricular.region done!
[1] 2 blood done!
[1] 3 breast done!
[1] 3 caudate.nucleus done!
[1] 3 cerebellar.hemisphere done!
[1] 3 cerebellum done!
[1] 3 cerebral.cortex done!
[1] 3 coronary.artery done!
[1] 3 cortex.of.kidney done!
[1] 3 ectocervix done!
[1] 3 endocervix done!
[1] 3 esophagogastric.junction done!
[1] 3 esophagus.mucosa done!
[1] 3 esophagus.muscularis.mucosa done!
[1] 3 fallopian.tube done!
[1] 3 greater.omentum done!
[1] 3 heart.left.ventricle done!
[1] 3 hippocampus.proper done!
[1] 3 hypothalamus done!
[1] 3 liver done!
[1] 3 lower.leg.skin done!
[1] 3 lung done!
[1] 3 minor.salivary.gland done!
[1] 3 nucleus.accumbens done!
[1] 3 ovary done!
[1] 3 pancreas done!
[1] 3 pituitary.gland done!
[1] 3 prostate.gland done!
[1] 3 putamen done!
[1] 3 sigmoid.colon done!
[1] 3 skeletal.muscle.tissue done!
[1] 3 small.intestine.Peyer.s.patch done!
[1] 3 spleen done!
[1] 3 stomach done!
[1] 3 subcutaneous.adipose.tissue done!
[1] 3 substantia.nigra done!
[1] 3 suprapubic.skin done!
[1] 4 testis done!
[1] 3 thyroid.gland done!
[1] 3 tibial.artery done!
[1] 3 tibial.nerve done!
[1] 3 transformed.skin.fibroblast done!
[1] 3 transverse.colon done!
[1] 3 urinary.bladder done!
[1] 3 uterus done!
[1] 3 vagina done!
[1] min2Mb_chr5_All_topCP3_gapBin50_hub2 done!
[1] 2 Brodmann..1909..area.24 done!
[1] 2 Brodmann..1909..area.9 done!
[1] 2 C1.segment.of.cervical.spinal.cord done!
[1] 0 EBV.transformed.lymphocyte skipped!
[1] 2 adrenal.gland done!
[1] 2 amygdala done!
[1] 1 aorta done!
[1] 2 atrium.auricular.region done!
[1] 0 blood skipped!
[1] 2 breast done!
[1] 2 caudate.nucleus done!
[1] 2 cerebellar.hemisphere done!
[1] 2 cerebellum done!
[1] 2 cerebral.cortex done!
[1] 1 coronary.artery done!
[1] 2 cortex.of.kidney done!
[1] 2 ectocervix done!
[1] 2 endocervix done!
[1] 2 esophagogastric.junction done!
[1] 1 esophagus.mucosa done!
[1] 2 esophagus.muscularis.mucosa done!
[1] 2 fallopian.tube done!
[1] 1 greater.omentum done!
[1] 1 heart.left.ventricle done!
[1] 2 hippocampus.proper done!
[1] 2 hypothalamus done!
[1] 1 liver done!
[1] 2 lower.leg.skin done!
[1] 2 lung done!
[1] 1 minor.salivary.gland done!
[1] 2 nucleus.accumbens done!
[1] 2 ovary done!
[1] 2 pancreas done!
[1] 2 pituitary.gland done!
[1] 2 prostate.gland done!
[1] 2 putamen done!
[1] 2 sigmoid.colon done!
[1] 1 skeletal.muscle.tissue done!
[1] 2 small.intestine.Peyer.s.patch done!
[1] 1 spleen done!
[1] 2 stomach done!
[1] 1 subcutaneous.adipose.tissue done!
[1] 2 substantia.nigra done!
[1] 1 suprapubic.skin done!
[1] 2 testis done!
[1] 1 thyroid.gland done!
[1] 1 tibial.artery done!
[1] 2 tibial.nerve done!
[1] 1 transformed.skin.fibroblast done!
[1] 2 transverse.colon done!
[1] 2 urinary.bladder done!
[1] 1 uterus done!
[1] 2 vagina done!
[1] min2Mb_chr5_All_topCP3_gapBin50_hub3 done!
[1] 8 Brodmann..1909..area.24 done!
[1] 9 Brodmann..1909..area.9 done!
[1] 9 C1.segment.of.cervical.spinal.cord done!
[1] 8 EBV.transformed.lymphocyte done!
[1] 9 adrenal.gland done!
[1] 9 amygdala done!
[1] 8 aorta done!
[1] 9 atrium.auricular.region done!
[1] 9 blood done!
[1] 9 breast done!
[1] 8 caudate.nucleus done!
[1] 9 cerebellar.hemisphere done!
[1] 10 cerebellum done!
[1] 9 cerebral.cortex done!
[1] 9 coronary.artery done!
[1] 10 cortex.of.kidney done!
[1] 10 ectocervix done!
[1] 8 endocervix done!
[1] 9 esophagogastric.junction done!
[1] 9 esophagus.mucosa done!
[1] 9 esophagus.muscularis.mucosa done!
[1] 9 fallopian.tube done!
[1] 9 greater.omentum done!
[1] 8 heart.left.ventricle done!
[1] 8 hippocampus.proper done!
[1] 8 hypothalamus done!
[1] 9 liver done!
[1] 9 lower.leg.skin done!
[1] 10 lung done!
[1] 8 minor.salivary.gland done!
[1] 8 nucleus.accumbens done!
[1] 8 ovary done!
[1] 7 pancreas done!
[1] 10 pituitary.gland done!
[1] 10 prostate.gland done!
[1] 8 putamen done!
[1] 10 sigmoid.colon done!
[1] 11 skeletal.muscle.tissue done!
[1] 10 small.intestine.Peyer.s.patch done!
[1] 9 spleen done!
[1] 10 stomach done!
[1] 9 subcutaneous.adipose.tissue done!
[1] 8 substantia.nigra done!
[1] 9 suprapubic.skin done!
[1] 12 testis done!
[1] 10 thyroid.gland done!
[1] 8 tibial.artery done!
[1] 10 tibial.nerve done!
[1] 8 transformed.skin.fibroblast done!
[1] 10 transverse.colon done!
[1] 10 urinary.bladder done!
[1] 8 uterus done!
[1] 10 vagina done!
[1] min2Mb_chr6_All_topCP3_gapBin50_hub1 done!
[1] 6 Brodmann..1909..area.24 done!
[1] 7 Brodmann..1909..area.9 done!
[1] 6 C1.segment.of.cervical.spinal.cord done!
[1] 5 EBV.transformed.lymphocyte done!
[1] 6 adrenal.gland done!
[1] 7 amygdala done!
[1] 5 aorta done!
[1] 5 atrium.auricular.region done!
[1] 6 blood done!
[1] 6 breast done!
[1] 6 caudate.nucleus done!
[1] 6 cerebellar.hemisphere done!
[1] 6 cerebellum done!
[1] 7 cerebral.cortex done!
[1] 6 coronary.artery done!
[1] 7 cortex.of.kidney done!
[1] 7 ectocervix done!
[1] 5 endocervix done!
[1] 6 esophagogastric.junction done!
[1] 5 esophagus.mucosa done!
[1] 6 esophagus.muscularis.mucosa done!
[1] 6 fallopian.tube done!
[1] 6 greater.omentum done!
[1] 4 heart.left.ventricle done!
[1] 6 hippocampus.proper done!
[1] 6 hypothalamus done!
[1] 6 liver done!
[1] 6 lower.leg.skin done!
[1] 6 lung done!
[1] 4 minor.salivary.gland done!
[1] 6 nucleus.accumbens done!
[1] 5 ovary done!
[1] 5 pancreas done!
[1] 6 pituitary.gland done!
[1] 7 prostate.gland done!
[1] 6 putamen done!
[1] 6 sigmoid.colon done!
[1] 6 skeletal.muscle.tissue done!
[1] 7 small.intestine.Peyer.s.patch done!
[1] 6 spleen done!
[1] 7 stomach done!
[1] 7 subcutaneous.adipose.tissue done!
[1] 6 substantia.nigra done!
[1] 6 suprapubic.skin done!
[1] 8 testis done!
[1] 6 thyroid.gland done!
[1] 5 tibial.artery done!
[1] 7 tibial.nerve done!
[1] 5 transformed.skin.fibroblast done!
[1] 6 transverse.colon done!
[1] 7 urinary.bladder done!
[1] 5 uterus done!
[1] 7 vagina done!
[1] min2Mb_chr6_All_topCP3_gapBin50_hub2 done!
[1] 9 Brodmann..1909..area.24 done!
[1] 9 Brodmann..1909..area.9 done!
[1] 9 C1.segment.of.cervical.spinal.cord done!
[1] 7 EBV.transformed.lymphocyte done!
[1] 10 adrenal.gland done!
[1] 8 amygdala done!
[1] 8 aorta done!
[1] 8 atrium.auricular.region done!
[1] 7 blood done!
[1] 8 breast done!
[1] 9 caudate.nucleus done!
[1] 8 cerebellar.hemisphere done!
[1] 9 cerebellum done!
[1] 9 cerebral.cortex done!
[1] 8 coronary.artery done!
[1] 8 cortex.of.kidney done!
[1] 8 ectocervix done!
[1] 8 endocervix done!
[1] 9 esophagogastric.junction done!
[1] 8 esophagus.mucosa done!
[1] 8 esophagus.muscularis.mucosa done!
[1] 8 fallopian.tube done!
[1] 8 greater.omentum done!
[1] 6 heart.left.ventricle done!
[1] 8 hippocampus.proper done!
[1] 9 hypothalamus done!
[1] 8 liver done!
[1] 8 lower.leg.skin done!
[1] 8 lung done!
[1] 8 minor.salivary.gland done!
[1] 9 nucleus.accumbens done!
[1] 8 ovary done!
[1] 8 pancreas done!
[1] 9 pituitary.gland done!
[1] 9 prostate.gland done!
[1] 8 putamen done!
[1] 9 sigmoid.colon done!
[1] 8 skeletal.muscle.tissue done!
[1] 9 small.intestine.Peyer.s.patch done!
[1] 8 spleen done!
[1] 9 stomach done!
[1] 8 subcutaneous.adipose.tissue done!
[1] 8 substantia.nigra done!
[1] 8 suprapubic.skin done!
[1] 11 testis done!
[1] 9 thyroid.gland done!
[1] 8 tibial.artery done!
[1] 9 tibial.nerve done!
[1] 8 transformed.skin.fibroblast done!
[1] 9 transverse.colon done!
[1] 9 urinary.bladder done!
[1] 8 uterus done!
[1] 8 vagina done!
[1] min2Mb_chr7_All_topCP3_gapBin50_hub1 done!
[1] 5 Brodmann..1909..area.24 done!
[1] 5 Brodmann..1909..area.9 done!
[1] 5 C1.segment.of.cervical.spinal.cord done!
[1] 4 EBV.transformed.lymphocyte done!
[1] 6 adrenal.gland done!
[1] 5 amygdala done!
[1] 4 aorta done!
[1] 4 atrium.auricular.region done!
[1] 4 blood done!
[1] 4 breast done!
[1] 5 caudate.nucleus done!
[1] 5 cerebellar.hemisphere done!
[1] 5 cerebellum done!
[1] 5 cerebral.cortex done!
[1] 4 coronary.artery done!
[1] 4 cortex.of.kidney done!
[1] 4 ectocervix done!
[1] 4 endocervix done!
[1] 5 esophagogastric.junction done!
[1] 4 esophagus.mucosa done!
[1] 4 esophagus.muscularis.mucosa done!
[1] 4 fallopian.tube done!
[1] 4 greater.omentum done!
[1] 3 heart.left.ventricle done!
[1] 4 hippocampus.proper done!
[1] 6 hypothalamus done!
[1] 4 liver done!
[1] 4 lower.leg.skin done!
[1] 4 lung done!
[1] 4 minor.salivary.gland done!
[1] 5 nucleus.accumbens done!
[1] 4 ovary done!
[1] 4 pancreas done!
[1] 5 pituitary.gland done!
[1] 5 prostate.gland done!
[1] 4 putamen done!
[1] 5 sigmoid.colon done!
[1] 4 skeletal.muscle.tissue done!
[1] 5 small.intestine.Peyer.s.patch done!
[1] 4 spleen done!
[1] 5 stomach done!
[1] 4 subcutaneous.adipose.tissue done!
[1] 5 substantia.nigra done!
[1] 4 suprapubic.skin done!
[1] 9 testis done!
[1] 5 thyroid.gland done!
[1] 4 tibial.artery done!
[1] 5 tibial.nerve done!
[1] 4 transformed.skin.fibroblast done!
[1] 5 transverse.colon done!
[1] 6 urinary.bladder done!
[1] 4 uterus done!
[1] 4 vagina done!
[1] min2Mb_chr7_All_topCP3_gapBin50_hub2 done!
[1] 9 Brodmann..1909..area.24 done!
[1] 9 Brodmann..1909..area.9 done!
[1] 8 C1.segment.of.cervical.spinal.cord done!
[1] 6 EBV.transformed.lymphocyte done!
[1] 6 adrenal.gland done!
[1] 8 amygdala done!
[1] 7 aorta done!
[1] 6 atrium.auricular.region done!
[1] 6 blood done!
[1] 7 breast done!
[1] 9 caudate.nucleus done!
[1] 8 cerebellar.hemisphere done!
[1] 9 cerebellum done!
[1] 9 cerebral.cortex done!
[1] 6 coronary.artery done!
[1] 8 cortex.of.kidney done!
[1] 9 ectocervix done!
[1] 9 endocervix done!
[1] 9 esophagogastric.junction done!
[1] 7 esophagus.mucosa done!
[1] 8 esophagus.muscularis.mucosa done!
[1] 9 fallopian.tube done!
[1] 6 greater.omentum done!
[1] 4 heart.left.ventricle done!
[1] 9 hippocampus.proper done!
[1] 10 hypothalamus done!
[1] 6 liver done!
[1] 10 lower.leg.skin done!
[1] 9 lung done!
[1] 8 minor.salivary.gland done!
[1] 9 nucleus.accumbens done!
[1] 8 ovary done!
[1] 6 pancreas done!
[1] 9 pituitary.gland done!
[1] 9 prostate.gland done!
[1] 9 putamen done!
[1] 9 sigmoid.colon done!
[1] 5 skeletal.muscle.tissue done!
[1] 10 small.intestine.Peyer.s.patch done!
[1] 8 spleen done!
[1] 7 stomach done!
[1] 7 subcutaneous.adipose.tissue done!
[1] 8 substantia.nigra done!
[1] 10 suprapubic.skin done!
[1] 10 testis done!
[1] 8 thyroid.gland done!
[1] 6 tibial.artery done!
[1] 7 tibial.nerve done!
[1] 7 transformed.skin.fibroblast done!
[1] 8 transverse.colon done!
[1] 8 urinary.bladder done!
[1] 9 uterus done!
[1] 9 vagina done!
[1] min2Mb_chr8_All_topCP3_gapBin50_hub1 done!
[1] 26 Brodmann..1909..area.24 done!
[1] 25 Brodmann..1909..area.9 done!
[1] 26 C1.segment.of.cervical.spinal.cord done!
[1] 19 EBV.transformed.lymphocyte done!
[1] 22 adrenal.gland done!
[1] 26 amygdala done!
[1] 21 aorta done!
[1] 22 atrium.auricular.region done!
[1] 19 blood done!
[1] 25 breast done!
[1] 26 caudate.nucleus done!
[1] 25 cerebellar.hemisphere done!
[1] 26 cerebellum done!
[1] 26 cerebral.cortex done!
[1] 22 coronary.artery done!
[1] 27 cortex.of.kidney done!
[1] 26 ectocervix done!
[1] 26 endocervix done!
[1] 24 esophagogastric.junction done!
[1] 24 esophagus.mucosa done!
[1] 25 esophagus.muscularis.mucosa done!
[1] 26 fallopian.tube done!
[1] 25 greater.omentum done!
[1] 23 heart.left.ventricle done!
[1] 26 hippocampus.proper done!
[1] 26 hypothalamus done!
[1] 21 liver done!
[1] 25 lower.leg.skin done!
[1] 25 lung done!
[1] 24 minor.salivary.gland done!
[1] 26 nucleus.accumbens done!
[1] 24 ovary done!
[1] 24 pancreas done!
[1] 26 pituitary.gland done!
[1] 26 prostate.gland done!
[1] 25 putamen done!
[1] 24 sigmoid.colon done!
[1] 21 skeletal.muscle.tissue done!
[1] 24 small.intestine.Peyer.s.patch done!
[1] 23 spleen done!
[1] 25 stomach done!
[1] 23 subcutaneous.adipose.tissue done!
[1] 26 substantia.nigra done!
[1] 24 suprapubic.skin done!
[1] 28 testis done!
[1] 26 thyroid.gland done!
[1] 21 tibial.artery done!
[1] 26 tibial.nerve done!
[1] 20 transformed.skin.fibroblast done!
[1] 24 transverse.colon done!
[1] 26 urinary.bladder done!
[1] 22 uterus done!
[1] 25 vagina done!
[1] min2Mb_chr9_All_topCP3_gapBin50_hub1 done!
> 
> # rm(list=ls()); gc()
> 
> 
> 
> 
