
R version 4.0.5 (2021-03-31) -- "Shake and Throw"
Copyright (C) 2021 The R Foundation for Statistical Computing
Platform: x86_64-apple-darwin17.0 (64-bit)

R is free software and comes with ABSOLUTELY NO WARRANTY.
You are welcome to redistribute it under certain conditions.
Type 'license()' or 'licence()' for distribution details.

  Natural language support but running in an English locale

R is a collaborative project with many contributors.
Type 'contributors()' for more information and
'citation()' on how to cite R or R packages in publications.

Type 'demo()' for some demos, 'help()' for on-line help, or
'help.start()' for an HTML browser interface to help.
Type 'q()' to quit R.

> ################################################################################
> # Generate bootstrapped estimates for mean, sd, var, sd/mean, fraction of NE, 
> # LE, ME, HE of gene expression expected by random chance. Bootstrapping is done
> # per hub and per tissue because n or the number of genes with data per hub per
> # tissue varies. A random sample of n size is drawn from the genes of the 
> # corresponding hub chr only considering genes with expression data for the
> # corresponding tissue. Also, To simplify the process of drawing the random 
> # sample, I only considered genes whose transcripts are located in the one chr.
> # Values in the random sample below the set expression cut-off
> # (in our case 0.5) is converted to 0. Bootstrapping is always done 10000 times. 
> # Using the seed0, 10000 seeds are generated, each will be used for each iteration.
> # In other words, the same set of 10000 integers are used in the bootstrappping.
> # However, values of the random samples will be different because n varies across
> # hubs and tissues as well as the set of genes that have expression data. 
> ################################################################################
> # FLAGS * FLAGS * FLAGS * FLAGS * FLAGS * FLAGS * FLAGS * FLAGS * FLAGS * FLAGS
> ### DIRECTORY STRUCTURE ########################################################
> whorunsit = "LiezelMac" # "LiezelMac", "LiezelCluster", "LiezelLinuxDesk",
> # "AlexMac", "AlexCluster"
> 
> if( !is.null(whorunsit[1]) ){
+   # This can be expanded as needed ...
+   if(whorunsit == "LiezelMac"){
+     lib = "/Users/ltamon/DPhil/lib"
+     wk.dir = "/Users/ltamon/SahakyanLab/CoreGenomeExplorer"
+     data.dir= "/Users/ltamon/Database"
+   } else if(whorunsit == "LiezelCluster"){
+     lib = "/t1-data/user/ltamon/DPhil/lib"
+     wk.dir = "/t1-data/user/ltamon/SahakyanLab/CoreGenomeExplorer"
+     data.dir= "/t1-data/user/ltamon/Database"
+   } else {
+     print("The supplied <whorunsit> option is not created in the script.", quote=F)
+   }
+ }
> # Data on genes forming hubs and the n per hub
> exprData.dir = paste0(wk.dir, "/out_cleanExprData")
> hub.dir = paste0(wk.dir, "/out_hubfile")
> hubinfo.dir = paste0(wk.dir, "/out_hubinfo")
> out.dir = paste0(wk.dir, "/out_nonHubBoot/exprCutoff_05")
> ### OTHER SETTINGS #############################################################
> src.id = "data1"
> gcb = "min2Mb"
> hub.id = "All_topCP3_gapBin50"
> expr.cutoff = 0.5
> 
> # BOOTSTRAP parameters
> iter = 10000
> nCPU = 3
> seed0 = 763
> ################################################################################
> # LIBRARIES & DEPENDENCIES * LIBRARIES & DEPENDENCIES * LIBRARIES & DEPENDENCIES 
> ################################################################################
> library(foreach)
> library(doParallel)
Loading required package: iterators
Loading required package: parallel
> library(itertools)
> source(paste0(lib, "/UTL_doPar.R"))
[1] Running with 3 cores.
> ################################################################################
> # MAIN CODE * MAIN CODE * MAIN CODE * MAIN CODE * MAIN CODE * MAIN CODE *
> ################################################################################
> exprDataPath <- paste0(exprData.dir, "/expr_", src.id ,"_cutoff0.csv")
> nhub.df <- read.csv(file=paste0(hubinfo.dir, "/", gcb, "_", hub.id, "_", src.id, 
+                                 "_nvalues.csv"), stringsAsFactors=F) 
> 
> HUB <- list.files(path=hub.dir, pattern=hub.id, recursive=F)
> HUB <- HUB[grepl(x=HUB, pattern=gcb)]
> HUB <- gsub(x=HUB, pattern=".csv", replacement="", fixed=T)
> HUB.len <- length(HUB)
> print(paste0(HUB.len, " hubs."), quote=F)
[1] 38 hubs.
> 
> expr.df <- read.csv(file=exprDataPath, header=T, stringsAsFactors=F)
> expr.df <- expr.df[!is.na(expr.df$chr),]
> tiss.v <- colnames(expr.df[,!colnames(expr.df)%in%c("chr", "Gene.Name")])
> tiss.v.len <- length(tiss.v)
> 
> stat.v <- c("MEAN", "sd.MEAN", "SD", "sd.SD", "VAR", "sd.VAR", 
+             "NE", "sd.NE", "LE", "sd.LE", "ME", "sd.ME", "HE", 
+             "sd.HE", "SDdivMEAN", "sd.SDdivMEAN")
> stat.v.len <- length(stat.v)
> 
> set.seed(seed0)
> # Generate seeds per hub
> seed.hub <- sample(x=1:1000, size=HUB.len, replace=F)
> 
> for(h in 1:HUB.len){
+   
+   set.seed(seed.hub[h])
+   # Generate seeds per hub, per tissue
+   seed.tiss <- sample(x=1:1000, size=tiss.v.len, replace=F)
+   names(seed.tiss) <- tiss.v
+   
+   hub <- HUB[h]
+   hub.ind <- which(nhub.df$hub==hub) 
+   chr <- nhub.df[hub.ind, "chr"]
+   BOOT.MX <- matrix(data=NA, nrow=tiss.v.len, ncol=stat.v.len+1,
+                     dimnames=list(tiss.v, c("n", stat.v)))
+   BOOT.MX[,"n"] <- 0
+   
+   for(tiss in tiss.v){
+     
+     set.seed( unname(seed.tiss[tiss]) )
+     # Generate seeds per hub, per tissue, per iteration
+     SEED.v <- sample(x=1:20000, size=iter, replace=F)
+     
+     n <- nhub.df[hub.ind, tiss]
+     # Just diregard genes with transcripts on different chr, there are 
+     # enough genes per chr anyway
+     val <- expr.df[expr.df$chr==paste0(chr, "."),tiss]
+     val <- val[!is.na(val)]
+     
+     if(n==0){
+       
+       print(paste0(n, " ", tiss, " skipped!"), quote=F)
+       next
+       
+     } else {
+       
+       toExport <- c("SEED.v", "val", "n")
+       #### PARALLEL EXECUTION #########
+       boot <- foreach(itr=isplitVector(1:iter, chunks=nCPU), 
+                       .inorder=T, .combine="rbind",
+                       .export=toExport, .noexport=ls()[!ls()%in%toExport]
+                       
+       ) %op% {
+         
+         chunk <- sapply(X=itr, simplify=F, FUN=function(i){
+           
+           set.seed(SEED.v[i])
+           samp <- sample(x=val, size=n, replace=T)
+           samp[samp<expr.cutoff] <- 0
+           samp <- c(MEAN=mean(samp), SD=sd(samp), VAR=var(samp),
+                     # Based on https://www.ebi.ac.uk/gxa/help/index.html
+                     NE=sum(samp<0)/n, 
+                     LE=sum(samp>=0.5 & samp<=10)/n,
+                     ME=sum(samp>10 & samp<=1000)/n,
+                     HE=sum(samp>1000)/n)
+           #if( sum(samp[4:7])!=1 ){ stop("Sum not 1.") }
+           samp <- c(samp, SDdivMEAN=as.numeric(samp["SD"]/samp["MEAN"]))
+           return(samp)
+           
+         })
+         
+         return(do.call("rbind", chunk))
+         
+       }
+       rm(val)
+       ### END OF PARALLEL EXECUTION ###
+       
+       # SDdivMEAN NaN (when MEAN=SD=0), assign to 0 because they
+       # should not be excluded since they are data. 0 because
+       # when all genes are not expressed then there is no variation.
+       boot[ is.nan(boot[,"SDdivMEAN"]),"SDdivMEAN" ] <- 0
+       
+       temp <- apply(X=boot, MARGIN=2, FUN=function(stat){
+         c(mean(stat), sd(stat))
+       })
+       
+       rm(boot)
+       
+     }
+     
+     BOOT.MX[tiss,] <- c(n, as.vector(temp))
+     rm(temp); gc()
+     print(paste0(n, " ", tiss, " done!"), quote=F)
+     
+     rm(SEED.v)
+     
+   } # tiss.v for loop end
+   
+   rm(seed.tiss)
+   
+   if( any(is.nan(BOOT.MX)) ){
+     stop(paste0(hub, ": NaN values in BOOT.MX"))
+   }
+   save(BOOT.MX, file=paste0(out.dir, "/", hub, "_", src.id, 
+                             "_seed", seed0, "_iter", iter, ".RData"))
+   print(paste0(hub, " done!"), quote=F)
+   
+ } # HUB.len for loop end
[1] 67 adipose.tissue done!
[1] 75 adrenal.gland done!
[1] 75 animal.ovary done!
[1] 75 appendix done!
[1] 72 bladder done!
[1] 63 bone.marrow done!
[1] 72 cerebral.cortex done!
[1] 74 colon done!
[1] 72 duodenum done!
[1] 71 endometrium done!
[1] 72 esophagus done!
[1] 71 gall.bladder done!
[1] 66 heart done!
[1] 75 kidney done!
[1] 68 liver done!
[1] 72 lung done!
[1] 67 lymph.node done!
[1] 72 pancreas done!
[1] 72 placenta done!
[1] 74 prostate done!
[1] 66 salivary.gland done!
[1] 80 skin done!
[1] 79 small.intestine done!
[1] 70 spleen done!
[1] 75 stomach done!
[1] 81 testis done!
[1] 71 thyroid done!
[1] min2Mb_chr1_All_topCP3_gapBin50_hub1 done!
[1] 57 adipose.tissue done!
[1] 64 adrenal.gland done!
[1] 66 animal.ovary done!
[1] 62 appendix done!
[1] 60 bladder done!
[1] 55 bone.marrow done!
[1] 62 cerebral.cortex done!
[1] 65 colon done!
[1] 60 duodenum done!
[1] 61 endometrium done!
[1] 61 esophagus done!
[1] 59 gall.bladder done!
[1] 57 heart done!
[1] 63 kidney done!
[1] 56 liver done!
[1] 61 lung done!
[1] 58 lymph.node done!
[1] 60 pancreas done!
[1] 62 placenta done!
[1] 63 prostate done!
[1] 56 salivary.gland done!
[1] 65 skin done!
[1] 65 small.intestine done!
[1] 62 spleen done!
[1] 61 stomach done!
[1] 67 testis done!
[1] 60 thyroid done!
[1] min2Mb_chr1_All_topCP3_gapBin50_hub2 done!
[1] 6 adipose.tissue done!
[1] 9 adrenal.gland done!
[1] 10 animal.ovary done!
[1] 9 appendix done!
[1] 9 bladder done!
[1] 9 bone.marrow done!
[1] 8 cerebral.cortex done!
[1] 9 colon done!
[1] 9 duodenum done!
[1] 8 endometrium done!
[1] 7 esophagus done!
[1] 10 gall.bladder done!
[1] 7 heart done!
[1] 11 kidney done!
[1] 8 liver done!
[1] 9 lung done!
[1] 9 lymph.node done!
[1] 10 pancreas done!
[1] 10 placenta done!
[1] 10 prostate done!
[1] 7 salivary.gland done!
[1] 10 skin done!
[1] 9 small.intestine done!
[1] 9 spleen done!
[1] 10 stomach done!
[1] 9 testis done!
[1] 10 thyroid done!
[1] min2Mb_chr1_All_topCP3_gapBin50_hub3 done!
[1] 2 adipose.tissue done!
[1] 2 adrenal.gland done!
[1] 2 animal.ovary done!
[1] 2 appendix done!
[1] 2 bladder done!
[1] 2 bone.marrow done!
[1] 2 cerebral.cortex done!
[1] 2 colon done!
[1] 2 duodenum done!
[1] 2 endometrium done!
[1] 2 esophagus done!
[1] 2 gall.bladder done!
[1] 2 heart done!
[1] 2 kidney done!
[1] 2 liver done!
[1] 2 lung done!
[1] 2 lymph.node done!
[1] 2 pancreas done!
[1] 2 placenta done!
[1] 2 prostate done!
[1] 2 salivary.gland done!
[1] 2 skin done!
[1] 2 small.intestine done!
[1] 2 spleen done!
[1] 2 stomach done!
[1] 2 testis done!
[1] 2 thyroid done!
[1] min2Mb_chr1_All_topCP3_gapBin50_hub4 done!
[1] 28 adipose.tissue done!
[1] 31 adrenal.gland done!
[1] 31 animal.ovary done!
[1] 35 appendix done!
[1] 30 bladder done!
[1] 25 bone.marrow done!
[1] 33 cerebral.cortex done!
[1] 36 colon done!
[1] 34 duodenum done!
[1] 30 endometrium done!
[1] 30 esophagus done!
[1] 32 gall.bladder done!
[1] 33 heart done!
[1] 32 kidney done!
[1] 25 liver done!
[1] 33 lung done!
[1] 29 lymph.node done!
[1] 30 pancreas done!
[1] 32 placenta done!
[1] 34 prostate done!
[1] 31 salivary.gland done!
[1] 32 skin done!
[1] 35 small.intestine done!
[1] 31 spleen done!
[1] 33 stomach done!
[1] 38 testis done!
[1] 31 thyroid done!
[1] min2Mb_chr10_All_topCP3_gapBin50_hub1 done!
[1] 2 adipose.tissue done!
[1] 2 adrenal.gland done!
[1] 2 animal.ovary done!
[1] 2 appendix done!
[1] 2 bladder done!
[1] 1 bone.marrow done!
[1] 2 cerebral.cortex done!
[1] 2 colon done!
[1] 2 duodenum done!
[1] 2 endometrium done!
[1] 2 esophagus done!
[1] 2 gall.bladder done!
[1] 2 heart done!
[1] 2 kidney done!
[1] 2 liver done!
[1] 2 lung done!
[1] 2 lymph.node done!
[1] 2 pancreas done!
[1] 1 placenta done!
[1] 2 prostate done!
[1] 2 salivary.gland done!
[1] 3 skin done!
[1] 2 small.intestine done!
[1] 2 spleen done!
[1] 2 stomach done!
[1] 4 testis done!
[1] 2 thyroid done!
[1] min2Mb_chr11_All_topCP3_gapBin50_hub1 done!
[1] 2 adipose.tissue done!
[1] 2 adrenal.gland done!
[1] 2 animal.ovary done!
[1] 2 appendix done!
[1] 2 bladder done!
[1] 2 bone.marrow done!
[1] 2 cerebral.cortex done!
[1] 2 colon done!
[1] 2 duodenum done!
[1] 2 endometrium done!
[1] 2 esophagus done!
[1] 2 gall.bladder done!
[1] 2 heart done!
[1] 2 kidney done!
[1] 2 liver done!
[1] 2 lung done!
[1] 2 lymph.node done!
[1] 2 pancreas done!
[1] 2 placenta done!
[1] 2 prostate done!
[1] 2 salivary.gland done!
[1] 2 skin done!
[1] 2 small.intestine done!
[1] 3 spleen done!
[1] 2 stomach done!
[1] 4 testis done!
[1] 2 thyroid done!
[1] min2Mb_chr11_All_topCP3_gapBin50_hub2 done!
[1] 1 adipose.tissue done!
[1] 1 adrenal.gland done!
[1] 1 animal.ovary done!
[1] 1 appendix done!
[1] 1 bladder done!
[1] 0 bone.marrow skipped!
[1] 1 cerebral.cortex done!
[1] 1 colon done!
[1] 1 duodenum done!
[1] 1 endometrium done!
[1] 1 esophagus done!
[1] 1 gall.bladder done!
[1] 1 heart done!
[1] 1 kidney done!
[1] 1 liver done!
[1] 1 lung done!
[1] 1 lymph.node done!
[1] 1 pancreas done!
[1] 0 placenta skipped!
[1] 1 prostate done!
[1] 1 salivary.gland done!
[1] 2 skin done!
[1] 1 small.intestine done!
[1] 2 spleen done!
[1] 1 stomach done!
[1] 2 testis done!
[1] 1 thyroid done!
[1] min2Mb_chr11_All_topCP3_gapBin50_hub3 done!
[1] 15 adipose.tissue done!
[1] 17 adrenal.gland done!
[1] 18 animal.ovary done!
[1] 17 appendix done!
[1] 16 bladder done!
[1] 15 bone.marrow done!
[1] 16 cerebral.cortex done!
[1] 16 colon done!
[1] 17 duodenum done!
[1] 16 endometrium done!
[1] 15 esophagus done!
[1] 17 gall.bladder done!
[1] 15 heart done!
[1] 17 kidney done!
[1] 15 liver done!
[1] 16 lung done!
[1] 17 lymph.node done!
[1] 16 pancreas done!
[1] 17 placenta done!
[1] 17 prostate done!
[1] 15 salivary.gland done!
[1] 17 skin done!
[1] 18 small.intestine done!
[1] 18 spleen done!
[1] 16 stomach done!
[1] 19 testis done!
[1] 16 thyroid done!
[1] min2Mb_chr12_All_topCP3_gapBin50_hub1 done!
[1] 5 adipose.tissue done!
[1] 5 adrenal.gland done!
[1] 5 animal.ovary done!
[1] 5 appendix done!
[1] 4 bladder done!
[1] 2 bone.marrow done!
[1] 5 cerebral.cortex done!
[1] 5 colon done!
[1] 5 duodenum done!
[1] 4 endometrium done!
[1] 5 esophagus done!
[1] 5 gall.bladder done!
[1] 5 heart done!
[1] 5 kidney done!
[1] 3 liver done!
[1] 4 lung done!
[1] 4 lymph.node done!
[1] 5 pancreas done!
[1] 5 placenta done!
[1] 5 prostate done!
[1] 4 salivary.gland done!
[1] 3 skin done!
[1] 5 small.intestine done!
[1] 4 spleen done!
[1] 4 stomach done!
[1] 5 testis done!
[1] 5 thyroid done!
[1] min2Mb_chr13_All_topCP3_gapBin50_hub1 done!
[1] 21 adipose.tissue done!
[1] 21 adrenal.gland done!
[1] 21 animal.ovary done!
[1] 22 appendix done!
[1] 21 bladder done!
[1] 21 bone.marrow done!
[1] 21 cerebral.cortex done!
[1] 22 colon done!
[1] 23 duodenum done!
[1] 21 endometrium done!
[1] 21 esophagus done!
[1] 21 gall.bladder done!
[1] 21 heart done!
[1] 21 kidney done!
[1] 21 liver done!
[1] 21 lung done!
[1] 21 lymph.node done!
[1] 21 pancreas done!
[1] 21 placenta done!
[1] 21 prostate done!
[1] 21 salivary.gland done!
[1] 22 skin done!
[1] 21 small.intestine done!
[1] 21 spleen done!
[1] 22 stomach done!
[1] 23 testis done!
[1] 21 thyroid done!
[1] min2Mb_chr14_All_topCP3_gapBin50_hub1 done!
[1] 2 adipose.tissue done!
[1] 5 adrenal.gland done!
[1] 5 animal.ovary done!
[1] 4 appendix done!
[1] 4 bladder done!
[1] 2 bone.marrow done!
[1] 5 cerebral.cortex done!
[1] 4 colon done!
[1] 4 duodenum done!
[1] 3 endometrium done!
[1] 4 esophagus done!
[1] 4 gall.bladder done!
[1] 4 heart done!
[1] 4 kidney done!
[1] 2 liver done!
[1] 2 lung done!
[1] 2 lymph.node done!
[1] 3 pancreas done!
[1] 2 placenta done!
[1] 5 prostate done!
[1] 4 salivary.gland done!
[1] 5 skin done!
[1] 4 small.intestine done!
[1] 3 spleen done!
[1] 5 stomach done!
[1] 5 testis done!
[1] 4 thyroid done!
[1] min2Mb_chr16_All_topCP3_gapBin50_hub1 done!
[1] 7 adipose.tissue done!
[1] 7 adrenal.gland done!
[1] 8 animal.ovary done!
[1] 8 appendix done!
[1] 8 bladder done!
[1] 6 bone.marrow done!
[1] 8 cerebral.cortex done!
[1] 7 colon done!
[1] 6 duodenum done!
[1] 6 endometrium done!
[1] 9 esophagus done!
[1] 8 gall.bladder done!
[1] 6 heart done!
[1] 8 kidney done!
[1] 6 liver done!
[1] 7 lung done!
[1] 6 lymph.node done!
[1] 7 pancreas done!
[1] 7 placenta done!
[1] 9 prostate done!
[1] 7 salivary.gland done!
[1] 9 skin done!
[1] 7 small.intestine done!
[1] 7 spleen done!
[1] 8 stomach done!
[1] 9 testis done!
[1] 6 thyroid done!
[1] min2Mb_chr18_All_topCP3_gapBin50_hub1 done!
[1] 4 adipose.tissue done!
[1] 3 adrenal.gland done!
[1] 4 animal.ovary done!
[1] 5 appendix done!
[1] 6 bladder done!
[1] 4 bone.marrow done!
[1] 5 cerebral.cortex done!
[1] 3 colon done!
[1] 3 duodenum done!
[1] 2 endometrium done!
[1] 8 esophagus done!
[1] 5 gall.bladder done!
[1] 3 heart done!
[1] 4 kidney done!
[1] 3 liver done!
[1] 5 lung done!
[1] 2 lymph.node done!
[1] 4 pancreas done!
[1] 6 placenta done!
[1] 7 prostate done!
[1] 4 salivary.gland done!
[1] 7 skin done!
[1] 3 small.intestine done!
[1] 4 spleen done!
[1] 4 stomach done!
[1] 8 testis done!
[1] 2 thyroid done!
[1] min2Mb_chr18_All_topCP3_gapBin50_hub2 done!
[1] 59 adipose.tissue done!
[1] 58 adrenal.gland done!
[1] 58 animal.ovary done!
[1] 59 appendix done!
[1] 57 bladder done!
[1] 58 bone.marrow done!
[1] 59 cerebral.cortex done!
[1] 57 colon done!
[1] 59 duodenum done!
[1] 57 endometrium done!
[1] 59 esophagus done!
[1] 59 gall.bladder done!
[1] 59 heart done!
[1] 58 kidney done!
[1] 55 liver done!
[1] 59 lung done!
[1] 59 lymph.node done!
[1] 57 pancreas done!
[1] 60 placenta done!
[1] 59 prostate done!
[1] 58 salivary.gland done!
[1] 58 skin done!
[1] 58 small.intestine done!
[1] 58 spleen done!
[1] 59 stomach done!
[1] 60 testis done!
[1] 60 thyroid done!
[1] min2Mb_chr19_All_topCP3_gapBin50_hub1 done!
[1] 2 adipose.tissue done!
[1] 3 adrenal.gland done!
[1] 2 animal.ovary done!
[1] 3 appendix done!
[1] 2 bladder done!
[1] 1 bone.marrow done!
[1] 3 cerebral.cortex done!
[1] 2 colon done!
[1] 2 duodenum done!
[1] 2 endometrium done!
[1] 2 esophagus done!
[1] 2 gall.bladder done!
[1] 2 heart done!
[1] 2 kidney done!
[1] 1 liver done!
[1] 2 lung done!
[1] 3 lymph.node done!
[1] 1 pancreas done!
[1] 2 placenta done!
[1] 3 prostate done!
[1] 2 salivary.gland done!
[1] 1 skin done!
[1] 2 small.intestine done!
[1] 2 spleen done!
[1] 2 stomach done!
[1] 3 testis done!
[1] 2 thyroid done!
[1] min2Mb_chr2_All_topCP3_gapBin50_hub1 done!
[1] 4 adipose.tissue done!
[1] 6 adrenal.gland done!
[1] 4 animal.ovary done!
[1] 6 appendix done!
[1] 4 bladder done!
[1] 4 bone.marrow done!
[1] 6 cerebral.cortex done!
[1] 5 colon done!
[1] 5 duodenum done!
[1] 5 endometrium done!
[1] 5 esophagus done!
[1] 5 gall.bladder done!
[1] 4 heart done!
[1] 4 kidney done!
[1] 4 liver done!
[1] 5 lung done!
[1] 5 lymph.node done!
[1] 6 pancreas done!
[1] 5 placenta done!
[1] 6 prostate done!
[1] 5 salivary.gland done!
[1] 5 skin done!
[1] 5 small.intestine done!
[1] 4 spleen done!
[1] 5 stomach done!
[1] 7 testis done!
[1] 5 thyroid done!
[1] min2Mb_chr2_All_topCP3_gapBin50_hub2 done!
[1] 3 adipose.tissue done!
[1] 4 adrenal.gland done!
[1] 2 animal.ovary done!
[1] 4 appendix done!
[1] 2 bladder done!
[1] 2 bone.marrow done!
[1] 4 cerebral.cortex done!
[1] 2 colon done!
[1] 2 duodenum done!
[1] 2 endometrium done!
[1] 2 esophagus done!
[1] 2 gall.bladder done!
[1] 2 heart done!
[1] 3 kidney done!
[1] 2 liver done!
[1] 2 lung done!
[1] 3 lymph.node done!
[1] 2 pancreas done!
[1] 2 placenta done!
[1] 4 prostate done!
[1] 2 salivary.gland done!
[1] 3 skin done!
[1] 2 small.intestine done!
[1] 3 spleen done!
[1] 2 stomach done!
[1] 5 testis done!
[1] 3 thyroid done!
[1] min2Mb_chr2_All_topCP3_gapBin50_hub3 done!
[1] 5 adipose.tissue done!
[1] 7 adrenal.gland done!
[1] 7 animal.ovary done!
[1] 6 appendix done!
[1] 7 bladder done!
[1] 6 bone.marrow done!
[1] 7 cerebral.cortex done!
[1] 6 colon done!
[1] 6 duodenum done!
[1] 7 endometrium done!
[1] 6 esophagus done!
[1] 7 gall.bladder done!
[1] 6 heart done!
[1] 7 kidney done!
[1] 7 liver done!
[1] 6 lung done!
[1] 6 lymph.node done!
[1] 6 pancreas done!
[1] 6 placenta done!
[1] 7 prostate done!
[1] 6 salivary.gland done!
[1] 6 skin done!
[1] 6 small.intestine done!
[1] 6 spleen done!
[1] 6 stomach done!
[1] 7 testis done!
[1] 6 thyroid done!
[1] min2Mb_chr20_All_topCP3_gapBin50_hub1 done!
[1] 3 adipose.tissue done!
[1] 3 adrenal.gland done!
[1] 3 animal.ovary done!
[1] 4 appendix done!
[1] 3 bladder done!
[1] 4 bone.marrow done!
[1] 4 cerebral.cortex done!
[1] 4 colon done!
[1] 4 duodenum done!
[1] 3 endometrium done!
[1] 3 esophagus done!
[1] 3 gall.bladder done!
[1] 3 heart done!
[1] 4 kidney done!
[1] 2 liver done!
[1] 4 lung done!
[1] 3 lymph.node done!
[1] 2 pancreas done!
[1] 4 placenta done!
[1] 4 prostate done!
[1] 3 salivary.gland done!
[1] 3 skin done!
[1] 4 small.intestine done!
[1] 3 spleen done!
[1] 3 stomach done!
[1] 4 testis done!
[1] 3 thyroid done!
[1] min2Mb_chr21_All_topCP3_gapBin50_hub1 done!
[1] 4 adipose.tissue done!
[1] 4 adrenal.gland done!
[1] 4 animal.ovary done!
[1] 5 appendix done!
[1] 4 bladder done!
[1] 5 bone.marrow done!
[1] 5 cerebral.cortex done!
[1] 4 colon done!
[1] 4 duodenum done!
[1] 4 endometrium done!
[1] 4 esophagus done!
[1] 5 gall.bladder done!
[1] 4 heart done!
[1] 4 kidney done!
[1] 4 liver done!
[1] 4 lung done!
[1] 5 lymph.node done!
[1] 4 pancreas done!
[1] 5 placenta done!
[1] 4 prostate done!
[1] 4 salivary.gland done!
[1] 4 skin done!
[1] 4 small.intestine done!
[1] 5 spleen done!
[1] 4 stomach done!
[1] 6 testis done!
[1] 4 thyroid done!
[1] min2Mb_chr21_All_topCP3_gapBin50_hub2 done!
[1] 4 adipose.tissue done!
[1] 4 adrenal.gland done!
[1] 5 animal.ovary done!
[1] 7 appendix done!
[1] 5 bladder done!
[1] 7 bone.marrow done!
[1] 7 cerebral.cortex done!
[1] 5 colon done!
[1] 6 duodenum done!
[1] 5 endometrium done!
[1] 5 esophagus done!
[1] 5 gall.bladder done!
[1] 4 heart done!
[1] 5 kidney done!
[1] 3 liver done!
[1] 5 lung done!
[1] 6 lymph.node done!
[1] 3 pancreas done!
[1] 6 placenta done!
[1] 6 prostate done!
[1] 4 salivary.gland done!
[1] 9 skin done!
[1] 7 small.intestine done!
[1] 7 spleen done!
[1] 5 stomach done!
[1] 9 testis done!
[1] 4 thyroid done!
[1] min2Mb_chr21_All_topCP3_gapBin50_hub3 done!
[1] 4 adipose.tissue done!
[1] 3 adrenal.gland done!
[1] 3 animal.ovary done!
[1] 4 appendix done!
[1] 4 bladder done!
[1] 3 bone.marrow done!
[1] 4 cerebral.cortex done!
[1] 3 colon done!
[1] 3 duodenum done!
[1] 4 endometrium done!
[1] 4 esophagus done!
[1] 3 gall.bladder done!
[1] 4 heart done!
[1] 3 kidney done!
[1] 3 liver done!
[1] 2 lung done!
[1] 4 lymph.node done!
[1] 3 pancreas done!
[1] 3 placenta done!
[1] 4 prostate done!
[1] 3 salivary.gland done!
[1] 3 skin done!
[1] 3 small.intestine done!
[1] 4 spleen done!
[1] 4 stomach done!
[1] 4 testis done!
[1] 3 thyroid done!
[1] min2Mb_chr22_All_topCP3_gapBin50_hub1 done!
[1] 6 adipose.tissue done!
[1] 5 adrenal.gland done!
[1] 5 animal.ovary done!
[1] 5 appendix done!
[1] 5 bladder done!
[1] 4 bone.marrow done!
[1] 6 cerebral.cortex done!
[1] 4 colon done!
[1] 5 duodenum done!
[1] 4 endometrium done!
[1] 6 esophagus done!
[1] 5 gall.bladder done!
[1] 5 heart done!
[1] 5 kidney done!
[1] 3 liver done!
[1] 6 lung done!
[1] 5 lymph.node done!
[1] 6 pancreas done!
[1] 5 placenta done!
[1] 5 prostate done!
[1] 4 salivary.gland done!
[1] 5 skin done!
[1] 6 small.intestine done!
[1] 5 spleen done!
[1] 6 stomach done!
[1] 8 testis done!
[1] 5 thyroid done!
[1] min2Mb_chr3_All_topCP3_gapBin50_hub1 done!
[1] 4 adipose.tissue done!
[1] 4 adrenal.gland done!
[1] 4 animal.ovary done!
[1] 3 appendix done!
[1] 4 bladder done!
[1] 3 bone.marrow done!
[1] 4 cerebral.cortex done!
[1] 3 colon done!
[1] 4 duodenum done!
[1] 4 endometrium done!
[1] 4 esophagus done!
[1] 3 gall.bladder done!
[1] 4 heart done!
[1] 3 kidney done!
[1] 3 liver done!
[1] 4 lung done!
[1] 3 lymph.node done!
[1] 3 pancreas done!
[1] 3 placenta done!
[1] 4 prostate done!
[1] 4 salivary.gland done!
[1] 3 skin done!
[1] 4 small.intestine done!
[1] 3 spleen done!
[1] 4 stomach done!
[1] 4 testis done!
[1] 4 thyroid done!
[1] min2Mb_chr3_All_topCP3_gapBin50_hub2 done!
[1] 5 adipose.tissue done!
[1] 6 adrenal.gland done!
[1] 5 animal.ovary done!
[1] 5 appendix done!
[1] 6 bladder done!
[1] 5 bone.marrow done!
[1] 6 cerebral.cortex done!
[1] 5 colon done!
[1] 6 duodenum done!
[1] 6 endometrium done!
[1] 5 esophagus done!
[1] 6 gall.bladder done!
[1] 6 heart done!
[1] 4 kidney done!
[1] 4 liver done!
[1] 5 lung done!
[1] 5 lymph.node done!
[1] 4 pancreas done!
[1] 6 placenta done!
[1] 6 prostate done!
[1] 5 salivary.gland done!
[1] 6 skin done!
[1] 5 small.intestine done!
[1] 5 spleen done!
[1] 4 stomach done!
[1] 6 testis done!
[1] 6 thyroid done!
[1] min2Mb_chr3_All_topCP3_gapBin50_hub3 done!
[1] 4 adipose.tissue done!
[1] 4 adrenal.gland done!
[1] 4 animal.ovary done!
[1] 4 appendix done!
[1] 4 bladder done!
[1] 4 bone.marrow done!
[1] 4 cerebral.cortex done!
[1] 4 colon done!
[1] 4 duodenum done!
[1] 4 endometrium done!
[1] 4 esophagus done!
[1] 4 gall.bladder done!
[1] 4 heart done!
[1] 4 kidney done!
[1] 4 liver done!
[1] 4 lung done!
[1] 4 lymph.node done!
[1] 4 pancreas done!
[1] 4 placenta done!
[1] 4 prostate done!
[1] 4 salivary.gland done!
[1] 4 skin done!
[1] 4 small.intestine done!
[1] 4 spleen done!
[1] 4 stomach done!
[1] 5 testis done!
[1] 4 thyroid done!
[1] min2Mb_chr4_All_topCP3_gapBin50_hub1 done!
[1] 3 adipose.tissue done!
[1] 4 adrenal.gland done!
[1] 4 animal.ovary done!
[1] 4 appendix done!
[1] 4 bladder done!
[1] 2 bone.marrow done!
[1] 4 cerebral.cortex done!
[1] 3 colon done!
[1] 4 duodenum done!
[1] 4 endometrium done!
[1] 3 esophagus done!
[1] 4 gall.bladder done!
[1] 2 heart done!
[1] 3 kidney done!
[1] 2 liver done!
[1] 3 lung done!
[1] 3 lymph.node done!
[1] 2 pancreas done!
[1] 4 placenta done!
[1] 3 prostate done!
[1] 4 salivary.gland done!
[1] 3 skin done!
[1] 3 small.intestine done!
[1] 3 spleen done!
[1] 4 stomach done!
[1] 5 testis done!
[1] 3 thyroid done!
[1] min2Mb_chr4_All_topCP3_gapBin50_hub2 done!
[1] 1 adipose.tissue done!
[1] 1 adrenal.gland done!
[1] 1 animal.ovary done!
[1] 3 appendix done!
[1] 3 bladder done!
[1] 1 bone.marrow done!
[1] 1 cerebral.cortex done!
[1] 2 colon done!
[1] 2 duodenum done!
[1] 1 endometrium done!
[1] 1 esophagus done!
[1] 1 gall.bladder done!
[1] 1 heart done!
[1] 1 kidney done!
[1] 1 liver done!
[1] 2 lung done!
[1] 2 lymph.node done!
[1] 1 pancreas done!
[1] 1 placenta done!
[1] 2 prostate done!
[1] 1 salivary.gland done!
[1] 1 skin done!
[1] 2 small.intestine done!
[1] 2 spleen done!
[1] 3 stomach done!
[1] 3 testis done!
[1] 1 thyroid done!
[1] min2Mb_chr4_All_topCP3_gapBin50_hub3 done!
[1] 4 adipose.tissue done!
[1] 5 adrenal.gland done!
[1] 4 animal.ovary done!
[1] 4 appendix done!
[1] 4 bladder done!
[1] 5 bone.marrow done!
[1] 5 cerebral.cortex done!
[1] 4 colon done!
[1] 4 duodenum done!
[1] 4 endometrium done!
[1] 4 esophagus done!
[1] 4 gall.bladder done!
[1] 4 heart done!
[1] 5 kidney done!
[1] 4 liver done!
[1] 4 lung done!
[1] 4 lymph.node done!
[1] 4 pancreas done!
[1] 4 placenta done!
[1] 4 prostate done!
[1] 4 salivary.gland done!
[1] 4 skin done!
[1] 5 small.intestine done!
[1] 4 spleen done!
[1] 4 stomach done!
[1] 5 testis done!
[1] 4 thyroid done!
[1] min2Mb_chr5_All_topCP3_gapBin50_hub1 done!
[1] 3 adipose.tissue done!
[1] 3 adrenal.gland done!
[1] 3 animal.ovary done!
[1] 3 appendix done!
[1] 3 bladder done!
[1] 2 bone.marrow done!
[1] 3 cerebral.cortex done!
[1] 3 colon done!
[1] 3 duodenum done!
[1] 3 endometrium done!
[1] 3 esophagus done!
[1] 3 gall.bladder done!
[1] 3 heart done!
[1] 3 kidney done!
[1] 3 liver done!
[1] 3 lung done!
[1] 3 lymph.node done!
[1] 3 pancreas done!
[1] 3 placenta done!
[1] 3 prostate done!
[1] 3 salivary.gland done!
[1] 3 skin done!
[1] 3 small.intestine done!
[1] 3 spleen done!
[1] 3 stomach done!
[1] 4 testis done!
[1] 3 thyroid done!
[1] min2Mb_chr5_All_topCP3_gapBin50_hub2 done!
[1] 1 adipose.tissue done!
[1] 2 adrenal.gland done!
[1] 2 animal.ovary done!
[1] 2 appendix done!
[1] 2 bladder done!
[1] 1 bone.marrow done!
[1] 2 cerebral.cortex done!
[1] 2 colon done!
[1] 2 duodenum done!
[1] 2 endometrium done!
[1] 2 esophagus done!
[1] 2 gall.bladder done!
[1] 2 heart done!
[1] 2 kidney done!
[1] 1 liver done!
[1] 2 lung done!
[1] 1 lymph.node done!
[1] 2 pancreas done!
[1] 2 placenta done!
[1] 2 prostate done!
[1] 1 salivary.gland done!
[1] 2 skin done!
[1] 2 small.intestine done!
[1] 1 spleen done!
[1] 2 stomach done!
[1] 2 testis done!
[1] 1 thyroid done!
[1] min2Mb_chr5_All_topCP3_gapBin50_hub3 done!
[1] 8 adipose.tissue done!
[1] 7 adrenal.gland done!
[1] 7 animal.ovary done!
[1] 9 appendix done!
[1] 7 bladder done!
[1] 8 bone.marrow done!
[1] 6 cerebral.cortex done!
[1] 8 colon done!
[1] 9 duodenum done!
[1] 7 endometrium done!
[1] 7 esophagus done!
[1] 8 gall.bladder done!
[1] 6 heart done!
[1] 8 kidney done!
[1] 7 liver done!
[1] 6 lung done!
[1] 8 lymph.node done!
[1] 5 pancreas done!
[1] 8 placenta done!
[1] 9 prostate done!
[1] 8 salivary.gland done!
[1] 6 skin done!
[1] 9 small.intestine done!
[1] 7 spleen done!
[1] 9 stomach done!
[1] 10 testis done!
[1] 7 thyroid done!
[1] min2Mb_chr6_All_topCP3_gapBin50_hub1 done!
[1] 6 adipose.tissue done!
[1] 6 adrenal.gland done!
[1] 6 animal.ovary done!
[1] 6 appendix done!
[1] 6 bladder done!
[1] 4 bone.marrow done!
[1] 5 cerebral.cortex done!
[1] 6 colon done!
[1] 6 duodenum done!
[1] 5 endometrium done!
[1] 5 esophagus done!
[1] 7 gall.bladder done!
[1] 4 heart done!
[1] 5 kidney done!
[1] 5 liver done!
[1] 5 lung done!
[1] 6 lymph.node done!
[1] 4 pancreas done!
[1] 5 placenta done!
[1] 7 prostate done!
[1] 5 salivary.gland done!
[1] 5 skin done!
[1] 6 small.intestine done!
[1] 4 spleen done!
[1] 6 stomach done!
[1] 7 testis done!
[1] 5 thyroid done!
[1] min2Mb_chr6_All_topCP3_gapBin50_hub2 done!
[1] 7 adipose.tissue done!
[1] 8 adrenal.gland done!
[1] 7 animal.ovary done!
[1] 7 appendix done!
[1] 7 bladder done!
[1] 6 bone.marrow done!
[1] 8 cerebral.cortex done!
[1] 8 colon done!
[1] 8 duodenum done!
[1] 6 endometrium done!
[1] 7 esophagus done!
[1] 8 gall.bladder done!
[1] 7 heart done!
[1] 8 kidney done!
[1] 7 liver done!
[1] 6 lung done!
[1] 6 lymph.node done!
[1] 7 pancreas done!
[1] 7 placenta done!
[1] 8 prostate done!
[1] 7 salivary.gland done!
[1] 7 skin done!
[1] 8 small.intestine done!
[1] 6 spleen done!
[1] 8 stomach done!
[1] 10 testis done!
[1] 7 thyroid done!
[1] min2Mb_chr7_All_topCP3_gapBin50_hub1 done!
[1] 3 adipose.tissue done!
[1] 4 adrenal.gland done!
[1] 3 animal.ovary done!
[1] 4 appendix done!
[1] 4 bladder done!
[1] 3 bone.marrow done!
[1] 4 cerebral.cortex done!
[1] 4 colon done!
[1] 4 duodenum done!
[1] 3 endometrium done!
[1] 3 esophagus done!
[1] 4 gall.bladder done!
[1] 3 heart done!
[1] 4 kidney done!
[1] 3 liver done!
[1] 3 lung done!
[1] 3 lymph.node done!
[1] 4 pancreas done!
[1] 3 placenta done!
[1] 4 prostate done!
[1] 3 salivary.gland done!
[1] 3 skin done!
[1] 4 small.intestine done!
[1] 3 spleen done!
[1] 4 stomach done!
[1] 9 testis done!
[1] 3 thyroid done!
[1] min2Mb_chr7_All_topCP3_gapBin50_hub2 done!
[1] 5 adipose.tissue done!
[1] 7 adrenal.gland done!
[1] 7 animal.ovary done!
[1] 9 appendix done!
[1] 7 bladder done!
[1] 7 bone.marrow done!
[1] 8 cerebral.cortex done!
[1] 8 colon done!
[1] 10 duodenum done!
[1] 9 endometrium done!
[1] 7 esophagus done!
[1] 6 gall.bladder done!
[1] 5 heart done!
[1] 7 kidney done!
[1] 5 liver done!
[1] 7 lung done!
[1] 6 lymph.node done!
[1] 4 pancreas done!
[1] 6 placenta done!
[1] 8 prostate done!
[1] 5 salivary.gland done!
[1] 7 skin done!
[1] 9 small.intestine done!
[1] 7 spleen done!
[1] 7 stomach done!
[1] 9 testis done!
[1] 8 thyroid done!
[1] min2Mb_chr8_All_topCP3_gapBin50_hub1 done!
[1] 23 adipose.tissue done!
[1] 25 adrenal.gland done!
[1] 27 animal.ovary done!
[1] 24 appendix done!
[1] 23 bladder done!
[1] 19 bone.marrow done!
[1] 28 cerebral.cortex done!
[1] 24 colon done!
[1] 27 duodenum done!
[1] 27 endometrium done!
[1] 24 esophagus done!
[1] 27 gall.bladder done!
[1] 23 heart done!
[1] 26 kidney done!
[1] 19 liver done!
[1] 27 lung done!
[1] 23 lymph.node done!
[1] 21 pancreas done!
[1] 23 placenta done!
[1] 26 prostate done!
[1] 24 salivary.gland done!
[1] 25 skin done!
[1] 26 small.intestine done!
[1] 25 spleen done!
[1] 27 stomach done!
[1] 30 testis done!
[1] 28 thyroid done!
[1] min2Mb_chr9_All_topCP3_gapBin50_hub1 done!
> 
> # rm(list=ls()); gc()
> 
> 
> 
> 
