Loading required package: jpeg
Loading required package: BayesFactor
Loading required package: coda
Loading required package: Matrix
Warning in .recacheSubclasses(def@className, def, env) :
  undefined subclass "numericVector" of class "Mnumeric"; definition not updated
************
Welcome to BayesFactor 0.9.12-4.2. If you have questions, please contact Richard Morey (richarddmorey@gmail.com).

Type BFManual() to open the manual.
************
Loading required package: circlize
========================================
circlize version 0.4.12
CRAN page: https://cran.r-project.org/package=circlize
Github page: https://github.com/jokergoo/circlize
Documentation: https://jokergoo.github.io/circlize_book/book/

If you use it in published research, please cite:
Gu, Z. circlize implements and enhances circular visualization
  in R. Bioinformatics 2014.

This message can be suppressed by:
  suppressPackageStartupMessages(library(circlize))
========================================

yarrr v0.1.5. Citation info at citation('yarrr'). Package guide at yarrr.guide()
Email me at Nathaniel.D.Phillips.is@gmail.com

Attaching package: ‘yarrr’

The following object is masked from ‘package:ggplot2’:

    diamonds

      blue1         red       green        pink      orange       blue2 
"#0C5BB0FF" "#EE0011FF" "#15983DFF" "#EC579AFF" "#FA6B09FF" "#149BEDFF" 
     green2      yellow   turquoise        poop 
"#A1C720FF" "#FEC10BFF" "#16A08CFF" "#9A703EFF" 
[1] min2Mb_mean_Nmsitenorm_donor_centric_PCAWG_Hg19_All_RefSig.10_exon_sigEperclimits_1000rawInf skipped!
[1] min2Mb_mean_Nmsitenorm_donor_centric_PCAWG_Hg19_All_RefSig.11_exon_sigEperclimits_1000rawInf skipped!
[1] min2Mb_mean_Nmsitenorm_donor_centric_PCAWG_Hg19_All_RefSig.N7_exon_sigEperclimits_1000rawInf skipped!
[1] min2Mb_mean_Nmsitenorm_donor_centric_PCAWG_Hg19_CToA_RefSig.10_exon_sigEperclimits_1000rawInf skipped!
[1] min2Mb_mean_Nmsitenorm_donor_centric_PCAWG_Hg19_CToA_RefSig.11_exon_sigEperclimits_1000rawInf skipped!
[1] min2Mb_mean_Nmsitenorm_donor_centric_PCAWG_Hg19_CToA_RefSig.N7_exon_sigEperclimits_1000rawInf skipped!
[1] min2Mb_mean_Nmsitenorm_donor_centric_PCAWG_Hg19_CToG_RefSig.10_exon_sigEperclimits_1000rawInf skipped!
[1] min2Mb_mean_Nmsitenorm_donor_centric_PCAWG_Hg19_CToG_RefSig.11_exon_sigEperclimits_1000rawInf skipped!
[1] min2Mb_mean_Nmsitenorm_donor_centric_PCAWG_Hg19_CToG_RefSig.N7_exon_sigEperclimits_1000rawInf skipped!
[1] min2Mb_mean_Nmsitenorm_donor_centric_PCAWG_Hg19_CToT_RefSig.10_exon_sigEperclimits_1000rawInf skipped!
[1] min2Mb_mean_Nmsitenorm_donor_centric_PCAWG_Hg19_CToT_RefSig.11_exon_sigEperclimits_1000rawInf skipped!
[1] min2Mb_mean_Nmsitenorm_donor_centric_PCAWG_Hg19_CToT_RefSig.N7_exon_sigEperclimits_1000rawInf skipped!
[1] min2Mb_mean_Nmsitenorm_donor_centric_PCAWG_Hg19_TToA_RefSig.10_exon_sigEperclimits_1000rawInf skipped!
[1] min2Mb_mean_Nmsitenorm_donor_centric_PCAWG_Hg19_TToA_RefSig.11_exon_sigEperclimits_1000rawInf skipped!
[1] min2Mb_mean_Nmsitenorm_donor_centric_PCAWG_Hg19_TToA_RefSig.N7_exon_sigEperclimits_1000rawInf skipped!
[1] min2Mb_mean_Nmsitenorm_donor_centric_PCAWG_Hg19_TToC_RefSig.10_exon_sigEperclimits_1000rawInf skipped!
[1] min2Mb_mean_Nmsitenorm_donor_centric_PCAWG_Hg19_TToC_RefSig.11_exon_sigEperclimits_1000rawInf skipped!
[1] min2Mb_mean_Nmsitenorm_donor_centric_PCAWG_Hg19_TToC_RefSig.N7_exon_sigEperclimits_1000rawInf skipped!
[1] min2Mb_mean_Nmsitenorm_donor_centric_PCAWG_Hg19_TToG_RefSig.10_exon_sigEperclimits_1000rawInf skipped!
[1] min2Mb_mean_Nmsitenorm_donor_centric_PCAWG_Hg19_TToG_RefSig.11_exon_sigEperclimits_1000rawInf skipped!
[1] min2Mb_mean_Nmsitenorm_donor_centric_PCAWG_Hg19_TToG_RefSig.N7_exon_sigEperclimits_1000rawInf skipped!
[1] min2Mb_mean_Nmsitenorm_donor_centric_PCAWG_Hg19_All_RefSig.10_exon_intron_intergenic_intergenic.excl_sigEperclimits_1000rawInf skipped!
[1] min2Mb_mean_Nmsitenorm_donor_centric_PCAWG_Hg19_All_RefSig.11_exon_intron_intergenic_intergenic.excl_sigEperclimits_1000rawInf skipped!
[1] min2Mb_mean_Nmsitenorm_donor_centric_PCAWG_Hg19_All_RefSig.N7_exon_intron_intergenic_intergenic.excl_sigEperclimits_1000rawInf skipped!
[1] min2Mb_mean_Nmsitenorm_donor_centric_PCAWG_Hg19_CToA_RefSig.10_exon_intron_intergenic_intergenic.excl_sigEperclimits_1000rawInf skipped!
[1] min2Mb_mean_Nmsitenorm_donor_centric_PCAWG_Hg19_CToA_RefSig.11_exon_intron_intergenic_intergenic.excl_sigEperclimits_1000rawInf skipped!
[1] min2Mb_mean_Nmsitenorm_donor_centric_PCAWG_Hg19_CToA_RefSig.N7_exon_intron_intergenic_intergenic.excl_sigEperclimits_1000rawInf skipped!
[1] min2Mb_mean_Nmsitenorm_donor_centric_PCAWG_Hg19_CToG_RefSig.10_exon_intron_intergenic_intergenic.excl_sigEperclimits_1000rawInf skipped!
[1] min2Mb_mean_Nmsitenorm_donor_centric_PCAWG_Hg19_CToG_RefSig.11_exon_intron_intergenic_intergenic.excl_sigEperclimits_1000rawInf skipped!
[1] min2Mb_mean_Nmsitenorm_donor_centric_PCAWG_Hg19_CToG_RefSig.N7_exon_intron_intergenic_intergenic.excl_sigEperclimits_1000rawInf skipped!
[1] min2Mb_mean_Nmsitenorm_donor_centric_PCAWG_Hg19_CToT_RefSig.10_exon_intron_intergenic_intergenic.excl_sigEperclimits_1000rawInf skipped!
[1] min2Mb_mean_Nmsitenorm_donor_centric_PCAWG_Hg19_CToT_RefSig.11_exon_intron_intergenic_intergenic.excl_sigEperclimits_1000rawInf skipped!
[1] min2Mb_mean_Nmsitenorm_donor_centric_PCAWG_Hg19_CToT_RefSig.N7_exon_intron_intergenic_intergenic.excl_sigEperclimits_1000rawInf skipped!
[1] min2Mb_mean_Nmsitenorm_donor_centric_PCAWG_Hg19_TToA_RefSig.10_exon_intron_intergenic_intergenic.excl_sigEperclimits_1000rawInf skipped!
[1] min2Mb_mean_Nmsitenorm_donor_centric_PCAWG_Hg19_TToA_RefSig.11_exon_intron_intergenic_intergenic.excl_sigEperclimits_1000rawInf skipped!
[1] min2Mb_mean_Nmsitenorm_donor_centric_PCAWG_Hg19_TToA_RefSig.N7_exon_intron_intergenic_intergenic.excl_sigEperclimits_1000rawInf skipped!
[1] min2Mb_mean_Nmsitenorm_donor_centric_PCAWG_Hg19_TToC_RefSig.10_exon_intron_intergenic_intergenic.excl_sigEperclimits_1000rawInf skipped!
[1] min2Mb_mean_Nmsitenorm_donor_centric_PCAWG_Hg19_TToC_RefSig.11_exon_intron_intergenic_intergenic.excl_sigEperclimits_1000rawInf skipped!
[1] min2Mb_mean_Nmsitenorm_donor_centric_PCAWG_Hg19_TToC_RefSig.N7_exon_intron_intergenic_intergenic.excl_sigEperclimits_1000rawInf skipped!
[1] min2Mb_mean_Nmsitenorm_donor_centric_PCAWG_Hg19_TToG_RefSig.10_exon_intron_intergenic_intergenic.excl_sigEperclimits_1000rawInf skipped!
[1] min2Mb_mean_Nmsitenorm_donor_centric_PCAWG_Hg19_TToG_RefSig.11_exon_intron_intergenic_intergenic.excl_sigEperclimits_1000rawInf skipped!
[1] min2Mb_mean_Nmsitenorm_donor_centric_PCAWG_Hg19_TToG_RefSig.N7_exon_intron_intergenic_intergenic.excl_sigEperclimits_1000rawInf skipped!
[1] min2Mb_mean_Nmsitenorm_donor_centric_PCAWG_Hg19_All_RefSig.10_intergenic_sigEperclimits_1000rawInf skipped!
[1] min2Mb_mean_Nmsitenorm_donor_centric_PCAWG_Hg19_All_RefSig.11_intergenic_sigEperclimits_1000rawInf skipped!
[1] min2Mb_mean_Nmsitenorm_donor_centric_PCAWG_Hg19_All_RefSig.N7_intergenic_sigEperclimits_1000rawInf skipped!
[1] min2Mb_mean_Nmsitenorm_donor_centric_PCAWG_Hg19_CToA_RefSig.10_intergenic_sigEperclimits_1000rawInf skipped!
[1] min2Mb_mean_Nmsitenorm_donor_centric_PCAWG_Hg19_CToA_RefSig.11_intergenic_sigEperclimits_1000rawInf skipped!
[1] min2Mb_mean_Nmsitenorm_donor_centric_PCAWG_Hg19_CToA_RefSig.N7_intergenic_sigEperclimits_1000rawInf skipped!
[1] min2Mb_mean_Nmsitenorm_donor_centric_PCAWG_Hg19_CToG_RefSig.10_intergenic_sigEperclimits_1000rawInf skipped!
[1] min2Mb_mean_Nmsitenorm_donor_centric_PCAWG_Hg19_CToG_RefSig.11_intergenic_sigEperclimits_1000rawInf skipped!
[1] min2Mb_mean_Nmsitenorm_donor_centric_PCAWG_Hg19_CToG_RefSig.N7_intergenic_sigEperclimits_1000rawInf skipped!
[1] min2Mb_mean_Nmsitenorm_donor_centric_PCAWG_Hg19_CToT_RefSig.10_intergenic_sigEperclimits_1000rawInf skipped!
[1] min2Mb_mean_Nmsitenorm_donor_centric_PCAWG_Hg19_CToT_RefSig.11_intergenic_sigEperclimits_1000rawInf skipped!
[1] min2Mb_mean_Nmsitenorm_donor_centric_PCAWG_Hg19_CToT_RefSig.N7_intergenic_sigEperclimits_1000rawInf skipped!
[1] min2Mb_mean_Nmsitenorm_donor_centric_PCAWG_Hg19_TToA_RefSig.10_intergenic_sigEperclimits_1000rawInf skipped!
[1] min2Mb_mean_Nmsitenorm_donor_centric_PCAWG_Hg19_TToA_RefSig.11_intergenic_sigEperclimits_1000rawInf skipped!
[1] min2Mb_mean_Nmsitenorm_donor_centric_PCAWG_Hg19_TToA_RefSig.N7_intergenic_sigEperclimits_1000rawInf skipped!
[1] min2Mb_mean_Nmsitenorm_donor_centric_PCAWG_Hg19_TToC_RefSig.10_intergenic_sigEperclimits_1000rawInf skipped!
[1] min2Mb_mean_Nmsitenorm_donor_centric_PCAWG_Hg19_TToC_RefSig.11_intergenic_sigEperclimits_1000rawInf skipped!
[1] min2Mb_mean_Nmsitenorm_donor_centric_PCAWG_Hg19_TToC_RefSig.N7_intergenic_sigEperclimits_1000rawInf skipped!
[1] min2Mb_mean_Nmsitenorm_donor_centric_PCAWG_Hg19_TToG_RefSig.10_intergenic_sigEperclimits_1000rawInf skipped!
[1] min2Mb_mean_Nmsitenorm_donor_centric_PCAWG_Hg19_TToG_RefSig.11_intergenic_sigEperclimits_1000rawInf skipped!
[1] min2Mb_mean_Nmsitenorm_donor_centric_PCAWG_Hg19_TToG_RefSig.N7_intergenic_sigEperclimits_1000rawInf skipped!
[1] min2Mb_mean_Nmsitenorm_donor_centric_PCAWG_Hg19_All_RefSig.10_intron_sigEperclimits_1000rawInf skipped!
[1] min2Mb_mean_Nmsitenorm_donor_centric_PCAWG_Hg19_All_RefSig.11_intron_sigEperclimits_1000rawInf skipped!
[1] min2Mb_mean_Nmsitenorm_donor_centric_PCAWG_Hg19_All_RefSig.N7_intron_sigEperclimits_1000rawInf skipped!
[1] min2Mb_mean_Nmsitenorm_donor_centric_PCAWG_Hg19_CToA_RefSig.10_intron_sigEperclimits_1000rawInf skipped!
[1] min2Mb_mean_Nmsitenorm_donor_centric_PCAWG_Hg19_CToA_RefSig.11_intron_sigEperclimits_1000rawInf skipped!
[1] min2Mb_mean_Nmsitenorm_donor_centric_PCAWG_Hg19_CToA_RefSig.N7_intron_sigEperclimits_1000rawInf skipped!
[1] min2Mb_mean_Nmsitenorm_donor_centric_PCAWG_Hg19_CToG_RefSig.10_intron_sigEperclimits_1000rawInf skipped!
[1] min2Mb_mean_Nmsitenorm_donor_centric_PCAWG_Hg19_CToG_RefSig.11_intron_sigEperclimits_1000rawInf skipped!
[1] min2Mb_mean_Nmsitenorm_donor_centric_PCAWG_Hg19_CToG_RefSig.N7_intron_sigEperclimits_1000rawInf skipped!
[1] min2Mb_mean_Nmsitenorm_donor_centric_PCAWG_Hg19_CToT_RefSig.10_intron_sigEperclimits_1000rawInf skipped!
[1] min2Mb_mean_Nmsitenorm_donor_centric_PCAWG_Hg19_CToT_RefSig.11_intron_sigEperclimits_1000rawInf skipped!
[1] min2Mb_mean_Nmsitenorm_donor_centric_PCAWG_Hg19_CToT_RefSig.N7_intron_sigEperclimits_1000rawInf skipped!
[1] min2Mb_mean_Nmsitenorm_donor_centric_PCAWG_Hg19_TToA_RefSig.10_intron_sigEperclimits_1000rawInf skipped!
[1] min2Mb_mean_Nmsitenorm_donor_centric_PCAWG_Hg19_TToA_RefSig.11_intron_sigEperclimits_1000rawInf skipped!
[1] min2Mb_mean_Nmsitenorm_donor_centric_PCAWG_Hg19_TToA_RefSig.N7_intron_sigEperclimits_1000rawInf skipped!
[1] min2Mb_mean_Nmsitenorm_donor_centric_PCAWG_Hg19_TToC_RefSig.10_intron_sigEperclimits_1000rawInf skipped!
[1] min2Mb_mean_Nmsitenorm_donor_centric_PCAWG_Hg19_TToC_RefSig.11_intron_sigEperclimits_1000rawInf skipped!
[1] min2Mb_mean_Nmsitenorm_donor_centric_PCAWG_Hg19_TToC_RefSig.N7_intron_sigEperclimits_1000rawInf skipped!
[1] min2Mb_mean_Nmsitenorm_donor_centric_PCAWG_Hg19_TToG_RefSig.10_intron_sigEperclimits_1000rawInf skipped!
[1] min2Mb_mean_Nmsitenorm_donor_centric_PCAWG_Hg19_TToG_RefSig.11_intron_sigEperclimits_1000rawInf skipped!
[1] min2Mb_mean_Nmsitenorm_donor_centric_PCAWG_Hg19_TToG_RefSig.N7_intron_sigEperclimits_1000rawInf skipped!
[1] min2Mb_mean_Nmsitenorm_donor_centric_PCAWG_Hg19_All_RefSig.10_intron_intergenic_sigEperclimits_1000rawInf skipped!
[1] min2Mb_mean_Nmsitenorm_donor_centric_PCAWG_Hg19_All_RefSig.11_intron_intergenic_sigEperclimits_1000rawInf skipped!
[1] min2Mb_mean_Nmsitenorm_donor_centric_PCAWG_Hg19_All_RefSig.N7_intron_intergenic_sigEperclimits_1000rawInf skipped!
[1] min2Mb_mean_Nmsitenorm_donor_centric_PCAWG_Hg19_CToA_RefSig.10_intron_intergenic_sigEperclimits_1000rawInf skipped!
[1] min2Mb_mean_Nmsitenorm_donor_centric_PCAWG_Hg19_CToA_RefSig.11_intron_intergenic_sigEperclimits_1000rawInf skipped!
[1] min2Mb_mean_Nmsitenorm_donor_centric_PCAWG_Hg19_CToA_RefSig.N7_intron_intergenic_sigEperclimits_1000rawInf skipped!
[1] min2Mb_mean_Nmsitenorm_donor_centric_PCAWG_Hg19_CToG_RefSig.10_intron_intergenic_sigEperclimits_1000rawInf skipped!
[1] min2Mb_mean_Nmsitenorm_donor_centric_PCAWG_Hg19_CToG_RefSig.11_intron_intergenic_sigEperclimits_1000rawInf skipped!
[1] min2Mb_mean_Nmsitenorm_donor_centric_PCAWG_Hg19_CToG_RefSig.N7_intron_intergenic_sigEperclimits_1000rawInf skipped!
[1] min2Mb_mean_Nmsitenorm_donor_centric_PCAWG_Hg19_CToT_RefSig.10_intron_intergenic_sigEperclimits_1000rawInf skipped!
[1] min2Mb_mean_Nmsitenorm_donor_centric_PCAWG_Hg19_CToT_RefSig.11_intron_intergenic_sigEperclimits_1000rawInf skipped!
[1] min2Mb_mean_Nmsitenorm_donor_centric_PCAWG_Hg19_CToT_RefSig.N7_intron_intergenic_sigEperclimits_1000rawInf skipped!
[1] min2Mb_mean_Nmsitenorm_donor_centric_PCAWG_Hg19_TToA_RefSig.10_intron_intergenic_sigEperclimits_1000rawInf skipped!
[1] min2Mb_mean_Nmsitenorm_donor_centric_PCAWG_Hg19_TToA_RefSig.11_intron_intergenic_sigEperclimits_1000rawInf skipped!
[1] min2Mb_mean_Nmsitenorm_donor_centric_PCAWG_Hg19_TToA_RefSig.N7_intron_intergenic_sigEperclimits_1000rawInf skipped!
[1] min2Mb_mean_Nmsitenorm_donor_centric_PCAWG_Hg19_TToC_RefSig.10_intron_intergenic_sigEperclimits_1000rawInf skipped!
[1] min2Mb_mean_Nmsitenorm_donor_centric_PCAWG_Hg19_TToC_RefSig.11_intron_intergenic_sigEperclimits_1000rawInf skipped!
[1] min2Mb_mean_Nmsitenorm_donor_centric_PCAWG_Hg19_TToC_RefSig.N7_intron_intergenic_sigEperclimits_1000rawInf skipped!
[1] min2Mb_mean_Nmsitenorm_donor_centric_PCAWG_Hg19_TToG_RefSig.10_intron_intergenic_sigEperclimits_1000rawInf skipped!
[1] min2Mb_mean_Nmsitenorm_donor_centric_PCAWG_Hg19_TToG_RefSig.11_intron_intergenic_sigEperclimits_1000rawInf skipped!
[1] min2Mb_mean_Nmsitenorm_donor_centric_PCAWG_Hg19_TToG_RefSig.N7_intron_intergenic_sigEperclimits_1000rawInf skipped!
          used  (Mb) gc trigger  (Mb) limit (Mb) max used  (Mb)
Ncells 2412702 128.9    4922721 263.0         NA  4177766 223.2
Vcells 6487366  49.5   10146329  77.5      16384  8388608  64.0
[1] "1000rawInf" "-1_0"      
[1] 1
[1] 2
[1] 3
[1] 4
[1] 5
[1] 6
[1] 7
[1] 8
[1] 9
[1] 10
[1] 11
[1] 12
[1] 13
[1] 14
[1] 15
[1] 16
[1] 17
[1] 18
[1] 19
[1] 20
[1] 21
[1] 22
[1] 23
[1] 24
[1] 25
[1] 26
[1] 27
[1] 28
[1] 29
[1] 30
[1] 31
[1] 32
[1] 33
[1] 34
[1] 35
file saved to /Users/ltamon/DPhil/GCD_polished/19_MutationRatesVsPersist/out_signatureCombinedPlot/min2Mb_mean_Nmsitenorm_donor_centric_PCAWG_Hg19_sigEpLim-1_0_Nsampmin50_b.pdf
[1] 1
[1] 2
[1] 3
[1] 4
[1] 5
[1] 6
[1] 7
[1] 8
[1] 9
[1] 10
[1] 11
[1] 12
[1] 13
[1] 14
[1] 15
[1] 16
[1] 17
[1] 18
[1] 19
[1] 20
[1] 21
[1] 22
[1] 23
[1] 24
[1] 25
[1] 26
[1] 27
[1] 28
[1] 29
[1] 30
[1] 31
[1] 32
[1] 33
[1] 34
[1] 35
file saved to /Users/ltamon/DPhil/GCD_polished/19_MutationRatesVsPersist/out_signatureCombinedPlot/min2Mb_mean_Nmsitenorm_donor_centric_PCAWG_Hg19_sigEpLim1000rawInf_Nsampmin50_b.pdf
[1] 1
[1] 2
[1] 3
[1] 4
[1] 5
[1] 6
[1] 7
[1] 8
[1] 9
[1] 10
[1] 11
[1] 12
[1] 13
[1] 14
[1] 15
[1] 16
[1] 17
[1] 18
[1] 19
[1] 20
[1] 21
[1] 22
[1] 23
[1] 24
[1] 25
[1] 26
[1] 27
[1] 28
[1] 29
[1] 30
[1] 31
[1] 32
[1] 33
[1] 34
[1] 35
file saved to /Users/ltamon/DPhil/GCD_polished/19_MutationRatesVsPersist/out_signatureCombinedPlot/min2Mb_mean_Nmsitenorm_donor_centric_PCAWG_Hg19_sigEpLim-1_0_Nsampmin50_cmean.pdf
[1] 1
[1] 2
[1] 3
[1] 4
[1] 5
[1] 6
[1] 7
[1] 8
[1] 9
[1] 10
[1] 11
[1] 12
[1] 13
[1] 14
[1] 15
[1] 16
[1] 17
[1] 18
[1] 19
[1] 20
[1] 21
[1] 22
[1] 23
[1] 24
[1] 25
[1] 26
[1] 27
[1] 28
[1] 29
[1] 30
[1] 31
[1] 32
[1] 33
[1] 34
[1] 35
file saved to /Users/ltamon/DPhil/GCD_polished/19_MutationRatesVsPersist/out_signatureCombinedPlot/min2Mb_mean_Nmsitenorm_donor_centric_PCAWG_Hg19_sigEpLim1000rawInf_Nsampmin50_cmean.pdf
[1] 1
[1] 2
[1] 3
[1] 4
[1] 5
[1] 6
[1] 7
[1] 8
[1] 9
[1] 10
[1] 11
[1] 12
[1] 13
[1] 14
[1] 15
[1] 16
[1] 17
[1] 18
[1] 19
[1] 20
[1] 21
[1] 22
[1] 23
[1] 24
[1] 25
[1] 26
[1] 27
[1] 28
[1] 29
[1] 30
[1] 31
[1] 32
[1] 33
[1] 34
[1] 35
file saved to /Users/ltamon/DPhil/GCD_polished/19_MutationRatesVsPersist/out_signatureCombinedPlot/min2Mb_mean_Nmsitenorm_donor_centric_PCAWG_Hg19_sigEpLim-1_0_Nsampmin50_csd.pdf
[1] 1
[1] 2
[1] 3
[1] 4
[1] 5
[1] 6
[1] 7
[1] 8
[1] 9
[1] 10
[1] 11
[1] 12
[1] 13
[1] 14
[1] 15
[1] 16
[1] 17
[1] 18
[1] 19
[1] 20
[1] 21
[1] 22
[1] 23
[1] 24
[1] 25
[1] 26
[1] 27
[1] 28
[1] 29
[1] 30
[1] 31
[1] 32
[1] 33
[1] 34
[1] 35
file saved to /Users/ltamon/DPhil/GCD_polished/19_MutationRatesVsPersist/out_signatureCombinedPlot/min2Mb_mean_Nmsitenorm_donor_centric_PCAWG_Hg19_sigEpLim1000rawInf_Nsampmin50_csd.pdf
