nohup: ignoring input
out_plotsVsCp/
out_plotsVsCp/min2Mb_donor_centric_PCAWG_Hg19_CToA_numWTSEQ_median_scatplot.RData
out_plotsVsCp/min2Mb_donor_centric_PCAWG_Hg19_All_TmutDIVNmsite_median_scatplot.RData
out_plotsVsCp/min2Mb_donor_centric_PCAWG_Hg19_TToC_Nmsitenorm_mean_scatplot.RData
out_plotsVsCp/min2Mb_donor_centric_PCAWG_Hg19_TToG_Nmsitenorm_mean_boxplots.pdf
out_plotsVsCp/min2Mb_donor_centric_PCAWG_Hg19_All_Nmsite_mean_boxplots.pdf
out_plotsVsCp/min2Mb_donor_centric_PCAWG_Hg19_TToA_TmutDIVNmsite_median_FC_scatplot.RData
out_plotsVsCp/min2Mb_donor_centric_PCAWG_Hg19_TToG_Tmut_mean_FC_scatplot.RData
out_plotsVsCp/min2Mb_donor_centric_PCAWG_Hg19_TToG_Nmsitenorm_median_boxplots.pdf
out_plotsVsCp/min2Mb_donor_centric_PCAWG_Hg19_TToA_numWTSEQ_median_scatplot.RData
out_plotsVsCp/min2Mb_donor_centric_PCAWG_Hg19_All_Nmsitenorm_mean_FC_scatplot.pdf
out_plotsVsCp/min2Mb_donor_centric_PCAWG_Hg19_CToT_Tmut_median_boxplots.pdf
out_plotsVsCp/min2Mb_donor_centric_PCAWG_Hg19_CToA_TmutDIVNmsite_mean_FC_scatplot.pdf
out_plotsVsCp/min2Mb_donor_centric_PCAWG_Hg19_TToA_Tmut_mean_boxplots.pdf
out_plotsVsCp/min2Mb_donor_centric_PCAWG_Hg19_TToG_TmutDIVNmsite_median_scatplot.pdf
out_plotsVsCp/min2Mb_donor_centric_PCAWG_Hg19_TToG_Tmut_mean_FC_scatplot.pdf
out_plotsVsCp/min2Mb_donor_centric_PCAWG_Hg19_CToA_Nmsite_mean_FC_scatplot.pdf
out_plotsVsCp/min2Mb_donor_centric_PCAWG_Hg19_All_TmutDIVNmsite_mean_FC_scatplot.pdf
out_plotsVsCp/min2Mb_donor_centric_PCAWG_Hg19_CToT_Nmsite_mean_FC_scatplot.RData
out_plotsVsCp/min2Mb_donor_centric_PCAWG_Hg19_CToT_TmutDIVNmsite_median_boxplots.pdf
out_plotsVsCp/min2Mb_donor_centric_PCAWG_Hg19_CToT_Tmut_mean_scatplot.RData
out_plotsVsCp/min2Mb_donor_centric_PCAWG_Hg19_CToG_TmutDIVNmsite_mean_FC_scatplot.RData
out_plotsVsCp/min2Mb_donor_centric_PCAWG_Hg19_TToA_Nmsite_mean_scatplot.RData
out_plotsVsCp/min2Mb_donor_centric_PCAWG_Hg19_CToT_Nmsitenorm_mean_FC_scatplot.RData
out_plotsVsCp/min2Mb_donor_centric_PCAWG_Hg19_CToG_numWTSEQ_mean_FC_scatplot.pdf
out_plotsVsCp/min2Mb_donor_centric_PCAWG_Hg19_All_Nmsitenorm_mean_scatplot.pdf
out_plotsVsCp/min2Mb_donor_centric_PCAWG_Hg19_TToG_numWTSEQ_mean_boxplots.pdf
out_plotsVsCp/min2Mb_donor_centric_PCAWG_Hg19_TToC_numWTSEQ_median_scatplot.pdf
out_plotsVsCp/min2Mb_donor_centric_PCAWG_Hg19_All_TmutDIVNmsite_mean_boxplots.pdf
out_plotsVsCp/min2Mb_donor_centric_PCAWG_Hg19_CToG_Tmut_mean_FC_scatplot.pdf
out_plotsVsCp/min2Mb_donor_centric_PCAWG_Hg19_TToC_TmutDIVNmsite_mean_boxplots.pdf
out_plotsVsCp/min2Mb_donor_centric_PCAWG_Hg19_CToG_TmutDIVNmsite_mean_scatplot.pdf
out_plotsVsCp/min2Mb_donor_centric_PCAWG_Hg19_TToG_numWTSEQ_mean_scatplot.RData
out_plotsVsCp/min2Mb_donor_centric_PCAWG_Hg19_TToC_Nmsite_median_FC_scatplot.pdf
out_plotsVsCp/min2Mb_donor_centric_PCAWG_Hg19_All_Nmsite_mean_scatplot.RData
out_plotsVsCp/min2Mb_donor_centric_PCAWG_Hg19_TToC_TmutDIVNmsite_median_scatplot.RData
out_plotsVsCp/min2Mb_donor_centric_PCAWG_Hg19_All_TmutDIVNmsite_mean_scatplot.pdf
out_plotsVsCp/min2Mb_donor_centric_PCAWG_Hg19_All_numWTSEQ_median_boxplots.pdf
out_plotsVsCp/min2Mb_donor_centric_PCAWG_Hg19_CToA_numWTSEQ_mean_scatplot.pdf
out_plotsVsCp/min2Mb_donor_centric_PCAWG_Hg19_CToA_TmutDIVNmsite_mean_FC_scatplot.RData
out_plotsVsCp/min2Mb_donor_centric_PCAWG_Hg19_CToT_Tmut_median_FC_scatplot.RData
out_plotsVsCp/min2Mb_donor_centric_PCAWG_Hg19_CToT_Nmsitenorm_median_scatplot.RData
out_plotsVsCp/min2Mb_donor_centric_PCAWG_Hg19_TToC_Nmsitenorm_median_boxplots.pdf
out_plotsVsCp/min2Mb_donor_centric_PCAWG_Hg19_TToG_Nmsite_median_FC_scatplot.pdf
out_plotsVsCp/min2Mb_donor_centric_PCAWG_Hg19_CToA_Nmsitenorm_mean_FC_scatplot.RData
out_plotsVsCp/min2Mb_donor_centric_PCAWG_Hg19_TToA_TmutDIVNmsite_median_scatplot.pdf
out_plotsVsCp/min2Mb_donor_centric_PCAWG_Hg19_TToG_numWTSEQ_median_FC_scatplot.RData
out_plotsVsCp/min2Mb_donor_centric_PCAWG_Hg19_CToG_Tmut_median_scatplot.pdf
out_plotsVsCp/min2Mb_donor_centric_PCAWG_Hg19_TToC_TmutDIVNmsite_median_FC_scatplot.RData
out_plotsVsCp/min2Mb_donor_centric_PCAWG_Hg19_CToG_Nmsitenorm_median_FC_scatplot.pdf
out_plotsVsCp/min2Mb_donor_centric_PCAWG_Hg19_CToA_numWTSEQ_mean_scatplot.RData
out_plotsVsCp/min2Mb_donor_centric_PCAWG_Hg19_TToC_Tmut_median_FC_scatplot.RData
out_plotsVsCp/min2Mb_donor_centric_PCAWG_Hg19_TToG_Tmut_median_boxplots.pdf
out_plotsVsCp/min2Mb_donor_centric_PCAWG_Hg19_CToG_TmutDIVNmsite_median_FC_scatplot.RData
out_plotsVsCp/min2Mb_donor_centric_PCAWG_Hg19_CToT_numWTSEQ_mean_boxplots.pdf
out_plotsVsCp/min2Mb_donor_centric_PCAWG_Hg19_CToT_Tmut_median_scatplot.RData
out_plotsVsCp/min2Mb_donor_centric_PCAWG_Hg19_TToA_numWTSEQ_mean_FC_scatplot.pdf
out_plotsVsCp/min2Mb_donor_centric_PCAWG_Hg19_TToC_numWTSEQ_median_boxplots.pdf
out_plotsVsCp/min2Mb_donor_centric_PCAWG_Hg19_TToG_Nmsite_mean_scatplot.RData
out_plotsVsCp/min2Mb_donor_centric_PCAWG_Hg19_All_Tmut_mean_boxplots.pdf
out_plotsVsCp/min2Mb_donor_centric_PCAWG_Hg19_TToC_Nmsite_mean_scatplot.pdf
out_plotsVsCp/min2Mb_donor_centric_PCAWG_Hg19_CToT_Nmsite_median_FC_scatplot.pdf
out_plotsVsCp/min2Mb_donor_centric_PCAWG_Hg19_TToC_numWTSEQ_mean_scatplot.RData
out_plotsVsCp/min2Mb_donor_centric_PCAWG_Hg19_CToT_TmutDIVNmsite_mean_FC_scatplot.pdf
out_plotsVsCp/min2Mb_donor_centric_PCAWG_Hg19_CToA_Tmut_median_scatplot.pdf
out_plotsVsCp/min2Mb_donor_centric_PCAWG_Hg19_TToA_numWTSEQ_mean_boxplots.pdf
out_plotsVsCp/min2Mb_donor_centric_PCAWG_Hg19_TToG_Tmut_mean_scatplot.pdf
out_plotsVsCp/min2Mb_donor_centric_PCAWG_Hg19_TToG_Nmsite_mean_scatplot.pdf
out_plotsVsCp/min2Mb_donor_centric_PCAWG_Hg19_CToG_Nmsite_mean_FC_scatplot.RData
out_plotsVsCp/min2Mb_donor_centric_PCAWG_Hg19_CToT_numWTSEQ_median_scatplot.RData
out_plotsVsCp/min2Mb_donor_centric_PCAWG_Hg19_TToA_Nmsitenorm_mean_FC_scatplot.pdf
out_plotsVsCp/min2Mb_donor_centric_PCAWG_Hg19_CToG_numWTSEQ_mean_scatplot.pdf
out_plotsVsCp/min2Mb_donor_centric_PCAWG_Hg19_TToG_Nmsite_mean_FC_scatplot.pdf
out_plotsVsCp/min2Mb_donor_centric_PCAWG_Hg19_CToA_Nmsite_median_boxplots.pdf
out_plotsVsCp/min2Mb_donor_centric_PCAWG_Hg19_CToG_numWTSEQ_median_boxplots.pdf
out_plotsVsCp/min2Mb_donor_centric_PCAWG_Hg19_CToG_TmutDIVNmsite_median_FC_scatplot.pdf
out_plotsVsCp/min2Mb_donor_centric_PCAWG_Hg19_CToG_Nmsite_mean_scatplot.RData
out_plotsVsCp/min2Mb_donor_centric_PCAWG_Hg19_TToG_TmutDIVNmsite_median_boxplots.pdf
out_plotsVsCp/min2Mb_donor_centric_PCAWG_Hg19_TToG_Tmut_median_FC_scatplot.RData
out_plotsVsCp/min2Mb_donor_centric_PCAWG_Hg19_CToG_Nmsitenorm_median_scatplot.RData
out_plotsVsCp/min2Mb_donor_centric_PCAWG_Hg19_CToA_Nmsitenorm_median_scatplot.RData
out_plotsVsCp/min2Mb_donor_centric_PCAWG_Hg19_TToC_Tmut_mean_FC_scatplot.pdf
out_plotsVsCp/min2Mb_donor_centric_PCAWG_Hg19_CToA_Nmsite_mean_FC_scatplot.RData
out_plotsVsCp/min2Mb_donor_centric_PCAWG_Hg19_TToC_Nmsitenorm_median_FC_scatplot.pdf
out_plotsVsCp/min2Mb_donor_centric_PCAWG_Hg19_TToG_Tmut_mean_boxplots.pdf
out_plotsVsCp/min2Mb_donor_centric_PCAWG_Hg19_TToC_TmutDIVNmsite_median_scatplot.pdf
out_plotsVsCp/min2Mb_donor_centric_PCAWG_Hg19_All_TmutDIVNmsite_median_boxplots.pdf
out_plotsVsCp/min2Mb_donor_centric_PCAWG_Hg19_All_Nmsitenorm_median_scatplot.pdf
out_plotsVsCp/min2Mb_donor_centric_PCAWG_Hg19_CToT_numWTSEQ_median_boxplots.pdf
out_plotsVsCp/min2Mb_donor_centric_PCAWG_Hg19_CToA_Nmsitenorm_median_scatplot.pdf
out_plotsVsCp/min2Mb_donor_centric_PCAWG_Hg19_CToG_numWTSEQ_median_FC_scatplot.RData
out_plotsVsCp/min2Mb_donor_centric_PCAWG_Hg19_CToA_Nmsite_median_FC_scatplot.RData
out_plotsVsCp/min2Mb_donor_centric_PCAWG_Hg19_CToT_Nmsite_mean_scatplot.pdf
out_plotsVsCp/min2Mb_donor_centric_PCAWG_Hg19_CToT_TmutDIVNmsite_median_scatplot.RData
out_plotsVsCp/min2Mb_donor_centric_PCAWG_Hg19_TToA_Nmsitenorm_mean_scatplot.pdf
out_plotsVsCp/min2Mb_donor_centric_PCAWG_Hg19_CToT_Nmsite_mean_FC_scatplot.pdf
out_plotsVsCp/min2Mb_donor_centric_PCAWG_Hg19_TToC_Nmsite_mean_FC_scatplot.pdf
out_plotsVsCp/min2Mb_donor_centric_PCAWG_Hg19_TToA_numWTSEQ_mean_FC_scatplot.RData
out_plotsVsCp/min2Mb_donor_centric_PCAWG_Hg19_TToA_Tmut_mean_FC_scatplot.pdf
out_plotsVsCp/min2Mb_donor_centric_PCAWG_Hg19_CToT_Nmsitenorm_median_boxplots.pdf
out_plotsVsCp/min2Mb_donor_centric_PCAWG_Hg19_TToC_TmutDIVNmsite_mean_FC_scatplot.RData
out_plotsVsCp/min2Mb_donor_centric_PCAWG_Hg19_CToA_numWTSEQ_median_boxplots.pdf
out_plotsVsCp/min2Mb_donor_centric_PCAWG_Hg19_TToC_TmutDIVNmsite_mean_scatplot.pdf
out_plotsVsCp/min2Mb_donor_centric_PCAWG_Hg19_TToA_Tmut_mean_scatplot.RData
out_plotsVsCp/min2Mb_donor_centric_PCAWG_Hg19_TToC_TmutDIVNmsite_mean_FC_scatplot.pdf
out_plotsVsCp/min2Mb_donor_centric_PCAWG_Hg19_TToA_Nmsitenorm_median_FC_scatplot.RData
out_plotsVsCp/min2Mb_donor_centric_PCAWG_Hg19_TToG_Nmsitenorm_median_scatplot.RData
out_plotsVsCp/min2Mb_donor_centric_PCAWG_Hg19_TToC_Nmsite_median_scatplot.RData
out_plotsVsCp/min2Mb_donor_centric_PCAWG_Hg19_All_TmutDIVNmsite_median_FC_scatplot.pdf
out_plotsVsCp/min2Mb_donor_centric_PCAWG_Hg19_CToT_Nmsite_mean_scatplot.RData
out_plotsVsCp/min2Mb_donor_centric_PCAWG_Hg19_CToA_Tmut_median_FC_scatplot.RData
out_plotsVsCp/min2Mb_donor_centric_PCAWG_Hg19_CToG_numWTSEQ_mean_FC_scatplot.RData
out_plotsVsCp/min2Mb_donor_centric_PCAWG_Hg19_TToC_Nmsitenorm_median_scatplot.RData
out_plotsVsCp/min2Mb_donor_centric_PCAWG_Hg19_CToA_TmutDIVNmsite_median_scatplot.RData
out_plotsVsCp/min2Mb_donor_centric_PCAWG_Hg19_CToT_TmutDIVNmsite_mean_scatplot.RData
out_plotsVsCp/min2Mb_donor_centric_PCAWG_Hg19_TToA_Nmsite_mean_FC_scatplot.RData
out_plotsVsCp/min2Mb_donor_centric_PCAWG_Hg19_CToG_TmutDIVNmsite_median_boxplots.pdf
out_plotsVsCp/min2Mb_donor_centric_PCAWG_Hg19_TToC_Nmsite_median_boxplots.pdf
out_plotsVsCp/min2Mb_donor_centric_PCAWG_Hg19_TToG_Nmsitenorm_median_FC_scatplot.pdf
out_plotsVsCp/min2Mb_donor_centric_PCAWG_Hg19_All_Nmsitenorm_median_boxplots.pdf
out_plotsVsCp/min2Mb_donor_centric_PCAWG_Hg19_TToA_TmutDIVNmsite_median_FC_scatplot.pdf
out_plotsVsCp/min2Mb_donor_centric_PCAWG_Hg19_TToC_Nmsite_mean_boxplots.pdf
out_plotsVsCp/min2Mb_donor_centric_PCAWG_Hg19_CToT_Tmut_mean_FC_scatplot.pdf
out_plotsVsCp/min2Mb_donor_centric_PCAWG_Hg19_All_Nmsite_median_FC_scatplot.pdf
out_plotsVsCp/min2Mb_donor_centric_PCAWG_Hg19_TToG_numWTSEQ_median_boxplots.pdf
out_plotsVsCp/min2Mb_donor_centric_PCAWG_Hg19_TToG_Nmsite_median_scatplot.RData
out_plotsVsCp/min2Mb_donor_centric_PCAWG_Hg19_TToG_numWTSEQ_mean_scatplot.pdf
out_plotsVsCp/min2Mb_donor_centric_PCAWG_Hg19_TToC_numWTSEQ_median_FC_scatplot.pdf
out_plotsVsCp/min2Mb_donor_centric_PCAWG_Hg19_All_numWTSEQ_median_scatplot.RData
out_plotsVsCp/min2Mb_donor_centric_PCAWG_Hg19_TToC_Nmsite_median_scatplot.pdf
out_plotsVsCp/min2Mb_donor_centric_PCAWG_Hg19_All_Nmsitenorm_mean_FC_scatplot.RData
out_plotsVsCp/min2Mb_donor_centric_PCAWG_Hg19_CToT_Nmsitenorm_mean_scatplot.pdf
out_plotsVsCp/min2Mb_donor_centric_PCAWG_Hg19_TToA_numWTSEQ_median_FC_scatplot.pdf
out_plotsVsCp/min2Mb_donor_centric_PCAWG_Hg19_CToA_TmutDIVNmsite_median_FC_scatplot.RData
out_plotsVsCp/min2Mb_donor_centric_PCAWG_Hg19_CToT_Nmsite_median_scatplot.RData
out_plotsVsCp/min2Mb_donor_centric_PCAWG_Hg19_TToG_Nmsite_mean_boxplots.pdf
out_plotsVsCp/min2Mb_donor_centric_PCAWG_Hg19_TToG_TmutDIVNmsite_mean_scatplot.RData
out_plotsVsCp/min2Mb_donor_centric_PCAWG_Hg19_CToG_numWTSEQ_median_scatplot.pdf
out_plotsVsCp/min2Mb_donor_centric_PCAWG_Hg19_TToC_Tmut_mean_FC_scatplot.RData
out_plotsVsCp/min2Mb_donor_centric_PCAWG_Hg19_CToA_numWTSEQ_mean_boxplots.pdf
out_plotsVsCp/min2Mb_donor_centric_PCAWG_Hg19_TToA_numWTSEQ_median_scatplot.pdf
out_plotsVsCp/min2Mb_donor_centric_PCAWG_Hg19_TToA_numWTSEQ_median_FC_scatplot.RData
out_plotsVsCp/min2Mb_donor_centric_PCAWG_Hg19_TToC_Nmsitenorm_mean_scatplot.pdf
out_plotsVsCp/min2Mb_donor_centric_PCAWG_Hg19_CToA_Tmut_median_scatplot.RData
out_plotsVsCp/min2Mb_donor_centric_PCAWG_Hg19_CToA_Tmut_median_boxplots.pdf
out_plotsVsCp/min2Mb_donor_centric_PCAWG_Hg19_TToG_Tmut_median_scatplot.RData
out_plotsVsCp/min2Mb_donor_centric_PCAWG_Hg19_All_numWTSEQ_median_FC_scatplot.RData
out_plotsVsCp/min2Mb_donor_centric_PCAWG_Hg19_TToA_Nmsite_median_FC_scatplot.pdf
out_plotsVsCp/min2Mb_donor_centric_PCAWG_Hg19_CToA_TmutDIVNmsite_median_FC_scatplot.pdf
out_plotsVsCp/min2Mb_donor_centric_PCAWG_Hg19_TToG_Nmsitenorm_median_FC_scatplot.RData
out_plotsVsCp/min2Mb_donor_centric_PCAWG_Hg19_All_numWTSEQ_median_FC_scatplot.pdf
out_plotsVsCp/min2Mb_donor_centric_PCAWG_Hg19_All_Tmut_median_scatplot.pdf
out_plotsVsCp/min2Mb_donor_centric_PCAWG_Hg19_CToA_Nmsite_median_scatplot.pdf
out_plotsVsCp/min2Mb_donor_centric_PCAWG_Hg19_All_Tmut_median_scatplot.RData
out_plotsVsCp/min2Mb_donor_centric_PCAWG_Hg19_CToT_TmutDIVNmsite_mean_FC_scatplot.RData
out_plotsVsCp/min2Mb_donor_centric_PCAWG_Hg19_TToC_Nmsitenorm_median_scatplot.pdf
out_plotsVsCp/min2Mb_donor_centric_PCAWG_Hg19_All_Nmsitenorm_median_FC_scatplot.RData
out_plotsVsCp/min2Mb_donor_centric_PCAWG_Hg19_CToT_numWTSEQ_median_FC_scatplot.pdf
out_plotsVsCp/min2Mb_donor_centric_PCAWG_Hg19_TToC_Tmut_mean_scatplot.pdf
out_plotsVsCp/min2Mb_donor_centric_PCAWG_Hg19_TToA_Nmsitenorm_mean_FC_scatplot.RData
out_plotsVsCp/min2Mb_donor_centric_PCAWG_Hg19_TToC_Tmut_median_scatplot.RData
out_plotsVsCp/min2Mb_donor_centric_PCAWG_Hg19_CToA_Nmsitenorm_median_FC_scatplot.pdf
out_plotsVsCp/min2Mb_donor_centric_PCAWG_Hg19_CToA_Nmsite_mean_scatplot.pdf
out_plotsVsCp/min2Mb_donor_centric_PCAWG_Hg19_CToG_Nmsitenorm_mean_scatplot.pdf
out_plotsVsCp/min2Mb_donor_centric_PCAWG_Hg19_TToA_Tmut_median_FC_scatplot.RData
out_plotsVsCp/min2Mb_donor_centric_PCAWG_Hg19_CToA_Nmsitenorm_mean_FC_scatplot.pdf
out_plotsVsCp/min2Mb_donor_centric_PCAWG_Hg19_All_Nmsite_mean_scatplot.pdf
out_plotsVsCp/min2Mb_donor_centric_PCAWG_Hg19_All_TmutDIVNmsite_median_scatplot.pdf
out_plotsVsCp/min2Mb_donor_centric_PCAWG_Hg19_TToA_Tmut_median_boxplots.pdf
out_plotsVsCp/min2Mb_donor_centric_PCAWG_Hg19_TToA_Tmut_median_FC_scatplot.pdf
out_plotsVsCp/min2Mb_donor_centric_PCAWG_Hg19_TToG_Nmsitenorm_median_scatplot.pdf
out_plotsVsCp/min2Mb_donor_centric_PCAWG_Hg19_CToG_Nmsitenorm_median_scatplot.pdf
out_plotsVsCp/min2Mb_donor_centric_PCAWG_Hg19_CToA_Nmsite_median_FC_scatplot.pdf
out_plotsVsCp/min2Mb_donor_centric_PCAWG_Hg19_All_numWTSEQ_mean_scatplot.pdf
out_plotsVsCp/min2Mb_donor_centric_PCAWG_Hg19_CToG_Nmsite_mean_scatplot.pdf
out_plotsVsCp/min2Mb_donor_centric_PCAWG_Hg19_TToA_Nmsite_median_boxplots.pdf
out_plotsVsCp/min2Mb_donor_centric_PCAWG_Hg19_CToG_Nmsite_mean_FC_scatplot.pdf
out_plotsVsCp/min2Mb_donor_centric_PCAWG_Hg19_CToT_numWTSEQ_mean_scatplot.pdf
out_plotsVsCp/min2Mb_donor_centric_PCAWG_Hg19_All_TmutDIVNmsite_median_FC_scatplot.RData
out_plotsVsCp/min2Mb_donor_centric_PCAWG_Hg19_CToA_Tmut_mean_scatplot.RData
out_plotsVsCp/min2Mb_donor_centric_PCAWG_Hg19_CToA_Nmsitenorm_mean_scatplot.RData
out_plotsVsCp/min2Mb_donor_centric_PCAWG_Hg19_TToA_Nmsitenorm_mean_scatplot.RData
out_plotsVsCp/min2Mb_donor_centric_PCAWG_Hg19_CToG_Tmut_mean_FC_scatplot.RData
out_plotsVsCp/min2Mb_donor_centric_PCAWG_Hg19_TToC_TmutDIVNmsite_mean_scatplot.RData
out_plotsVsCp/min2Mb_donor_centric_PCAWG_Hg19_All_Tmut_mean_scatplot.RData
out_plotsVsCp/min2Mb_donor_centric_PCAWG_Hg19_CToG_Tmut_median_boxplots.pdf
out_plotsVsCp/min2Mb_donor_centric_PCAWG_Hg19_TToG_Nmsitenorm_mean_scatplot.pdf
out_plotsVsCp/min2Mb_donor_centric_PCAWG_Hg19_CToT_Nmsitenorm_mean_boxplots.pdf
out_plotsVsCp/min2Mb_donor_centric_PCAWG_Hg19_CToG_Nmsite_median_FC_scatplot.RData
out_plotsVsCp/min2Mb_donor_centric_PCAWG_Hg19_TToC_Tmut_median_FC_scatplot.pdf
out_plotsVsCp/min2Mb_donor_centric_PCAWG_Hg19_All_numWTSEQ_median_scatplot.pdf
out_plotsVsCp/min2Mb_donor_centric_PCAWG_Hg19_CToT_Nmsite_median_boxplots.pdf
out_plotsVsCp/min2Mb_donor_centric_PCAWG_Hg19_TToG_Nmsite_median_FC_scatplot.RData
out_plotsVsCp/min2Mb_donor_centric_PCAWG_Hg19_CToA_TmutDIVNmsite_mean_scatplot.RData
out_plotsVsCp/min2Mb_donor_centric_PCAWG_Hg19_CToA_Tmut_mean_FC_scatplot.pdf
out_plotsVsCp/min2Mb_donor_centric_PCAWG_Hg19_TToC_numWTSEQ_median_FC_scatplot.RData
out_plotsVsCp/min2Mb_donor_centric_PCAWG_Hg19_CToT_Nmsitenorm_mean_FC_scatplot.pdf
out_plotsVsCp/min2Mb_donor_centric_PCAWG_Hg19_CToA_Nmsitenorm_mean_scatplot.pdf
out_plotsVsCp/min2Mb_donor_centric_PCAWG_Hg19_All_numWTSEQ_mean_boxplots.pdf
out_plotsVsCp/min2Mb_donor_centric_PCAWG_Hg19_CToT_Nmsitenorm_median_scatplot.pdf
out_plotsVsCp/min2Mb_donor_centric_PCAWG_Hg19_CToA_Nmsitenorm_mean_boxplots.pdf
out_plotsVsCp/min2Mb_donor_centric_PCAWG_Hg19_CToA_TmutDIVNmsite_mean_boxplots.pdf
out_plotsVsCp/min2Mb_donor_centric_PCAWG_Hg19_TToG_TmutDIVNmsite_mean_FC_scatplot.RData
out_plotsVsCp/min2Mb_donor_centric_PCAWG_Hg19_CToG_TmutDIVNmsite_median_scatplot.RData
out_plotsVsCp/min2Mb_donor_centric_PCAWG_Hg19_CToG_numWTSEQ_mean_scatplot.RData
out_plotsVsCp/min2Mb_donor_centric_PCAWG_Hg19_CToG_Nmsitenorm_median_FC_scatplot.RData
out_plotsVsCp/min2Mb_donor_centric_PCAWG_Hg19_TToC_Nmsite_mean_scatplot.RData
out_plotsVsCp/min2Mb_donor_centric_PCAWG_Hg19_TToC_Tmut_mean_boxplots.pdf
out_plotsVsCp/min2Mb_donor_centric_PCAWG_Hg19_TToG_TmutDIVNmsite_median_scatplot.RData
out_plotsVsCp/min2Mb_donor_centric_PCAWG_Hg19_TToA_Nmsitenorm_median_FC_scatplot.pdf
out_plotsVsCp/min2Mb_donor_centric_PCAWG_Hg19_All_Nmsitenorm_median_scatplot.RData
out_plotsVsCp/min2Mb_donor_centric_PCAWG_Hg19_TToA_Nmsite_mean_FC_scatplot.pdf
out_plotsVsCp/min2Mb_donor_centric_PCAWG_Hg19_CToG_numWTSEQ_median_FC_scatplot.pdf
out_plotsVsCp/min2Mb_donor_centric_PCAWG_Hg19_CToA_Tmut_mean_FC_scatplot.RData
out_plotsVsCp/min2Mb_donor_centric_PCAWG_Hg19_TToG_numWTSEQ_median_FC_scatplot.pdf
out_plotsVsCp/min2Mb_donor_centric_PCAWG_Hg19_CToG_Nmsite_median_scatplot.pdf
out_plotsVsCp/min2Mb_donor_centric_PCAWG_Hg19_TToG_TmutDIVNmsite_mean_boxplots.pdf
out_plotsVsCp/min2Mb_donor_centric_PCAWG_Hg19_CToT_Nmsite_median_scatplot.pdf
out_plotsVsCp/min2Mb_donor_centric_PCAWG_Hg19_TToA_Nmsite_median_FC_scatplot.RData
out_plotsVsCp/min2Mb_donor_centric_PCAWG_Hg19_CToA_Tmut_mean_scatplot.pdf
out_plotsVsCp/min2Mb_donor_centric_PCAWG_Hg19_CToA_numWTSEQ_median_scatplot.pdf
out_plotsVsCp/min2Mb_donor_centric_PCAWG_Hg19_TToG_Nmsitenorm_mean_scatplot.RData
out_plotsVsCp/min2Mb_donor_centric_PCAWG_Hg19_TToA_Nmsite_mean_boxplots.pdf
out_plotsVsCp/min2Mb_donor_centric_PCAWG_Hg19_CToA_numWTSEQ_median_FC_scatplot.RData
out_plotsVsCp/min2Mb_donor_centric_PCAWG_Hg19_CToG_Nmsitenorm_median_boxplots.pdf
out_plotsVsCp/min2Mb_donor_centric_PCAWG_Hg19_TToA_Nmsitenorm_median_scatplot.RData
out_plotsVsCp/min2Mb_donor_centric_PCAWG_Hg19_CToG_TmutDIVNmsite_mean_scatplot.RData
out_plotsVsCp/min2Mb_donor_centric_PCAWG_Hg19_CToT_Tmut_mean_FC_scatplot.RData
out_plotsVsCp/min2Mb_donor_centric_PCAWG_Hg19_CToA_Nmsite_mean_scatplot.RData
out_plotsVsCp/min2Mb_donor_centric_PCAWG_Hg19_CToT_TmutDIVNmsite_mean_boxplots.pdf
out_plotsVsCp/min2Mb_donor_centric_PCAWG_Hg19_All_numWTSEQ_mean_scatplot.RData
out_plotsVsCp/min2Mb_donor_centric_PCAWG_Hg19_TToA_Nmsitenorm_mean_boxplots.pdf
out_plotsVsCp/min2Mb_donor_centric_PCAWG_Hg19_TToC_numWTSEQ_median_scatplot.RData
out_plotsVsCp/min2Mb_donor_centric_PCAWG_Hg19_CToT_Nmsite_median_FC_scatplot.RData
out_plotsVsCp/min2Mb_donor_centric_PCAWG_Hg19_TToC_Nmsitenorm_mean_FC_scatplot.pdf
out_plotsVsCp/min2Mb_donor_centric_PCAWG_Hg19_TToA_Nmsite_median_scatplot.pdf
out_plotsVsCp/min2Mb_donor_centric_PCAWG_Hg19_TToC_Nmsite_mean_FC_scatplot.RData
out_plotsVsCp/min2Mb_donor_centric_PCAWG_Hg19_CToG_TmutDIVNmsite_mean_FC_scatplot.pdf
out_plotsVsCp/min2Mb_donor_centric_PCAWG_Hg19_TToA_TmutDIVNmsite_mean_scatplot.RData
out_plotsVsCp/min2Mb_donor_centric_PCAWG_Hg19_CToG_Nmsitenorm_mean_FC_scatplot.pdf
out_plotsVsCp/min2Mb_donor_centric_PCAWG_Hg19_CToG_Nmsitenorm_mean_FC_scatplot.RData
out_plotsVsCp/min2Mb_donor_centric_PCAWG_Hg19_CToG_Nmsite_median_FC_scatplot.pdf
out_plotsVsCp/min2Mb_donor_centric_PCAWG_Hg19_CToA_Tmut_mean_boxplots.pdf
out_plotsVsCp/min2Mb_donor_centric_PCAWG_Hg19_CToA_numWTSEQ_mean_FC_scatplot.pdf
out_plotsVsCp/min2Mb_donor_centric_PCAWG_Hg19_TToA_TmutDIVNmsite_mean_boxplots.pdf
out_plotsVsCp/min2Mb_donor_centric_PCAWG_Hg19_TToG_Tmut_mean_scatplot.RData
out_plotsVsCp/min2Mb_donor_centric_PCAWG_Hg19_TToG_Tmut_median_FC_scatplot.pdf
out_plotsVsCp/min2Mb_donor_centric_PCAWG_Hg19_TToG_TmutDIVNmsite_mean_scatplot.pdf
out_plotsVsCp/min2Mb_donor_centric_PCAWG_Hg19_TToG_Tmut_median_scatplot.pdf
out_plotsVsCp/min2Mb_donor_centric_PCAWG_Hg19_All_Tmut_mean_FC_scatplot.pdf
out_plotsVsCp/min2Mb_donor_centric_PCAWG_Hg19_TToA_Nmsitenorm_median_boxplots.pdf
out_plotsVsCp/min2Mb_donor_centric_PCAWG_Hg19_TToG_numWTSEQ_mean_FC_scatplot.pdf
out_plotsVsCp/min2Mb_donor_centric_PCAWG_Hg19_All_Tmut_mean_scatplot.pdf
out_plotsVsCp/min2Mb_donor_centric_PCAWG_Hg19_CToT_Tmut_mean_boxplots.pdf
out_plotsVsCp/min2Mb_donor_centric_PCAWG_Hg19_CToA_Nmsite_median_scatplot.RData
out_plotsVsCp/min2Mb_donor_centric_PCAWG_Hg19_CToT_numWTSEQ_mean_FC_scatplot.pdf
out_plotsVsCp/min2Mb_donor_centric_PCAWG_Hg19_TToC_TmutDIVNmsite_median_FC_scatplot.pdf
out_plotsVsCp/min2Mb_donor_centric_PCAWG_Hg19_TToA_Tmut_median_scatplot.pdf
out_plotsVsCp/min2Mb_donor_centric_PCAWG_Hg19_All_Nmsitenorm_mean_scatplot.RData
out_plotsVsCp/min2Mb_donor_centric_PCAWG_Hg19_TToC_Tmut_median_boxplots.pdf
out_plotsVsCp/min2Mb_donor_centric_PCAWG_Hg19_All_Nmsite_median_scatplot.RData
out_plotsVsCp/min2Mb_donor_centric_PCAWG_Hg19_CToT_TmutDIVNmsite_median_FC_scatplot.pdf
out_plotsVsCp/min2Mb_donor_centric_PCAWG_Hg19_TToG_Nmsite_median_boxplots.pdf
out_plotsVsCp/min2Mb_donor_centric_PCAWG_Hg19_TToC_Nmsitenorm_mean_boxplots.pdf
out_plotsVsCp/min2Mb_donor_centric_PCAWG_Hg19_CToT_numWTSEQ_median_scatplot.pdf
out_plotsVsCp/min2Mb_donor_centric_PCAWG_Hg19_TToG_numWTSEQ_mean_FC_scatplot.RData
out_plotsVsCp/min2Mb_donor_centric_PCAWG_Hg19_CToG_Tmut_mean_scatplot.RData
out_plotsVsCp/min2Mb_donor_centric_PCAWG_Hg19_TToG_numWTSEQ_median_scatplot.pdf
out_plotsVsCp/min2Mb_donor_centric_PCAWG_Hg19_TToA_Tmut_median_scatplot.RData
out_plotsVsCp/min2Mb_donor_centric_PCAWG_Hg19_CToT_TmutDIVNmsite_median_FC_scatplot.RData
out_plotsVsCp/min2Mb_donor_centric_PCAWG_Hg19_TToG_Nmsite_median_scatplot.pdf
out_plotsVsCp/min2Mb_donor_centric_PCAWG_Hg19_TToG_TmutDIVNmsite_mean_FC_scatplot.pdf
out_plotsVsCp/min2Mb_donor_centric_PCAWG_Hg19_CToA_TmutDIVNmsite_mean_scatplot.pdf
out_plotsVsCp/min2Mb_donor_centric_PCAWG_Hg19_CToG_Nmsitenorm_mean_boxplots.pdf
out_plotsVsCp/min2Mb_donor_centric_PCAWG_Hg19_CToT_numWTSEQ_mean_scatplot.RData
out_plotsVsCp/min2Mb_donor_centric_PCAWG_Hg19_TToG_Nmsite_mean_FC_scatplot.RData
out_plotsVsCp/min2Mb_donor_centric_PCAWG_Hg19_TToA_Tmut_mean_FC_scatplot.RData
out_plotsVsCp/min2Mb_donor_centric_PCAWG_Hg19_CToA_numWTSEQ_mean_FC_scatplot.RData
out_plotsVsCp/min2Mb_donor_centric_PCAWG_Hg19_CToG_Nmsite_median_scatplot.RData
out_plotsVsCp/min2Mb_donor_centric_PCAWG_Hg19_TToA_Nmsite_mean_scatplot.pdf
out_plotsVsCp/min2Mb_donor_centric_PCAWG_Hg19_CToG_Nmsite_mean_boxplots.pdf
out_plotsVsCp/min2Mb_donor_centric_PCAWG_Hg19_TToA_TmutDIVNmsite_median_scatplot.RData
out_plotsVsCp/min2Mb_donor_centric_PCAWG_Hg19_TToC_numWTSEQ_mean_scatplot.pdf
out_plotsVsCp/min2Mb_donor_centric_PCAWG_Hg19_CToT_Nmsite_mean_boxplots.pdf
out_plotsVsCp/min2Mb_donor_centric_PCAWG_Hg19_CToG_Nmsite_median_boxplots.pdf
out_plotsVsCp/min2Mb_donor_centric_PCAWG_Hg19_CToA_Nmsitenorm_median_FC_scatplot.RData
out_plotsVsCp/min2Mb_donor_centric_PCAWG_Hg19_CToA_TmutDIVNmsite_median_boxplots.pdf
out_plotsVsCp/min2Mb_donor_centric_PCAWG_Hg19_CToG_Tmut_median_FC_scatplot.pdf
out_plotsVsCp/min2Mb_donor_centric_PCAWG_Hg19_All_Nmsite_median_FC_scatplot.RData
out_plotsVsCp/min2Mb_donor_centric_PCAWG_Hg19_CToA_TmutDIVNmsite_median_scatplot.pdf
out_plotsVsCp/min2Mb_donor_centric_PCAWG_Hg19_CToT_numWTSEQ_mean_FC_scatplot.RData
out_plotsVsCp/min2Mb_donor_centric_PCAWG_Hg19_CToA_Nmsite_mean_boxplots.pdf
out_plotsVsCp/min2Mb_donor_centric_PCAWG_Hg19_TToC_numWTSEQ_mean_boxplots.pdf
out_plotsVsCp/min2Mb_donor_centric_PCAWG_Hg19_CToT_Nmsitenorm_median_FC_scatplot.pdf
out_plotsVsCp/min2Mb_donor_centric_PCAWG_Hg19_CToT_Nmsitenorm_median_FC_scatplot.RData
out_plotsVsCp/min2Mb_donor_centric_PCAWG_Hg19_TToA_Nmsite_median_scatplot.RData
out_plotsVsCp/min2Mb_donor_centric_PCAWG_Hg19_CToT_TmutDIVNmsite_median_scatplot.pdf
out_plotsVsCp/min2Mb_donor_centric_PCAWG_Hg19_All_numWTSEQ_mean_FC_scatplot.RData
out_plotsVsCp/min2Mb_donor_centric_PCAWG_Hg19_All_Tmut_mean_FC_scatplot.RData
out_plotsVsCp/min2Mb_donor_centric_PCAWG_Hg19_CToG_numWTSEQ_mean_boxplots.pdf
out_plotsVsCp/min2Mb_donor_centric_PCAWG_Hg19_CToA_numWTSEQ_median_FC_scatplot.pdf
out_plotsVsCp/min2Mb_donor_centric_PCAWG_Hg19_TToA_Tmut_mean_scatplot.pdf
out_plotsVsCp/min2Mb_donor_centric_PCAWG_Hg19_All_Nmsitenorm_median_FC_scatplot.pdf
out_plotsVsCp/min2Mb_donor_centric_PCAWG_Hg19_TToC_Tmut_mean_scatplot.RData
out_plotsVsCp/min2Mb_donor_centric_PCAWG_Hg19_TToC_Nmsitenorm_median_FC_scatplot.RData
out_plotsVsCp/min2Mb_donor_centric_PCAWG_Hg19_TToG_numWTSEQ_median_scatplot.RData
out_plotsVsCp/min2Mb_donor_centric_PCAWG_Hg19_All_Nmsite_mean_FC_scatplot.pdf
out_plotsVsCp/min2Mb_donor_centric_PCAWG_Hg19_TToA_TmutDIVNmsite_mean_FC_scatplot.pdf
out_plotsVsCp/min2Mb_donor_centric_PCAWG_Hg19_CToG_Tmut_mean_scatplot.pdf
out_plotsVsCp/min2Mb_donor_centric_PCAWG_Hg19_CToT_TmutDIVNmsite_mean_scatplot.pdf
out_plotsVsCp/min2Mb_donor_centric_PCAWG_Hg19_CToG_TmutDIVNmsite_mean_boxplots.pdf
out_plotsVsCp/min2Mb_donor_centric_PCAWG_Hg19_TToG_Nmsitenorm_mean_FC_scatplot.RData
out_plotsVsCp/min2Mb_donor_centric_PCAWG_Hg19_All_Tmut_median_FC_scatplot.pdf
out_plotsVsCp/min2Mb_donor_centric_PCAWG_Hg19_CToT_Tmut_mean_scatplot.pdf
out_plotsVsCp/min2Mb_donor_centric_PCAWG_Hg19_TToC_TmutDIVNmsite_median_boxplots.pdf
out_plotsVsCp/min2Mb_donor_centric_PCAWG_Hg19_All_Tmut_median_boxplots.pdf
out_plotsVsCp/min2Mb_donor_centric_PCAWG_Hg19_TToA_Nmsitenorm_median_scatplot.pdf
out_plotsVsCp/min2Mb_donor_centric_PCAWG_Hg19_TToA_TmutDIVNmsite_median_boxplots.pdf
out_plotsVsCp/min2Mb_donor_centric_PCAWG_Hg19_CToT_Nmsitenorm_mean_scatplot.RData
out_plotsVsCp/min2Mb_donor_centric_PCAWG_Hg19_TToA_numWTSEQ_mean_scatplot.pdf
out_plotsVsCp/min2Mb_donor_centric_PCAWG_Hg19_TToA_numWTSEQ_median_boxplots.pdf
out_plotsVsCp/min2Mb_donor_centric_PCAWG_Hg19_All_TmutDIVNmsite_mean_scatplot.RData
out_plotsVsCp/min2Mb_donor_centric_PCAWG_Hg19_CToT_Tmut_median_scatplot.pdf
out_plotsVsCp/min2Mb_donor_centric_PCAWG_Hg19_CToA_Tmut_median_FC_scatplot.pdf
out_plotsVsCp/min2Mb_donor_centric_PCAWG_Hg19_TToC_Nmsite_median_FC_scatplot.RData
out_plotsVsCp/min2Mb_donor_centric_PCAWG_Hg19_TToG_TmutDIVNmsite_median_FC_scatplot.pdf
out_plotsVsCp/min2Mb_donor_centric_PCAWG_Hg19_All_numWTSEQ_mean_FC_scatplot.pdf
out_plotsVsCp/min2Mb_donor_centric_PCAWG_Hg19_TToA_TmutDIVNmsite_mean_scatplot.pdf
out_plotsVsCp/min2Mb_donor_centric_PCAWG_Hg19_CToG_numWTSEQ_median_scatplot.RData
out_plotsVsCp/min2Mb_donor_centric_PCAWG_Hg19_All_Nmsite_mean_FC_scatplot.RData
out_plotsVsCp/min2Mb_donor_centric_PCAWG_Hg19_CToT_Tmut_median_FC_scatplot.pdf
out_plotsVsCp/min2Mb_donor_centric_PCAWG_Hg19_All_Nmsite_median_scatplot.pdf
out_plotsVsCp/min2Mb_donor_centric_PCAWG_Hg19_TToG_Nmsitenorm_mean_FC_scatplot.pdf
out_plotsVsCp/min2Mb_donor_centric_PCAWG_Hg19_TToA_numWTSEQ_mean_scatplot.RData
out_plotsVsCp/min2Mb_donor_centric_PCAWG_Hg19_CToA_Nmsitenorm_median_boxplots.pdf
out_plotsVsCp/min2Mb_donor_centric_PCAWG_Hg19_All_TmutDIVNmsite_mean_FC_scatplot.RData
out_plotsVsCp/min2Mb_donor_centric_PCAWG_Hg19_CToT_numWTSEQ_median_FC_scatplot.RData
out_plotsVsCp/min2Mb_donor_centric_PCAWG_Hg19_CToG_Nmsitenorm_mean_scatplot.RData
out_plotsVsCp/min2Mb_donor_centric_PCAWG_Hg19_CToG_Tmut_mean_boxplots.pdf
out_plotsVsCp/min2Mb_donor_centric_PCAWG_Hg19_TToA_TmutDIVNmsite_mean_FC_scatplot.RData
out_plotsVsCp/min2Mb_donor_centric_PCAWG_Hg19_TToG_TmutDIVNmsite_median_FC_scatplot.RData
out_plotsVsCp/min2Mb_donor_centric_PCAWG_Hg19_TToC_numWTSEQ_mean_FC_scatplot.pdf
out_plotsVsCp/min2Mb_donor_centric_PCAWG_Hg19_TToC_numWTSEQ_mean_FC_scatplot.RData
out_plotsVsCp/min2Mb_donor_centric_PCAWG_Hg19_All_Nmsite_median_boxplots.pdf
out_plotsVsCp/min2Mb_donor_centric_PCAWG_Hg19_CToG_Tmut_median_scatplot.RData
out_plotsVsCp/min2Mb_donor_centric_PCAWG_Hg19_All_Nmsitenorm_mean_boxplots.pdf
out_plotsVsCp/min2Mb_donor_centric_PCAWG_Hg19_CToG_Tmut_median_FC_scatplot.RData
out_plotsVsCp/min2Mb_donor_centric_PCAWG_Hg19_All_Tmut_median_FC_scatplot.RData
out_plotsVsCp/min2Mb_donor_centric_PCAWG_Hg19_TToC_Nmsitenorm_mean_FC_scatplot.RData
out_plotsVsCp/min2Mb_donor_centric_PCAWG_Hg19_TToC_Tmut_median_scatplot.pdf
out_plotsVsCp/min2Mb_donor_centric_PCAWG_Hg19_CToG_TmutDIVNmsite_median_scatplot.pdf
