Warning message:
package ‘foreach’ was built under R version 3.6.2 
Loading required package: iterators
Loading required package: parallel
Loading required package: stats4
Loading required package: BiocGenerics

Attaching package: ‘BiocGenerics’

The following objects are masked from ‘package:parallel’:

    clusterApply, clusterApplyLB, clusterCall, clusterEvalQ,
    clusterExport, clusterMap, parApply, parCapply, parLapply,
    parLapplyLB, parRapply, parSapply, parSapplyLB

The following objects are masked from ‘package:stats’:

    IQR, mad, sd, var, xtabs

The following objects are masked from ‘package:base’:

    anyDuplicated, append, as.data.frame, basename, cbind, colnames,
    dirname, do.call, duplicated, eval, evalq, Filter, Find, get, grep,
    grepl, intersect, is.unsorted, lapply, Map, mapply, match, mget,
    order, paste, pmax, pmax.int, pmin, pmin.int, Position, rank,
    rbind, Reduce, rownames, sapply, setdiff, sort, table, tapply,
    union, unique, unsplit, which, which.max, which.min

Loading required package: S4Vectors

Attaching package: ‘S4Vectors’

The following object is masked from ‘package:base’:

    expand.grid

Loading required package: IRanges
Loading required package: GenomeInfoDb
[1] chr1 done!
[1] chr2 done!
[1] chr3 done!
[1] chr4 done!
[1] chr5 done!
[1] chr6 done!
[1] chr7 done!
[1] chr8 done!
[1] chr9 done!
[1] chr10 done!
[1] chr11 done!
[1] chr12 done!
[1] chr13 done!
[1] chr14 done!
[1] chr15 done!
[1] chr16 done!
[1] chr17 done!
[1] chr18 done!
[1] chr19 done!
[1] chr20 done!
[1] chr21 done!
[1] chr22 done!
[1] chrX done!
